 bad det -1 v -1 u 1
 bad det -1 v -1 u 1 new 1
All_Command_lines_OK
Using single precision for computations.
=============================================================================
The composite transform comprises the following transforms (in order): 
  1. /resnick/scratch/yun/tmp_ants/tmpuvrx53fr.mat (type = AffineTransform)
=============================================================================
  Reading mask(s).
    Registration stage 0
      No fixed mask
      No moving mask
    Registration stage 1
      No fixed mask
      No moving mask
    Registration stage 2
      Fixed mask = 0x7fa4a0ad7008
      Moving mask = 0x7fa4a0ad7048
  number of levels = 4
  number of levels = 4
  number of levels = 4
  fixed image: 0x7fa4a0ad6f08
  moving image: 0x7fa4a0ad6fa8
  fixed image: 0x7fa4a0ad6f08
  moving image: 0x7fa4a0ad6fa8
  fixed image: 0x7fa4a0ad6f08
  moving image: 0x7fa4a0ad6fa8
Dimension = 3
Number of stages = 3
Use histogram matching = true
Winsorize image intensities = false
  Lower quantile = 0
  Upper quantile = 1


Stage 1 State
   Image metric = MattesMI
     Fixed image = Image (0x581dbe0)
  RTTI typeinfo:   itk::Image<float, 3u>
  Reference Count: 2
  Modified Time: 1329491
  Debug: Off
  Object Name: 
  Observers: 
    none
  Source: (none)
  Source output name: (none)
  Release Data: Off
  Data Released: False
  Global Release Data: Off
  PipelineMTime: 0
  UpdateMTime: 1329463
  RealTimeStamp: 0 seconds 
  LargestPossibleRegion: 
    Dimension: 3
    Index: [0, 0, 0]
    Size: [142, 276, 83]
  BufferedRegion: 
    Dimension: 3
    Index: [0, 0, 0]
    Size: [142, 276, 83]
  RequestedRegion: 
    Dimension: 3
    Index: [0, 0, 0]
    Size: [142, 276, 83]
  Spacing: [3, 3, 3]
  Origin: [424.08, 825.36, 243.75]
  Direction: 
-1 0 0
0 -1 0
0 0 -1

  IndexToPointMatrix: 
-3 0 0
0 -3 0
0 0 -3

  PointToIndexMatrix: 
-0.333333 0 0
0 -0.333333 0
0 0 -0.333333

  Inverse Direction: 
-1 0 0
0 -1 0
0 0 -1

  PixelContainer: 
    ImportImageContainer (0x58ba380)
      RTTI typeinfo:   itk::ImportImageContainer<unsigned long, float>
      Reference Count: 1
      Modified Time: 1329461
      Debug: Off
      Object Name: 
      Observers: 
        none
      Pointer: 0x139c1360
      Container manages memory: true
      Size: 3252936
      Capacity: 3252936

     Moving image = Image (0x58b7c80)
  RTTI typeinfo:   itk::Image<float, 3u>
  Reference Count: 2
  Modified Time: 1329492
  Debug: Off
  Object Name: 
  Observers: 
    none
  Source: (none)
  Source output name: (none)
  Release Data: Off
  Data Released: False
  Global Release Data: Off
  PipelineMTime: 0
  UpdateMTime: 1329489
  RealTimeStamp: 0 seconds 
  LargestPossibleRegion: 
    Dimension: 3
    Index: [0, 0, 0]
    Size: [144, 290, 83]
  BufferedRegion: 
    Dimension: 3
    Index: [0, 0, 0]
    Size: [144, 290, 83]
  RequestedRegion: 
    Dimension: 3
    Index: [0, 0, 0]
    Size: [144, 290, 83]
  Spacing: [3, 3, 3]
  Origin: [430.16, 867.92, 243.75]
  Direction: 
-1 0 0
0 -1 0
0 0 -1

  IndexToPointMatrix: 
-3 0 0
0 -3 0
0 0 -3

  PointToIndexMatrix: 
-0.333333 0 0
0 -0.333333 0
0 0 -0.333333

  Inverse Direction: 
-1 0 0
0 -1 0
0 0 -1

  PixelContainer: 
    ImportImageContainer (0x5832f10)
      RTTI typeinfo:   itk::ImportImageContainer<unsigned long, float>
      Reference Count: 1
      Modified Time: 1329487
      Debug: Off
      Object Name: 
      Observers: 
        none
      Pointer: 0x14629e90
      Container manages memory: true
      Size: 3466080
      Capacity: 3466080

     Weighting = 1
     Sampling strategy = regular
     Number of bins = 32
     Radius = 4
     Sampling percentage  = 0.2
   Transform = Rigid
     Gradient step = 0.25
     Update field sigma (voxel space) = 0
     Total field sigma (voxel space) = 0
     Update field time sigma = 0
     Total field time sigma  = 0
     Number of time indices = 0
     Number of time point samples = 0
Stage 2 State
   Image metric = MattesMI
     Fixed image = Image (0x5820f40)
  RTTI typeinfo:   itk::Image<float, 3u>
  Reference Count: 2
  Modified Time: 1329545
  Debug: Off
  Object Name: 
  Observers: 
    none
  Source: (none)
  Source output name: (none)
  Release Data: Off
  Data Released: False
  Global Release Data: Off
  PipelineMTime: 0
  UpdateMTime: 1329517
  RealTimeStamp: 0 seconds 
  LargestPossibleRegion: 
    Dimension: 3
    Index: [0, 0, 0]
    Size: [142, 276, 83]
  BufferedRegion: 
    Dimension: 3
    Index: [0, 0, 0]
    Size: [142, 276, 83]
  RequestedRegion: 
    Dimension: 3
    Index: [0, 0, 0]
    Size: [142, 276, 83]
  Spacing: [3, 3, 3]
  Origin: [424.08, 825.36, 243.75]
  Direction: 
-1 0 0
0 -1 0
0 0 -1

  IndexToPointMatrix: 
-3 0 0
0 -3 0
0 0 -3

  PointToIndexMatrix: 
-0.333333 0 0
0 -0.333333 0
0 0 -0.333333

  Inverse Direction: 
-1 0 0
0 -1 0
0 0 -1

  PixelContainer: 
    ImportImageContainer (0x5538e70)
      RTTI typeinfo:   itk::ImportImageContainer<unsigned long, float>
      Reference Count: 1
      Modified Time: 1329515
      Debug: Off
      Object Name: 
      Observers: 
        none
      Pointer: 0x15362c20
      Container manages memory: true
      Size: 3252936
      Capacity: 3252936

     Moving image = Image (0x58211d0)
  RTTI typeinfo:   itk::Image<float, 3u>
  Reference Count: 2
  Modified Time: 1329546
  Debug: Off
  Object Name: 
  Observers: 
    none
  Source: (none)
  Source output name: (none)
  Release Data: Off
  Data Released: False
  Global Release Data: Off
  PipelineMTime: 0
  UpdateMTime: 1329543
  RealTimeStamp: 0 seconds 
  LargestPossibleRegion: 
    Dimension: 3
    Index: [0, 0, 0]
    Size: [144, 290, 83]
  BufferedRegion: 
    Dimension: 3
    Index: [0, 0, 0]
    Size: [144, 290, 83]
  RequestedRegion: 
    Dimension: 3
    Index: [0, 0, 0]
    Size: [144, 290, 83]
  Spacing: [3, 3, 3]
  Origin: [430.16, 867.92, 243.75]
  Direction: 
-1 0 0
0 -1 0
0 0 -1

  IndexToPointMatrix: 
-3 0 0
0 -3 0
0 0 -3

  PointToIndexMatrix: 
-0.333333 0 0
0 -0.333333 0
0 0 -0.333333

  Inverse Direction: 
-1 0 0
0 -1 0
0 0 -1

  PixelContainer: 
    ImportImageContainer (0xf7cc330)
      RTTI typeinfo:   itk::ImportImageContainer<unsigned long, float>
      Reference Count: 1
      Modified Time: 1329541
      Debug: Off
      Object Name: 
      Observers: 
        none
      Pointer: 0x15fcb750
      Container manages memory: true
      Size: 3466080
      Capacity: 3466080

     Weighting = 1
     Sampling strategy = regular
     Number of bins = 32
     Radius = 4
     Sampling percentage  = 0.2
   Transform = Affine
     Gradient step = 0.25
     Update field sigma (voxel space) = 0
     Total field sigma (voxel space) = 0
     Update field time sigma = 0
     Total field time sigma  = 0
     Number of time indices = 0
     Number of time point samples = 0
Stage 3 State
   Image metric = CC
     Fixed image = Image (0x5821460)
  RTTI typeinfo:   itk::Image<float, 3u>
  Reference Count: 2
  Modified Time: 1329599
  Debug: Off
  Object Name: 
  Observers: 
    none
  Source: (none)
  Source output name: (none)
  Release Data: Off
  Data Released: False
  Global Release Data: Off
  PipelineMTime: 0
  UpdateMTime: 1329571
  RealTimeStamp: 0 seconds 
  LargestPossibleRegion: 
    Dimension: 3
    Index: [0, 0, 0]
    Size: [142, 276, 83]
  BufferedRegion: 
    Dimension: 3
    Index: [0, 0, 0]
    Size: [142, 276, 83]
  RequestedRegion: 
    Dimension: 3
    Index: [0, 0, 0]
    Size: [142, 276, 83]
  Spacing: [3, 3, 3]
  Origin: [424.08, 825.36, 243.75]
  Direction: 
-1 0 0
0 -1 0
0 0 -1

  IndexToPointMatrix: 
-3 0 0
0 -3 0
0 0 -3

  PointToIndexMatrix: 
-0.333333 0 0
0 -0.333333 0
0 0 -0.333333

  Inverse Direction: 
-1 0 0
0 -1 0
0 0 -1

  PixelContainer: 
    ImportImageContainer (0x58b9d90)
      RTTI typeinfo:   itk::ImportImageContainer<unsigned long, float>
      Reference Count: 1
      Modified Time: 1329569
      Debug: Off
      Object Name: 
      Observers: 
        none
      Pointer: 0x16d044e0
      Container manages memory: true
      Size: 3252936
      Capacity: 3252936

     Moving image = Image (0x5821990)
  RTTI typeinfo:   itk::Image<float, 3u>
  Reference Count: 2
  Modified Time: 1329600
  Debug: Off
  Object Name: 
  Observers: 
    none
  Source: (none)
  Source output name: (none)
  Release Data: Off
  Data Released: False
  Global Release Data: Off
  PipelineMTime: 0
  UpdateMTime: 1329597
  RealTimeStamp: 0 seconds 
  LargestPossibleRegion: 
    Dimension: 3
    Index: [0, 0, 0]
    Size: [144, 290, 83]
  BufferedRegion: 
    Dimension: 3
    Index: [0, 0, 0]
    Size: [144, 290, 83]
  RequestedRegion: 
    Dimension: 3
    Index: [0, 0, 0]
    Size: [144, 290, 83]
  Spacing: [3, 3, 3]
  Origin: [430.16, 867.92, 243.75]
  Direction: 
-1 0 0
0 -1 0
0 0 -1

  IndexToPointMatrix: 
-3 0 0
0 -3 0
0 0 -3

  PointToIndexMatrix: 
-0.333333 0 0
0 -0.333333 0
0 0 -0.333333

  Inverse Direction: 
-1 0 0
0 -1 0
0 0 -1

  PixelContainer: 
    ImportImageContainer (0x58b9df0)
      RTTI typeinfo:   itk::ImportImageContainer<unsigned long, float>
      Reference Count: 1
      Modified Time: 1329595
      Debug: Off
      Object Name: 
      Observers: 
        none
      Pointer: 0x1796d010
      Container manages memory: true
      Size: 3466080
      Capacity: 3466080

     Weighting = 1
     Sampling strategy = none
     Number of bins = 32
     Radius = 32
     Sampling percentage  = 1
   Transform = SyN
     Gradient step = 0.2
     Update field sigma (voxel space) = 3
     Total field sigma (voxel space) = 0
     Update field time sigma = 0
     Total field time sigma  = 0
     Number of time indices = 0
     Number of time point samples = 0
Registration using 3 total stages.

Stage 0
  iterations = 2100x1200x1200x0
  convergence threshold = 1e-06
  convergence window size = 10
  number of levels = 4
  using the Mattes MI metric (number of bins = 32, weight = 1, use gradient filter = 0)
  preprocessing:  histogram matching the images
  Shrink factors (level 1 out of 4): [4, 4, 4]
  Shrink factors (level 2 out of 4): [2, 2, 2]
  Shrink factors (level 3 out of 4): [2, 2, 2]
  Shrink factors (level 4 out of 4): [1, 1, 1]
  smoothing sigmas per level: [3, 2, 1, 0]
  regular sampling (percentage = 0.2)

*** Running Euler3DTransform registration ***

DIAGNOSTIC,Iteration,metricValue,convergenceValue,ITERATION_TIME_INDEX,SINCE_LAST
 2DIAGNOSTIC,     1, -7.748996019363e-01, inf, 1.1025e-01, 1.1024e-01, 
 2DIAGNOSTIC,     2, -7.765749096870e-01, inf, 1.1585e-01, 5.6050e-03, 
 2DIAGNOSTIC,     3, -7.789614200592e-01, inf, 1.2166e-01, 5.8050e-03, 
 2DIAGNOSTIC,     4, -7.821460962296e-01, inf, 1.2676e-01, 5.1050e-03, 
 2DIAGNOSTIC,     5, -7.861464023590e-01, inf, 1.3174e-01, 4.9779e-03, 
 2DIAGNOSTIC,     6, -7.892609238625e-01, inf, 1.3635e-01, 4.6151e-03, 
 2DIAGNOSTIC,     7, -7.911345958710e-01, inf, 1.4131e-01, 4.9601e-03, 
 2DIAGNOSTIC,     8, -7.913546562195e-01, inf, 1.4549e-01, 4.1790e-03, 
 2DIAGNOSTIC,     9, -7.917808890343e-01, inf, 1.4999e-01, 4.4968e-03, 
 2DIAGNOSTIC,    10, -7.921603322029e-01, 1.593758119270e-03, 1.6035e-01, 1.0362e-02, 
 2DIAGNOSTIC,    11, -7.923479676247e-01, 1.212791074067e-03, 1.6516e-01, 4.8058e-03, 
 2DIAGNOSTIC,    12, -7.920962572098e-01, 8.301757625304e-04, 1.7093e-01, 5.7700e-03, 
 2DIAGNOSTIC,    13, -7.921611666679e-01, 5.005305865780e-04, 1.7616e-01, 5.2290e-03, 
 2DIAGNOSTIC,    14, -7.921895384789e-01, 2.543952723499e-04, 1.8110e-01, 4.9479e-03, 
 2DIAGNOSTIC,    15, -7.922335267067e-01, 1.137127692346e-04, 1.8603e-01, 4.9281e-03, 
 2DIAGNOSTIC,    16, -7.923129200935e-01, 5.140721987118e-05, 1.9064e-01, 4.6122e-03, 
 2DIAGNOSTIC,    17, -7.925647497177e-01, 3.715182174346e-05, 1.9578e-01, 5.1320e-03, 
 2DIAGNOSTIC,    18, -7.923139333725e-01, 2.040816798399e-05, 2.0130e-01, 5.5280e-03, 
 2DIAGNOSTIC,    19, -7.926944494247e-01, 1.896918183775e-05, 2.0713e-01, 5.8279e-03, 
 2DIAGNOSTIC,    20, -7.924735546112e-01, 1.859549411165e-05, 2.1174e-01, 4.6070e-03, 
 2DIAGNOSTIC,    21, -7.924535870552e-01, 1.977021383937e-05, 2.1579e-01, 4.0481e-03, 
 2DIAGNOSTIC,    22, -7.924637198448e-01, 1.517501186754e-05, 2.1974e-01, 3.9570e-03, 
 2DIAGNOSTIC,    23, -7.924481630325e-01, 1.044995406119e-05, 2.2403e-01, 4.2839e-03, 
 2DIAGNOSTIC,    24, -7.924536466599e-01, 5.769722520199e-06, 2.2837e-01, 4.3402e-03, 
 2DIAGNOSTIC,    25, -7.924143075943e-01, 1.098993493542e-06, 2.3309e-01, 4.7190e-03, 
DIAGNOSTIC,Iteration,metricValue,convergenceValue,ITERATION_TIME_INDEX,SINCE_LAST
 2DIAGNOSTIC,     1, -7.080917358398e-01, inf, 3.5431e-01, 1.2122e-01, 
 2DIAGNOSTIC,     2, -7.085542082787e-01, inf, 3.7712e-01, 2.2808e-02, 
 2DIAGNOSTIC,     3, -7.090021371841e-01, inf, 3.9549e-01, 1.8375e-02, 
 2DIAGNOSTIC,     4, -7.092350125313e-01, inf, 4.1421e-01, 1.8717e-02, 
 2DIAGNOSTIC,     5, -7.094365954399e-01, inf, 4.3298e-01, 1.8775e-02, 
 2DIAGNOSTIC,     6, -7.098054885864e-01, inf, 4.5219e-01, 1.9207e-02, 
 2DIAGNOSTIC,     7, -7.100315093994e-01, inf, 4.7176e-01, 1.9568e-02, 
 2DIAGNOSTIC,     8, -7.102183699608e-01, inf, 4.9447e-01, 2.2709e-02, 
 2DIAGNOSTIC,     9, -7.102972269058e-01, inf, 5.1654e-01, 2.2074e-02, 
 2DIAGNOSTIC,    10, -7.103844285011e-01, 2.075595984934e-04, 5.4284e-01, 2.6303e-02, 
 2DIAGNOSTIC,    11, -7.104107737541e-01, 1.562673423905e-04, 5.6549e-01, 2.2643e-02, 
 2DIAGNOSTIC,    12, -7.104068398476e-01, 1.147161165136e-04, 5.8834e-01, 2.2850e-02, 
 2DIAGNOSTIC,    13, -7.104078531265e-01, 8.325472299475e-05, 6.0814e-01, 1.9801e-02, 
 2DIAGNOSTIC,    14, -7.104153633118e-01, 5.583833626588e-05, 6.3029e-01, 2.2152e-02, 
 2DIAGNOSTIC,    15, -7.104170918465e-01, 3.243267201469e-05, 6.4912e-01, 1.8833e-02, 
 2DIAGNOSTIC,    16, -7.104437351227e-01, 1.898238406284e-05, 6.6904e-01, 1.9915e-02, 
 2DIAGNOSTIC,    17, -7.104509472847e-01, 1.095848620025e-05, 6.8876e-01, 1.9725e-02, 
 2DIAGNOSTIC,    18, -7.105701565742e-01, 9.779829269974e-06, 7.1639e-01, 2.7623e-02, 
 2DIAGNOSTIC,    19, -7.105693221092e-01, 9.515828423901e-06, 7.3708e-01, 2.0695e-02, 
 2DIAGNOSTIC,    20, -7.105482220650e-01, 9.885464351100e-06, 7.5926e-01, 2.2181e-02, 
 2DIAGNOSTIC,    21, -7.105486392975e-01, 1.000126667350e-05, 7.8173e-01, 2.2465e-02, 
 2DIAGNOSTIC,    22, -7.105496525764e-01, 9.245485671272e-06, 8.0313e-01, 2.1399e-02, 
 2DIAGNOSTIC,    23, -7.105417251587e-01, 7.667900717934e-06, 8.2284e-01, 1.9718e-02, 
 2DIAGNOSTIC,    24, -7.105340361595e-01, 5.634533863486e-06, 8.5604e-01, 3.3198e-02, 
 2DIAGNOSTIC,    25, -7.105333805084e-01, 3.404833250897e-06, 8.7946e-01, 2.3416e-02, 
 2DIAGNOSTIC,    26, -7.105332612991e-01, 1.571229176989e-06, 9.0107e-01, 2.1615e-02, 
DIAGNOSTIC,Iteration,metricValue,convergenceValue,ITERATION_TIME_INDEX,SINCE_LAST
 2DIAGNOSTIC,     1, -6.520284414291e-01, inf, 1.0300e+00, 1.2897e-01, 
 2DIAGNOSTIC,     2, -6.520847082138e-01, inf, 1.0614e+00, 3.1329e-02, 
 2DIAGNOSTIC,     3, -6.520909667015e-01, inf, 1.0824e+00, 2.1052e-02, 
 2DIAGNOSTIC,     4, -6.520840525627e-01, inf, 1.1023e+00, 1.9926e-02, 
 2DIAGNOSTIC,     5, -6.520479917526e-01, inf, 1.1245e+00, 2.2119e-02, 
 2DIAGNOSTIC,     6, -6.520525217056e-01, inf, 1.1472e+00, 2.2699e-02, 
 2DIAGNOSTIC,     7, -6.520354747772e-01, inf, 1.1688e+00, 2.1642e-02, 
 2DIAGNOSTIC,     8, -6.520037651062e-01, inf, 1.1935e+00, 2.4686e-02, 
 2DIAGNOSTIC,     9, -6.520078182220e-01, inf, 1.2157e+00, 2.2165e-02, 
DIAGNOSTIC,Iteration,metricValue,convergenceValue,ITERATION_TIME_INDEX,SINCE_LAST
 2DIAGNOSTIC,     1, -5.486571192741e-01, inf, 1.5378e+00, 3.2214e-01, 
  Elapsed time (stage 0): 1.9513e+00


Stage 1
  iterations = 2100x1200x1200x0
  convergence threshold = 1.0000e-06
  convergence window size = 10
  number of levels = 4
  using the Mattes MI metric (number of bins = 32, weight = 1.0000e+00, use gradient filter = 0)
  preprocessing:  histogram matching the images
  Shrink factors (level 1 out of 4): [4, 4, 4]
  Shrink factors (level 2 out of 4): [2, 2, 2]
  Shrink factors (level 3 out of 4): [2, 2, 2]
  Shrink factors (level 4 out of 4): [1, 1, 1]
  smoothing sigmas per level: [3, 2, 1, 0]
  regular sampling (percentage = 2.0000e-01)

*** Running AffineTransform registration ***

DIAGNOSTIC,Iteration,metricValue,convergenceValue,ITERATION_TIME_INDEX,SINCE_LAST
 2DIAGNOSTIC,     1, -7.918370962143e-01, inf, 9.9612e-02, 9.9612e-02, 
 2DIAGNOSTIC,     2, -7.927952408791e-01, inf, 1.0559e-01, 5.9760e-03, 
 2DIAGNOSTIC,     3, -7.939719557762e-01, inf, 1.1125e-01, 5.6610e-03, 
 2DIAGNOSTIC,     4, -7.951867580414e-01, inf, 1.1688e-01, 5.6281e-03, 
 2DIAGNOSTIC,     5, -7.961868047714e-01, inf, 1.2225e-01, 5.3771e-03, 
 2DIAGNOSTIC,     6, -7.969892024994e-01, inf, 1.2710e-01, 4.8442e-03, 
 2DIAGNOSTIC,     7, -7.980082631111e-01, inf, 1.3124e-01, 4.1420e-03, 
 2DIAGNOSTIC,     8, -7.997140884399e-01, inf, 1.3526e-01, 4.0240e-03, 
 2DIAGNOSTIC,     9, -8.010382652283e-01, inf, 1.3921e-01, 3.9430e-03, 
 2DIAGNOSTIC,    10, -8.028655648232e-01, 8.488639141433e-04, 1.4342e-01, 4.2140e-03, 
 2DIAGNOSTIC,    11, -8.032910823822e-01, 7.866116357036e-04, 1.5011e-01, 6.6869e-03, 
 2DIAGNOSTIC,    12, -8.040497899055e-01, 7.155388011597e-04, 1.5469e-01, 4.5810e-03, 
 2DIAGNOSTIC,    13, -8.041651844978e-01, 6.255873595364e-04, 1.5875e-01, 4.0600e-03, 
 2DIAGNOSTIC,    14, -8.041970133781e-01, 5.230384995230e-04, 1.6328e-01, 4.5271e-03, 
 2DIAGNOSTIC,    15, -8.042976856232e-01, 4.126416461077e-04, 1.6772e-01, 4.4429e-03, 
 2DIAGNOSTIC,    16, -8.042876720428e-01, 2.959991397802e-04, 1.7161e-01, 3.8922e-03, 
 2DIAGNOSTIC,    17, -8.045429587364e-01, 1.923982199514e-04, 1.7684e-01, 5.2290e-03, 
 2DIAGNOSTIC,    18, -8.046681880951e-01, 1.185222790809e-04, 1.8058e-01, 3.7420e-03, 
 2DIAGNOSTIC,    19, -8.047431707382e-01, 6.710893649142e-05, 1.8480e-01, 4.2150e-03, 
 2DIAGNOSTIC,    20, -8.045972585678e-01, 4.464149969863e-05, 1.8888e-01, 4.0781e-03, 
 2DIAGNOSTIC,    21, -8.044327497482e-01, 2.449196108500e-05, 1.9255e-01, 3.6771e-03, 
 2DIAGNOSTIC,    22, -8.043154478073e-01, 1.435395461158e-05, 1.9632e-01, 3.7682e-03, 
 2DIAGNOSTIC,    23, -8.042150139809e-01, 4.059949787916e-06, 2.0045e-01, 4.1320e-03, 
DIAGNOSTIC,Iteration,metricValue,convergenceValue,ITERATION_TIME_INDEX,SINCE_LAST
 2DIAGNOSTIC,     1, -7.258725762367e-01, inf, 3.3061e-01, 1.3016e-01, 
 2DIAGNOSTIC,     2, -7.263188362122e-01, inf, 3.5630e-01, 2.5690e-02, 
 2DIAGNOSTIC,     3, -7.268042564392e-01, inf, 3.8111e-01, 2.4807e-02, 
 2DIAGNOSTIC,     4, -7.272772789001e-01, inf, 4.0604e-01, 2.4932e-02, 
 2DIAGNOSTIC,     5, -7.279676198959e-01, inf, 4.3105e-01, 2.5004e-02, 
 2DIAGNOSTIC,     6, -7.286678552628e-01, inf, 4.5606e-01, 2.5019e-02, 
 2DIAGNOSTIC,     7, -7.293312549591e-01, inf, 4.8112e-01, 2.5058e-02, 
 2DIAGNOSTIC,     8, -7.298114299774e-01, inf, 5.2198e-01, 4.0852e-02, 
 2DIAGNOSTIC,     9, -7.298547625542e-01, inf, 5.4778e-01, 2.5807e-02, 
 2DIAGNOSTIC,    10, -7.298936247826e-01, 4.050382995047e-04, 5.7649e-01, 2.8704e-02, 
 2DIAGNOSTIC,    11, -7.299966812134e-01, 3.277219366282e-04, 6.0220e-01, 2.5709e-02, 
 2DIAGNOSTIC,    12, -7.301747202873e-01, 2.540235873312e-04, 6.2832e-01, 2.6122e-02, 
 2DIAGNOSTIC,    13, -7.304434180260e-01, 1.913829910336e-04, 6.5440e-01, 2.6088e-02, 
 2DIAGNOSTIC,    14, -7.306588888168e-01, 1.395325380145e-04, 6.8652e-01, 3.2111e-02, 
 2DIAGNOSTIC,    15, -7.308430075645e-01, 1.046696997946e-04, 7.2449e-01, 3.7978e-02, 
 2DIAGNOSTIC,    16, -7.309878468513e-01, 8.503656863468e-05, 7.5052e-01, 2.6021e-02, 
 2DIAGNOSTIC,    17, -7.310303449631e-01, 7.590564200655e-05, 7.7673e-01, 2.6214e-02, 
 2DIAGNOSTIC,    18, -7.311459183693e-01, 7.381731120404e-05, 8.0264e-01, 2.5914e-02, 
 2DIAGNOSTIC,    19, -7.313076853752e-01, 6.942311301827e-05, 8.2839e-01, 2.5743e-02, 
 2DIAGNOSTIC,    20, -7.314622402191e-01, 6.287533324212e-05, 8.6368e-01, 3.5295e-02, 
 2DIAGNOSTIC,    21, -7.315530180931e-01, 5.479850369738e-05, 8.8932e-01, 2.5638e-02, 
 2DIAGNOSTIC,    22, -7.316375970840e-01, 4.709931454272e-05, 9.1796e-01, 2.8638e-02, 
 2DIAGNOSTIC,    23, -7.317473292351e-01, 4.215536318952e-05, 9.4971e-01, 3.1754e-02, 
 2DIAGNOSTIC,    24, -7.318130731583e-01, 3.824861050816e-05, 9.7916e-01, 2.9449e-02, 
 2DIAGNOSTIC,    25, -7.318663597107e-01, 3.481606836431e-05, 1.0081e+00, 2.8919e-02, 
 2DIAGNOSTIC,    26, -7.319064140320e-01, 3.128401658614e-05, 1.0347e+00, 2.6590e-02, 
 2DIAGNOSTIC,    27, -7.319278120995e-01, 2.609796501929e-05, 1.0603e+00, 2.5587e-02, 
 2DIAGNOSTIC,    28, -7.320334315300e-01, 2.196671630372e-05, 1.0892e+00, 2.8962e-02, 
 2DIAGNOSTIC,    29, -7.321416139603e-01, 1.969938057300e-05, 1.1150e+00, 2.5738e-02, 
 2DIAGNOSTIC,    30, -7.322667241096e-01, 1.941957270901e-05, 1.1532e+00, 3.8283e-02, 
 2DIAGNOSTIC,    31, -7.323244214058e-01, 1.926476943481e-05, 1.1794e+00, 2.6183e-02, 
 2DIAGNOSTIC,    32, -7.323685884476e-01, 1.894781235023e-05, 1.2051e+00, 2.5677e-02, 
 2DIAGNOSTIC,    33, -7.324132919312e-01, 1.875195630419e-05, 1.2341e+00, 2.8986e-02, 
 2DIAGNOSTIC,    34, -7.324690818787e-01, 1.823326601880e-05, 1.2661e+00, 3.2018e-02, 
 2DIAGNOSTIC,    35, -7.324899435043e-01, 1.690022872936e-05, 1.2916e+00, 2.5488e-02, 
 2DIAGNOSTIC,    36, -7.325279116631e-01, 1.498150686530e-05, 1.3199e+00, 2.8293e-02, 
 2DIAGNOSTIC,    37, -7.325594425201e-01, 1.237394917553e-05, 1.3489e+00, 2.9009e-02, 
 2DIAGNOSTIC,    38, -7.326123714447e-01, 1.041100313159e-05, 1.3808e+00, 3.1922e-02, 
 2DIAGNOSTIC,    39, -7.326257228851e-01, 8.810045073915e-06, 1.4066e+00, 2.5827e-02, 
 2DIAGNOSTIC,    40, -7.326531410217e-01, 8.006813004613e-06, 1.4366e+00, 2.9926e-02, 
 2DIAGNOSTIC,    41, -7.327054738998e-01, 7.594467660965e-06, 1.4658e+00, 2.9192e-02, 
 2DIAGNOSTIC,    42, -7.327240705490e-01, 7.112622824934e-06, 1.4945e+00, 2.8770e-02, 
 2DIAGNOSTIC,    43, -7.327562570572e-01, 6.730234872521e-06, 1.5266e+00, 3.2054e-02, 
 2DIAGNOSTIC,    44, -7.327690720558e-01, 6.399045105354e-06, 1.5523e+00, 2.5667e-02, 
 2DIAGNOSTIC,    45, -7.328073382378e-01, 6.048736395314e-06, 1.5851e+00, 3.2877e-02, 
 2DIAGNOSTIC,    46, -7.328231930733e-01, 5.644734756061e-06, 1.6142e+00, 2.9062e-02, 
 2DIAGNOSTIC,    47, -7.328726053238e-01, 5.442428118840e-06, 1.6432e+00, 2.8976e-02, 
 2DIAGNOSTIC,    48, -7.328839898109e-01, 5.309403604770e-06, 1.6730e+00, 2.9816e-02, 
 2DIAGNOSTIC,    49, -7.329148054123e-01, 5.088627403893e-06, 1.7020e+00, 2.9018e-02, 
 2DIAGNOSTIC,    50, -7.329484820366e-01, 4.914979854220e-06, 1.7343e+00, 3.2251e-02, 
 2DIAGNOSTIC,    51, -7.329800128937e-01, 4.969908331987e-06, 1.7636e+00, 2.9365e-02, 
 2DIAGNOSTIC,    52, -7.329836487770e-01, 4.764057848661e-06, 1.7900e+00, 2.6340e-02, 
 2DIAGNOSTIC,    53, -7.329981327057e-01, 4.514854936133e-06, 1.8193e+00, 2.9364e-02, 
 2DIAGNOSTIC,    54, -7.330067753792e-01, 4.048986738781e-06, 1.8515e+00, 3.2180e-02, 
 2DIAGNOSTIC,    55, -7.330353260040e-01, 3.736560756806e-06, 1.8779e+00, 2.6386e-02, 
 2DIAGNOSTIC,    56, -7.330406904221e-01, 3.265919531259e-06, 1.9074e+00, 2.9466e-02, 
 2DIAGNOSTIC,    57, -7.330584526062e-01, 3.015308038812e-06, 1.9371e+00, 2.9768e-02, 
 2DIAGNOSTIC,    58, -7.330655455589e-01, 2.659493702595e-06, 1.9660e+00, 2.8917e-02, 
 2DIAGNOSTIC,    59, -7.330811023712e-01, 2.413414904368e-06, 1.9928e+00, 2.6802e-02, 
 2DIAGNOSTIC,    60, -7.330920100212e-01, 2.276129862366e-06, 2.0320e+00, 3.9130e-02, 
 2DIAGNOSTIC,    61, -7.331016063690e-01, 2.237017270090e-06, 2.0612e+00, 2.9268e-02, 
 2DIAGNOSTIC,    62, -7.330862283707e-01, 1.960099325515e-06, 2.0896e+00, 2.8320e-02, 
 2DIAGNOSTIC,    63, -7.330894470215e-01, 1.666100956754e-06, 2.1185e+00, 2.8979e-02, 
 2DIAGNOSTIC,    64, -7.331056594849e-01, 1.414905000274e-06, 2.1474e+00, 2.8895e-02, 
 2DIAGNOSTIC,    65, -7.331131696701e-01, 1.294002004215e-06, 2.1732e+00, 2.5721e-02, 
 2DIAGNOSTIC,    66, -7.331337332726e-01, 1.250283958143e-06, 2.1987e+00, 2.5547e-02, 
 2DIAGNOSTIC,    67, -7.331654429436e-01, 1.421543743163e-06, 2.2338e+00, 3.5071e-02, 
 2DIAGNOSTIC,    68, -7.331767678261e-01, 1.597503228368e-06, 2.2626e+00, 2.8816e-02, 
 2DIAGNOSTIC,    69, -7.331835627556e-01, 1.783283664736e-06, 2.2911e+00, 2.8499e-02, 
 2DIAGNOSTIC,    70, -7.331961989403e-01, 1.965783667401e-06, 2.3198e+00, 2.8716e-02, 
 2DIAGNOSTIC,    71, -7.331985235214e-01, 2.063525698759e-06, 2.3459e+00, 2.6094e-02, 
 2DIAGNOSTIC,    72, -7.332119345665e-01, 1.990940972973e-06, 2.3812e+00, 3.5295e-02, 
 2DIAGNOSTIC,    73, -7.332130670547e-01, 1.791338036128e-06, 2.4100e+00, 2.8848e-02, 
 2DIAGNOSTIC,    74, -7.332143783569e-01, 1.561067961120e-06, 2.4387e+00, 2.8698e-02, 
 2DIAGNOSTIC,    75, -7.332136034966e-01, 1.262340674657e-06, 2.4648e+00, 2.6055e-02, 
DIAGNOSTIC,Iteration,metricValue,convergenceValue,ITERATION_TIME_INDEX,SINCE_LAST
 2DIAGNOSTIC,     1, -6.700803637505e-01, inf, 2.5971e+00, 1.3226e-01, 
 2DIAGNOSTIC,     2, -6.703925132751e-01, inf, 2.6235e+00, 2.6438e-02, 
 2DIAGNOSTIC,     3, -6.706330776215e-01, inf, 2.6481e+00, 2.4654e-02, 
 2DIAGNOSTIC,     4, -6.709620952606e-01, inf, 2.6734e+00, 2.5301e-02, 
 2DIAGNOSTIC,     5, -6.714470982552e-01, inf, 2.7009e+00, 2.7463e-02, 
 2DIAGNOSTIC,     6, -6.718507409096e-01, inf, 2.7283e+00, 2.7431e-02, 
 2DIAGNOSTIC,     7, -6.721439361572e-01, inf, 2.7674e+00, 3.9107e-02, 
 2DIAGNOSTIC,     8, -6.722988486290e-01, inf, 2.7921e+00, 2.4698e-02, 
 2DIAGNOSTIC,     9, -6.723499894142e-01, inf, 2.8166e+00, 2.4437e-02, 
 2DIAGNOSTIC,    10, -6.724198460579e-01, 2.502689021640e-04, 2.8415e+00, 2.4885e-02, 
 2DIAGNOSTIC,    11, -6.725878119469e-01, 2.020614483627e-04, 2.8663e+00, 2.4846e-02, 
 2DIAGNOSTIC,    12, -6.728272438049e-01, 1.633060601307e-04, 2.8999e+00, 3.3553e-02, 
 2DIAGNOSTIC,    13, -6.728600859642e-01, 1.247670006705e-04, 2.9276e+00, 2.7782e-02, 
 2DIAGNOSTIC,    14, -6.729092597961e-01, 9.202169894706e-05, 2.9578e+00, 3.0128e-02, 
 2DIAGNOSTIC,    15, -6.729046702385e-01, 6.887334893690e-05, 2.9910e+00, 3.3229e-02, 
 2DIAGNOSTIC,    16, -6.728856563568e-01, 5.244631392998e-05, 3.0214e+00, 3.0429e-02, 
 2DIAGNOSTIC,    17, -6.728871464729e-01, 4.048672417412e-05, 3.0508e+00, 2.9349e-02, 
 2DIAGNOSTIC,    18, -6.728863120079e-01, 2.991361361637e-05, 3.0826e+00, 3.1807e-02, 
 2DIAGNOSTIC,    19, -6.729049086571e-01, 1.945948679349e-05, 3.1103e+00, 2.7673e-02, 
 2DIAGNOSTIC,    20, -6.729049086571e-01, 9.835229320743e-06, 3.1374e+00, 2.7096e-02, 
 2DIAGNOSTIC,    21, -6.729045510292e-01, 3.632076868598e-06, 3.1618e+00, 2.4465e-02, 
 2DIAGNOSTIC,    22, -6.729066967964e-01, 2.437292778268e-06, 3.1865e+00, 2.4642e-02, 
 2DIAGNOSTIC,    23, -6.729115247726e-01, 1.911331992233e-06, 3.2113e+00, 2.4784e-02, 
 2DIAGNOSTIC,    24, -6.729223132133e-01, 2.427221261314e-06, 3.2358e+00, 2.4543e-02, 
 2DIAGNOSTIC,    25, -6.729371547699e-01, 2.976295945700e-06, 3.2605e+00, 2.4661e-02, 
 2DIAGNOSTIC,    26, -6.729543805122e-01, 3.294397856735e-06, 3.2877e+00, 2.7256e-02, 
 2DIAGNOSTIC,    27, -6.729807257652e-01, 3.830616606137e-06, 3.3124e+00, 2.4684e-02, 
 2DIAGNOSTIC,    28, -6.729827523232e-01, 4.081721726834e-06, 3.3367e+00, 2.4265e-02, 
 2DIAGNOSTIC,    29, -6.730863451958e-01, 5.822828825330e-06, 3.3696e+00, 3.2891e-02, 
 2DIAGNOSTIC,    30, -6.731359362602e-01, 7.660892151762e-06, 3.4002e+00, 3.0690e-02, 
 2DIAGNOSTIC,    31, -6.731219291687e-01, 8.554130545235e-06, 3.4292e+00, 2.8971e-02, 
 2DIAGNOSTIC,    32, -6.731207966805e-01, 8.723385690246e-06, 3.4543e+00, 2.5070e-02, 
 2DIAGNOSTIC,    33, -6.731261014938e-01, 8.282941053039e-06, 3.4825e+00, 2.8227e-02, 
 2DIAGNOSTIC,    34, -6.731569766998e-01, 7.665128578083e-06, 3.5075e+00, 2.5021e-02, 
 2DIAGNOSTIC,    35, -6.731603741646e-01, 6.637521437369e-06, 3.5360e+00, 2.8460e-02, 
 2DIAGNOSTIC,    36, -6.731873154640e-01, 5.656926077791e-06, 3.5664e+00, 3.0390e-02, 
 2DIAGNOSTIC,    37, -6.731678247452e-01, 4.374336640467e-06, 3.5945e+00, 2.8109e-02, 
 2DIAGNOSTIC,    38, -6.731924414635e-01, 3.100170715697e-06, 3.6252e+00, 3.0710e-02, 
 2DIAGNOSTIC,    39, -6.731948852539e-01, 2.795828322633e-06, 3.6615e+00, 3.6257e-02, 
 2DIAGNOSTIC,    40, -6.731946468353e-01, 2.840431534423e-06, 3.6890e+00, 2.7549e-02, 
 2DIAGNOSTIC,    41, -6.731946468353e-01, 2.550036697357e-06, 3.7169e+00, 2.7913e-02, 
 2DIAGNOSTIC,    42, -6.731944680214e-01, 2.095443278449e-06, 3.7488e+00, 3.1842e-02, 
 2DIAGNOSTIC,    43, -6.731940507889e-01, 1.574841917318e-06, 3.7779e+00, 2.9100e-02, 
 2DIAGNOSTIC,    44, -6.731936931610e-01, 1.289151441597e-06, 3.8055e+00, 2.7676e-02, 
DIAGNOSTIC,Iteration,metricValue,convergenceValue,ITERATION_TIME_INDEX,SINCE_LAST
 2DIAGNOSTIC,     1, -5.772597789764e-01, inf, 4.2197e+00, 4.1414e-01, 
  Elapsed time (stage 1): 4.6457e+00


Stage 2
  iterations = 120x80x40x0
  convergence threshold = 1.0000e-07
  convergence window size = 8
  number of levels = 4
  using the CC metric (radius = 32, weight = 1.0000e+00, use gradient filter = 0)
  preprocessing:  histogram matching the images
  Shrink factors (level 1 out of 4): [8, 8, 8]
  Shrink factors (level 2 out of 4): [4, 4, 4]
  Shrink factors (level 3 out of 4): [2, 2, 2]
  Shrink factors (level 4 out of 4): [1, 1, 1]
  smoothing sigmas per level: [3, 2, 1, 0]
  Using default NONE metricSamplingStrategy 

*** Running SyN registration (varianceForUpdateField = 3.0000e+00, varianceForTotalField = 0.0000e+00) ***

XXDIAGNOSTIC,Iteration,metricValue,convergenceValue,ITERATION_TIME_INDEX,SINCE_LAST
 1DIAGNOSTIC,     1, -6.592167019844e-01, inf, 6.5046e-01, 6.5046e-01, 
 1DIAGNOSTIC,     2, -7.040913105011e-01, inf, 1.2139e+00, 5.6346e-01, 
 1DIAGNOSTIC,     3, -7.391296625137e-01, inf, 1.7626e+00, 5.4867e-01, 
 1DIAGNOSTIC,     4, -7.630169987679e-01, inf, 2.3081e+00, 5.4554e-01, 
 1DIAGNOSTIC,     5, -7.790387272835e-01, inf, 2.8534e+00, 5.4522e-01, 
 1DIAGNOSTIC,     6, -7.891635894775e-01, inf, 3.3970e+00, 5.4369e-01, 
 1DIAGNOSTIC,     7, -7.960677742958e-01, inf, 3.9416e+00, 5.4455e-01, 
 1DIAGNOSTIC,     8, -8.009390830994e-01, 1.453152205795e-02, 4.4871e+00, 5.4549e-01, 
 1DIAGNOSTIC,     9, -8.044890761375e-01, 8.857800625265e-03, 5.0329e+00, 5.4585e-01, 
 1DIAGNOSTIC,    10, -8.070204854012e-01, 5.334969609976e-03, 5.5811e+00, 5.4815e-01, 
 1DIAGNOSTIC,    11, -8.099417090416e-01, 3.317104419693e-03, 6.1274e+00, 5.4634e-01, 
 1DIAGNOSTIC,    12, -8.113387227058e-01, 2.142312936485e-03, 6.6748e+00, 5.4741e-01, 
 1DIAGNOSTIC,    13, -8.123583197594e-01, 1.447989023291e-03, 7.2234e+00, 5.4854e-01, 
 1DIAGNOSTIC,    14, -8.132016062737e-01, 1.005038968287e-03, 7.7320e+00, 5.0859e-01, 
 1DIAGNOSTIC,    15, -8.141628503799e-01, 7.152964244597e-04, 8.2084e+00, 4.7644e-01, 
 1DIAGNOSTIC,    16, -8.145752549171e-01, 5.088640609756e-04, 8.6710e+00, 4.6256e-01, 
 1DIAGNOSTIC,    17, -8.151591420174e-01, 3.643889212981e-04, 9.1489e+00, 4.7798e-01, 
 1DIAGNOSTIC,    18, -8.157192468643e-01, 2.602368767839e-04, 9.6137e+00, 4.6477e-01, 
 1DIAGNOSTIC,    19, -8.157807588577e-01, 1.996841165237e-04, 1.0076e+01, 4.6196e-01, 
 1DIAGNOSTIC,    20, -8.160195946693e-01, 1.533251488581e-04, 1.0555e+01, 4.7919e-01, 
 1DIAGNOSTIC,    21, -8.163439035416e-01, 1.178224338219e-04, 1.1034e+01, 4.7933e-01, 
 1DIAGNOSTIC,    22, -8.164962530136e-01, 8.845407137414e-05, 1.1520e+01, 4.8616e-01, 
 1DIAGNOSTIC,    23, -8.165435194969e-01, 6.871511141071e-05, 1.1992e+01, 4.7210e-01, 
 1DIAGNOSTIC,    24, -8.167726993561e-01, 5.272176713333e-05, 1.2466e+01, 4.7375e-01, 
 1DIAGNOSTIC,    25, -8.167062997818e-01, 3.938154986827e-05, 1.2932e+01, 4.6550e-01, 
 1DIAGNOSTIC,    26, -8.167570829391e-01, 3.205242683180e-05, 1.3413e+01, 4.8148e-01, 
 1DIAGNOSTIC,    27, -8.166515827179e-01, 2.010522621276e-05, 1.3880e+01, 4.6635e-01, 
 1DIAGNOSTIC,    28, -8.167377710342e-01, 1.132826673711e-05, 1.4356e+01, 4.7601e-01, 
 1DIAGNOSTIC,    29, -8.167579174042e-01, 6.872778158140e-06, 1.4828e+01, 4.7295e-01, 
 1DIAGNOSTIC,    30, -8.169502019882e-01, 7.024090336927e-06, 1.5289e+01, 4.6093e-01, 
 1DIAGNOSTIC,    31, -8.168362379074e-01, 5.301061264618e-06, 1.5754e+01, 4.6412e-01, 
 1DIAGNOSTIC,    32, -8.168225288391e-01, 6.138810931589e-06, 1.6234e+01, 4.8066e-01, 
 1DIAGNOSTIC,    33, -8.168797492981e-01, 5.997486368869e-06, 1.6717e+01, 4.8307e-01, 
 1DIAGNOSTIC,    34, -8.169912695885e-01, 7.215528512461e-06, 1.7254e+01, 5.3653e-01, 
 1DIAGNOSTIC,    35, -8.171952962875e-01, 8.716268894204e-06, 1.7739e+01, 4.8547e-01, 
 1DIAGNOSTIC,    36, -8.172565102577e-01, 1.084464474843e-05, 1.8215e+01, 4.7567e-01, 
 1DIAGNOSTIC,    37, -8.171191811562e-01, 9.989055797632e-06, 1.8688e+01, 4.7351e-01, 
 1DIAGNOSTIC,    38, -8.172150850296e-01, 1.120362958318e-05, 1.9168e+01, 4.7972e-01, 
 1DIAGNOSTIC,    39, -8.171427249908e-01, 8.673049705976e-06, 1.9650e+01, 4.8188e-01, 
 1DIAGNOSTIC,    40, -8.172047734261e-01, 5.705001058232e-06, 2.0136e+01, 4.8581e-01, 
 1DIAGNOSTIC,    41, -8.172715902328e-01, 3.541800424500e-06, 2.0613e+01, 4.7752e-01, 
 1DIAGNOSTIC,    42, -8.174740672112e-01, 4.310856638767e-06, 2.1094e+01, 4.8085e-01, 
 1DIAGNOSTIC,    43, -8.175504803658e-01, 7.336770977417e-06, 2.1567e+01, 4.7315e-01, 
 1DIAGNOSTIC,    44, -8.175954222679e-01, 1.038677237375e-05, 2.2085e+01, 5.1744e-01, 
 1DIAGNOSTIC,    45, -8.179153800011e-01, 1.361670547340e-05, 2.2629e+01, 5.4395e-01, 
 1DIAGNOSTIC,    46, -8.177756071091e-01, 1.433171200915e-05, 2.3116e+01, 4.8739e-01, 
 1DIAGNOSTIC,    47, -8.180488348007e-01, 1.495367177995e-05, 2.3598e+01, 4.8223e-01, 
 1DIAGNOSTIC,    48, -8.181166648865e-01, 1.457663256588e-05, 2.4124e+01, 5.2527e-01, 
 1DIAGNOSTIC,    49, -8.182055354118e-01, 1.350900856778e-05, 2.4668e+01, 5.4462e-01, 
 1DIAGNOSTIC,    50, -8.182787299156e-01, 1.301984138991e-05, 2.5212e+01, 5.4368e-01, 
 1DIAGNOSTIC,    51, -8.183493614197e-01, 1.198781683343e-05, 2.5747e+01, 5.3484e-01, 
 1DIAGNOSTIC,    52, -8.182225823402e-01, 8.557911314711e-06, 2.6231e+01, 4.8424e-01, 
 1DIAGNOSTIC,    53, -8.181112408638e-01, 5.894501100556e-06, 2.6704e+01, 4.7296e-01, 
 1DIAGNOSTIC,    54, -8.181804418564e-01, 1.947098098753e-06, 2.7182e+01, 4.7850e-01, 
 1DIAGNOSTIC,    55, -8.180680274963e-01, -8.065666747825e-07, 2.7661e+01, 4.7843e-01, 
XXDIAGNOSTIC,Iteration,metricValue,convergenceValue,ITERATION_TIME_INDEX,SINCE_LAST
 1DIAGNOSTIC,     1, -7.770301103592e-01, inf, 3.2350e+01, 4.6893e+00, 
 1DIAGNOSTIC,     2, -7.859680652618e-01, inf, 3.7007e+01, 4.6569e+00, 
 1DIAGNOSTIC,     3, -7.949689626694e-01, inf, 4.1642e+01, 4.6348e+00, 
 1DIAGNOSTIC,     4, -8.026205897331e-01, inf, 4.6281e+01, 4.6394e+00, 
 1DIAGNOSTIC,     5, -8.090232610703e-01, inf, 5.0911e+01, 4.6293e+00, 
 1DIAGNOSTIC,     6, -8.146450519562e-01, inf, 5.5538e+01, 4.6273e+00, 
 1DIAGNOSTIC,     7, -8.194309473038e-01, inf, 6.0196e+01, 4.6579e+00, 
 1DIAGNOSTIC,     8, -8.237577080727e-01, 4.753265995532e-03, 6.4853e+01, 4.6572e+00, 
 1DIAGNOSTIC,     9, -8.276942968369e-01, 3.694922896102e-03, 6.9508e+01, 4.6546e+00, 
 1DIAGNOSTIC,    10, -8.313764929771e-01, 2.891953103244e-03, 7.4128e+01, 4.6199e+00, 
 1DIAGNOSTIC,    11, -8.349082469940e-01, 2.329190727323e-03, 7.8721e+01, 4.5935e+00, 
 1DIAGNOSTIC,    12, -8.380038738251e-01, 1.922615570948e-03, 8.3705e+01, 4.9841e+00, 
 1DIAGNOSTIC,    13, -8.408468961716e-01, 1.615138142370e-03, 8.8380e+01, 4.6745e+00, 
 1DIAGNOSTIC,    14, -8.430967330933e-01, 1.365118427202e-03, 9.3105e+01, 4.7252e+00, 
 1DIAGNOSTIC,    15, -8.451091051102e-01, 1.149044372141e-03, 9.7916e+01, 4.8114e+00, 
 1DIAGNOSTIC,    16, -8.469232320786e-01, 9.603668004274e-04, 1.0258e+02, 4.6592e+00, 
 1DIAGNOSTIC,    17, -8.484097719193e-01, 7.926991092972e-04, 1.0722e+02, 4.6469e+00, 
 1DIAGNOSTIC,    18, -8.499943017960e-01, 6.546443328261e-04, 1.1186e+02, 4.6393e+00, 
 1DIAGNOSTIC,    19, -8.513374328613e-01, 5.459479289129e-04, 1.1651e+02, 4.6475e+00, 
 1DIAGNOSTIC,    20, -8.525667190552e-01, 4.610398027580e-04, 1.2121e+02, 4.6979e+00, 
 1DIAGNOSTIC,    21, -8.537822365761e-01, 3.994658181909e-04, 1.2589e+02, 4.6856e+00, 
 1DIAGNOSTIC,    22, -8.548528552055e-01, 3.493338881526e-04, 1.3057e+02, 4.6792e+00, 
 1DIAGNOSTIC,    23, -8.558284640312e-01, 3.076575230807e-04, 1.3529e+02, 4.7147e+00, 
 1DIAGNOSTIC,    24, -8.565098047256e-01, 2.686673251446e-04, 1.3999e+02, 4.7032e+00, 
 1DIAGNOSTIC,    25, -8.573657274246e-01, 2.331420546398e-04, 1.4469e+02, 4.7014e+00, 
 1DIAGNOSTIC,    26, -8.581223487854e-01, 2.041410334641e-04, 1.4940e+02, 4.7065e+00, 
 1DIAGNOSTIC,    27, -8.585656881332e-01, 1.753505493980e-04, 1.5411e+02, 4.7141e+00, 
 1DIAGNOSTIC,    28, -8.589795827866e-01, 1.477908226661e-04, 1.5881e+02, 4.7010e+00, 
 1DIAGNOSTIC,    29, -8.593453168869e-01, 1.233691873495e-04, 1.6350e+02, 4.6867e+00, 
 1DIAGNOSTIC,    30, -8.597147464752e-01, 1.025711535476e-04, 1.6819e+02, 4.6920e+00, 
 1DIAGNOSTIC,    31, -8.600649833679e-01, 8.615024125902e-05, 1.7288e+02, 4.6929e+00, 
 1DIAGNOSTIC,    32, -8.604254722595e-01, 7.183642446762e-05, 1.7757e+02, 4.6854e+00, 
 1DIAGNOSTIC,    33, -8.607377409935e-01, 6.266480340855e-05, 1.8226e+02, 4.6896e+00, 
 1DIAGNOSTIC,    34, -8.610413670540e-01, 5.794208846055e-05, 1.8696e+02, 4.6959e+00, 
 1DIAGNOSTIC,    35, -8.613240122795e-01, 5.370442158892e-05, 1.9165e+02, 4.6928e+00, 
 1DIAGNOSTIC,    36, -8.615716695786e-01, 4.955029726261e-05, 1.9637e+02, 4.7174e+00, 
 1DIAGNOSTIC,    37, -8.618178367615e-01, 4.531170634436e-05, 2.0108e+02, 4.7148e+00, 
 1DIAGNOSTIC,    38, -8.620401620865e-01, 4.119853838347e-05, 2.0580e+02, 4.7178e+00, 
 1DIAGNOSTIC,    39, -8.622461557388e-01, 3.724567795871e-05, 2.1051e+02, 4.7150e+00, 
 1DIAGNOSTIC,    40, -8.624541163445e-01, 3.400571586099e-05, 2.1521e+02, 4.6968e+00, 
 1DIAGNOSTIC,    41, -8.626634478569e-01, 3.128221942461e-05, 2.1991e+02, 4.7042e+00, 
 1DIAGNOSTIC,    42, -8.628433942795e-01, 2.894149292842e-05, 2.2463e+02, 4.7172e+00, 
 1DIAGNOSTIC,    43, -8.630103468895e-01, 2.687802043511e-05, 2.2932e+02, 4.6928e+00, 
 1DIAGNOSTIC,    44, -8.631541728973e-01, 2.471930565662e-05, 2.3404e+02, 4.7200e+00, 
 1DIAGNOSTIC,    45, -8.632926940918e-01, 2.263794522150e-05, 2.3876e+02, 4.7137e+00, 
 1DIAGNOSTIC,    46, -8.634592294693e-01, 2.089765803248e-05, 2.4347e+02, 4.7088e+00, 
 1DIAGNOSTIC,    47, -8.636617660522e-01, 1.983034781006e-05, 2.4817e+02, 4.7046e+00, 
 1DIAGNOSTIC,    48, -8.637958765030e-01, 1.891076681204e-05, 2.5286e+02, 4.6889e+00, 
 1DIAGNOSTIC,    49, -8.639501929283e-01, 1.840641562012e-05, 2.5757e+02, 4.7082e+00, 
 1DIAGNOSTIC,    50, -8.640617728233e-01, 1.768740912667e-05, 2.6230e+02, 4.7314e+00, 
 1DIAGNOSTIC,    51, -8.642060160637e-01, 1.698198502709e-05, 2.6701e+02, 4.7119e+00, 
 1DIAGNOSTIC,    52, -8.643378019333e-01, 1.606652404007e-05, 2.7171e+02, 4.7016e+00, 
 1DIAGNOSTIC,    53, -8.644727468491e-01, 1.502951545262e-05, 2.7640e+02, 4.6875e+00, 
 1DIAGNOSTIC,    54, -8.645527958870e-01, 1.376916679874e-05, 2.8111e+02, 4.7061e+00, 
 1DIAGNOSTIC,    55, -8.646975755692e-01, 1.321317176917e-05, 2.8579e+02, 4.6872e+00, 
 1DIAGNOSTIC,    56, -8.647794723511e-01, 1.237527703779e-05, 2.9052e+02, 4.7296e+00, 
 1DIAGNOSTIC,    57, -8.648597002029e-01, 1.152366075985e-05, 2.9523e+02, 4.7106e+00, 
 1DIAGNOSTIC,    58, -8.649477958679e-01, 1.049868205882e-05, 2.9994e+02, 4.7033e+00, 
 1DIAGNOSTIC,    59, -8.650733232498e-01, 9.910365406540e-06, 3.0465e+02, 4.7099e+00, 
 1DIAGNOSTIC,    60, -8.651983141899e-01, 9.706479431770e-06, 3.0935e+02, 4.7028e+00, 
 1DIAGNOSTIC,    61, -8.652781248093e-01, 9.613106158213e-06, 3.1406e+02, 4.7114e+00, 
 1DIAGNOSTIC,    62, -8.653684854507e-01, 9.306526408182e-06, 3.1876e+02, 4.7013e+00, 
 1DIAGNOSTIC,    63, -8.654328584671e-01, 9.064920959645e-06, 3.2346e+02, 4.7014e+00, 
 1DIAGNOSTIC,    64, -8.655321598053e-01, 8.725321094971e-06, 3.2817e+02, 4.7056e+00, 
 1DIAGNOSTIC,    65, -8.655781745911e-01, 7.978130270203e-06, 3.3286e+02, 4.6919e+00, 
 1DIAGNOSTIC,    66, -8.656806945801e-01, 7.339430794673e-06, 3.3757e+02, 4.7075e+00, 
 1DIAGNOSTIC,    67, -8.657565116882e-01, 6.930685231055e-06, 3.4227e+02, 4.6982e+00, 
 1DIAGNOSTIC,    68, -8.658274412155e-01, 6.765321813873e-06, 3.4695e+02, 4.6848e+00, 
 1DIAGNOSTIC,    69, -8.659260272980e-01, 6.737639068888e-06, 3.5165e+02, 4.6947e+00, 
 1DIAGNOSTIC,    70, -8.660485148430e-01, 7.028443178569e-06, 3.5634e+02, 4.6951e+00, 
 1DIAGNOSTIC,    71, -8.663369417191e-01, 8.369471288461e-06, 3.6103e+02, 4.6894e+00, 
 1DIAGNOSTIC,    72, -8.663901090622e-01, 9.358729585074e-06, 3.6575e+02, 4.7150e+00, 
 1DIAGNOSTIC,    73, -8.664486408234e-01, 9.608711479814e-06, 3.7045e+02, 4.7055e+00, 
 1DIAGNOSTIC,    74, -8.664816617966e-01, 9.231946933141e-06, 3.7514e+02, 4.6863e+00, 
 1DIAGNOSTIC,    75, -8.665126562119e-01, 8.117252036755e-06, 3.7983e+02, 4.6888e+00, 
 1DIAGNOSTIC,    76, -8.665878772736e-01, 6.684677828162e-06, 3.8453e+02, 4.7049e+00, 
 1DIAGNOSTIC,    77, -8.666740655899e-01, 5.364040589484e-06, 3.8925e+02, 4.7197e+00, 
 1DIAGNOSTIC,    78, -8.666840791702e-01, 4.023384462926e-06, 3.9396e+02, 4.7089e+00, 
 1DIAGNOSTIC,    79, -8.667571544647e-01, 4.073538548255e-06, 3.9868e+02, 4.7158e+00, 
 1DIAGNOSTIC,    80, -8.667917251587e-01, 4.019413154310e-06, 4.0340e+02, 4.7199e+00, 
XXDIAGNOSTIC,Iteration,metricValue,convergenceValue,ITERATION_TIME_INDEX,SINCE_LAST
 1DIAGNOSTIC,     1, -8.237931728363e-01, inf, 4.5346e+02, 5.0065e+01, 
 1DIAGNOSTIC,     2, -8.245861530304e-01, inf, 5.0338e+02, 4.9922e+01, 
 1DIAGNOSTIC,     3, -8.272159099579e-01, inf, 5.5329e+02, 4.9904e+01, 
 1DIAGNOSTIC,     4, -8.292394876480e-01, inf, 6.0329e+02, 5.0004e+01, 
 1DIAGNOSTIC,     5, -8.310612440109e-01, inf, 6.5317e+02, 4.9879e+01, 
 1DIAGNOSTIC,     6, -8.327068686485e-01, inf, 7.0314e+02, 4.9969e+01, 
 1DIAGNOSTIC,     7, -8.343214392662e-01, inf, 7.5286e+02, 4.9723e+01, 
 1DIAGNOSTIC,     8, -8.359947800636e-01, 1.261309953406e-03, 8.0252e+02, 4.9657e+01, 
 1DIAGNOSTIC,     9, -8.378372192383e-01, 1.119160442613e-03, 8.5233e+02, 4.9809e+01, 
 1DIAGNOSTIC,    10, -8.396553993225e-01, 9.618137846701e-04, 9.0187e+02, 4.9537e+01, 
 1DIAGNOSTIC,    11, -8.412390947342e-01, 8.613523095846e-04, 9.5135e+02, 4.9483e+01, 
 1DIAGNOSTIC,    12, -8.426133990288e-01, 7.766812923364e-04, 1.0009e+03, 4.9582e+01, 
 1DIAGNOSTIC,    13, -8.438508510590e-01, 6.948041263968e-04, 1.0509e+03, 5.0011e+01, 
 1DIAGNOSTIC,    14, -8.450548648834e-01, 6.118884193711e-04, 1.1006e+03, 4.9695e+01, 
 1DIAGNOSTIC,    15, -8.461581468582e-01, 5.292936111800e-04, 1.1505e+03, 4.9845e+01, 
 1DIAGNOSTIC,    16, -8.471556305885e-01, 4.516917397268e-04, 1.2004e+03, 4.9868e+01, 
 1DIAGNOSTIC,    17, -8.479830026627e-01, 3.844255697913e-04, 1.2501e+03, 4.9726e+01, 
 1DIAGNOSTIC,    18, -8.487179875374e-01, 3.288492735010e-04, 1.2995e+03, 4.9391e+01, 
 1DIAGNOSTIC,    19, -8.493608236313e-01, 2.808169811033e-04, 1.3493e+03, 4.9865e+01, 
 1DIAGNOSTIC,    20, -8.499482870102e-01, 2.381389494985e-04, 1.3991e+03, 4.9786e+01, 
 1DIAGNOSTIC,    21, -8.504387140274e-01, 1.995379425352e-04, 1.4489e+03, 4.9791e+01, 
 1DIAGNOSTIC,    22, -8.508558273315e-01, 1.663964212639e-04, 1.4988e+03, 4.9874e+01, 
 1DIAGNOSTIC,    23, -8.512244224548e-01, 1.387538504787e-04, 1.5486e+03, 4.9782e+01, 
 1DIAGNOSTIC,    24, -8.515855669975e-01, 1.169286842924e-04, 1.5987e+03, 5.0175e+01, 
 1DIAGNOSTIC,    25, -8.518868684769e-01, 9.872988448478e-05, 1.6486e+03, 4.9809e+01, 
 1DIAGNOSTIC,    26, -8.521742820740e-01, 8.404832624365e-05, 1.6984e+03, 4.9858e+01, 
 1DIAGNOSTIC,    27, -8.524222373962e-01, 7.202687993413e-05, 1.7483e+03, 4.9886e+01, 
 1DIAGNOSTIC,    28, -8.528064489365e-01, 6.488279177574e-05, 1.7982e+03, 4.9938e+01, 
 1DIAGNOSTIC,    29, -8.530027866364e-01, 5.866772335139e-05, 1.8483e+03, 5.0037e+01, 
 1DIAGNOSTIC,    30, -8.531858921051e-01, 5.277627133182e-05, 1.8981e+03, 4.9797e+01, 
 1DIAGNOSTIC,    31, -8.533685207367e-01, 4.703514787252e-05, 1.9477e+03, 4.9600e+01, 
 1DIAGNOSTIC,    32, -8.535447120667e-01, 4.180071482551e-05, 1.9975e+03, 4.9866e+01, 
 1DIAGNOSTIC,    33, -8.537342548370e-01, 3.704715709318e-05, 2.0475e+03, 4.9978e+01, 
 1DIAGNOSTIC,    34, -8.539416193962e-01, 3.333818676765e-05, 2.0973e+03, 4.9807e+01, 
 1DIAGNOSTIC,    35, -8.540918827057e-01, 2.974219205498e-05, 2.1471e+03, 4.9822e+01, 
 1DIAGNOSTIC,    36, -8.542655110359e-01, 2.852878060366e-05, 2.1971e+03, 4.9944e+01, 
 1DIAGNOSTIC,    37, -8.544226884842e-01, 2.725078229560e-05, 2.2474e+03, 5.0312e+01, 
 1DIAGNOSTIC,    38, -8.545809984207e-01, 2.585790389276e-05, 2.2974e+03, 5.0006e+01, 
 1DIAGNOSTIC,    39, -8.547631502151e-01, 2.472163760103e-05, 2.3474e+03, 5.0027e+01, 
 1DIAGNOSTIC,    40, -8.549223542213e-01, 2.357899938943e-05, 2.3976e+03, 5.0142e+01, 
  Elapsed time (stage 2): 2398


Total elapsed time: 2405
Using double precision for computations.
Input scalar image: 0x7fa4a0ad6fc8
Could not create ImageIO for the input file, assuming dimension = 3 and scalar pixel type
Reference image: 0x7fa4a0ad7028
=============================================================================
The composite transform comprises the following transforms (in order): 
  1. /resnick/groups/Proberlab/yun/lightsheet/analysis_output/registration/hcrt-trpv1_huc-h2b-g8m_csn_120min/251008_hcrt-trpv1_huc-h2b-g8m_csn_10uM_fish2/expt_to_mean_affine.mat (type = AffineTransform)
  2. /resnick/groups/Proberlab/yun/lightsheet/analysis_output/registration/hcrt-trpv1_huc-h2b-g8m_csn_120min/251008_hcrt-trpv1_huc-h2b-g8m_csn_10uM_fish2/expt_to_mean_warp.nii.gz (type = DisplacementFieldTransform)
=============================================================================
Default pixel value: 0
Interpolation type: WindowedSincInterpolateImageFunction
Output warped image: 0x7fa4a0ad7048
✅ TMPDIR=/resnick/scratch/yun/tmp_ants | ITK threads=14

Loading template brain: /resnick/groups/Proberlab/yun/lightsheet/analysis_output/registration/template_260514_hcrt-trpv1_csn_fish1.nii.gz
Template shape=(280, 544, 40), spacing=(1.5199999809265137, 1.5199999809265137, 6.25)

============================================================
  Registering: 251008_hcrt-trpv1_huc-h2b-g8m_csn_10uM_fish2
  proj_ID:     hcrt-trpv1_huc-h2b-g8m_csn_120min
============================================================
Loading volume mean (moving)...
Raw HDF5 shape (Z, X, Y): (40, 284, 572)
Transposed shape (X, Y, Z): (284, 572, 40)
Rotated shape (X, Y, Z): (284, 572, 40)
ANTsImage (RAI)
	 Pixel Type : float (float32)
	 Components : 1
	 Dimensions : (284, 572, 40)
	 Spacing    : (1.52, 1.52, 6.25)
	 Origin     : (0.0, 0.0, 0.0)
	 Direction  : [1. 0. 0. 0. 1. 0. 0. 0. 1.]

  [atlas] spacing=(1.5199999809265137, 1.5199999809265137, 6.25) origin=(424.0799946784973, 825.3599896430969, 243.75)
  [mov  ] spacing=(1.52, 1.52, 6.25) origin=(430.16, 867.92, 243.75)
Resampling to (3.0, 3.0, 3.0) µm...
Running SyN...
antsRegistration -d 3 -r /resnick/scratch/yun/tmp_ants/tmpuvrx53fr.mat -m MI[0x7fa4a0ad6f08,0x7fa4a0ad6fa8,1,32,regular,0.2] -t Rigid[0.25] -c 2100x1200x1200x0 -s 3x2x1x0 -f 4x2x2x1 -x [NA,NA] -m MI[0x7fa4a0ad6f08,0x7fa4a0ad6fa8,1,32,regular,0.2] -t Affine[0.25] -c 2100x1200x1200x0 -s 3x2x1x0 -f 4x2x2x1 -x [NA,NA] -m CC[0x7fa4a0ad6f08,0x7fa4a0ad6fa8,1,32] -t SyN[0.200000,3.000000,0.000000] -c [120x80x40x0,1e-7,8] -s 3x2x1x0 -f 8x4x2x1 -u 1 -z 1 -o [/resnick/scratch/yun/tmp_ants/tmppno584qv,0x7fa4a0ad6fe8,0x7fa4a0ad6f88] -x [0x7fa4a0ad7008,0x7fa4a0ad7048] --float 1 --write-composite-transform 0 -v 1
SyN warp field saved: /resnick/groups/Proberlab/yun/lightsheet/analysis_output/registration/hcrt-trpv1_huc-h2b-g8m_csn_120min/251008_hcrt-trpv1_huc-h2b-g8m_csn_10uM_fish2/expt_to_mean_warp.nii.gz
SyN affine transform saved: /resnick/groups/Proberlab/yun/lightsheet/analysis_output/registration/hcrt-trpv1_huc-h2b-g8m_csn_120min/251008_hcrt-trpv1_huc-h2b-g8m_csn_10uM_fish2/expt_to_mean_affine.mat
Applying composite transform at full resolution...
['-d', '3', '-i', '0x7fa4a0ad6fc8', '-o', '0x7fa4a0ad7048', '-r', '0x7fa4a0ad7028', '-n', 'welchWindowedSinc', '-t', '/resnick/groups/Proberlab/yun/lightsheet/analysis_output/registration/hcrt-trpv1_huc-h2b-g8m_csn_120min/251008_hcrt-trpv1_huc-h2b-g8m_csn_10uM_fish2/expt_to_mean_warp.nii.gz', '-t', '/resnick/groups/Proberlab/yun/lightsheet/analysis_output/registration/hcrt-trpv1_huc-h2b-g8m_csn_120min/251008_hcrt-trpv1_huc-h2b-g8m_csn_10uM_fish2/expt_to_mean_affine.mat']
✅ Registered image saved: /resnick/groups/Proberlab/yun/lightsheet/analysis_output/registration/hcrt-trpv1_huc-h2b-g8m_csn_120min/251008_hcrt-trpv1_huc-h2b-g8m_csn_10uM_fish2/expt_to_mean_registered_final.nii.gz
Saving QC overlay...
  ✅ QC overlay saved: /resnick/groups/Proberlab/yun/lightsheet/analysis_output/registration/hcrt-trpv1_huc-h2b-g8m_csn_120min/251008_hcrt-trpv1_huc-h2b-g8m_csn_10uM_fish2/qc_registration_overlay.pdf

=== Registration complete: 251008_hcrt-trpv1_huc-h2b-g8m_csn_10uM_fish2 ===
