All_Command_lines_OK
Using single precision for computations.
=============================================================================
The composite transform comprises the following transforms (in order): 
  1. /resnick/scratch/yun/tmp_ants/tmpyg2quc_r.mat (type = AffineTransform)
=============================================================================
  Reading mask(s).
    Registration stage 0
      No fixed mask
      No moving mask
    Registration stage 1
      No fixed mask
      No moving mask
    Registration stage 2
      Fixed mask = 0x7f0983ba3048
      Moving mask = 0x7f0983ba3088
  number of levels = 4
  number of levels = 4
  number of levels = 4
  fixed image: 0x7f0983ba2f48
  moving image: 0x7f0983ba2fe8
  fixed image: 0x7f0983ba2f48
  moving image: 0x7f0983ba2fe8
  fixed image: 0x7f0983ba2f48
  moving image: 0x7f0983ba2fe8
Dimension = 3
Number of stages = 3
Use histogram matching = true
Winsorize image intensities = false
  Lower quantile = 0
  Upper quantile = 1


Stage 1 State
   Image metric = MattesMI
     Fixed image = Image (0x3e51550)
  RTTI typeinfo:   itk::Image<float, 3u>
  Reference Count: 2
  Modified Time: 1713305
  Debug: Off
  Object Name: 
  Observers: 
    none
  Source: (none)
  Source output name: (none)
  Release Data: Off
  Data Released: False
  Global Release Data: Off
  PipelineMTime: 0
  UpdateMTime: 1713277
  RealTimeStamp: 0 seconds 
  LargestPossibleRegion: 
    Dimension: 3
    Index: [0, 0, 0]
    Size: [146, 288, 100]
  BufferedRegion: 
    Dimension: 3
    Index: [0, 0, 0]
    Size: [146, 288, 100]
  RequestedRegion: 
    Dimension: 3
    Index: [0, 0, 0]
    Size: [146, 288, 100]
  Spacing: [3, 3, 3]
  Origin: [436.24, 861.84, 292.5]
  Direction: 
-1 0 0
0 -1 0
0 0 -1

  IndexToPointMatrix: 
-3 0 0
0 -3 0
0 0 -3

  PointToIndexMatrix: 
-0.333333 0 0
0 -0.333333 0
0 0 -0.333333

  Inverse Direction: 
-1 0 0
0 -1 0
0 0 -1

  PixelContainer: 
    ImportImageContainer (0x3e5a580)
      RTTI typeinfo:   itk::ImportImageContainer<unsigned long, float>
      Reference Count: 1
      Modified Time: 1713275
      Debug: Off
      Object Name: 
      Observers: 
        none
      Pointer: 0x12f88610
      Container manages memory: true
      Size: 4204800
      Capacity: 4204800

     Moving image = Image (0x3e04140)
  RTTI typeinfo:   itk::Image<float, 3u>
  Reference Count: 2
  Modified Time: 1713306
  Debug: Off
  Object Name: 
  Observers: 
    none
  Source: (none)
  Source output name: (none)
  Release Data: Off
  Data Released: False
  Global Release Data: Off
  PipelineMTime: 0
  UpdateMTime: 1713303
  RealTimeStamp: 0 seconds 
  LargestPossibleRegion: 
    Dimension: 3
    Index: [0, 0, 0]
    Size: [152, 290, 83]
  BufferedRegion: 
    Dimension: 3
    Index: [0, 0, 0]
    Size: [152, 290, 83]
  RequestedRegion: 
    Dimension: 3
    Index: [0, 0, 0]
    Size: [152, 290, 83]
  Spacing: [3, 3, 3]
  Origin: [454.48, 867.92, 243.75]
  Direction: 
-1 0 0
0 -1 0
0 0 -1

  IndexToPointMatrix: 
-3 0 0
0 -3 0
0 0 -3

  PointToIndexMatrix: 
-0.333333 0 0
0 -0.333333 0
0 0 -0.333333

  Inverse Direction: 
-1 0 0
0 -1 0
0 0 -1

  PixelContainer: 
    ImportImageContainer (0x3e64630)
      RTTI typeinfo:   itk::ImportImageContainer<unsigned long, float>
      Reference Count: 1
      Modified Time: 1713301
      Debug: Off
      Object Name: 
      Observers: 
        none
      Pointer: 0x14b14fe0
      Container manages memory: true
      Size: 3658640
      Capacity: 3658640

     Weighting = 1
     Sampling strategy = regular
     Number of bins = 32
     Radius = 4
     Sampling percentage  = 0.2
   Transform = Rigid
     Gradient step = 0.25
     Update field sigma (voxel space) = 0
     Total field sigma (voxel space) = 0
     Update field time sigma = 0
     Total field time sigma  = 0
     Number of time indices = 0
     Number of time point samples = 0
Stage 2 State
   Image metric = MattesMI
     Fixed image = Image (0x3e06b30)
  RTTI typeinfo:   itk::Image<float, 3u>
  Reference Count: 2
  Modified Time: 1713359
  Debug: Off
  Object Name: 
  Observers: 
    none
  Source: (none)
  Source output name: (none)
  Release Data: Off
  Data Released: False
  Global Release Data: Off
  PipelineMTime: 0
  UpdateMTime: 1713331
  RealTimeStamp: 0 seconds 
  LargestPossibleRegion: 
    Dimension: 3
    Index: [0, 0, 0]
    Size: [146, 288, 100]
  BufferedRegion: 
    Dimension: 3
    Index: [0, 0, 0]
    Size: [146, 288, 100]
  RequestedRegion: 
    Dimension: 3
    Index: [0, 0, 0]
    Size: [146, 288, 100]
  Spacing: [3, 3, 3]
  Origin: [436.24, 861.84, 292.5]
  Direction: 
-1 0 0
0 -1 0
0 0 -1

  IndexToPointMatrix: 
-3 0 0
0 -3 0
0 0 -3

  PointToIndexMatrix: 
-0.333333 0 0
0 -0.333333 0
0 0 -0.333333

  Inverse Direction: 
-1 0 0
0 -1 0
0 0 -1

  PixelContainer: 
    ImportImageContainer (0x3e25240)
      RTTI typeinfo:   itk::ImportImageContainer<unsigned long, float>
      Reference Count: 1
      Modified Time: 1713329
      Debug: Off
      Object Name: 
      Observers: 
        none
      Pointer: 0x15909e30
      Container manages memory: true
      Size: 4204800
      Capacity: 4204800

     Moving image = Image (0x3e63740)
  RTTI typeinfo:   itk::Image<float, 3u>
  Reference Count: 2
  Modified Time: 1713360
  Debug: Off
  Object Name: 
  Observers: 
    none
  Source: (none)
  Source output name: (none)
  Release Data: Off
  Data Released: False
  Global Release Data: Off
  PipelineMTime: 0
  UpdateMTime: 1713357
  RealTimeStamp: 0 seconds 
  LargestPossibleRegion: 
    Dimension: 3
    Index: [0, 0, 0]
    Size: [152, 290, 83]
  BufferedRegion: 
    Dimension: 3
    Index: [0, 0, 0]
    Size: [152, 290, 83]
  RequestedRegion: 
    Dimension: 3
    Index: [0, 0, 0]
    Size: [152, 290, 83]
  Spacing: [3, 3, 3]
  Origin: [454.48, 867.92, 243.75]
  Direction: 
-1 0 0
0 -1 0
0 0 -1

  IndexToPointMatrix: 
-3 0 0
0 -3 0
0 0 -3

  PointToIndexMatrix: 
-0.333333 0 0
0 -0.333333 0
0 0 -0.333333

  Inverse Direction: 
-1 0 0
0 -1 0
0 0 -1

  PixelContainer: 
    ImportImageContainer (0x3dfbf40)
      RTTI typeinfo:   itk::ImportImageContainer<unsigned long, float>
      Reference Count: 1
      Modified Time: 1713355
      Debug: Off
      Object Name: 
      Observers: 
        none
      Pointer: 0x16914240
      Container manages memory: true
      Size: 3658640
      Capacity: 3658640

     Weighting = 1
     Sampling strategy = regular
     Number of bins = 32
     Radius = 4
     Sampling percentage  = 0.2
   Transform = Affine
     Gradient step = 0.25
     Update field sigma (voxel space) = 0
     Total field sigma (voxel space) = 0
     Update field time sigma = 0
     Total field time sigma  = 0
     Number of time indices = 0
     Number of time point samples = 0
Stage 3 State
   Image metric = CC
     Fixed image = Image (0x3e5dec0)
  RTTI typeinfo:   itk::Image<float, 3u>
  Reference Count: 2
  Modified Time: 1713413
  Debug: Off
  Object Name: 
  Observers: 
    none
  Source: (none)
  Source output name: (none)
  Release Data: Off
  Data Released: False
  Global Release Data: Off
  PipelineMTime: 0
  UpdateMTime: 1713385
  RealTimeStamp: 0 seconds 
  LargestPossibleRegion: 
    Dimension: 3
    Index: [0, 0, 0]
    Size: [146, 288, 100]
  BufferedRegion: 
    Dimension: 3
    Index: [0, 0, 0]
    Size: [146, 288, 100]
  RequestedRegion: 
    Dimension: 3
    Index: [0, 0, 0]
    Size: [146, 288, 100]
  Spacing: [3, 3, 3]
  Origin: [436.24, 861.84, 292.5]
  Direction: 
-1 0 0
0 -1 0
0 0 -1

  IndexToPointMatrix: 
-3 0 0
0 -3 0
0 0 -3

  PointToIndexMatrix: 
-0.333333 0 0
0 -0.333333 0
0 0 -0.333333

  Inverse Direction: 
-1 0 0
0 -1 0
0 0 -1

  PixelContainer: 
    ImportImageContainer (0xd372d00)
      RTTI typeinfo:   itk::ImportImageContainer<unsigned long, float>
      Reference Count: 1
      Modified Time: 1713383
      Debug: Off
      Object Name: 
      Observers: 
        none
      Pointer: 0x17709090
      Container manages memory: true
      Size: 4204800
      Capacity: 4204800

     Moving image = Image (0x3e5e150)
  RTTI typeinfo:   itk::Image<float, 3u>
  Reference Count: 2
  Modified Time: 1713414
  Debug: Off
  Object Name: 
  Observers: 
    none
  Source: (none)
  Source output name: (none)
  Release Data: Off
  Data Released: False
  Global Release Data: Off
  PipelineMTime: 0
  UpdateMTime: 1713411
  RealTimeStamp: 0 seconds 
  LargestPossibleRegion: 
    Dimension: 3
    Index: [0, 0, 0]
    Size: [152, 290, 83]
  BufferedRegion: 
    Dimension: 3
    Index: [0, 0, 0]
    Size: [152, 290, 83]
  RequestedRegion: 
    Dimension: 3
    Index: [0, 0, 0]
    Size: [152, 290, 83]
  Spacing: [3, 3, 3]
  Origin: [454.48, 867.92, 243.75]
  Direction: 
-1 0 0
0 -1 0
0 0 -1

  IndexToPointMatrix: 
-3 0 0
0 -3 0
0 0 -3

  PointToIndexMatrix: 
-0.333333 0 0
0 -0.333333 0
0 0 -0.333333

  Inverse Direction: 
-1 0 0
0 -1 0
0 0 -1

  PixelContainer: 
    ImportImageContainer (0x3e29ae0)
      RTTI typeinfo:   itk::ImportImageContainer<unsigned long, float>
      Reference Count: 1
      Modified Time: 1713409
      Debug: Off
      Object Name: 
      Observers: 
        none
      Pointer: 0x187134a0
      Container manages memory: true
      Size: 3658640
      Capacity: 3658640

     Weighting = 1
     Sampling strategy = none
     Number of bins = 32
     Radius = 32
     Sampling percentage  = 1
   Transform = SyN
     Gradient step = 0.2
     Update field sigma (voxel space) = 3
     Total field sigma (voxel space) = 0
     Update field time sigma = 0
     Total field time sigma  = 0
     Number of time indices = 0
     Number of time point samples = 0
Registration using 3 total stages.

Stage 0
  iterations = 2100x1200x1200x0
  convergence threshold = 1e-06
  convergence window size = 10
  number of levels = 4
  using the Mattes MI metric (number of bins = 32, weight = 1, use gradient filter = 0)
  preprocessing:  histogram matching the images
  Shrink factors (level 1 out of 4): [4, 4, 4]
  Shrink factors (level 2 out of 4): [2, 2, 2]
  Shrink factors (level 3 out of 4): [2, 2, 2]
  Shrink factors (level 4 out of 4): [1, 1, 1]
  smoothing sigmas per level: [3, 2, 1, 0]
  regular sampling (percentage = 0.2)

*** Running Euler3DTransform registration ***

DIAGNOSTIC,Iteration,metricValue,convergenceValue,ITERATION_TIME_INDEX,SINCE_LAST
 2DIAGNOSTIC,     1, -7.370695471764e-01, inf, 1.2250e-01, 1.2250e-01, 
 2DIAGNOSTIC,     2, -7.384650111198e-01, inf, 1.2858e-01, 6.0821e-03, 
 2DIAGNOSTIC,     3, -7.398144602776e-01, inf, 1.3466e-01, 6.0761e-03, 
 2DIAGNOSTIC,     4, -7.405227422714e-01, inf, 1.4045e-01, 5.7921e-03, 
 2DIAGNOSTIC,     5, -7.408550381660e-01, inf, 1.4681e-01, 6.3629e-03, 
 2DIAGNOSTIC,     6, -7.410737872124e-01, inf, 1.5289e-01, 6.0811e-03, 
 2DIAGNOSTIC,     7, -7.410339713097e-01, inf, 1.5814e-01, 5.2521e-03, 
 2DIAGNOSTIC,     8, -7.410950660706e-01, inf, 1.6339e-01, 5.2431e-03, 
 2DIAGNOSTIC,     9, -7.411454319954e-01, inf, 1.6931e-01, 5.9261e-03, 
 2DIAGNOSTIC,    10, -7.411853671074e-01, 2.961885766126e-04, 1.7911e-01, 9.8009e-03, 
 2DIAGNOSTIC,    11, -7.409375905991e-01, 1.499295030953e-04, 1.8534e-01, 6.2270e-03, 
 2DIAGNOSTIC,    12, -7.408676743507e-01, 5.675416468875e-05, 1.9251e-01, 7.1721e-03, 
 2DIAGNOSTIC,    13, -7.408937215805e-01, 1.323713058810e-05, 1.9887e-01, 6.3519e-03, 
DIAGNOSTIC,Iteration,metricValue,convergenceValue,ITERATION_TIME_INDEX,SINCE_LAST
 2DIAGNOSTIC,     1, -6.679795384407e-01, inf, 3.4035e-01, 1.4148e-01, 
 2DIAGNOSTIC,     2, -6.682346463203e-01, inf, 3.6043e-01, 2.0081e-02, 
 2DIAGNOSTIC,     3, -6.683408617973e-01, inf, 3.8066e-01, 2.0231e-02, 
 2DIAGNOSTIC,     4, -6.683539748192e-01, inf, 3.9540e-01, 1.4735e-02, 
 2DIAGNOSTIC,     5, -6.683248281479e-01, inf, 4.1226e-01, 1.6865e-02, 
 2DIAGNOSTIC,     6, -6.683145165443e-01, inf, 4.2876e-01, 1.6494e-02, 
 2DIAGNOSTIC,     7, -6.682901382446e-01, inf, 4.4507e-01, 1.6317e-02, 
 2DIAGNOSTIC,     8, -6.682524681091e-01, inf, 4.6138e-01, 1.6306e-02, 
 2DIAGNOSTIC,     9, -6.682454943657e-01, inf, 4.7760e-01, 1.6224e-02, 
 2DIAGNOSTIC,    10, -6.682496070862e-01, 1.109041204472e-05, 4.9452e-01, 1.6919e-02, 
DIAGNOSTIC,Iteration,metricValue,convergenceValue,ITERATION_TIME_INDEX,SINCE_LAST
 2DIAGNOSTIC,     1, -6.123988032341e-01, inf, 6.1563e-01, 1.2111e-01, 
 2DIAGNOSTIC,     2, -6.128112077713e-01, inf, 6.3376e-01, 1.8129e-02, 
 2DIAGNOSTIC,     3, -6.129156947136e-01, inf, 6.5051e-01, 1.6752e-02, 
 2DIAGNOSTIC,     4, -6.129148006439e-01, inf, 6.6690e-01, 1.6389e-02, 
 2DIAGNOSTIC,     5, -6.129447817802e-01, inf, 6.8133e-01, 1.4426e-02, 
 2DIAGNOSTIC,     6, -6.129195094109e-01, inf, 6.9615e-01, 1.4822e-02, 
 2DIAGNOSTIC,     7, -6.129351258278e-01, inf, 7.1547e-01, 1.9318e-02, 
 2DIAGNOSTIC,     8, -6.129428744316e-01, inf, 7.3062e-01, 1.5151e-02, 
 2DIAGNOSTIC,     9, -6.129733920097e-01, inf, 7.4532e-01, 1.4697e-02, 
 2DIAGNOSTIC,    10, -6.129792332649e-01, 3.779882536037e-05, 7.6260e-01, 1.7288e-02, 
 2DIAGNOSTIC,    11, -6.130299568176e-01, 1.625952427275e-05, 7.8235e-01, 1.9746e-02, 
 2DIAGNOSTIC,    12, -6.129606962204e-01, 1.023355434882e-05, 7.9775e-01, 1.5402e-02, 
 2DIAGNOSTIC,    13, -6.130682826042e-01, 1.209863330587e-05, 8.2269e-01, 2.4937e-02, 
 2DIAGNOSTIC,    14, -6.130471825600e-01, 1.194117339764e-05, 8.3958e-01, 1.6893e-02, 
 2DIAGNOSTIC,    15, -6.130352020264e-01, 1.152196455223e-05, 8.5841e-01, 1.8825e-02, 
 2DIAGNOSTIC,    16, -6.129967570305e-01, 8.486278602504e-06, 8.7548e-01, 1.7077e-02, 
 2DIAGNOSTIC,    17, -6.129973530769e-01, 5.690620128007e-06, 8.9092e-01, 1.5440e-02, 
 2DIAGNOSTIC,    18, -6.129851937294e-01, 2.684399305508e-06, 9.0941e-01, 1.8488e-02, 
DIAGNOSTIC,Iteration,metricValue,convergenceValue,ITERATION_TIME_INDEX,SINCE_LAST
 2DIAGNOSTIC,     1, -5.699592232704e-01, inf, 1.2725e+00, 3.6308e-01, 
  Elapsed time (stage 0): 1.7355e+00


Stage 1
  iterations = 2100x1200x1200x0
  convergence threshold = 1.0000e-06
  convergence window size = 10
  number of levels = 4
  using the Mattes MI metric (number of bins = 32, weight = 1.0000e+00, use gradient filter = 0)
  preprocessing:  histogram matching the images
  Shrink factors (level 1 out of 4): [4, 4, 4]
  Shrink factors (level 2 out of 4): [2, 2, 2]
  Shrink factors (level 3 out of 4): [2, 2, 2]
  Shrink factors (level 4 out of 4): [1, 1, 1]
  smoothing sigmas per level: [3, 2, 1, 0]
  regular sampling (percentage = 2.0000e-01)

*** Running AffineTransform registration ***

DIAGNOSTIC,Iteration,metricValue,convergenceValue,ITERATION_TIME_INDEX,SINCE_LAST
 2DIAGNOSTIC,     1, -7.370423078537e-01, inf, 9.3180e-02, 9.3180e-02, 
 2DIAGNOSTIC,     2, -7.376683354378e-01, inf, 1.0003e-01, 6.8541e-03, 
 2DIAGNOSTIC,     3, -7.378899455070e-01, inf, 1.0639e-01, 6.3519e-03, 
 2DIAGNOSTIC,     4, -7.386897802353e-01, inf, 1.1286e-01, 6.4709e-03, 
 2DIAGNOSTIC,     5, -7.395235300064e-01, inf, 1.1850e-01, 5.6431e-03, 
 2DIAGNOSTIC,     6, -7.402962446213e-01, inf, 1.2407e-01, 5.5680e-03, 
 2DIAGNOSTIC,     7, -7.413324713707e-01, inf, 1.2975e-01, 5.6829e-03, 
 2DIAGNOSTIC,     8, -7.445848584175e-01, inf, 1.3511e-01, 5.3570e-03, 
 2DIAGNOSTIC,     9, -7.464252710342e-01, inf, 1.4067e-01, 5.5592e-03, 
 2DIAGNOSTIC,    10, -7.477429509163e-01, 9.393835207447e-04, 1.4836e-01, 7.6940e-03, 
 2DIAGNOSTIC,    11, -7.482573986053e-01, 9.489966323599e-04, 1.5402e-01, 5.6620e-03, 
 2DIAGNOSTIC,    12, -7.483918666840e-01, 8.969692280516e-04, 1.6088e-01, 6.8610e-03, 
 2DIAGNOSTIC,    13, -7.485643029213e-01, 7.826536311768e-04, 1.6792e-01, 7.0360e-03, 
 2DIAGNOSTIC,    14, -7.486743927002e-01, 6.376940291375e-04, 1.7370e-01, 5.7778e-03, 
 2DIAGNOSTIC,    15, -7.485311627388e-01, 4.721577279270e-04, 1.7944e-01, 5.7452e-03, 
 2DIAGNOSTIC,    16, -7.482683658600e-01, 2.973444643430e-04, 1.8528e-01, 5.8339e-03, 
 2DIAGNOSTIC,    17, -7.482581734657e-01, 1.380307221552e-04, 1.9114e-01, 5.8651e-03, 
 2DIAGNOSTIC,    18, -7.483147382736e-01, 5.333142689778e-05, 1.9770e-01, 6.5601e-03, 
 2DIAGNOSTIC,    19, -7.481166124344e-01, 5.059583600087e-06, 2.0495e-01, 7.2429e-03, 
DIAGNOSTIC,Iteration,metricValue,convergenceValue,ITERATION_TIME_INDEX,SINCE_LAST
 2DIAGNOSTIC,     1, -6.736001968384e-01, inf, 3.3975e-01, 1.3480e-01, 
 2DIAGNOSTIC,     2, -6.740378737450e-01, inf, 3.6388e-01, 2.4131e-02, 
 2DIAGNOSTIC,     3, -6.743329167366e-01, inf, 3.8363e-01, 1.9754e-02, 
 2DIAGNOSTIC,     4, -6.746074557304e-01, inf, 4.0417e-01, 2.0532e-02, 
 2DIAGNOSTIC,     5, -6.747432351112e-01, inf, 4.2306e-01, 1.8889e-02, 
 2DIAGNOSTIC,     6, -6.748775839806e-01, inf, 4.4395e-01, 2.0897e-02, 
 2DIAGNOSTIC,     7, -6.749100685120e-01, inf, 4.6312e-01, 1.9164e-02, 
 2DIAGNOSTIC,     8, -6.748631000519e-01, inf, 4.8343e-01, 2.0314e-02, 
 2DIAGNOSTIC,     9, -6.748765110970e-01, inf, 5.1165e-01, 2.8216e-02, 
 2DIAGNOSTIC,    10, -6.748692393303e-01, 1.100870213122e-04, 5.3249e-01, 2.0843e-02, 
 2DIAGNOSTIC,    11, -6.748633384705e-01, 6.203674274730e-05, 5.5144e-01, 1.8955e-02, 
 2DIAGNOSTIC,    12, -6.748582124710e-01, 3.175729580107e-05, 5.7247e-01, 2.1029e-02, 
 2DIAGNOSTIC,    13, -6.748538613319e-01, 1.281761251448e-05, 5.9353e-01, 2.1052e-02, 
 2DIAGNOSTIC,    14, -6.748598217964e-01, 4.028779585497e-06, 6.1399e-01, 2.0465e-02, 
DIAGNOSTIC,Iteration,metricValue,convergenceValue,ITERATION_TIME_INDEX,SINCE_LAST
 2DIAGNOSTIC,     1, -6.158170700073e-01, inf, 7.4383e-01, 1.2984e-01, 
 2DIAGNOSTIC,     2, -6.161090731621e-01, inf, 7.6530e-01, 2.1473e-02, 
 2DIAGNOSTIC,     3, -6.163179278374e-01, inf, 7.8486e-01, 1.9559e-02, 
 2DIAGNOSTIC,     4, -6.164657473564e-01, inf, 8.0628e-01, 2.1418e-02, 
 2DIAGNOSTIC,     5, -6.165525317192e-01, inf, 8.2693e-01, 2.0654e-02, 
 2DIAGNOSTIC,     6, -6.166656017303e-01, inf, 8.4749e-01, 2.0561e-02, 
 2DIAGNOSTIC,     7, -6.166427731514e-01, inf, 8.6871e-01, 2.1217e-02, 
 2DIAGNOSTIC,     8, -6.166586875916e-01, inf, 8.9342e-01, 2.4713e-02, 
 2DIAGNOSTIC,     9, -6.166469454765e-01, inf, 9.1439e-01, 2.0970e-02, 
 2DIAGNOSTIC,    10, -6.165598630905e-01, 7.479447231162e-05, 9.3564e-01, 2.1250e-02, 
 2DIAGNOSTIC,    11, -6.165550351143e-01, 3.769357135752e-05, 9.5496e-01, 1.9313e-02, 
 2DIAGNOSTIC,    12, -6.165357828140e-01, 1.398229869665e-05, 9.7647e-01, 2.1512e-02, 
DIAGNOSTIC,Iteration,metricValue,convergenceValue,ITERATION_TIME_INDEX,SINCE_LAST
 2DIAGNOSTIC,     1, -5.729218721390e-01, inf, 1.3605e+00, 3.8398e-01, 
  Elapsed time (stage 1): 1.8168e+00


Stage 2
  iterations = 120x80x40x0
  convergence threshold = 1.0000e-07
  convergence window size = 8
  number of levels = 4
  using the CC metric (radius = 32, weight = 1.0000e+00, use gradient filter = 0)
  preprocessing:  histogram matching the images
  Shrink factors (level 1 out of 4): [8, 8, 8]
  Shrink factors (level 2 out of 4): [4, 4, 4]
  Shrink factors (level 3 out of 4): [2, 2, 2]
  Shrink factors (level 4 out of 4): [1, 1, 1]
  smoothing sigmas per level: [3, 2, 1, 0]
  Using default NONE metricSamplingStrategy 

*** Running SyN registration (varianceForUpdateField = 3.0000e+00, varianceForTotalField = 0.0000e+00) ***

XXDIAGNOSTIC,Iteration,metricValue,convergenceValue,ITERATION_TIME_INDEX,SINCE_LAST
 1DIAGNOSTIC,     1, -8.369501233101e-01, inf, 7.3645e-01, 7.3645e-01, 
 1DIAGNOSTIC,     2, -8.687298297882e-01, inf, 1.4132e+00, 6.7675e-01, 
 1DIAGNOSTIC,     3, -8.915113806725e-01, inf, 2.0864e+00, 6.7321e-01, 
 1DIAGNOSTIC,     4, -9.069818854332e-01, inf, 2.7591e+00, 6.7268e-01, 
 1DIAGNOSTIC,     5, -9.163348078728e-01, inf, 3.4363e+00, 6.7716e-01, 
 1DIAGNOSTIC,     6, -9.219967722893e-01, inf, 4.1132e+00, 6.7695e-01, 
 1DIAGNOSTIC,     7, -9.262387752533e-01, inf, 4.7820e+00, 6.6877e-01, 
 1DIAGNOSTIC,     8, -9.287062287331e-01, 7.738943211734e-03, 5.4515e+00, 6.6951e-01, 
 1DIAGNOSTIC,     9, -9.305063486099e-01, 4.523613955826e-03, 6.1284e+00, 6.7695e-01, 
 1DIAGNOSTIC,    10, -9.297599196434e-01, 2.546695992351e-03, 6.7979e+00, 6.6943e-01, 
 1DIAGNOSTIC,    11, -9.305471777916e-01, 1.410009223036e-03, 7.4692e+00, 6.7135e-01, 
 1DIAGNOSTIC,    12, -9.293667674065e-01, 7.258859113790e-04, 8.1436e+00, 6.7444e-01, 
 1DIAGNOSTIC,    13, -9.301453232765e-01, 3.471479867585e-04, 8.8127e+00, 6.6902e-01, 
 1DIAGNOSTIC,    14, -9.290621876717e-01, 9.945363126462e-05, 9.4830e+00, 6.7032e-01, 
 1DIAGNOSTIC,    15, -9.299976229668e-01, 4.288675881980e-06, 1.0150e+01, 6.6724e-01, 
 1DIAGNOSTIC,    16, -9.289594292641e-01, -4.634521974367e-05, 1.0820e+01, 6.6958e-01, 
XXDIAGNOSTIC,Iteration,metricValue,convergenceValue,ITERATION_TIME_INDEX,SINCE_LAST
 1DIAGNOSTIC,     1, -8.976945877075e-01, inf, 1.4617e+01, 3.7970e+00, 
 1DIAGNOSTIC,     2, -9.065053462982e-01, inf, 1.8417e+01, 3.8004e+00, 
 1DIAGNOSTIC,     3, -9.132744669914e-01, inf, 2.2145e+01, 3.7283e+00, 
 1DIAGNOSTIC,     4, -9.182818531990e-01, inf, 2.5834e+01, 3.6883e+00, 
 1DIAGNOSTIC,     5, -9.222385883331e-01, inf, 2.9226e+01, 3.3925e+00, 
 1DIAGNOSTIC,     6, -9.253108501434e-01, inf, 3.2255e+01, 3.0289e+00, 
 1DIAGNOSTIC,     7, -9.273162484169e-01, inf, 3.5260e+01, 3.0047e+00, 
 1DIAGNOSTIC,     8, -9.289615154266e-01, 2.690401859581e-03, 3.8315e+01, 3.0550e+00, 
 1DIAGNOSTIC,     9, -9.303800463676e-01, 1.813736278564e-03, 4.1727e+01, 3.4118e+00, 
 1DIAGNOSTIC,    10, -9.315765500069e-01, 1.245580264367e-03, 4.5150e+01, 3.4234e+00, 
 1DIAGNOSTIC,    11, -9.326040148735e-01, 8.788249106146e-04, 4.8550e+01, 3.4001e+00, 
 1DIAGNOSTIC,    12, -9.334818124771e-01, 6.374007207341e-04, 5.2034e+01, 3.4838e+00, 
 1DIAGNOSTIC,    13, -9.342609643936e-01, 4.818656889256e-04, 5.5440e+01, 3.4063e+00, 
 1DIAGNOSTIC,    14, -9.349801540375e-01, 3.833951195702e-04, 5.9088e+01, 3.6476e+00, 
 1DIAGNOSTIC,    15, -9.355840682983e-01, 3.097534063272e-04, 6.2371e+01, 3.2834e+00, 
 1DIAGNOSTIC,    16, -9.361122846603e-01, 2.528131881263e-04, 6.5466e+01, 3.0941e+00, 
 1DIAGNOSTIC,    17, -9.365783929825e-01, 2.085372834699e-04, 6.8463e+01, 2.9970e+00, 
 1DIAGNOSTIC,    18, -9.369957447052e-01, 1.733092503855e-04, 7.1865e+01, 3.4025e+00, 
 1DIAGNOSTIC,    19, -9.373852014542e-01, 1.452080614399e-04, 7.5468e+01, 3.6030e+00, 
 1DIAGNOSTIC,    20, -9.377295970917e-01, 1.222335413331e-04, 7.8871e+01, 3.4030e+00, 
 1DIAGNOSTIC,    21, -9.380086064339e-01, 1.029620252666e-04, 8.2333e+01, 3.4620e+00, 
 1DIAGNOSTIC,    22, -9.382803440094e-01, 8.769903797656e-05, 8.5975e+01, 3.6415e+00, 
 1DIAGNOSTIC,    23, -9.385238289833e-01, 7.508137787227e-05, 8.9674e+01, 3.6988e+00, 
 1DIAGNOSTIC,    24, -9.387415647507e-01, 6.448103522416e-05, 9.3370e+01, 3.6967e+00, 
 1DIAGNOSTIC,    25, -9.389356374741e-01, 5.547158070840e-05, 9.7072e+01, 3.7021e+00, 
 1DIAGNOSTIC,    26, -9.391217231750e-01, 4.797260771738e-05, 1.0015e+02, 3.0728e+00, 
 1DIAGNOSTIC,    27, -9.392867088318e-01, 4.190707113594e-05, 1.0369e+02, 3.5491e+00, 
 1DIAGNOSTIC,    28, -9.394329786301e-01, 3.691366873682e-05, 1.0714e+02, 3.4428e+00, 
 1DIAGNOSTIC,    29, -9.395806193352e-01, 3.255972114857e-05, 1.1062e+02, 3.4811e+00, 
 1DIAGNOSTIC,    30, -9.397056102753e-01, 2.885150570364e-05, 1.1375e+02, 3.1297e+00, 
 1DIAGNOSTIC,    31, -9.398287534714e-01, 2.575566577434e-05, 1.1709e+02, 3.3375e+00, 
 1DIAGNOSTIC,    32, -9.399354457855e-01, 2.303862129338e-05, 1.2037e+02, 3.2840e+00, 
 1DIAGNOSTIC,    33, -9.400412440300e-01, 2.066491651931e-05, 1.2384e+02, 3.4673e+00, 
 1DIAGNOSTIC,    34, -9.401398301125e-01, 1.868367326097e-05, 1.2720e+02, 3.3590e+00, 
 1DIAGNOSTIC,    35, -9.402205944061e-01, 1.685101779003e-05, 1.3089e+02, 3.6904e+00, 
 1DIAGNOSTIC,    36, -9.402974843979e-01, 1.511007940280e-05, 1.3448e+02, 3.5979e+00, 
 1DIAGNOSTIC,    37, -9.403630495071e-01, 1.354012420052e-05, 1.3753e+02, 3.0496e+00, 
 1DIAGNOSTIC,    38, -9.404265880585e-01, 1.205452190334e-05, 1.4090e+02, 3.3671e+00, 
 1DIAGNOSTIC,    39, -9.404890537262e-01, 1.078999321180e-05, 1.4459e+02, 3.6868e+00, 
 1DIAGNOSTIC,    40, -9.405437111855e-01, 9.642645636632e-06, 1.4762e+02, 3.0332e+00, 
 1DIAGNOSTIC,    41, -9.405966401100e-01, 8.710484507901e-06, 1.5109e+02, 3.4693e+00, 
 1DIAGNOSTIC,    42, -9.406416416168e-01, 7.947057383717e-06, 1.5431e+02, 3.2232e+00, 
 1DIAGNOSTIC,    43, -9.406762123108e-01, 7.175910468504e-06, 1.5774e+02, 3.4282e+00, 
 1DIAGNOSTIC,    44, -9.407173395157e-01, 6.510182629427e-06, 1.6127e+02, 3.5276e+00, 
 1DIAGNOSTIC,    45, -9.407603144646e-01, 5.935698482062e-06, 1.6430e+02, 3.0268e+00, 
 1DIAGNOSTIC,    46, -9.407807588577e-01, 5.311494078342e-06, 1.6747e+02, 3.1721e+00, 
 1DIAGNOSTIC,    47, -9.408138990402e-01, 4.813279701921e-06, 1.7051e+02, 3.0434e+00, 
 1DIAGNOSTIC,    48, -9.408311843872e-01, 4.297146915633e-06, 1.7398e+02, 3.4718e+00, 
 1DIAGNOSTIC,    49, -9.408640861511e-01, 3.935316271964e-06, 1.7698e+02, 2.9985e+00, 
 1DIAGNOSTIC,    50, -9.408881664276e-01, 3.635770326582e-06, 1.8019e+02, 3.2118e+00, 
 1DIAGNOSTIC,    51, -9.409068226814e-01, 3.312176886539e-06, 1.8353e+02, 3.3332e+00, 
 1DIAGNOSTIC,    52, -9.409301280975e-01, 3.082082002948e-06, 1.8699e+02, 3.4627e+00, 
 1DIAGNOSTIC,    53, -9.409457445145e-01, 2.924303998952e-06, 1.9028e+02, 3.2896e+00, 
 1DIAGNOSTIC,    54, -9.409595727921e-01, 2.680203124328e-06, 1.9380e+02, 3.5203e+00, 
 1DIAGNOSTIC,    55, -9.409853219986e-01, 2.554593038440e-06, 1.9741e+02, 3.6121e+00, 
 1DIAGNOSTIC,    56, -9.409960508347e-01, 2.340451828786e-06, 2.0104e+02, 3.6242e+00, 
 1DIAGNOSTIC,    57, -9.410126805305e-01, 2.213874950030e-06, 2.0450e+02, 3.4680e+00, 
 1DIAGNOSTIC,    58, -9.410335421562e-01, 2.152085016860e-06, 2.0821e+02, 3.7023e+00, 
 1DIAGNOSTIC,    59, -9.410422444344e-01, 2.040579374807e-06, 2.1147e+02, 3.2597e+00, 
 1DIAGNOSTIC,    60, -9.410672187805e-01, 2.028415792665e-06, 2.1450e+02, 3.0299e+00, 
 1DIAGNOSTIC,    61, -9.410845041275e-01, 2.010572416111e-06, 2.1751e+02, 3.0191e+00, 
 1DIAGNOSTIC,    62, -9.410960674286e-01, 1.938771447385e-06, 2.2119e+02, 3.6726e+00, 
 1DIAGNOSTIC,    63, -9.411020874977e-01, 1.863144461822e-06, 2.2477e+02, 3.5829e+00, 
 1DIAGNOSTIC,    64, -9.411237239838e-01, 1.791317458810e-06, 2.2820e+02, 3.4329e+00, 
 1DIAGNOSTIC,    65, -9.411361813545e-01, 1.707275259832e-06, 2.3192e+02, 3.7121e+00, 
 1DIAGNOSTIC,    66, -9.411529898643e-01, 1.675918497313e-06, 2.3550e+02, 3.5878e+00, 
 1DIAGNOSTIC,    67, -9.411617517471e-01, 1.579454078637e-06, 2.3916e+02, 3.6567e+00, 
 1DIAGNOSTIC,    68, -9.411638379097e-01, 1.483332539465e-06, 2.4265e+02, 3.4906e+00, 
 1DIAGNOSTIC,    69, -9.411646723747e-01, 1.350763113805e-06, 2.4606e+02, 3.4072e+00, 
 1DIAGNOSTIC,    70, -9.411699771881e-01, 1.194416540784e-06, 2.4942e+02, 3.3631e+00, 
 1DIAGNOSTIC,    71, -9.411841630936e-01, 1.051205231306e-06, 2.5299e+02, 3.5677e+00, 
 1DIAGNOSTIC,    72, -9.411948919296e-01, 1.004569412544e-06, 2.5650e+02, 3.5140e+00, 
 1DIAGNOSTIC,    73, -9.411933422089e-01, 9.456923635298e-07, 2.6019e+02, 3.6833e+00, 
 1DIAGNOSTIC,    74, -9.412019252777e-01, 9.549836477163e-07, 2.6387e+02, 3.6832e+00, 
 1DIAGNOSTIC,    75, -9.412107467651e-01, 9.844565056483e-07, 2.6744e+02, 3.5719e+00, 
 1DIAGNOSTIC,    76, -9.412113428116e-01, 9.560004627929e-07, 2.7083e+02, 3.3878e+00, 
 1DIAGNOSTIC,    77, -9.412215948105e-01, 9.178731374959e-07, 2.7421e+02, 3.3857e+00, 
 1DIAGNOSTIC,    78, -9.412351250648e-01, 9.071865179067e-07, 2.7764e+02, 3.4225e+00, 
 1DIAGNOSTIC,    79, -9.412379860878e-01, 9.139679946202e-07, 2.8076e+02, 3.1241e+00, 
 1DIAGNOSTIC,    80, -9.412371516228e-01, 9.058653063221e-07, 2.8381e+02, 3.0506e+00, 
XXDIAGNOSTIC,Iteration,metricValue,convergenceValue,ITERATION_TIME_INDEX,SINCE_LAST
 1DIAGNOSTIC,     1, -8.995764851570e-01, inf, 3.2343e+02, 3.9614e+01, 
 1DIAGNOSTIC,     2, -8.993993401527e-01, inf, 3.6278e+02, 3.9358e+01, 
 1DIAGNOSTIC,     3, -9.001603126526e-01, inf, 4.0230e+02, 3.9514e+01, 
 1DIAGNOSTIC,     4, -9.009770750999e-01, inf, 4.4162e+02, 3.9320e+01, 
 1DIAGNOSTIC,     5, -9.017875790596e-01, inf, 4.8060e+02, 3.8982e+01, 
 1DIAGNOSTIC,     6, -9.025475978851e-01, inf, 5.2031e+02, 3.9710e+01, 
 1DIAGNOSTIC,     7, -9.033454060555e-01, inf, 5.5963e+02, 3.9321e+01, 
 1DIAGNOSTIC,     8, -9.041943550110e-01, 4.630106559489e-04, 5.9900e+02, 3.9373e+01, 
 1DIAGNOSTIC,     9, -9.050495028496e-01, 4.581181565300e-04, 6.3802e+02, 3.9014e+01, 
 1DIAGNOSTIC,    10, -9.059264063835e-01, 4.190279578324e-04, 6.7719e+02, 3.9170e+01, 
 1DIAGNOSTIC,    11, -9.068516492844e-01, 3.888431529049e-04, 7.1678e+02, 3.9590e+01, 
 1DIAGNOSTIC,    12, -9.078012108803e-01, 3.667100681923e-04, 7.5628e+02, 3.9507e+01, 
 1DIAGNOSTIC,    13, -9.087650775909e-01, 3.496170975268e-04, 7.9516e+02, 3.8880e+01, 
 1DIAGNOSTIC,    14, -9.096342921257e-01, 3.308921586722e-04, 8.3478e+02, 3.9616e+01, 
 1DIAGNOSTIC,    15, -9.104314446449e-01, 3.090796817560e-04, 8.7391e+02, 3.9131e+01, 
 1DIAGNOSTIC,    16, -9.111812114716e-01, 2.847738505807e-04, 9.1347e+02, 3.9558e+01, 
 1DIAGNOSTIC,    17, -9.118173718452e-01, 2.566623443272e-04, 9.5272e+02, 3.9254e+01, 
 1DIAGNOSTIC,    18, -9.124038219452e-01, 2.264630020363e-04, 9.9221e+02, 3.9489e+01, 
 1DIAGNOSTIC,    19, -9.129531979561e-01, 1.970137673197e-04, 1.0314e+03, 3.9192e+01, 
 1DIAGNOSTIC,    20, -9.134580492973e-01, 1.702912995825e-04, 1.0705e+03, 3.9084e+01, 
 1DIAGNOSTIC,    21, -9.139208197594e-01, 1.478729827795e-04, 1.1095e+03, 3.9012e+01, 
 1DIAGNOSTIC,    22, -9.143492579460e-01, 1.289892970817e-04, 1.1490e+03, 3.9522e+01, 
 1DIAGNOSTIC,    23, -9.147471189499e-01, 1.131907119998e-04, 1.1882e+03, 3.9179e+01, 
 1DIAGNOSTIC,    24, -9.151117801666e-01, 1.002976932796e-04, 1.2276e+03, 3.9426e+01, 
 1DIAGNOSTIC,    25, -9.154500365257e-01, 8.900083048502e-05, 1.2669e+03, 3.9264e+01, 
 1DIAGNOSTIC,    26, -9.157581925392e-01, 7.899253978394e-05, 1.3062e+03, 3.9304e+01, 
 1DIAGNOSTIC,    27, -9.160446524620e-01, 7.025537342997e-05, 1.3462e+03, 4.0027e+01, 
 1DIAGNOSTIC,    28, -9.163051247597e-01, 6.253562605707e-05, 1.3856e+03, 3.9396e+01, 
 1DIAGNOSTIC,    29, -9.165575504303e-01, 5.582900848822e-05, 1.4251e+03, 3.9518e+01, 
 1DIAGNOSTIC,    30, -9.167903065681e-01, 5.000621968065e-05, 1.4643e+03, 3.9213e+01, 
 1DIAGNOSTIC,    31, -9.169964194298e-01, 4.485894169193e-05, 1.5036e+03, 3.9242e+01, 
 1DIAGNOSTIC,    32, -9.171670079231e-01, 4.002013156423e-05, 1.5432e+03, 3.9583e+01, 
 1DIAGNOSTIC,    33, -9.173402190208e-01, 3.569111140678e-05, 1.5826e+03, 3.9471e+01, 
 1DIAGNOSTIC,    34, -9.175083041191e-01, 3.187866968801e-05, 1.6222e+03, 3.9544e+01, 
 1DIAGNOSTIC,    35, -9.176533222198e-01, 2.846478855645e-05, 1.6612e+03, 3.9050e+01, 
 1DIAGNOSTIC,    36, -9.177976846695e-01, 2.550913814048e-05, 1.7003e+03, 3.9053e+01, 
 1DIAGNOSTIC,    37, -9.179133176804e-01, 2.290184602316e-05, 1.7395e+03, 3.9214e+01, 
 1DIAGNOSTIC,    38, -9.180232286453e-01, 2.064377258648e-05, 1.7796e+03, 4.0130e+01, 
 1DIAGNOSTIC,    39, -9.181201457977e-01, 1.856863855210e-05, 1.8193e+03, 3.9670e+01, 
 1DIAGNOSTIC,    40, -9.182074069977e-01, 1.645637894399e-05, 1.8586e+03, 3.9342e+01, 
  Elapsed time (stage 2): 1859


Total elapsed time: 1863
Using double precision for computations.
Input scalar image: 0x7f0983ba3008
Could not create ImageIO for the input file, assuming dimension = 3 and scalar pixel type
Reference image: 0x7f0983ba3068
=============================================================================
The composite transform comprises the following transforms (in order): 
  1. /resnick/groups/Proberlab/yun/lightsheet/analysis_output/registration/huc-h2b-g8m_csn_120min/251021_huc-h2b-g8m_csn_10uM_fish1/expt_to_mean_affine.mat (type = AffineTransform)
  2. /resnick/groups/Proberlab/yun/lightsheet/analysis_output/registration/huc-h2b-g8m_csn_120min/251021_huc-h2b-g8m_csn_10uM_fish1/expt_to_mean_warp.nii.gz (type = DisplacementFieldTransform)
=============================================================================
Default pixel value: 0
Interpolation type: WindowedSincInterpolateImageFunction
Output warped image: 0x7f0983ba3088
✅ TMPDIR=/resnick/scratch/yun/tmp_ants | ITK threads=30

Loading template brain: /resnick/home/ychiu/yun/lightsheet/hcrt-trpv1_huc-h2b-g8m_csn_120min_audio/zstack_template/template_mean_brain.nii.gz
Template shape=(288, 568, 40), spacing=(1.5199999809265137, 1.5199999809265137, 7.5)

============================================================
  Registering: 251021_huc-h2b-g8m_csn_10uM_fish1
  proj_ID:     huc-h2b-g8m_csn_120min
============================================================
Loading volume mean (moving)...
Raw HDF5 shape (Z, X, Y): (40, 300, 572)
Transposed shape (X, Y, Z): (300, 572, 40)
Rotated shape (X, Y, Z): (300, 572, 40)
ANTsImage (RAI)
	 Pixel Type : float (float32)
	 Components : 1
	 Dimensions : (300, 572, 40)
	 Spacing    : (1.52, 1.52, 6.25)
	 Origin     : (0.0, 0.0, 0.0)
	 Direction  : [1. 0. 0. 0. 1. 0. 0. 0. 1.]

  [atlas] spacing=(1.5199999809265137, 1.5199999809265137, 7.5) origin=(436.2399945259094, 861.8399891853333, 292.5)
  [mov  ] spacing=(1.52, 1.52, 6.25) origin=(454.48, 867.92, 243.75)
Resampling to (3.0, 3.0, 3.0) µm...
Running SyN...
antsRegistration -d 3 -r /resnick/scratch/yun/tmp_ants/tmpyg2quc_r.mat -m MI[0x7f0983ba2f48,0x7f0983ba2fe8,1,32,regular,0.2] -t Rigid[0.25] -c 2100x1200x1200x0 -s 3x2x1x0 -f 4x2x2x1 -x [NA,NA] -m MI[0x7f0983ba2f48,0x7f0983ba2fe8,1,32,regular,0.2] -t Affine[0.25] -c 2100x1200x1200x0 -s 3x2x1x0 -f 4x2x2x1 -x [NA,NA] -m CC[0x7f0983ba2f48,0x7f0983ba2fe8,1,32] -t SyN[0.200000,3.000000,0.000000] -c [120x80x40x0,1e-7,8] -s 3x2x1x0 -f 8x4x2x1 -u 1 -z 1 -o [/resnick/scratch/yun/tmp_ants/tmphobjx22v,0x7f0983ba3028,0x7f0983ba2fc8] -x [0x7f0983ba3048,0x7f0983ba3088] --float 1 --write-composite-transform 0 -v 1
SyN warp field saved: /resnick/groups/Proberlab/yun/lightsheet/analysis_output/registration/huc-h2b-g8m_csn_120min/251021_huc-h2b-g8m_csn_10uM_fish1/expt_to_mean_warp.nii.gz
SyN affine transform saved: /resnick/groups/Proberlab/yun/lightsheet/analysis_output/registration/huc-h2b-g8m_csn_120min/251021_huc-h2b-g8m_csn_10uM_fish1/expt_to_mean_affine.mat
Applying composite transform at full resolution...
['-d', '3', '-i', '0x7f0983ba3008', '-o', '0x7f0983ba3088', '-r', '0x7f0983ba3068', '-n', 'welchWindowedSinc', '-t', '/resnick/groups/Proberlab/yun/lightsheet/analysis_output/registration/huc-h2b-g8m_csn_120min/251021_huc-h2b-g8m_csn_10uM_fish1/expt_to_mean_warp.nii.gz', '-t', '/resnick/groups/Proberlab/yun/lightsheet/analysis_output/registration/huc-h2b-g8m_csn_120min/251021_huc-h2b-g8m_csn_10uM_fish1/expt_to_mean_affine.mat']
✅ Registered image saved: /resnick/groups/Proberlab/yun/lightsheet/analysis_output/registration/huc-h2b-g8m_csn_120min/251021_huc-h2b-g8m_csn_10uM_fish1/expt_to_mean_registered_final.nii.gz
Saving QC overlay...
  ✅ QC overlay saved: /resnick/groups/Proberlab/yun/lightsheet/analysis_output/registration/huc-h2b-g8m_csn_120min/251021_huc-h2b-g8m_csn_10uM_fish1/qc_registration_overlay.pdf

=== Registration complete: 251021_huc-h2b-g8m_csn_10uM_fish1 ===
