 bad det -1 v -1 u 1
 bad det -1 v -1 u 1 new 1
All_Command_lines_OK
Using single precision for computations.
=============================================================================
The composite transform comprises the following transforms (in order): 
  1. /resnick/scratch/yun/tmp_ants/tmpbdipx15e.mat (type = AffineTransform)
=============================================================================
  Reading mask(s).
    Registration stage 0
      No fixed mask
      No moving mask
    Registration stage 1
      No fixed mask
      No moving mask
    Registration stage 2
      Fixed mask = 0x7f9cfbb57008
      Moving mask = 0x7f9cfbb57048
  number of levels = 4
  number of levels = 4
  number of levels = 4
  fixed image: 0x7f9cfbb56f08
  moving image: 0x7f9cfbb56fa8
  fixed image: 0x7f9cfbb56f08
  moving image: 0x7f9cfbb56fa8
  fixed image: 0x7f9cfbb56f08
  moving image: 0x7f9cfbb56fa8
Dimension = 3
Number of stages = 3
Use histogram matching = true
Winsorize image intensities = false
  Lower quantile = 0
  Upper quantile = 1


Stage 1 State
   Image metric = MattesMI
     Fixed image = Image (0x5919d50)
  RTTI typeinfo:   itk::Image<float, 3u>
  Reference Count: 2
  Modified Time: 1330375
  Debug: Off
  Object Name: 
  Observers: 
    none
  Source: (none)
  Source output name: (none)
  Release Data: Off
  Data Released: False
  Global Release Data: Off
  PipelineMTime: 0
  UpdateMTime: 1330347
  RealTimeStamp: 0 seconds 
  LargestPossibleRegion: 
    Dimension: 3
    Index: [0, 0, 0]
    Size: [142, 276, 83]
  BufferedRegion: 
    Dimension: 3
    Index: [0, 0, 0]
    Size: [142, 276, 83]
  RequestedRegion: 
    Dimension: 3
    Index: [0, 0, 0]
    Size: [142, 276, 83]
  Spacing: [3, 3, 3]
  Origin: [424.08, 825.36, 243.75]
  Direction: 
-1 0 0
0 -1 0
0 0 -1

  IndexToPointMatrix: 
-3 0 0
0 -3 0
0 0 -3

  PointToIndexMatrix: 
-0.333333 0 0
0 -0.333333 0
0 0 -0.333333

  Inverse Direction: 
-1 0 0
0 -1 0
0 0 -1

  PixelContainer: 
    ImportImageContainer (0x5940db0)
      RTTI typeinfo:   itk::ImportImageContainer<unsigned long, float>
      Reference Count: 1
      Modified Time: 1330345
      Debug: Off
      Object Name: 
      Observers: 
        none
      Pointer: 0x140cb700
      Container manages memory: true
      Size: 3252936
      Capacity: 3252936

     Moving image = Image (0x595f3c0)
  RTTI typeinfo:   itk::Image<float, 3u>
  Reference Count: 2
  Modified Time: 1330376
  Debug: Off
  Object Name: 
  Observers: 
    none
  Source: (none)
  Source output name: (none)
  Release Data: Off
  Data Released: False
  Global Release Data: Off
  PipelineMTime: 0
  UpdateMTime: 1330373
  RealTimeStamp: 0 seconds 
  LargestPossibleRegion: 
    Dimension: 3
    Index: [0, 0, 0]
    Size: [150, 286, 83]
  BufferedRegion: 
    Dimension: 3
    Index: [0, 0, 0]
    Size: [150, 286, 83]
  RequestedRegion: 
    Dimension: 3
    Index: [0, 0, 0]
    Size: [150, 286, 83]
  Spacing: [3, 3, 3]
  Origin: [448.4, 855.76, 243.75]
  Direction: 
-1 0 0
0 -1 0
0 0 -1

  IndexToPointMatrix: 
-3 0 0
0 -3 0
0 0 -3

  PointToIndexMatrix: 
-0.333333 0 0
0 -0.333333 0
0 0 -0.333333

  Inverse Direction: 
-1 0 0
0 -1 0
0 0 -1

  PixelContainer: 
    ImportImageContainer (0x59507e0)
      RTTI typeinfo:   itk::ImportImageContainer<unsigned long, float>
      Reference Count: 1
      Modified Time: 1330371
      Debug: Off
      Object Name: 
      Observers: 
        none
      Pointer: 0x14d34230
      Container manages memory: true
      Size: 3560700
      Capacity: 3560700

     Weighting = 1
     Sampling strategy = regular
     Number of bins = 32
     Radius = 4
     Sampling percentage  = 0.2
   Transform = Rigid
     Gradient step = 0.25
     Update field sigma (voxel space) = 0
     Total field sigma (voxel space) = 0
     Update field time sigma = 0
     Total field time sigma  = 0
     Number of time indices = 0
     Number of time point samples = 0
Stage 2 State
   Image metric = MattesMI
     Fixed image = Image (0x5994770)
  RTTI typeinfo:   itk::Image<float, 3u>
  Reference Count: 2
  Modified Time: 1330429
  Debug: Off
  Object Name: 
  Observers: 
    none
  Source: (none)
  Source output name: (none)
  Release Data: Off
  Data Released: False
  Global Release Data: Off
  PipelineMTime: 0
  UpdateMTime: 1330401
  RealTimeStamp: 0 seconds 
  LargestPossibleRegion: 
    Dimension: 3
    Index: [0, 0, 0]
    Size: [142, 276, 83]
  BufferedRegion: 
    Dimension: 3
    Index: [0, 0, 0]
    Size: [142, 276, 83]
  RequestedRegion: 
    Dimension: 3
    Index: [0, 0, 0]
    Size: [142, 276, 83]
  Spacing: [3, 3, 3]
  Origin: [424.08, 825.36, 243.75]
  Direction: 
-1 0 0
0 -1 0
0 0 -1

  IndexToPointMatrix: 
-3 0 0
0 -3 0
0 0 -3

  PointToIndexMatrix: 
-0.333333 0 0
0 -0.333333 0
0 0 -0.333333

  Inverse Direction: 
-1 0 0
0 -1 0
0 0 -1

  PixelContainer: 
    ImportImageContainer (0x5950840)
      RTTI typeinfo:   itk::ImportImageContainer<unsigned long, float>
      Reference Count: 1
      Modified Time: 1330399
      Debug: Off
      Object Name: 
      Observers: 
        none
      Pointer: 0x15ac9630
      Container manages memory: true
      Size: 3252936
      Capacity: 3252936

     Moving image = Image (0x592c760)
  RTTI typeinfo:   itk::Image<float, 3u>
  Reference Count: 2
  Modified Time: 1330430
  Debug: Off
  Object Name: 
  Observers: 
    none
  Source: (none)
  Source output name: (none)
  Release Data: Off
  Data Released: False
  Global Release Data: Off
  PipelineMTime: 0
  UpdateMTime: 1330427
  RealTimeStamp: 0 seconds 
  LargestPossibleRegion: 
    Dimension: 3
    Index: [0, 0, 0]
    Size: [150, 286, 83]
  BufferedRegion: 
    Dimension: 3
    Index: [0, 0, 0]
    Size: [150, 286, 83]
  RequestedRegion: 
    Dimension: 3
    Index: [0, 0, 0]
    Size: [150, 286, 83]
  Spacing: [3, 3, 3]
  Origin: [448.4, 855.76, 243.75]
  Direction: 
-1 0 0
0 -1 0
0 0 -1

  IndexToPointMatrix: 
-3 0 0
0 -3 0
0 0 -3

  PointToIndexMatrix: 
-0.333333 0 0
0 -0.333333 0
0 0 -0.333333

  Inverse Direction: 
-1 0 0
0 -1 0
0 0 -1

  PixelContainer: 
    ImportImageContainer (0x592c9f0)
      RTTI typeinfo:   itk::ImportImageContainer<unsigned long, float>
      Reference Count: 1
      Modified Time: 1330425
      Debug: Off
      Object Name: 
      Observers: 
        none
      Pointer: 0x16732160
      Container manages memory: true
      Size: 3560700
      Capacity: 3560700

     Weighting = 1
     Sampling strategy = regular
     Number of bins = 32
     Radius = 4
     Sampling percentage  = 0.2
   Transform = Affine
     Gradient step = 0.25
     Update field sigma (voxel space) = 0
     Total field sigma (voxel space) = 0
     Update field time sigma = 0
     Total field time sigma  = 0
     Number of time indices = 0
     Number of time point samples = 0
Stage 3 State
   Image metric = CC
     Fixed image = Image (0x592c320)
  RTTI typeinfo:   itk::Image<float, 3u>
  Reference Count: 2
  Modified Time: 1330483
  Debug: Off
  Object Name: 
  Observers: 
    none
  Source: (none)
  Source output name: (none)
  Release Data: Off
  Data Released: False
  Global Release Data: Off
  PipelineMTime: 0
  UpdateMTime: 1330455
  RealTimeStamp: 0 seconds 
  LargestPossibleRegion: 
    Dimension: 3
    Index: [0, 0, 0]
    Size: [142, 276, 83]
  BufferedRegion: 
    Dimension: 3
    Index: [0, 0, 0]
    Size: [142, 276, 83]
  RequestedRegion: 
    Dimension: 3
    Index: [0, 0, 0]
    Size: [142, 276, 83]
  Spacing: [3, 3, 3]
  Origin: [424.08, 825.36, 243.75]
  Direction: 
-1 0 0
0 -1 0
0 0 -1

  IndexToPointMatrix: 
-3 0 0
0 -3 0
0 0 -3

  PointToIndexMatrix: 
-0.333333 0 0
0 -0.333333 0
0 0 -0.333333

  Inverse Direction: 
-1 0 0
0 -1 0
0 0 -1

  PixelContainer: 
    ImportImageContainer (0x592cb60)
      RTTI typeinfo:   itk::ImportImageContainer<unsigned long, float>
      Reference Count: 1
      Modified Time: 1330453
      Debug: Off
      Object Name: 
      Observers: 
        none
      Pointer: 0x174c7560
      Container manages memory: true
      Size: 3252936
      Capacity: 3252936

     Moving image = Image (0x5922370)
  RTTI typeinfo:   itk::Image<float, 3u>
  Reference Count: 2
  Modified Time: 1330484
  Debug: Off
  Object Name: 
  Observers: 
    none
  Source: (none)
  Source output name: (none)
  Release Data: Off
  Data Released: False
  Global Release Data: Off
  PipelineMTime: 0
  UpdateMTime: 1330481
  RealTimeStamp: 0 seconds 
  LargestPossibleRegion: 
    Dimension: 3
    Index: [0, 0, 0]
    Size: [150, 286, 83]
  BufferedRegion: 
    Dimension: 3
    Index: [0, 0, 0]
    Size: [150, 286, 83]
  RequestedRegion: 
    Dimension: 3
    Index: [0, 0, 0]
    Size: [150, 286, 83]
  Spacing: [3, 3, 3]
  Origin: [448.4, 855.76, 243.75]
  Direction: 
-1 0 0
0 -1 0
0 0 -1

  IndexToPointMatrix: 
-3 0 0
0 -3 0
0 0 -3

  PointToIndexMatrix: 
-0.333333 0 0
0 -0.333333 0
0 0 -0.333333

  Inverse Direction: 
-1 0 0
0 -1 0
0 0 -1

  PixelContainer: 
    ImportImageContainer (0x5922600)
      RTTI typeinfo:   itk::ImportImageContainer<unsigned long, float>
      Reference Count: 1
      Modified Time: 1330479
      Debug: Off
      Object Name: 
      Observers: 
        none
      Pointer: 0x18130090
      Container manages memory: true
      Size: 3560700
      Capacity: 3560700

     Weighting = 1
     Sampling strategy = none
     Number of bins = 32
     Radius = 32
     Sampling percentage  = 1
   Transform = SyN
     Gradient step = 0.2
     Update field sigma (voxel space) = 3
     Total field sigma (voxel space) = 0
     Update field time sigma = 0
     Total field time sigma  = 0
     Number of time indices = 0
     Number of time point samples = 0
Registration using 3 total stages.

Stage 0
  iterations = 2100x1200x1200x0
  convergence threshold = 1e-06
  convergence window size = 10
  number of levels = 4
  using the Mattes MI metric (number of bins = 32, weight = 1, use gradient filter = 0)
  preprocessing:  histogram matching the images
  Shrink factors (level 1 out of 4): [4, 4, 4]
  Shrink factors (level 2 out of 4): [2, 2, 2]
  Shrink factors (level 3 out of 4): [2, 2, 2]
  Shrink factors (level 4 out of 4): [1, 1, 1]
  smoothing sigmas per level: [3, 2, 1, 0]
  regular sampling (percentage = 0.2)

*** Running Euler3DTransform registration ***

DIAGNOSTIC,Iteration,metricValue,convergenceValue,ITERATION_TIME_INDEX,SINCE_LAST
 2DIAGNOSTIC,     1, -8.127520680428e-01, inf, 1.2967e-01, 1.2967e-01, 
 2DIAGNOSTIC,     2, -8.138881325722e-01, inf, 1.3733e-01, 7.6530e-03, 
 2DIAGNOSTIC,     3, -8.147508502007e-01, inf, 1.4418e-01, 6.8572e-03, 
 2DIAGNOSTIC,     4, -8.154671788216e-01, inf, 1.5111e-01, 6.9261e-03, 
 2DIAGNOSTIC,     5, -8.157482743263e-01, inf, 1.5666e-01, 5.5501e-03, 
 2DIAGNOSTIC,     6, -8.158206343651e-01, inf, 1.6203e-01, 5.3718e-03, 
 2DIAGNOSTIC,     7, -8.158883452415e-01, inf, 1.6765e-01, 5.6219e-03, 
 2DIAGNOSTIC,     8, -8.159765601158e-01, inf, 1.7322e-01, 5.5690e-03, 
 2DIAGNOSTIC,     9, -8.159822821617e-01, inf, 1.7771e-01, 4.4899e-03, 
 2DIAGNOSTIC,    10, -8.160283565521e-01, 2.184554177802e-04, 1.8976e-01, 1.2052e-02, 
 2DIAGNOSTIC,    11, -8.159960508347e-01, 1.202542262035e-04, 1.9738e-01, 7.6201e-03, 
 2DIAGNOSTIC,    12, -8.161279559135e-01, 6.440126162488e-05, 2.0839e-01, 1.1005e-02, 
 2DIAGNOSTIC,    13, -8.161070942879e-01, 3.357753303135e-05, 2.1553e-01, 7.1468e-03, 
 2DIAGNOSTIC,    14, -8.160690665245e-01, 2.109424713126e-05, 2.2231e-01, 6.7768e-03, 
 2DIAGNOSTIC,    15, -8.160775303841e-01, 1.534378861834e-05, 2.2962e-01, 7.3099e-03, 
 2DIAGNOSTIC,    16, -8.160846233368e-01, 1.078825061995e-05, 2.3606e-01, 6.4371e-03, 
 2DIAGNOSTIC,    17, -8.161582350731e-01, 8.764486665314e-06, 2.4604e-01, 9.9781e-03, 
 2DIAGNOSTIC,    18, -8.161379694939e-01, 7.605448445247e-06, 2.5240e-01, 6.3620e-03, 
 2DIAGNOSTIC,    19, -8.160965442657e-01, 5.422567028290e-06, 2.5905e-01, 6.6481e-03, 
 2DIAGNOSTIC,    20, -8.160974979401e-01, 4.003954018117e-06, 2.6467e-01, 5.6250e-03, 
 2DIAGNOSTIC,    21, -8.160719871521e-01, 1.437938408344e-06, 2.7004e-01, 5.3649e-03, 
 2DIAGNOSTIC,    22, -8.160722851753e-01, 1.192884724333e-06, 2.7707e-01, 7.0369e-03, 
DIAGNOSTIC,Iteration,metricValue,convergenceValue,ITERATION_TIME_INDEX,SINCE_LAST
 2DIAGNOSTIC,     1, -7.270596027374e-01, inf, 4.2018e-01, 1.4310e-01, 
 2DIAGNOSTIC,     2, -7.274795174599e-01, inf, 4.4342e-01, 2.3243e-02, 
 2DIAGNOSTIC,     3, -7.279129028320e-01, inf, 4.6740e-01, 2.3980e-02, 
 2DIAGNOSTIC,     4, -7.280486226082e-01, inf, 4.9032e-01, 2.2924e-02, 
 2DIAGNOSTIC,     5, -7.281228303909e-01, inf, 5.2359e-01, 3.3265e-02, 
 2DIAGNOSTIC,     6, -7.281458973885e-01, inf, 5.5679e-01, 3.3201e-02, 
 2DIAGNOSTIC,     7, -7.281463742256e-01, inf, 5.8234e-01, 2.5546e-02, 
 2DIAGNOSTIC,     8, -7.281239032745e-01, inf, 6.0632e-01, 2.3984e-02, 
 2DIAGNOSTIC,     9, -7.281193733215e-01, inf, 6.3245e-01, 2.6129e-02, 
 2DIAGNOSTIC,    10, -7.280939817429e-01, 7.310619548662e-05, 6.6033e-01, 2.7884e-02, 
 2DIAGNOSTIC,    11, -7.280952930450e-01, 3.214706521248e-05, 6.8597e-01, 2.5634e-02, 
 2DIAGNOSTIC,    12, -7.280856370926e-01, 8.414994226769e-06, 7.2250e-01, 3.6531e-02, 
DIAGNOSTIC,Iteration,metricValue,convergenceValue,ITERATION_TIME_INDEX,SINCE_LAST
 2DIAGNOSTIC,     1, -6.744525432587e-01, inf, 8.7053e-01, 1.4804e-01, 
 2DIAGNOSTIC,     2, -6.746187210083e-01, inf, 8.9751e-01, 2.6973e-02, 
 2DIAGNOSTIC,     3, -6.746719479561e-01, inf, 9.2369e-01, 2.6187e-02, 
 2DIAGNOSTIC,     4, -6.746243238449e-01, inf, 9.5371e-01, 3.0021e-02, 
 2DIAGNOSTIC,     5, -6.745929718018e-01, inf, 9.8083e-01, 2.7121e-02, 
 2DIAGNOSTIC,     6, -6.745082139969e-01, inf, 1.0034e+00, 2.2558e-02, 
 2DIAGNOSTIC,     7, -6.745274066925e-01, inf, 1.0312e+00, 2.7823e-02, 
 2DIAGNOSTIC,     8, -6.745364069939e-01, inf, 1.0570e+00, 2.5757e-02, 
 2DIAGNOSTIC,     9, -6.745492815971e-01, inf, 1.0845e+00, 2.7486e-02, 
DIAGNOSTIC,Iteration,metricValue,convergenceValue,ITERATION_TIME_INDEX,SINCE_LAST
 2DIAGNOSTIC,     1, -5.519817471504e-01, inf, 1.4618e+00, 3.7731e-01, 
  Elapsed time (stage 0): 1.9126e+00


Stage 1
  iterations = 2100x1200x1200x0
  convergence threshold = 1.0000e-06
  convergence window size = 10
  number of levels = 4
  using the Mattes MI metric (number of bins = 32, weight = 1.0000e+00, use gradient filter = 0)
  preprocessing:  histogram matching the images
  Shrink factors (level 1 out of 4): [4, 4, 4]
  Shrink factors (level 2 out of 4): [2, 2, 2]
  Shrink factors (level 3 out of 4): [2, 2, 2]
  Shrink factors (level 4 out of 4): [1, 1, 1]
  smoothing sigmas per level: [3, 2, 1, 0]
  regular sampling (percentage = 2.0000e-01)

*** Running AffineTransform registration ***

DIAGNOSTIC,Iteration,metricValue,convergenceValue,ITERATION_TIME_INDEX,SINCE_LAST
 2DIAGNOSTIC,     1, -8.186308741570e-01, inf, 1.1276e-01, 1.1276e-01, 
 2DIAGNOSTIC,     2, -8.190614581108e-01, inf, 1.1940e-01, 6.6409e-03, 
 2DIAGNOSTIC,     3, -8.191016912460e-01, inf, 1.2561e-01, 6.2039e-03, 
 2DIAGNOSTIC,     4, -8.192571401596e-01, inf, 1.3110e-01, 5.4920e-03, 
 2DIAGNOSTIC,     5, -8.195790648460e-01, inf, 1.3710e-01, 6.0041e-03, 
 2DIAGNOSTIC,     6, -8.196771740913e-01, inf, 1.4291e-01, 5.8100e-03, 
 2DIAGNOSTIC,     7, -8.196899890900e-01, inf, 1.4826e-01, 5.3451e-03, 
 2DIAGNOSTIC,     8, -8.196865916252e-01, inf, 1.5305e-01, 4.7860e-03, 
 2DIAGNOSTIC,     9, -8.196586966515e-01, inf, 1.5810e-01, 5.0521e-03, 
 2DIAGNOSTIC,    10, -8.196381330490e-01, 7.803088374203e-05, 1.6409e-01, 5.9881e-03, 
 2DIAGNOSTIC,    11, -8.196321129799e-01, 4.620251638698e-05, 1.6939e-01, 5.3060e-03, 
 2DIAGNOSTIC,    12, -8.196704983711e-01, 2.949208283098e-05, 1.7614e-01, 6.7458e-03, 
 2DIAGNOSTIC,    13, -8.196684718132e-01, 1.393926140736e-05, 1.8107e-01, 4.9310e-03, 
 2DIAGNOSTIC,    14, -8.196817040443e-01, 3.573857156880e-06, 1.8615e-01, 5.0840e-03, 
 2DIAGNOSTIC,    15, -8.196818828583e-01, 1.872751909104e-06, 1.9226e-01, 6.1090e-03, 
 2DIAGNOSTIC,    16, -8.196919560432e-01, 2.736670694503e-06, 1.9799e-01, 5.7302e-03, 
DIAGNOSTIC,Iteration,metricValue,convergenceValue,ITERATION_TIME_INDEX,SINCE_LAST
 2DIAGNOSTIC,     1, -7.278032302856e-01, inf, 3.4445e-01, 1.4645e-01, 
 2DIAGNOSTIC,     2, -7.282491326332e-01, inf, 3.7221e-01, 2.7760e-02, 
 2DIAGNOSTIC,     3, -7.288190126419e-01, inf, 3.9959e-01, 2.7387e-02, 
 2DIAGNOSTIC,     4, -7.295297384262e-01, inf, 4.2793e-01, 2.8338e-02, 
 2DIAGNOSTIC,     5, -7.303842902184e-01, inf, 4.5626e-01, 2.8328e-02, 
 2DIAGNOSTIC,     6, -7.314752936363e-01, inf, 4.8439e-01, 2.8127e-02, 
 2DIAGNOSTIC,     7, -7.325170040131e-01, inf, 5.1644e-01, 3.2053e-02, 
 2DIAGNOSTIC,     8, -7.328925728798e-01, inf, 5.5530e-01, 3.8857e-02, 
 2DIAGNOSTIC,     9, -7.333842515945e-01, inf, 6.1818e-01, 6.2883e-02, 
 2DIAGNOSTIC,    10, -7.334352731705e-01, 5.691155674867e-04, 6.4657e-01, 2.8386e-02, 
 2DIAGNOSTIC,    11, -7.333912253380e-01, 4.702591977548e-04, 6.7694e-01, 3.0372e-02, 
 2DIAGNOSTIC,    12, -7.334215641022e-01, 3.612276923377e-04, 7.1156e-01, 3.4619e-02, 
 2DIAGNOSTIC,    13, -7.334113121033e-01, 2.532266080379e-04, 7.4340e-01, 3.1848e-02, 
 2DIAGNOSTIC,    14, -7.333835959435e-01, 1.567535073264e-04, 7.7582e-01, 3.2420e-02, 
 2DIAGNOSTIC,    15, -7.333940863609e-01, 8.111080387607e-05, 8.0522e-01, 2.9400e-02, 
 2DIAGNOSTIC,    16, -7.333950996399e-01, 3.377906614332e-05, 8.3598e-01, 3.0753e-02, 
 2DIAGNOSTIC,    17, -7.334003448486e-01, 1.290935688303e-05, 8.7449e-01, 3.8515e-02, 
DIAGNOSTIC,Iteration,metricValue,convergenceValue,ITERATION_TIME_INDEX,SINCE_LAST
 2DIAGNOSTIC,     1, -6.743387579918e-01, inf, 1.0297e+00, 1.5525e-01, 
 2DIAGNOSTIC,     2, -6.743674278259e-01, inf, 1.0608e+00, 3.1089e-02, 
 2DIAGNOSTIC,     3, -6.743521690369e-01, inf, 1.0885e+00, 2.7685e-02, 
 2DIAGNOSTIC,     4, -6.743656992912e-01, inf, 1.1198e+00, 3.1312e-02, 
 2DIAGNOSTIC,     5, -6.743630766869e-01, inf, 1.1493e+00, 2.9429e-02, 
 2DIAGNOSTIC,     6, -6.744207143784e-01, inf, 1.1772e+00, 2.7965e-02, 
 2DIAGNOSTIC,     7, -6.744525432587e-01, inf, 1.2094e+00, 3.2137e-02, 
 2DIAGNOSTIC,     8, -6.742948889732e-01, inf, 1.2402e+00, 3.0876e-02, 
 2DIAGNOSTIC,     9, -6.742976903915e-01, inf, 1.2713e+00, 3.1080e-02, 
DIAGNOSTIC,Iteration,metricValue,convergenceValue,ITERATION_TIME_INDEX,SINCE_LAST
 2DIAGNOSTIC,     1, -5.459322929382e-01, inf, 1.6846e+00, 4.1331e-01, 
  Elapsed time (stage 1): 2.1163e+00


Stage 2
  iterations = 120x80x40x0
  convergence threshold = 1.0000e-07
  convergence window size = 8
  number of levels = 4
  using the CC metric (radius = 32, weight = 1.0000e+00, use gradient filter = 0)
  preprocessing:  histogram matching the images
  Shrink factors (level 1 out of 4): [8, 8, 8]
  Shrink factors (level 2 out of 4): [4, 4, 4]
  Shrink factors (level 3 out of 4): [2, 2, 2]
  Shrink factors (level 4 out of 4): [1, 1, 1]
  smoothing sigmas per level: [3, 2, 1, 0]
  Using default NONE metricSamplingStrategy 

*** Running SyN registration (varianceForUpdateField = 3.0000e+00, varianceForTotalField = 0.0000e+00) ***

XXDIAGNOSTIC,Iteration,metricValue,convergenceValue,ITERATION_TIME_INDEX,SINCE_LAST
 1DIAGNOSTIC,     1, -6.840465664864e-01, inf, 7.8620e-01, 7.8620e-01, 
 1DIAGNOSTIC,     2, -7.325648665428e-01, inf, 1.3705e+00, 5.8429e-01, 
 1DIAGNOSTIC,     3, -7.642766833305e-01, inf, 1.9459e+00, 5.7541e-01, 
 1DIAGNOSTIC,     4, -7.830561399460e-01, inf, 2.5259e+00, 5.7997e-01, 
 1DIAGNOSTIC,     5, -7.944321632385e-01, inf, 3.1054e+00, 5.7952e-01, 
 1DIAGNOSTIC,     6, -8.011978864670e-01, inf, 3.6865e+00, 5.8109e-01, 
 1DIAGNOSTIC,     7, -8.058940768242e-01, inf, 4.2626e+00, 5.7610e-01, 
 1DIAGNOSTIC,     8, -8.078352212906e-01, 1.181729510427e-02, 4.8388e+00, 5.7621e-01, 
 1DIAGNOSTIC,     9, -8.101153373718e-01, 6.434800568968e-03, 5.4145e+00, 5.7566e-01, 
 1DIAGNOSTIC,    10, -8.119450807571e-01, 3.544183447957e-03, 5.9904e+00, 5.7594e-01, 
 1DIAGNOSTIC,    11, -8.132950067520e-01, 2.049756236374e-03, 6.5673e+00, 5.7686e-01, 
 1DIAGNOSTIC,    12, -8.144323229790e-01, 1.266625127755e-03, 7.1197e+00, 5.5243e-01, 
 1DIAGNOSTIC,    13, -8.152216672897e-01, 8.455754723400e-04, 7.6496e+00, 5.2991e-01, 
 1DIAGNOSTIC,    14, -8.159537315369e-01, 6.033133831806e-04, 8.1707e+00, 5.2104e-01, 
 1DIAGNOSTIC,    15, -8.165435791016e-01, 4.650813352782e-04, 8.6878e+00, 5.1711e-01, 
 1DIAGNOSTIC,    16, -8.170637488365e-01, 3.463396569714e-04, 9.2041e+00, 5.1638e-01, 
 1DIAGNOSTIC,    17, -8.173927068710e-01, 2.601438027341e-04, 9.7268e+00, 5.2263e-01, 
 1DIAGNOSTIC,    18, -8.176931738853e-01, 1.987254800042e-04, 1.0240e+01, 5.1325e-01, 
 1DIAGNOSTIC,    19, -8.180252313614e-01, 1.542832615087e-04, 1.0745e+01, 5.0450e-01, 
 1DIAGNOSTIC,    20, -8.182108998299e-01, 1.213084979099e-04, 1.1248e+01, 5.0306e-01, 
 1DIAGNOSTIC,    21, -8.187296390533e-01, 1.015527523123e-04, 1.1762e+01, 5.1456e-01, 
 1DIAGNOSTIC,    22, -8.193820714951e-01, 9.653620509198e-05, 1.2257e+01, 4.9454e-01, 
 1DIAGNOSTIC,    23, -8.193916082382e-01, 8.944384899223e-05, 1.2773e+01, 5.1611e-01, 
 1DIAGNOSTIC,    24, -8.194426298141e-01, 8.082418207778e-05, 1.3283e+01, 5.1063e-01, 
 1DIAGNOSTIC,    25, -8.194680213928e-01, 6.737211515428e-05, 1.3806e+01, 5.2236e-01, 
 1DIAGNOSTIC,    26, -8.195495009422e-01, 5.149656135472e-05, 1.4317e+01, 5.1103e-01, 
 1DIAGNOSTIC,    27, -8.193497061729e-01, 3.178827319061e-05, 1.4833e+01, 5.1576e-01, 
 1DIAGNOSTIC,    28, -8.193775415421e-01, 1.256208543055e-05, 1.5355e+01, 5.2267e-01, 
 1DIAGNOSTIC,    29, -8.193712234497e-01, 4.769348151967e-07, 1.5883e+01, 5.2796e-01, 
 1DIAGNOSTIC,    30, -8.196728229523e-01, 3.161738277413e-06, 1.6449e+01, 5.6564e-01, 
 1DIAGNOSTIC,    31, -8.196051120758e-01, 4.572965735861e-06, 1.7034e+01, 5.8487e-01, 
 1DIAGNOSTIC,    32, -8.196203112602e-01, 6.432351256080e-06, 1.7615e+01, 5.8105e-01, 
 1DIAGNOSTIC,    33, -8.194994926453e-01, 6.052967364667e-06, 1.8194e+01, 5.7959e-01, 
 1DIAGNOSTIC,    34, -8.196715712547e-01, 8.204241567000e-06, 1.8756e+01, 5.6154e-01, 
 1DIAGNOSTIC,    35, -8.193564414978e-01, 2.753047965598e-06, 1.9283e+01, 5.2715e-01, 
 1DIAGNOSTIC,    36, -8.191251754761e-01, -4.879207153863e-06, 1.9799e+01, 5.1622e-01, 
XXDIAGNOSTIC,Iteration,metricValue,convergenceValue,ITERATION_TIME_INDEX,SINCE_LAST
 1DIAGNOSTIC,     1, -7.932211160660e-01, inf, 2.5069e+01, 5.2695e+00, 
 1DIAGNOSTIC,     2, -8.020495176315e-01, inf, 3.0269e+01, 5.2006e+00, 
 1DIAGNOSTIC,     3, -8.117909431458e-01, inf, 3.5479e+01, 5.2095e+00, 
 1DIAGNOSTIC,     4, -8.196085691452e-01, inf, 4.0687e+01, 5.2083e+00, 
 1DIAGNOSTIC,     5, -8.258817195892e-01, inf, 4.5897e+01, 5.2098e+00, 
 1DIAGNOSTIC,     6, -8.309856653214e-01, inf, 5.1135e+01, 5.2384e+00, 
 1DIAGNOSTIC,     7, -8.351136445999e-01, inf, 5.6360e+01, 5.2242e+00, 
 1DIAGNOSTIC,     8, -8.388223648071e-01, 4.565055482090e-03, 6.1552e+01, 5.1918e+00, 
 1DIAGNOSTIC,     9, -8.420796394348e-01, 3.432904370129e-03, 6.6757e+01, 5.2052e+00, 
 1DIAGNOSTIC,    10, -8.448145389557e-01, 2.551479497924e-03, 7.1964e+01, 5.2069e+00, 
 1DIAGNOSTIC,    11, -8.471221327782e-01, 1.944170799106e-03, 7.7161e+01, 5.1973e+00, 
 1DIAGNOSTIC,    12, -8.491928577423e-01, 1.516776625067e-03, 8.2386e+01, 5.2254e+00, 
 1DIAGNOSTIC,    13, -8.509038686752e-01, 1.201987732202e-03, 8.7558e+01, 5.1711e+00, 
 1DIAGNOSTIC,    14, -8.521203994751e-01, 9.533942793496e-04, 9.2764e+01, 5.2069e+00, 
 1DIAGNOSTIC,    15, -8.533505201340e-01, 7.535063195974e-04, 9.7917e+01, 5.1524e+00, 
 1DIAGNOSTIC,    16, -8.542045354843e-01, 5.910766194575e-04, 1.0308e+02, 5.1591e+00, 
 1DIAGNOSTIC,    17, -8.552097082138e-01, 4.686437314376e-04, 1.0828e+02, 5.2090e+00, 
 1DIAGNOSTIC,    18, -8.558816909790e-01, 3.720465465449e-04, 1.1348e+02, 5.1914e+00, 
 1DIAGNOSTIC,    19, -8.564880490303e-01, 2.964447194245e-04, 1.1868e+02, 5.2080e+00, 
 1DIAGNOSTIC,    20, -8.571916222572e-01, 2.436688955640e-04, 1.2389e+02, 5.2026e+00, 
 1DIAGNOSTIC,    21, -8.576538562775e-01, 2.039406244876e-04, 1.2910e+02, 5.2158e+00, 
 1DIAGNOSTIC,    22, -8.581301569939e-01, 1.705017784843e-04, 1.3436e+02, 5.2549e+00, 
 1DIAGNOSTIC,    23, -8.585565686226e-01, 1.454479206586e-04, 1.3956e+02, 5.2029e+00, 
 1DIAGNOSTIC,    24, -8.589559793472e-01, 1.230634952663e-04, 1.4476e+02, 5.2035e+00, 
 1DIAGNOSTIC,    25, -8.592708110809e-01, 1.066539771273e-04, 1.4996e+02, 5.1952e+00, 
 1DIAGNOSTIC,    26, -8.595722317696e-01, 9.170975681627e-05, 1.5517e+02, 5.2076e+00, 
 1DIAGNOSTIC,    27, -8.598260283470e-01, 7.777455175528e-05, 1.6038e+02, 5.2124e+00, 
 1DIAGNOSTIC,    28, -8.600469231606e-01, 6.731003668392e-05, 1.6557e+02, 5.1958e+00, 
 1DIAGNOSTIC,    29, -8.602771759033e-01, 5.775861791335e-05, 1.7077e+02, 5.1964e+00, 
 1DIAGNOSTIC,    30, -8.604644536972e-01, 4.967754284735e-05, 1.7595e+02, 5.1774e+00, 
 1DIAGNOSTIC,    31, -8.606467843056e-01, 4.309810901759e-05, 1.8112e+02, 5.1696e+00, 
 1DIAGNOSTIC,    32, -8.608151078224e-01, 3.808907786151e-05, 1.8634e+02, 5.2184e+00, 
 1DIAGNOSTIC,    33, -8.609830141068e-01, 3.396368629183e-05, 1.9153e+02, 5.1965e+00, 
 1DIAGNOSTIC,    34, -8.611302971840e-01, 3.067433499382e-05, 1.9674e+02, 5.2087e+00, 
 1DIAGNOSTIC,    35, -8.612432479858e-01, 2.753208173090e-05, 2.0198e+02, 5.2426e+00, 
 1DIAGNOSTIC,    36, -8.613811731339e-01, 2.475753717590e-05, 2.0718e+02, 5.1921e+00, 
 1DIAGNOSTIC,    37, -8.614720702171e-01, 2.218867302872e-05, 2.1236e+02, 5.1827e+00, 
 1DIAGNOSTIC,    38, -8.615524172783e-01, 1.952607453859e-05, 2.1755e+02, 5.1861e+00, 
 1DIAGNOSTIC,    39, -8.615943193436e-01, 1.662650902290e-05, 2.2272e+02, 5.1758e+00, 
 1DIAGNOSTIC,    40, -8.616591691971e-01, 1.394656646880e-05, 2.2779e+02, 5.0722e+00, 
 1DIAGNOSTIC,    41, -8.617050647736e-01, 1.160385818366e-05, 2.3299e+02, 5.2013e+00, 
 1DIAGNOSTIC,    42, -8.617558479309e-01, 9.738731023390e-06, 2.3818e+02, 5.1903e+00, 
 1DIAGNOSTIC,    43, -8.617897629738e-01, 8.051385520957e-06, 2.4337e+02, 5.1884e+00, 
 1DIAGNOSTIC,    44, -8.618301153183e-01, 7.043343885016e-06, 2.4856e+02, 5.1901e+00, 
 1DIAGNOSTIC,    45, -8.618528842926e-01, 6.193263288878e-06, 2.5365e+02, 5.0884e+00, 
 1DIAGNOSTIC,    46, -8.618798851967e-01, 5.551035428653e-06, 2.5884e+02, 5.1865e+00, 
 1DIAGNOSTIC,    47, -8.619034290314e-01, 4.803675892617e-06, 2.6402e+02, 5.1767e+00, 
 1DIAGNOSTIC,    48, -8.619486689568e-01, 4.437219558895e-06, 2.6921e+02, 5.1912e+00, 
 1DIAGNOSTIC,    49, -8.619738221169e-01, 4.135789367865e-06, 2.7438e+02, 5.1696e+00, 
 1DIAGNOSTIC,    50, -8.620155453682e-01, 4.113018803764e-06, 2.7957e+02, 5.1910e+00, 
 1DIAGNOSTIC,    51, -8.620275259018e-01, 3.958072284149e-06, 2.8474e+02, 5.1745e+00, 
 1DIAGNOSTIC,    52, -8.620350956917e-01, 3.711846375154e-06, 2.8992e+02, 5.1817e+00, 
 1DIAGNOSTIC,    53, -8.620511889458e-01, 3.332504775244e-06, 2.9510e+02, 5.1723e+00, 
 1DIAGNOSTIC,    54, -8.620585203171e-01, 2.838178943421e-06, 3.0030e+02, 5.2015e+00, 
 1DIAGNOSTIC,    55, -8.620902895927e-01, 2.457966729708e-06, 3.0549e+02, 5.1971e+00, 
 1DIAGNOSTIC,    56, -8.621063232422e-01, 2.279846285091e-06, 3.1068e+02, 5.1863e+00, 
 1DIAGNOSTIC,    57, -8.621198534966e-01, 2.147811756004e-06, 3.1587e+02, 5.1860e+00, 
 1DIAGNOSTIC,    58, -8.621488809586e-01, 2.302233951923e-06, 3.2104e+02, 5.1785e+00, 
 1DIAGNOSTIC,    59, -8.621627688408e-01, 2.383079845458e-06, 3.2622e+02, 5.1708e+00, 
 1DIAGNOSTIC,    60, -8.621761798859e-01, 2.347429926886e-06, 3.3132e+02, 5.1038e+00, 
 1DIAGNOSTIC,    61, -8.622055649757e-01, 2.368078867221e-06, 3.3647e+02, 5.1549e+00, 
 1DIAGNOSTIC,    62, -8.622303009033e-01, 2.334686996619e-06, 3.4162e+02, 5.1491e+00, 
 1DIAGNOSTIC,    63, -8.622317910194e-01, 2.263886699438e-06, 3.4678e+02, 5.1613e+00, 
 1DIAGNOSTIC,    64, -8.622736334801e-01, 2.324745764781e-06, 3.5195e+02, 5.1606e+00, 
 1DIAGNOSTIC,    65, -8.622564673424e-01, 2.094289357046e-06, 3.5711e+02, 5.1608e+00, 
 1DIAGNOSTIC,    66, -8.622708320618e-01, 1.921757302625e-06, 3.6227e+02, 5.1654e+00, 
 1DIAGNOSTIC,    67, -8.622966408730e-01, 1.796909828045e-06, 3.6743e+02, 5.1537e+00, 
 1DIAGNOSTIC,    68, -8.623144626617e-01, 1.675539920143e-06, 3.7259e+02, 5.1659e+00, 
 1DIAGNOSTIC,    69, -8.623004555702e-01, 1.486328187639e-06, 3.7778e+02, 5.1846e+00, 
 1DIAGNOSTIC,    70, -8.623281121254e-01, 1.478887611484e-06, 3.8294e+02, 5.1652e+00, 
 1DIAGNOSTIC,    71, -8.623278141022e-01, 1.325437324340e-06, 3.8809e+02, 5.1459e+00, 
 1DIAGNOSTIC,    72, -8.623235821724e-01, 1.279012735722e-06, 3.9323e+02, 5.1426e+00, 
 1DIAGNOSTIC,    73, -8.623371124268e-01, 1.107699745262e-06, 3.9838e+02, 5.1482e+00, 
 1DIAGNOSTIC,    74, -8.623474240303e-01, 9.856850056167e-07, 4.0353e+02, 5.1475e+00, 
 1DIAGNOSTIC,    75, -8.623697757721e-01, 1.058328507497e-06, 4.0869e+02, 5.1609e+00, 
 1DIAGNOSTIC,    76, -8.623731136322e-01, 1.167100435850e-06, 4.1376e+02, 5.0735e+00, 
 1DIAGNOSTIC,    77, -8.623850345612e-01, 1.162049215964e-06, 4.1895e+02, 5.1909e+00, 
 1DIAGNOSTIC,    78, -8.623825311661e-01, 1.188337364511e-06, 4.2413e+02, 5.1811e+00, 
 1DIAGNOSTIC,    79, -8.623864650726e-01, 1.130540226768e-06, 4.2932e+02, 5.1836e+00, 
 1DIAGNOSTIC,    80, -8.624025583267e-01, 1.038384766616e-06, 4.3450e+02, 5.1803e+00, 
XXDIAGNOSTIC,Iteration,metricValue,convergenceValue,ITERATION_TIME_INDEX,SINCE_LAST
 1DIAGNOSTIC,     1, -8.235508799553e-01, inf, 4.9661e+02, 6.2114e+01, 
 1DIAGNOSTIC,     2, -8.251165747643e-01, inf, 5.5867e+02, 6.2060e+01, 
 1DIAGNOSTIC,     3, -8.292856216431e-01, inf, 6.2062e+02, 6.1953e+01, 
 1DIAGNOSTIC,     4, -8.335034251213e-01, inf, 6.8241e+02, 6.1791e+01, 
 1DIAGNOSTIC,     5, -8.373880386353e-01, inf, 7.4446e+02, 6.2044e+01, 
 1DIAGNOSTIC,     6, -8.411763906479e-01, inf, 8.0637e+02, 6.1908e+01, 
 1DIAGNOSTIC,     7, -8.446763157845e-01, inf, 8.6799e+02, 6.1621e+01, 
 1DIAGNOSTIC,     8, -8.477637767792e-01, 2.525420859456e-03, 9.2971e+02, 6.1729e+01, 
 1DIAGNOSTIC,     9, -8.504737019539e-01, 2.231595804915e-03, 9.9118e+02, 6.1468e+01, 
 1DIAGNOSTIC,    10, -8.529243469238e-01, 1.858951174654e-03, 1.0526e+03, 6.1424e+01, 
 1DIAGNOSTIC,    11, -8.549938797951e-01, 1.533671049401e-03, 1.1143e+03, 6.1737e+01, 
 1DIAGNOSTIC,    12, -8.568400144577e-01, 1.259700744413e-03, 1.1758e+03, 6.1437e+01, 
 1DIAGNOSTIC,    13, -8.584845066071e-01, 1.028167549521e-03, 1.2374e+03, 6.1668e+01, 
 1DIAGNOSTIC,    14, -8.599417805672e-01, 8.402288658544e-04, 1.2988e+03, 6.1387e+01, 
 1DIAGNOSTIC,    15, -8.612930178642e-01, 6.923759356141e-04, 1.3604e+03, 6.1538e+01, 
 1DIAGNOSTIC,    16, -8.623663187027e-01, 5.721605266444e-04, 1.4219e+03, 6.1510e+01, 
 1DIAGNOSTIC,    17, -8.633354306221e-01, 4.738774441648e-04, 1.4833e+03, 6.1410e+01, 
 1DIAGNOSTIC,    18, -8.642023801804e-01, 3.947368531954e-04, 1.5448e+03, 6.1482e+01, 
 1DIAGNOSTIC,    19, -8.650513887405e-01, 3.305571153760e-04, 1.6063e+03, 6.1567e+01, 
 1DIAGNOSTIC,    20, -8.658472299576e-01, 2.796498883981e-04, 1.6679e+03, 6.1589e+01, 
 1DIAGNOSTIC,    21, -8.666009902954e-01, 2.403149555903e-04, 1.7291e+03, 6.1184e+01, 
 1DIAGNOSTIC,    22, -8.672597408295e-01, 2.093587681884e-04, 1.7907e+03, 6.1620e+01, 
 1DIAGNOSTIC,    23, -8.678681850433e-01, 1.858226751210e-04, 1.8524e+03, 6.1705e+01, 
 1DIAGNOSTIC,    24, -8.684192895889e-01, 1.650956983212e-04, 1.9138e+03, 6.1382e+01, 
 1DIAGNOSTIC,    25, -8.689352273941e-01, 1.464582164772e-04, 1.9758e+03, 6.1969e+01, 
 1DIAGNOSTIC,    26, -8.693851232529e-01, 1.287643681280e-04, 2.0373e+03, 6.1515e+01, 
 1DIAGNOSTIC,    27, -8.698425292969e-01, 1.135205748142e-04, 2.0988e+03, 6.1484e+01, 
 1DIAGNOSTIC,    28, -8.702552318573e-01, 1.005239610095e-04, 2.1587e+03, 5.9907e+01, 
 1DIAGNOSTIC,    29, -8.706406950951e-01, 8.989383786684e-05, 2.2206e+03, 6.1897e+01, 
 1DIAGNOSTIC,    30, -8.709821105003e-01, 8.054588397499e-05, 2.2824e+03, 6.1774e+01, 
 1DIAGNOSTIC,    31, -8.712985515594e-01, 7.228871254483e-05, 2.3436e+03, 6.1262e+01, 
 1DIAGNOSTIC,    32, -8.716065883636e-01, 6.499971641460e-05, 2.4056e+03, 6.2006e+01, 
 1DIAGNOSTIC,    33, -8.718776702881e-01, 5.845207488164e-05, 2.4671e+03, 6.1462e+01, 
 1DIAGNOSTIC,    34, -8.721395134926e-01, 5.235011121840e-05, 2.5290e+03, 6.1919e+01, 
 1DIAGNOSTIC,    35, -8.723793029785e-01, 4.712828012998e-05, 2.5907e+03, 6.1702e+01, 
 1DIAGNOSTIC,    36, -8.726336956024e-01, 4.291535151424e-05, 2.6523e+03, 6.1560e+01, 
 1DIAGNOSTIC,    37, -8.728379607201e-01, 3.920610106434e-05, 2.7138e+03, 6.1525e+01, 
 1DIAGNOSTIC,    38, -8.730353713036e-01, 3.580723569030e-05, 2.7756e+03, 6.1795e+01, 
 1DIAGNOSTIC,    39, -8.732326626778e-01, 3.276725328760e-05, 2.8372e+03, 6.1568e+01, 
 1DIAGNOSTIC,    40, -8.734127879143e-01, 3.010954787896e-05, 2.8991e+03, 6.1900e+01, 
  Elapsed time (stage 2): 2900


Total elapsed time: 2904
Using double precision for computations.
Input scalar image: 0x7f9cfbb56fc8
Could not create ImageIO for the input file, assuming dimension = 3 and scalar pixel type
Reference image: 0x7f9cfbb57028
=============================================================================
The composite transform comprises the following transforms (in order): 
  1. /resnick/groups/Proberlab/yun/lightsheet/analysis_output/registration/hcrt-trpv1_huc-h2b-g8m_csn_120min/251008_hcrt-trpv1_huc-h2b-g8m_csn_10uM_fish3/expt_to_mean_affine.mat (type = AffineTransform)
  2. /resnick/groups/Proberlab/yun/lightsheet/analysis_output/registration/hcrt-trpv1_huc-h2b-g8m_csn_120min/251008_hcrt-trpv1_huc-h2b-g8m_csn_10uM_fish3/expt_to_mean_warp.nii.gz (type = DisplacementFieldTransform)
=============================================================================
Default pixel value: 0
Interpolation type: WindowedSincInterpolateImageFunction
Output warped image: 0x7f9cfbb57048
✅ TMPDIR=/resnick/scratch/yun/tmp_ants | ITK threads=14

Loading template brain: /resnick/groups/Proberlab/yun/lightsheet/analysis_output/registration/template_260514_hcrt-trpv1_csn_fish1.nii.gz
Template shape=(280, 544, 40), spacing=(1.5199999809265137, 1.5199999809265137, 6.25)

============================================================
  Registering: 251008_hcrt-trpv1_huc-h2b-g8m_csn_10uM_fish3
  proj_ID:     hcrt-trpv1_huc-h2b-g8m_csn_120min
============================================================
Loading volume mean (moving)...
Raw HDF5 shape (Z, X, Y): (40, 296, 564)
Transposed shape (X, Y, Z): (296, 564, 40)
Rotated shape (X, Y, Z): (296, 564, 40)
ANTsImage (RAI)
	 Pixel Type : float (float32)
	 Components : 1
	 Dimensions : (296, 564, 40)
	 Spacing    : (1.52, 1.52, 6.25)
	 Origin     : (0.0, 0.0, 0.0)
	 Direction  : [1. 0. 0. 0. 1. 0. 0. 0. 1.]

  [atlas] spacing=(1.5199999809265137, 1.5199999809265137, 6.25) origin=(424.0799946784973, 825.3599896430969, 243.75)
  [mov  ] spacing=(1.52, 1.52, 6.25) origin=(448.4, 855.76, 243.75)
Resampling to (3.0, 3.0, 3.0) µm...
Running SyN...
antsRegistration -d 3 -r /resnick/scratch/yun/tmp_ants/tmpbdipx15e.mat -m MI[0x7f9cfbb56f08,0x7f9cfbb56fa8,1,32,regular,0.2] -t Rigid[0.25] -c 2100x1200x1200x0 -s 3x2x1x0 -f 4x2x2x1 -x [NA,NA] -m MI[0x7f9cfbb56f08,0x7f9cfbb56fa8,1,32,regular,0.2] -t Affine[0.25] -c 2100x1200x1200x0 -s 3x2x1x0 -f 4x2x2x1 -x [NA,NA] -m CC[0x7f9cfbb56f08,0x7f9cfbb56fa8,1,32] -t SyN[0.200000,3.000000,0.000000] -c [120x80x40x0,1e-7,8] -s 3x2x1x0 -f 8x4x2x1 -u 1 -z 1 -o [/resnick/scratch/yun/tmp_ants/tmpd8bma2sy,0x7f9cfbb56fe8,0x7f9cfbb56f88] -x [0x7f9cfbb57008,0x7f9cfbb57048] --float 1 --write-composite-transform 0 -v 1
SyN warp field saved: /resnick/groups/Proberlab/yun/lightsheet/analysis_output/registration/hcrt-trpv1_huc-h2b-g8m_csn_120min/251008_hcrt-trpv1_huc-h2b-g8m_csn_10uM_fish3/expt_to_mean_warp.nii.gz
SyN affine transform saved: /resnick/groups/Proberlab/yun/lightsheet/analysis_output/registration/hcrt-trpv1_huc-h2b-g8m_csn_120min/251008_hcrt-trpv1_huc-h2b-g8m_csn_10uM_fish3/expt_to_mean_affine.mat
Applying composite transform at full resolution...
['-d', '3', '-i', '0x7f9cfbb56fc8', '-o', '0x7f9cfbb57048', '-r', '0x7f9cfbb57028', '-n', 'welchWindowedSinc', '-t', '/resnick/groups/Proberlab/yun/lightsheet/analysis_output/registration/hcrt-trpv1_huc-h2b-g8m_csn_120min/251008_hcrt-trpv1_huc-h2b-g8m_csn_10uM_fish3/expt_to_mean_warp.nii.gz', '-t', '/resnick/groups/Proberlab/yun/lightsheet/analysis_output/registration/hcrt-trpv1_huc-h2b-g8m_csn_120min/251008_hcrt-trpv1_huc-h2b-g8m_csn_10uM_fish3/expt_to_mean_affine.mat']
✅ Registered image saved: /resnick/groups/Proberlab/yun/lightsheet/analysis_output/registration/hcrt-trpv1_huc-h2b-g8m_csn_120min/251008_hcrt-trpv1_huc-h2b-g8m_csn_10uM_fish3/expt_to_mean_registered_final.nii.gz
Saving QC overlay...
  ✅ QC overlay saved: /resnick/groups/Proberlab/yun/lightsheet/analysis_output/registration/hcrt-trpv1_huc-h2b-g8m_csn_120min/251008_hcrt-trpv1_huc-h2b-g8m_csn_10uM_fish3/qc_registration_overlay.pdf

=== Registration complete: 251008_hcrt-trpv1_huc-h2b-g8m_csn_10uM_fish3 ===
