 bad det -1 v -1 u 1
 bad det -1 v -1 u 1 new 1
All_Command_lines_OK
Using single precision for computations.
=============================================================================
The composite transform comprises the following transforms (in order): 
  1. /resnick/scratch/yun/tmp_ants/tmpbc4i9y4t.mat (type = AffineTransform)
=============================================================================
  Reading mask(s).
    Registration stage 0
      No fixed mask
      No moving mask
    Registration stage 1
      No fixed mask
      No moving mask
    Registration stage 2
      Fixed mask = 0x7fe6e2e0b028
      Moving mask = 0x7fe6e2e0b068
  number of levels = 4
  number of levels = 4
  number of levels = 4
  fixed image: 0x7fe6e2e0af28
  moving image: 0x7fe6e2e0afc8
  fixed image: 0x7fe6e2e0af28
  moving image: 0x7fe6e2e0afc8
  fixed image: 0x7fe6e2e0af28
  moving image: 0x7fe6e2e0afc8
Dimension = 3
Number of stages = 3
Use histogram matching = true
Winsorize image intensities = false
  Lower quantile = 0
  Upper quantile = 1


Stage 1 State
   Image metric = MattesMI
     Fixed image = Image (0x4964fd0)
  RTTI typeinfo:   itk::Image<float, 3u>
  Reference Count: 2
  Modified Time: 1474223
  Debug: Off
  Object Name: 
  Observers: 
    none
  Source: (none)
  Source output name: (none)
  Release Data: Off
  Data Released: False
  Global Release Data: Off
  PipelineMTime: 0
  UpdateMTime: 1474195
  RealTimeStamp: 0 seconds 
  LargestPossibleRegion: 
    Dimension: 3
    Index: [0, 0, 0]
    Size: [152, 286, 83]
  BufferedRegion: 
    Dimension: 3
    Index: [0, 0, 0]
    Size: [152, 286, 83]
  RequestedRegion: 
    Dimension: 3
    Index: [0, 0, 0]
    Size: [152, 286, 83]
  Spacing: [3, 3, 3]
  Origin: [454.48, 855.76, 243.75]
  Direction: 
-1 0 0
0 -1 0
0 0 -1

  IndexToPointMatrix: 
-3 0 0
0 -3 0
0 0 -3

  PointToIndexMatrix: 
-0.333333 0 0
0 -0.333333 0
0 0 -0.333333

  Inverse Direction: 
-1 0 0
0 -1 0
0 0 -1

  PixelContainer: 
    ImportImageContainer (0x6430fa0)
      RTTI typeinfo:   itk::ImportImageContainer<unsigned long, float>
      Reference Count: 1
      Modified Time: 1474193
      Debug: Off
      Object Name: 
      Observers: 
        none
      Pointer: 0x13a4b870
      Container manages memory: true
      Size: 3608176
      Capacity: 3608176

     Moving image = Image (0x14810aa0)
  RTTI typeinfo:   itk::Image<float, 3u>
  Reference Count: 2
  Modified Time: 1474224
  Debug: Off
  Object Name: 
  Observers: 
    none
  Source: (none)
  Source output name: (none)
  Release Data: Off
  Data Released: False
  Global Release Data: Off
  PipelineMTime: 0
  UpdateMTime: 1474221
  RealTimeStamp: 0 seconds 
  LargestPossibleRegion: 
    Dimension: 3
    Index: [0, 0, 0]
    Size: [150, 290, 83]
  BufferedRegion: 
    Dimension: 3
    Index: [0, 0, 0]
    Size: [150, 290, 83]
  RequestedRegion: 
    Dimension: 3
    Index: [0, 0, 0]
    Size: [150, 290, 83]
  Spacing: [3, 3, 3]
  Origin: [448.4, 867.92, 243.75]
  Direction: 
-1 0 0
0 -1 0
0 0 -1

  IndexToPointMatrix: 
-3 0 0
0 -3 0
0 0 -3

  PointToIndexMatrix: 
-0.333333 0 0
0 -0.333333 0
0 0 -0.333333

  Inverse Direction: 
-1 0 0
0 -1 0
0 0 -1

  PixelContainer: 
    ImportImageContainer (0x4983730)
      RTTI typeinfo:   itk::ImportImageContainer<unsigned long, float>
      Reference Count: 1
      Modified Time: 1474219
      Debug: Off
      Object Name: 
      Observers: 
        none
      Pointer: 0x14b82e20
      Container manages memory: true
      Size: 3610500
      Capacity: 3610500

     Weighting = 1
     Sampling strategy = regular
     Number of bins = 32
     Radius = 4
     Sampling percentage  = 0.2
   Transform = Rigid
     Gradient step = 0.25
     Update field sigma (voxel space) = 0
     Total field sigma (voxel space) = 0
     Update field time sigma = 0
     Total field time sigma  = 0
     Number of time indices = 0
     Number of time point samples = 0
Stage 2 State
   Image metric = MattesMI
     Fixed image = Image (0x14810d30)
  RTTI typeinfo:   itk::Image<float, 3u>
  Reference Count: 2
  Modified Time: 1474277
  Debug: Off
  Object Name: 
  Observers: 
    none
  Source: (none)
  Source output name: (none)
  Release Data: Off
  Data Released: False
  Global Release Data: Off
  PipelineMTime: 0
  UpdateMTime: 1474249
  RealTimeStamp: 0 seconds 
  LargestPossibleRegion: 
    Dimension: 3
    Index: [0, 0, 0]
    Size: [152, 286, 83]
  BufferedRegion: 
    Dimension: 3
    Index: [0, 0, 0]
    Size: [152, 286, 83]
  RequestedRegion: 
    Dimension: 3
    Index: [0, 0, 0]
    Size: [152, 286, 83]
  Spacing: [3, 3, 3]
  Origin: [454.48, 855.76, 243.75]
  Direction: 
-1 0 0
0 -1 0
0 0 -1

  IndexToPointMatrix: 
-3 0 0
0 -3 0
0 0 -3

  PointToIndexMatrix: 
-0.333333 0 0
0 -0.333333 0
0 0 -0.333333

  Inverse Direction: 
-1 0 0
0 -1 0
0 0 -1

  PixelContainer: 
    ImportImageContainer (0x4983790)
      RTTI typeinfo:   itk::ImportImageContainer<unsigned long, float>
      Reference Count: 1
      Modified Time: 1474247
      Debug: Off
      Object Name: 
      Observers: 
        none
      Pointer: 0x15948c40
      Container manages memory: true
      Size: 3608176
      Capacity: 3608176

     Moving image = Image (0x14810fc0)
  RTTI typeinfo:   itk::Image<float, 3u>
  Reference Count: 2
  Modified Time: 1474278
  Debug: Off
  Object Name: 
  Observers: 
    none
  Source: (none)
  Source output name: (none)
  Release Data: Off
  Data Released: False
  Global Release Data: Off
  PipelineMTime: 0
  UpdateMTime: 1474275
  RealTimeStamp: 0 seconds 
  LargestPossibleRegion: 
    Dimension: 3
    Index: [0, 0, 0]
    Size: [150, 290, 83]
  BufferedRegion: 
    Dimension: 3
    Index: [0, 0, 0]
    Size: [150, 290, 83]
  RequestedRegion: 
    Dimension: 3
    Index: [0, 0, 0]
    Size: [150, 290, 83]
  Spacing: [3, 3, 3]
  Origin: [448.4, 867.92, 243.75]
  Direction: 
-1 0 0
0 -1 0
0 0 -1

  IndexToPointMatrix: 
-3 0 0
0 -3 0
0 0 -3

  PointToIndexMatrix: 
-0.333333 0 0
0 -0.333333 0
0 0 -0.333333

  Inverse Direction: 
-1 0 0
0 -1 0
0 0 -1

  PixelContainer: 
    ImportImageContainer (0x4995790)
      RTTI typeinfo:   itk::ImportImageContainer<unsigned long, float>
      Reference Count: 1
      Modified Time: 1474273
      Debug: Off
      Object Name: 
      Observers: 
        none
      Pointer: 0x1670c610
      Container manages memory: true
      Size: 3610500
      Capacity: 3610500

     Weighting = 1
     Sampling strategy = regular
     Number of bins = 32
     Radius = 4
     Sampling percentage  = 0.2
   Transform = Affine
     Gradient step = 0.25
     Update field sigma (voxel space) = 0
     Total field sigma (voxel space) = 0
     Update field time sigma = 0
     Total field time sigma  = 0
     Number of time indices = 0
     Number of time point samples = 0
Stage 3 State
   Image metric = CC
     Fixed image = Image (0x14811250)
  RTTI typeinfo:   itk::Image<float, 3u>
  Reference Count: 2
  Modified Time: 1474331
  Debug: Off
  Object Name: 
  Observers: 
    none
  Source: (none)
  Source output name: (none)
  Release Data: Off
  Data Released: False
  Global Release Data: Off
  PipelineMTime: 0
  UpdateMTime: 1474303
  RealTimeStamp: 0 seconds 
  LargestPossibleRegion: 
    Dimension: 3
    Index: [0, 0, 0]
    Size: [152, 286, 83]
  BufferedRegion: 
    Dimension: 3
    Index: [0, 0, 0]
    Size: [152, 286, 83]
  RequestedRegion: 
    Dimension: 3
    Index: [0, 0, 0]
    Size: [152, 286, 83]
  Spacing: [3, 3, 3]
  Origin: [454.48, 855.76, 243.75]
  Direction: 
-1 0 0
0 -1 0
0 0 -1

  IndexToPointMatrix: 
-3 0 0
0 -3 0
0 0 -3

  PointToIndexMatrix: 
-0.333333 0 0
0 -0.333333 0
0 0 -0.333333

  Inverse Direction: 
-1 0 0
0 -1 0
0 0 -1

  PixelContainer: 
    ImportImageContainer (0x148114e0)
      RTTI typeinfo:   itk::ImportImageContainer<unsigned long, float>
      Reference Count: 1
      Modified Time: 1474301
      Debug: Off
      Object Name: 
      Observers: 
        none
      Pointer: 0x174d2430
      Container manages memory: true
      Size: 3608176
      Capacity: 3608176

     Moving image = Image (0x4a5aa10)
  RTTI typeinfo:   itk::Image<float, 3u>
  Reference Count: 2
  Modified Time: 1474332
  Debug: Off
  Object Name: 
  Observers: 
    none
  Source: (none)
  Source output name: (none)
  Release Data: Off
  Data Released: False
  Global Release Data: Off
  PipelineMTime: 0
  UpdateMTime: 1474329
  RealTimeStamp: 0 seconds 
  LargestPossibleRegion: 
    Dimension: 3
    Index: [0, 0, 0]
    Size: [150, 290, 83]
  BufferedRegion: 
    Dimension: 3
    Index: [0, 0, 0]
    Size: [150, 290, 83]
  RequestedRegion: 
    Dimension: 3
    Index: [0, 0, 0]
    Size: [150, 290, 83]
  Spacing: [3, 3, 3]
  Origin: [448.4, 867.92, 243.75]
  Direction: 
-1 0 0
0 -1 0
0 0 -1

  IndexToPointMatrix: 
-3 0 0
0 -3 0
0 0 -3

  PointToIndexMatrix: 
-0.333333 0 0
0 -0.333333 0
0 0 -0.333333

  Inverse Direction: 
-1 0 0
0 -1 0
0 0 -1

  PixelContainer: 
    ImportImageContainer (0x4a5aca0)
      RTTI typeinfo:   itk::ImportImageContainer<unsigned long, float>
      Reference Count: 1
      Modified Time: 1474327
      Debug: Off
      Object Name: 
      Observers: 
        none
      Pointer: 0x18295e00
      Container manages memory: true
      Size: 3610500
      Capacity: 3610500

     Weighting = 1
     Sampling strategy = none
     Number of bins = 32
     Radius = 32
     Sampling percentage  = 1
   Transform = SyN
     Gradient step = 0.2
     Update field sigma (voxel space) = 3
     Total field sigma (voxel space) = 0
     Update field time sigma = 0
     Total field time sigma  = 0
     Number of time indices = 0
     Number of time point samples = 0
Registration using 3 total stages.

Stage 0
  iterations = 2100x1200x1200x0
  convergence threshold = 1e-06
  convergence window size = 10
  number of levels = 4
  using the Mattes MI metric (number of bins = 32, weight = 1, use gradient filter = 0)
  preprocessing:  histogram matching the images
  Shrink factors (level 1 out of 4): [4, 4, 4]
  Shrink factors (level 2 out of 4): [2, 2, 2]
  Shrink factors (level 3 out of 4): [2, 2, 2]
  Shrink factors (level 4 out of 4): [1, 1, 1]
  smoothing sigmas per level: [3, 2, 1, 0]
  regular sampling (percentage = 0.2)

*** Running Euler3DTransform registration ***

DIAGNOSTIC,Iteration,metricValue,convergenceValue,ITERATION_TIME_INDEX,SINCE_LAST
 2DIAGNOSTIC,     1, -1.022737145424e+00, inf, 1.5799e-01, 1.5799e-01, 
 2DIAGNOSTIC,     2, -1.024575710297e+00, inf, 1.6620e-01, 8.2061e-03, 
 2DIAGNOSTIC,     3, -1.026765823364e+00, inf, 1.7322e-01, 7.0231e-03, 
 2DIAGNOSTIC,     4, -1.029551267624e+00, inf, 1.7937e-01, 6.1500e-03, 
 2DIAGNOSTIC,     5, -1.032564640045e+00, inf, 1.8515e-01, 5.7771e-03, 
 2DIAGNOSTIC,     6, -1.033948898315e+00, inf, 1.9022e-01, 5.0781e-03, 
 2DIAGNOSTIC,     7, -1.035372138023e+00, inf, 1.9526e-01, 5.0311e-03, 
 2DIAGNOSTIC,     8, -1.036895275116e+00, inf, 1.9966e-01, 4.4060e-03, 
 2DIAGNOSTIC,     9, -1.037848114967e+00, inf, 2.0458e-01, 4.9181e-03, 
 2DIAGNOSTIC,    10, -1.038772940636e+00, 1.041221083142e-03, 2.2316e-01, 1.8576e-02, 
 2DIAGNOSTIC,    11, -1.039082169533e+00, 8.306006784551e-04, 2.3068e-01, 7.5259e-03, 
 2DIAGNOSTIC,    12, -1.039057374001e+00, 6.227587000467e-04, 2.3769e-01, 7.0100e-03, 
 2DIAGNOSTIC,    13, -1.039231300354e+00, 4.403346683830e-04, 2.4514e-01, 7.4461e-03, 
 2DIAGNOSTIC,    14, -1.040043830872e+00, 3.135568986181e-04, 2.5228e-01, 7.1390e-03, 
 2DIAGNOSTIC,    15, -1.040113925934e+00, 2.311208372703e-04, 2.5837e-01, 6.0959e-03, 
 2DIAGNOSTIC,    16, -1.040190935135e+00, 1.630499173189e-04, 2.6448e-01, 6.1071e-03, 
 2DIAGNOSTIC,    17, -1.040481090546e+00, 1.157686710940e-04, 2.6999e-01, 5.5058e-03, 
 2DIAGNOSTIC,    18, -1.041074275970e+00, 9.516255522612e-05, 2.7996e-01, 9.9740e-03, 
 2DIAGNOSTIC,    19, -1.041115999222e+00, 8.172598609235e-05, 2.8519e-01, 5.2302e-03, 
 2DIAGNOSTIC,    20, -1.041078090668e+00, 7.436657324433e-05, 2.8991e-01, 4.7159e-03, 
 2DIAGNOSTIC,    21, -1.040970921516e+00, 6.389536429197e-05, 2.9481e-01, 4.9028e-03, 
 2DIAGNOSTIC,    22, -1.040997505188e+00, 4.860257467953e-05, 2.9905e-01, 4.2460e-03, 
 2DIAGNOSTIC,    23, -1.040654063225e+00, 2.779579699563e-05, 3.0314e-01, 4.0860e-03, 
 2DIAGNOSTIC,    24, -1.040658473969e+00, 1.569072446728e-05, 3.0792e-01, 4.7750e-03, 
 2DIAGNOSTIC,    25, -1.040659427643e+00, 4.076088771399e-06, 3.1214e-01, 4.2269e-03, 
DIAGNOSTIC,Iteration,metricValue,convergenceValue,ITERATION_TIME_INDEX,SINCE_LAST
 2DIAGNOSTIC,     1, -9.681506752968e-01, inf, 4.3901e-01, 1.2687e-01, 
 2DIAGNOSTIC,     2, -9.687434434891e-01, inf, 4.5944e-01, 2.0430e-02, 
 2DIAGNOSTIC,     3, -9.693502783775e-01, inf, 4.7546e-01, 1.6020e-02, 
 2DIAGNOSTIC,     4, -9.698549509048e-01, inf, 4.9077e-01, 1.5312e-02, 
 2DIAGNOSTIC,     5, -9.700228571892e-01, inf, 5.0608e-01, 1.5308e-02, 
 2DIAGNOSTIC,     6, -9.705003499985e-01, inf, 5.2735e-01, 2.1269e-02, 
 2DIAGNOSTIC,     7, -9.705018401146e-01, inf, 5.4262e-01, 1.5272e-02, 
 2DIAGNOSTIC,     8, -9.706247448921e-01, inf, 5.6560e-01, 2.2978e-02, 
 2DIAGNOSTIC,     9, -9.706326127052e-01, inf, 5.8667e-01, 2.1067e-02, 
 2DIAGNOSTIC,    10, -9.706310033798e-01, 1.616070658201e-04, 6.0615e-01, 1.9488e-02, 
 2DIAGNOSTIC,    11, -9.706284403801e-01, 1.049411221175e-04, 6.2359e-01, 1.7433e-02, 
 2DIAGNOSTIC,    12, -9.706293344498e-01, 6.281008245423e-05, 6.4120e-01, 1.7615e-02, 
 2DIAGNOSTIC,    13, -9.706273078918e-01, 3.520914833643e-05, 6.5888e-01, 1.7679e-02, 
 2DIAGNOSTIC,    14, -9.706274867058e-01, 1.915093343996e-05, 6.7638e-01, 1.7503e-02, 
 2DIAGNOSTIC,    15, -9.706283211708e-01, 6.761585609638e-06, 6.9791e-01, 2.1523e-02, 
 2DIAGNOSTIC,    16, -9.706290960312e-01, 4.281424025976e-06, 7.1960e-01, 2.1692e-02, 
 2DIAGNOSTIC,    17, -9.706287384033e-01, 1.841976882133e-06, 7.3710e-01, 1.7500e-02, 
 2DIAGNOSTIC,    18, -9.706283807755e-01, 1.667165179242e-06, 7.5291e-01, 1.5809e-02, 
 2DIAGNOSTIC,    19, -9.706287384033e-01, 1.647682779549e-06, 7.7071e-01, 1.7802e-02, 
 2DIAGNOSTIC,    20, -9.706286787987e-01, 1.608425691302e-06, 7.8867e-01, 1.7960e-02, 
 2DIAGNOSTIC,    21, -9.706288576126e-01, 1.537175990052e-06, 8.1591e-01, 2.7236e-02, 
 2DIAGNOSTIC,    22, -9.706287980080e-01, 1.482516495344e-06, 8.3333e-01, 1.7422e-02, 
 2DIAGNOSTIC,    23, -9.706289768219e-01, 1.406038336427e-06, 8.5073e-01, 1.7406e-02, 
 2DIAGNOSTIC,    24, -9.706288576126e-01, 1.334210196546e-06, 8.6844e-01, 1.7708e-02, 
 2DIAGNOSTIC,    25, -9.706287384033e-01, 1.275385443478e-06, 8.8595e-01, 1.7513e-02, 
 2DIAGNOSTIC,    26, -9.706287384033e-01, 1.229729605257e-06, 9.0356e-01, 1.7603e-02, 
 2DIAGNOSTIC,    27, -9.706287384033e-01, 1.183126869364e-06, 9.2113e-01, 1.7573e-02, 
 2DIAGNOSTIC,    28, -9.706287980080e-01, 1.136168179983e-06, 9.4060e-01, 1.9474e-02, 
 2DIAGNOSTIC,    29, -9.706287384033e-01, 1.095508196158e-06, 9.6005e-01, 1.9446e-02, 
 2DIAGNOSTIC,    30, -9.706287384033e-01, 1.057154577211e-06, 9.7774e-01, 1.7690e-02, 
 2DIAGNOSTIC,    31, -9.706285595894e-01, 1.021626530928e-06, 9.9539e-01, 1.7655e-02, 
DIAGNOSTIC,Iteration,metricValue,convergenceValue,ITERATION_TIME_INDEX,SINCE_LAST
 2DIAGNOSTIC,     1, -8.883470296860e-01, inf, 1.1237e+00, 1.2835e-01, 
 2DIAGNOSTIC,     2, -8.888083696365e-01, inf, 1.1454e+00, 2.1649e-02, 
 2DIAGNOSTIC,     3, -8.891491293907e-01, inf, 1.1616e+00, 1.6231e-02, 
 2DIAGNOSTIC,     4, -8.893827795982e-01, inf, 1.1773e+00, 1.5716e-02, 
 2DIAGNOSTIC,     5, -8.896616697311e-01, inf, 1.1927e+00, 1.5328e-02, 
 2DIAGNOSTIC,     6, -8.901315331459e-01, inf, 1.2181e+00, 2.5417e-02, 
 2DIAGNOSTIC,     7, -8.901417851448e-01, inf, 1.2357e+00, 1.7664e-02, 
 2DIAGNOSTIC,     8, -8.901450634003e-01, inf, 1.2535e+00, 1.7715e-02, 
 2DIAGNOSTIC,     9, -8.901498317719e-01, inf, 1.2690e+00, 1.5571e-02, 
 2DIAGNOSTIC,    10, -8.901510834694e-01, 1.343974872725e-04, 1.2851e+00, 1.6055e-02, 
 2DIAGNOSTIC,    11, -8.901641368866e-01, 8.993070514407e-05, 1.3010e+00, 1.5911e-02, 
 2DIAGNOSTIC,    12, -8.902280330658e-01, 5.893328125239e-05, 1.3186e+00, 1.7556e-02, 
 2DIAGNOSTIC,    13, -8.902530670166e-01, 3.667682904052e-05, 1.3393e+00, 2.0731e-02, 
 2DIAGNOSTIC,    14, -8.902466297150e-01, 1.963115028047e-05, 1.3569e+00, 1.7582e-02, 
 2DIAGNOSTIC,    15, -8.902511000633e-01, 9.055940608960e-06, 1.3746e+00, 1.7759e-02, 
 2DIAGNOSTIC,    16, -8.902463316917e-01, 8.442909347650e-06, 1.3943e+00, 1.9671e-02, 
 2DIAGNOSTIC,    17, -8.902471065521e-01, 7.493419161619e-06, 1.4124e+00, 1.8133e-02, 
 2DIAGNOSTIC,    18, -8.902475237846e-01, 6.185913207446e-06, 1.4305e+00, 1.8048e-02, 
 2DIAGNOSTIC,    19, -8.902473449707e-01, 4.702016667579e-06, 1.4485e+00, 1.8016e-02, 
 2DIAGNOSTIC,    20, -8.902469873428e-01, 3.112226750090e-06, 1.4667e+00, 1.8246e-02, 
 2DIAGNOSTIC,    21, -8.902472853661e-01, 1.711511458780e-06, 1.4894e+00, 2.2666e-02, 
 2DIAGNOSTIC,    22, -8.902471065521e-01, 1.334113449047e-06, 1.5084e+00, 1.8998e-02, 
 2DIAGNOSTIC,    23, -8.902473449707e-01, 1.353091988676e-06, 1.5261e+00, 1.7667e-02, 
 2DIAGNOSTIC,    24, -8.902472257614e-01, 1.283774963667e-06, 1.5437e+00, 1.7630e-02, 
 2DIAGNOSTIC,    25, -8.902439475060e-01, 1.241249719897e-06, 1.5612e+00, 1.7466e-02, 
 2DIAGNOSTIC,    26, -8.902443051338e-01, 1.151684273282e-06, 1.5807e+00, 1.9508e-02, 
 2DIAGNOSTIC,    27, -8.902444243431e-01, 1.085286839952e-06, 1.5983e+00, 1.7615e-02, 
 2DIAGNOSTIC,    28, -8.902441859245e-01, 1.033893681779e-06, 1.6160e+00, 1.7750e-02, 
DIAGNOSTIC,Iteration,metricValue,convergenceValue,ITERATION_TIME_INDEX,SINCE_LAST
 2DIAGNOSTIC,     1, -8.785772323608e-01, inf, 1.9706e+00, 3.5453e-01, 
  Elapsed time (stage 0): 2.4761e+00


Stage 1
  iterations = 2100x1200x1200x0
  convergence threshold = 1.0000e-06
  convergence window size = 10
  number of levels = 4
  using the Mattes MI metric (number of bins = 32, weight = 1.0000e+00, use gradient filter = 0)
  preprocessing:  histogram matching the images
  Shrink factors (level 1 out of 4): [4, 4, 4]
  Shrink factors (level 2 out of 4): [2, 2, 2]
  Shrink factors (level 3 out of 4): [2, 2, 2]
  Shrink factors (level 4 out of 4): [1, 1, 1]
  smoothing sigmas per level: [3, 2, 1, 0]
  regular sampling (percentage = 2.0000e-01)

*** Running AffineTransform registration ***

DIAGNOSTIC,Iteration,metricValue,convergenceValue,ITERATION_TIME_INDEX,SINCE_LAST
 2DIAGNOSTIC,     1, -1.076339006424e+00, inf, 1.0416e-01, 1.0416e-01, 
 2DIAGNOSTIC,     2, -1.077085256577e+00, inf, 1.1161e-01, 7.4499e-03, 
 2DIAGNOSTIC,     3, -1.077533721924e+00, inf, 1.1743e-01, 5.8241e-03, 
 2DIAGNOSTIC,     4, -1.078256249428e+00, inf, 1.2308e-01, 5.6441e-03, 
 2DIAGNOSTIC,     5, -1.078701376915e+00, inf, 1.2853e-01, 5.4519e-03, 
 2DIAGNOSTIC,     6, -1.079124689102e+00, inf, 1.3280e-01, 4.2758e-03, 
 2DIAGNOSTIC,     7, -1.079359292984e+00, inf, 1.3743e-01, 4.6270e-03, 
 2DIAGNOSTIC,     8, -1.080831289291e+00, inf, 1.4112e-01, 3.6929e-03, 
 2DIAGNOSTIC,     9, -1.082014918327e+00, inf, 1.4484e-01, 3.7110e-03, 
 2DIAGNOSTIC,    10, -1.083461046219e+00, 3.805084852502e-04, 1.4872e-01, 3.8810e-03, 
 2DIAGNOSTIC,    11, -1.086446523666e+00, 4.385992069729e-04, 1.5221e-01, 3.4940e-03, 
 2DIAGNOSTIC,    12, -1.089037895203e+00, 5.197216523811e-04, 1.5569e-01, 3.4840e-03, 
 2DIAGNOSTIC,    13, -1.090086221695e+00, 5.707601667382e-04, 1.6089e-01, 5.1920e-03, 
 2DIAGNOSTIC,    14, -1.090299129486e+00, 5.806907429360e-04, 1.6422e-01, 3.3290e-03, 
 2DIAGNOSTIC,    15, -1.090522289276e+00, 5.486075533554e-04, 1.6789e-01, 3.6740e-03, 
 2DIAGNOSTIC,    16, -1.090870618820e+00, 4.827578377444e-04, 1.7159e-01, 3.7010e-03, 
 2DIAGNOSTIC,    17, -1.091410636902e+00, 3.913720720448e-04, 1.7594e-01, 4.3471e-03, 
 2DIAGNOSTIC,    18, -1.091552972794e+00, 2.977002004627e-04, 1.7905e-01, 3.1168e-03, 
 2DIAGNOSTIC,    19, -1.091571807861e+00, 2.036309888354e-04, 1.8218e-01, 3.1290e-03, 
 2DIAGNOSTIC,    20, -1.091614365578e+00, 1.193341668113e-04, 1.8604e-01, 3.8581e-03, 
 2DIAGNOSTIC,    21, -1.091624021530e+00, 6.868610944366e-05, 1.8921e-01, 3.1672e-03, 
 2DIAGNOSTIC,    22, -1.091631054878e+00, 4.691767753684e-05, 1.9306e-01, 3.8521e-03, 
 2DIAGNOSTIC,    23, -1.091635704041e+00, 3.476592246443e-05, 1.9618e-01, 3.1209e-03, 
 2DIAGNOSTIC,    24, -1.091492056847e+00, 2.132191184501e-05, 1.9935e-01, 3.1700e-03, 
 2DIAGNOSTIC,    25, -1.091590404510e+00, 1.047105888574e-05, 2.0251e-01, 3.1540e-03, 
 2DIAGNOSTIC,    26, -1.091606736183e+00, 3.079800308114e-06, 2.0599e-01, 3.4821e-03, 
 2DIAGNOSTIC,    27, -1.091619253159e+00, 1.369066694679e-06, 2.1021e-01, 4.2179e-03, 
 2DIAGNOSTIC,    28, -1.091622471809e+00, 1.141844450103e-06, 2.1333e-01, 3.1290e-03, 
DIAGNOSTIC,Iteration,metricValue,convergenceValue,ITERATION_TIME_INDEX,SINCE_LAST
 2DIAGNOSTIC,     1, -1.019390344620e+00, inf, 3.3612e-01, 1.2279e-01, 
 2DIAGNOSTIC,     2, -1.020342111588e+00, inf, 3.5737e-01, 2.1244e-02, 
 2DIAGNOSTIC,     3, -1.021269798279e+00, inf, 3.7689e-01, 1.9522e-02, 
 2DIAGNOSTIC,     4, -1.022161126137e+00, inf, 3.9633e-01, 1.9435e-02, 
 2DIAGNOSTIC,     5, -1.022687077522e+00, inf, 4.1662e-01, 2.0292e-02, 
 2DIAGNOSTIC,     6, -1.023091077805e+00, inf, 4.4278e-01, 2.6158e-02, 
 2DIAGNOSTIC,     7, -1.023001909256e+00, inf, 4.6961e-01, 2.6831e-02, 
 2DIAGNOSTIC,     8, -1.023001194000e+00, inf, 4.9121e-01, 2.1606e-02, 
 2DIAGNOSTIC,     9, -1.022977709770e+00, inf, 5.1265e-01, 2.1433e-02, 
 2DIAGNOSTIC,    10, -1.022966504097e+00, 2.132221998181e-04, 5.3265e-01, 2.0007e-02, 
 2DIAGNOSTIC,    11, -1.022957801819e+00, 1.243022270501e-04, 5.5439e-01, 2.1739e-02, 
 2DIAGNOSTIC,    12, -1.022933840752e+00, 6.064885019441e-05, 5.7633e-01, 2.1939e-02, 
 2DIAGNOSTIC,    13, -1.022921204567e+00, 2.087501707138e-05, 5.9608e-01, 1.9750e-02, 
 2DIAGNOSTIC,    14, -1.022924661636e+00, 2.656605147422e-06, 6.1654e-01, 2.0456e-02, 
DIAGNOSTIC,Iteration,metricValue,convergenceValue,ITERATION_TIME_INDEX,SINCE_LAST
 2DIAGNOSTIC,     1, -9.221259951591e-01, inf, 7.5029e-01, 1.3376e-01, 
 2DIAGNOSTIC,     2, -9.230899214745e-01, inf, 7.7293e-01, 2.2642e-02, 
 2DIAGNOSTIC,     3, -9.245877861977e-01, inf, 7.9236e-01, 1.9423e-02, 
 2DIAGNOSTIC,     4, -9.265702962875e-01, inf, 8.1177e-01, 1.9410e-02, 
 2DIAGNOSTIC,     5, -9.297018647194e-01, inf, 8.3090e-01, 1.9128e-02, 
 2DIAGNOSTIC,     6, -9.343513250351e-01, inf, 8.5034e-01, 1.9442e-02, 
 2DIAGNOSTIC,     7, -9.371619224548e-01, inf, 8.7066e-01, 2.0321e-02, 
 2DIAGNOSTIC,     8, -9.407904744148e-01, inf, 9.0069e-01, 3.0030e-02, 
 2DIAGNOSTIC,     9, -9.415213465691e-01, inf, 9.2635e-01, 2.5657e-02, 
 2DIAGNOSTIC,    10, -9.415405988693e-01, 1.607127720490e-03, 9.4799e-01, 2.1640e-02, 
 2DIAGNOSTIC,    11, -9.414918422699e-01, 1.369551406242e-03, 9.7177e-01, 2.3781e-02, 
 2DIAGNOSTIC,    12, -9.413524866104e-01, 1.069549238309e-03, 9.9771e-01, 2.5945e-02, 
 2DIAGNOSTIC,    13, -9.413506388664e-01, 7.544601685368e-04, 1.0217e+00, 2.3983e-02, 
 2DIAGNOSTIC,    14, -9.413398504257e-01, 4.588992160279e-04, 1.0434e+00, 2.1739e-02, 
 2DIAGNOSTIC,    15, -9.413407444954e-01, 2.238860324724e-04, 1.0652e+00, 2.1737e-02, 
 2DIAGNOSTIC,    16, -9.413376450539e-01, 8.586500916863e-05, 1.0867e+00, 2.1554e-02, 
 2DIAGNOSTIC,    17, -9.413337111473e-01, 4.939675818605e-06, 1.1083e+00, 2.1531e-02, 
DIAGNOSTIC,Iteration,metricValue,convergenceValue,ITERATION_TIME_INDEX,SINCE_LAST
 2DIAGNOSTIC,     1, -9.086383581161e-01, inf, 1.4871e+00, 3.7887e-01, 
  Elapsed time (stage 1): 1.9361e+00


Stage 2
  iterations = 120x80x40x0
  convergence threshold = 1.0000e-07
  convergence window size = 8
  number of levels = 4
  using the CC metric (radius = 32, weight = 1.0000e+00, use gradient filter = 0)
  preprocessing:  histogram matching the images
  Shrink factors (level 1 out of 4): [8, 8, 8]
  Shrink factors (level 2 out of 4): [4, 4, 4]
  Shrink factors (level 3 out of 4): [2, 2, 2]
  Shrink factors (level 4 out of 4): [1, 1, 1]
  smoothing sigmas per level: [3, 2, 1, 0]
  Using default NONE metricSamplingStrategy 

*** Running SyN registration (varianceForUpdateField = 3.0000e+00, varianceForTotalField = 0.0000e+00) ***

XXDIAGNOSTIC,Iteration,metricValue,convergenceValue,ITERATION_TIME_INDEX,SINCE_LAST
 1DIAGNOSTIC,     1, -8.690759539604e-01, inf, 7.0019e-01, 7.0019e-01, 
 1DIAGNOSTIC,     2, -8.867837190628e-01, inf, 1.3076e+00, 6.0740e-01, 
 1DIAGNOSTIC,     3, -8.967130780220e-01, inf, 1.9196e+00, 6.1202e-01, 
 1DIAGNOSTIC,     4, -9.029084444046e-01, inf, 2.5295e+00, 6.0991e-01, 
 1DIAGNOSTIC,     5, -9.067689180374e-01, inf, 3.1379e+00, 6.0838e-01, 
 1DIAGNOSTIC,     6, -9.089190959930e-01, inf, 3.7470e+00, 6.0909e-01, 
 1DIAGNOSTIC,     7, -9.104004502296e-01, inf, 4.3558e+00, 6.0886e-01, 
 1DIAGNOSTIC,     8, -9.113935828209e-01, 3.399969544262e-03, 4.9642e+00, 6.0838e-01, 
 1DIAGNOSTIC,     9, -9.122886061668e-01, 1.838023308665e-03, 5.5723e+00, 6.0811e-01, 
 1DIAGNOSTIC,    10, -9.128125309944e-01, 1.046557445079e-03, 6.1073e+00, 5.3493e-01, 
 1DIAGNOSTIC,    11, -9.131429791451e-01, 6.168950349092e-04, 6.5474e+00, 4.4010e-01, 
 1DIAGNOSTIC,    12, -9.134937524796e-01, 3.844309831038e-04, 7.0099e+00, 4.6255e-01, 
 1DIAGNOSTIC,    13, -9.137456417084e-01, 2.564144961070e-04, 7.4578e+00, 4.4790e-01, 
 1DIAGNOSTIC,    14, -9.139978885651e-01, 1.771872339305e-04, 7.9085e+00, 4.5070e-01, 
 1DIAGNOSTIC,    15, -9.141805768013e-01, 1.267148472834e-04, 8.3594e+00, 4.5085e-01, 
 1DIAGNOSTIC,    16, -9.144286513329e-01, 9.468058851780e-05, 8.8138e+00, 4.5446e-01, 
 1DIAGNOSTIC,    17, -9.144427180290e-01, 7.373851985903e-05, 9.2631e+00, 4.4924e-01, 
 1DIAGNOSTIC,    18, -9.145038723946e-01, 5.748472176492e-05, 9.7219e+00, 4.5882e-01, 
 1DIAGNOSTIC,    19, -9.145857691765e-01, 4.325984627940e-05, 1.0182e+01, 4.5986e-01, 
 1DIAGNOSTIC,    20, -9.146586656570e-01, 3.260197627242e-05, 1.0640e+01, 4.5866e-01, 
 1DIAGNOSTIC,    21, -9.147834777832e-01, 2.545297684264e-05, 1.1098e+01, 4.5752e-01, 
 1DIAGNOSTIC,    22, -9.146771430969e-01, 1.810663161450e-05, 1.1558e+01, 4.6012e-01, 
 1DIAGNOSTIC,    23, -9.145737886429e-01, 1.033922035276e-05, 1.2017e+01, 4.5896e-01, 
 1DIAGNOSTIC,    24, -9.146010875702e-01, 6.362982730934e-06, 1.2474e+01, 4.5748e-01, 
 1DIAGNOSTIC,    25, -9.145047068596e-01, 6.672108838757e-07, 1.2935e+01, 4.6037e-01, 
 1DIAGNOSTIC,    26, -9.144731163979e-01, -3.940810984204e-06, 1.3395e+01, 4.6013e-01, 
XXDIAGNOSTIC,Iteration,metricValue,convergenceValue,ITERATION_TIME_INDEX,SINCE_LAST
 1DIAGNOSTIC,     1, -8.940719962120e-01, inf, 1.7864e+01, 4.4691e+00, 
 1DIAGNOSTIC,     2, -8.990757465363e-01, inf, 2.2285e+01, 4.4205e+00, 
 1DIAGNOSTIC,     3, -9.030375480652e-01, inf, 2.6700e+01, 4.4153e+00, 
 1DIAGNOSTIC,     4, -9.061119556427e-01, inf, 3.1116e+01, 4.4166e+00, 
 1DIAGNOSTIC,     5, -9.085503220558e-01, inf, 3.5530e+01, 4.4137e+00, 
 1DIAGNOSTIC,     6, -9.103208780289e-01, inf, 3.9943e+01, 4.4131e+00, 
 1DIAGNOSTIC,     7, -9.117850661278e-01, inf, 4.4355e+01, 4.4122e+00, 
 1DIAGNOSTIC,     8, -9.129785299301e-01, 1.655374770053e-03, 4.8777e+01, 4.4212e+00, 
 1DIAGNOSTIC,     9, -9.139962196350e-01, 1.154559548013e-03, 5.3195e+01, 4.4180e+00, 
 1DIAGNOSTIC,    10, -9.148933291435e-01, 8.239472517744e-04, 5.7609e+01, 4.4143e+00, 
 1DIAGNOSTIC,    11, -9.155557155609e-01, 6.019101128913e-04, 6.2022e+01, 4.4129e+00, 
 1DIAGNOSTIC,    12, -9.161213040352e-01, 4.500531358644e-04, 6.6439e+01, 4.4173e+00, 
 1DIAGNOSTIC,    13, -9.166185855865e-01, 3.455732949078e-04, 7.0849e+01, 4.4101e+00, 
 1DIAGNOSTIC,    14, -9.170390367508e-01, 2.676287258510e-04, 7.5260e+01, 4.4115e+00, 
 1DIAGNOSTIC,    15, -9.173884391785e-01, 2.088875480695e-04, 7.9677e+01, 4.4166e+00, 
 1DIAGNOSTIC,    16, -9.177583456039e-01, 1.655673113419e-04, 8.4090e+01, 4.4134e+00, 
 1DIAGNOSTIC,    17, -9.180868864059e-01, 1.342467730865e-04, 8.8513e+01, 4.4225e+00, 
 1DIAGNOSTIC,    18, -9.184231758118e-01, 1.136981882155e-04, 9.2935e+01, 4.4224e+00, 
 1DIAGNOSTIC,    19, -9.186072349548e-01, 9.628589759814e-05, 9.7346e+01, 4.4108e+00, 
 1DIAGNOSTIC,    20, -9.188661575317e-01, 8.279077155748e-05, 1.0176e+02, 4.4175e+00, 
 1DIAGNOSTIC,    21, -9.190988540649e-01, 7.209600153146e-05, 1.0618e+02, 4.4194e+00, 
 1DIAGNOSTIC,    22, -9.192137718201e-01, 6.146734085632e-05, 1.1060e+02, 4.4217e+00, 
 1DIAGNOSTIC,    23, -9.194068312645e-01, 5.214539123699e-05, 1.1504e+02, 4.4358e+00, 
 1DIAGNOSTIC,    24, -9.195989966393e-01, 4.515937325777e-05, 1.1945e+02, 4.4136e+00, 
 1DIAGNOSTIC,    25, -9.196839928627e-01, 3.863212259603e-05, 1.2387e+02, 4.4141e+00, 
 1DIAGNOSTIC,    26, -9.198536872864e-01, 3.469860166661e-05, 1.2828e+02, 4.4135e+00, 
 1DIAGNOSTIC,    27, -9.199180603027e-01, 2.965882231365e-05, 1.3270e+02, 4.4222e+00, 
 1DIAGNOSTIC,    28, -9.200512766838e-01, 2.616627170937e-05, 1.3712e+02, 4.4115e+00, 
 1DIAGNOSTIC,    29, -9.201009869576e-01, 2.300747109985e-05, 1.4153e+02, 4.4140e+00, 
 1DIAGNOSTIC,    30, -9.202285408974e-01, 1.996329956455e-05, 1.4596e+02, 4.4281e+00, 
 1DIAGNOSTIC,    31, -9.202769994736e-01, 1.730492840579e-05, 1.5037e+02, 4.4170e+00, 
 1DIAGNOSTIC,    32, -9.204580187798e-01, 1.693013655313e-05, 1.5480e+02, 4.4270e+00, 
 1DIAGNOSTIC,    33, -9.204826354980e-01, 1.548009822727e-05, 1.5921e+02, 4.4103e+00, 
 1DIAGNOSTIC,    34, -9.205179810524e-01, 1.434533987776e-05, 1.6364e+02, 4.4237e+00, 
 1DIAGNOSTIC,    35, -9.206252098083e-01, 1.317745136475e-05, 1.6805e+02, 4.4172e+00, 
 1DIAGNOSTIC,    36, -9.206516146660e-01, 1.195178265334e-05, 1.7247e+02, 4.4196e+00, 
 1DIAGNOSTIC,    37, -9.206743240356e-01, 9.939524716174e-06, 1.7689e+02, 4.4170e+00, 
 1DIAGNOSTIC,    38, -9.207911491394e-01, 9.205887181452e-06, 1.8131e+02, 4.4234e+00, 
 1DIAGNOSTIC,    39, -9.208107590675e-01, 7.898738658696e-06, 1.8573e+02, 4.4132e+00, 
 1DIAGNOSTIC,    40, -9.208130836487e-01, 7.408119472530e-06, 1.9015e+02, 4.4192e+00, 
 1DIAGNOSTIC,    41, -9.209864139557e-01, 7.849560461182e-06, 1.9456e+02, 4.4152e+00, 
 1DIAGNOSTIC,    42, -9.210116863251e-01, 7.731919140497e-06, 1.9898e+02, 4.4178e+00, 
 1DIAGNOSTIC,    43, -9.210296869278e-01, 7.752326382615e-06, 2.0339e+02, 4.4156e+00, 
 1DIAGNOSTIC,    44, -9.210540652275e-01, 7.220056431834e-06, 2.0781e+02, 4.4163e+00, 
 1DIAGNOSTIC,    45, -9.211506843567e-01, 6.732127530995e-06, 2.1223e+02, 4.4197e+00, 
 1DIAGNOSTIC,    46, -9.211577177048e-01, 6.405201020243e-06, 2.1665e+02, 4.4184e+00, 
 1DIAGNOSTIC,    47, -9.211807250977e-01, 5.660159331455e-06, 2.2106e+02, 4.4155e+00, 
 1DIAGNOSTIC,    48, -9.211403131485e-01, 3.898596332874e-06, 2.2548e+02, 4.4172e+00, 
 1DIAGNOSTIC,    49, -9.212857484818e-01, 4.223158612149e-06, 2.2989e+02, 4.4140e+00, 
 1DIAGNOSTIC,    50, -9.212986230850e-01, 4.289207026886e-06, 2.3432e+02, 4.4224e+00, 
 1DIAGNOSTIC,    51, -9.213089942932e-01, 4.076377081219e-06, 2.3873e+02, 4.4165e+00, 
 1DIAGNOSTIC,    52, -9.212669134140e-01, 3.245881771363e-06, 2.4316e+02, 4.4231e+00, 
 1DIAGNOSTIC,    53, -9.213617444038e-01, 3.436336328377e-06, 2.4757e+02, 4.4182e+00, 
 1DIAGNOSTIC,    54, -9.214401245117e-01, 3.789451511693e-06, 2.5199e+02, 4.4173e+00, 
 1DIAGNOSTIC,    55, -9.214304685593e-01, 3.798259967880e-06, 2.5641e+02, 4.4171e+00, 
 1DIAGNOSTIC,    56, -9.214565157890e-01, 3.253820523241e-06, 2.6083e+02, 4.4179e+00, 
 1DIAGNOSTIC,    57, -9.214193820953e-01, 3.050791065107e-06, 2.6526e+02, 4.4282e+00, 
 1DIAGNOSTIC,    58, -9.214729666710e-01, 2.926064325948e-06, 2.6967e+02, 4.4145e+00, 
 1DIAGNOSTIC,    59, -9.214820861816e-01, 2.604420160424e-06, 2.7408e+02, 4.4128e+00, 
 1DIAGNOSTIC,    60, -9.215574860573e-01, 2.218743475169e-06, 2.7851e+02, 4.4248e+00, 
 1DIAGNOSTIC,    61, -9.215453267097e-01, 2.116586983902e-06, 2.8292e+02, 4.4168e+00, 
 1DIAGNOSTIC,    62, -9.215034246445e-01, 2.030059476965e-06, 2.8735e+02, 4.4213e+00, 
 1DIAGNOSTIC,    63, -9.215628504753e-01, 2.031234771493e-06, 2.9176e+02, 4.4168e+00, 
 1DIAGNOSTIC,    64, -9.215675592422e-01, 1.992080342461e-06, 2.9618e+02, 4.4191e+00, 
 1DIAGNOSTIC,    65, -9.215843081474e-01, 1.632988187339e-06, 3.0061e+02, 4.4244e+00, 
 1DIAGNOSTIC,    66, -9.215919971466e-01, 1.498607844042e-06, 3.0502e+02, 4.4184e+00, 
 1DIAGNOSTIC,    67, -9.215695261955e-01, 1.139655068982e-06, 3.0944e+02, 4.4192e+00, 
 1DIAGNOSTIC,    68, -9.216265678406e-01, 1.448206603527e-06, 3.1386e+02, 4.4176e+00, 
 1DIAGNOSTIC,    69, -9.216187000275e-01, 1.507103092990e-06, 3.1828e+02, 4.4177e+00, 
 1DIAGNOSTIC,    70, -9.217164516449e-01, 1.728999563966e-06, 3.2271e+02, 4.4268e+00, 
 1DIAGNOSTIC,    71, -9.217203855515e-01, 2.103414772137e-06, 3.2713e+02, 4.4242e+00, 
 1DIAGNOSTIC,    72, -9.217215776443e-01, 2.269365040775e-06, 3.3155e+02, 4.4236e+00, 
 1DIAGNOSTIC,    73, -9.217193126678e-01, 2.245553105240e-06, 3.3597e+02, 4.4122e+00, 
 1DIAGNOSTIC,    74, -9.217230677605e-01, 2.021427917498e-06, 3.4038e+02, 4.4130e+00, 
 1DIAGNOSTIC,    75, -9.217333793640e-01, 1.510265178695e-06, 3.4480e+02, 4.4218e+00, 
 1DIAGNOSTIC,    76, -9.217318296432e-01, 1.153981884272e-06, 3.4922e+02, 4.4191e+00, 
 1DIAGNOSTIC,    77, -9.217434525490e-01, 7.226246907521e-07, 3.5363e+02, 4.4155e+00, 
 1DIAGNOSTIC,    78, -9.217001795769e-01, 5.338697519619e-07, 3.5805e+02, 4.4171e+00, 
 1DIAGNOSTIC,    79, -9.217581748962e-01, 6.465946853496e-07, 3.6247e+02, 4.4208e+00, 
 1DIAGNOSTIC,    80, -9.217740297318e-01, 8.053574447331e-07, 3.6689e+02, 4.4179e+00, 
XXDIAGNOSTIC,Iteration,metricValue,convergenceValue,ITERATION_TIME_INDEX,SINCE_LAST
 1DIAGNOSTIC,     1, -8.864121437073e-01, inf, 4.1458e+02, 4.7694e+01, 
 1DIAGNOSTIC,     2, -8.881467580795e-01, inf, 4.6226e+02, 4.7679e+01, 
 1DIAGNOSTIC,     3, -8.907015919685e-01, inf, 5.1008e+02, 4.7814e+01, 
 1DIAGNOSTIC,     4, -8.928467035294e-01, inf, 5.5755e+02, 4.7472e+01, 
 1DIAGNOSTIC,     5, -8.946599960327e-01, inf, 6.0512e+02, 4.7574e+01, 
 1DIAGNOSTIC,     6, -8.961364030838e-01, inf, 6.5271e+02, 4.7583e+01, 
 1DIAGNOSTIC,     7, -8.974066972733e-01, inf, 7.0031e+02, 4.7600e+01, 
 1DIAGNOSTIC,     8, -8.985168933868e-01, 1.146596623585e-03, 7.4810e+02, 4.7796e+01, 
 1DIAGNOSTIC,     9, -8.994633555412e-01, 9.068927029148e-04, 7.9600e+02, 4.7894e+01, 
 1DIAGNOSTIC,    10, -9.003257751465e-01, 6.928938091733e-04, 8.4367e+02, 4.7674e+01, 
 1DIAGNOSTIC,    11, -9.011773467064e-01, 5.433743936010e-04, 8.9133e+02, 4.7656e+01, 
 1DIAGNOSTIC,    12, -9.018628597260e-01, 4.353816038929e-04, 9.3906e+02, 4.7737e+01, 
 1DIAGNOSTIC,    13, -9.024614095688e-01, 3.556892916095e-04, 9.8679e+02, 4.7721e+01, 
 1DIAGNOSTIC,    14, -9.029558897018e-01, 2.923762076534e-04, 1.0351e+03, 4.8315e+01, 
 1DIAGNOSTIC,    15, -9.034705162048e-01, 2.426297578495e-04, 1.0828e+03, 4.7750e+01, 
 1DIAGNOSTIC,    16, -9.039225578308e-01, 2.028078743024e-04, 1.1306e+03, 4.7762e+01, 
 1DIAGNOSTIC,    17, -9.043197631836e-01, 1.697605184745e-04, 1.1785e+03, 4.7889e+01, 
 1DIAGNOSTIC,    18, -9.046953320503e-01, 1.430439588148e-04, 1.2265e+03, 4.7979e+01, 
 1DIAGNOSTIC,    19, -9.050465822220e-01, 1.233962248079e-04, 1.2746e+03, 4.8103e+01, 
 1DIAGNOSTIC,    20, -9.053597450256e-01, 1.075278560165e-04, 1.3223e+03, 4.7767e+01, 
 1DIAGNOSTIC,    21, -9.056280851364e-01, 9.392051288160e-05, 1.3701e+03, 4.7746e+01, 
 1DIAGNOSTIC,    22, -9.058600664139e-01, 8.097964018816e-05, 1.4178e+03, 4.7671e+01, 
 1DIAGNOSTIC,    23, -9.060840606689e-01, 7.007813837845e-05, 1.4656e+03, 4.7874e+01, 
 1DIAGNOSTIC,    24, -9.063011407852e-01, 6.091488103266e-05, 1.5135e+03, 4.7865e+01, 
 1DIAGNOSTIC,    25, -9.064962863922e-01, 5.300657721818e-05, 1.5612e+03, 4.7698e+01, 
 1DIAGNOSTIC,    26, -9.066870808601e-01, 4.662523133447e-05, 1.6089e+03, 4.7709e+01, 
 1DIAGNOSTIC,    27, -9.068591594696e-01, 4.160437310929e-05, 1.6567e+03, 4.7747e+01, 
 1DIAGNOSTIC,    28, -9.070274829865e-01, 3.770203329623e-05, 1.7043e+03, 4.7675e+01, 
 1DIAGNOSTIC,    29, -9.071828126907e-01, 3.438892599661e-05, 1.7522e+03, 4.7837e+01, 
 1DIAGNOSTIC,    30, -9.073070287704e-01, 3.102962000412e-05, 1.8000e+03, 4.7823e+01, 
 1DIAGNOSTIC,    31, -9.074466824532e-01, 2.804991163430e-05, 1.8476e+03, 4.7650e+01, 
 1DIAGNOSTIC,    32, -9.075841307640e-01, 2.558558844612e-05, 1.8953e+03, 4.7653e+01, 
 1DIAGNOSTIC,    33, -9.077121019363e-01, 2.345732173126e-05, 1.9431e+03, 4.7771e+01, 
 1DIAGNOSTIC,    34, -9.078427553177e-01, 2.182809657825e-05, 1.9908e+03, 4.7753e+01, 
 1DIAGNOSTIC,    35, -9.079428911209e-01, 2.023696288234e-05, 2.0385e+03, 4.7695e+01, 
 1DIAGNOSTIC,    36, -9.080464243889e-01, 1.882081596705e-05, 2.0862e+03, 4.7701e+01, 
 1DIAGNOSTIC,    37, -9.081435203552e-01, 1.749140392349e-05, 2.1341e+03, 4.7872e+01, 
 1DIAGNOSTIC,    38, -9.082458019257e-01, 1.609597529750e-05, 2.1819e+03, 4.7827e+01, 
 1DIAGNOSTIC,    39, -9.083397984505e-01, 1.485205848439e-05, 2.2296e+03, 4.7658e+01, 
 1DIAGNOSTIC,    40, -9.084454774857e-01, 1.396667266818e-05, 2.2773e+03, 4.7705e+01, 
  Elapsed time (stage 2): 2278


Total elapsed time: 2282
Using double precision for computations.
Input scalar image: 0x7fe6e2e0afe8
Could not create ImageIO for the input file, assuming dimension = 3 and scalar pixel type
Reference image: 0x7fe6e2e0b048
=============================================================================
The composite transform comprises the following transforms (in order): 
  1. /resnick/groups/Proberlab/yun/lightsheet/analysis_output/registration/hcrt-trpv1_huc-h2b-g8m_csn_120min/251102_hcrt-trpv1_huc-h2b-g8m_csn_10uM_fish2/expt_to_mean_affine.mat (type = AffineTransform)
  2. /resnick/groups/Proberlab/yun/lightsheet/analysis_output/registration/hcrt-trpv1_huc-h2b-g8m_csn_120min/251102_hcrt-trpv1_huc-h2b-g8m_csn_10uM_fish2/expt_to_mean_warp.nii.gz (type = DisplacementFieldTransform)
=============================================================================
Default pixel value: 0
Interpolation type: WindowedSincInterpolateImageFunction
Output warped image: 0x7fe6e2e0b068
✅ TMPDIR=/resnick/scratch/yun/tmp_ants | ITK threads=14

Loading mean brain: /resnick/groups/Proberlab/yun/lightsheet/analysis_output/registration/mean_brain_HCRT_TRPV1_YNT_ALL.nii.gz
Mean brain shape=(300, 564, 40), spacing=(1.5199999809265137, 1.5199999809265137, 6.25)

============================================================
  Registering: 251102_hcrt-trpv1_huc-h2b-g8m_csn_10uM_fish2
  proj_ID:     hcrt-trpv1_huc-h2b-g8m_csn_120min
============================================================
Loading volume mean (moving)...
Raw HDF5 shape (Z, X, Y): (40, 296, 572)
Transposed shape (X, Y, Z): (296, 572, 40)
Rotated shape (X, Y, Z): (296, 572, 40)
ANTsImage (RAI)
	 Pixel Type : float (float32)
	 Components : 1
	 Dimensions : (296, 572, 40)
	 Spacing    : (1.52, 1.52, 6.25)
	 Origin     : (0.0, 0.0, 0.0)
	 Direction  : [1. 0. 0. 0. 1. 0. 0. 0. 1.]

  [atlas] spacing=(1.5199999809265137, 1.5199999809265137, 6.25) origin=(454.4799942970276, 855.7599892616272, 243.75)
  [mov  ] spacing=(1.52, 1.52, 6.25) origin=(448.4, 867.92, 243.75)
Resampling to (3.0, 3.0, 3.0) µm...
Running SyN...
antsRegistration -d 3 -r /resnick/scratch/yun/tmp_ants/tmpbc4i9y4t.mat -m MI[0x7fe6e2e0af28,0x7fe6e2e0afc8,1,32,regular,0.2] -t Rigid[0.25] -c 2100x1200x1200x0 -s 3x2x1x0 -f 4x2x2x1 -x [NA,NA] -m MI[0x7fe6e2e0af28,0x7fe6e2e0afc8,1,32,regular,0.2] -t Affine[0.25] -c 2100x1200x1200x0 -s 3x2x1x0 -f 4x2x2x1 -x [NA,NA] -m CC[0x7fe6e2e0af28,0x7fe6e2e0afc8,1,32] -t SyN[0.200000,3.000000,0.000000] -c [120x80x40x0,1e-7,8] -s 3x2x1x0 -f 8x4x2x1 -u 1 -z 1 -o [/resnick/scratch/yun/tmp_ants/tmp9jlrj330,0x7fe6e2e0b008,0x7fe6e2e0afa8] -x [0x7fe6e2e0b028,0x7fe6e2e0b068] --float 1 --write-composite-transform 0 -v 1
SyN warp field saved: /resnick/groups/Proberlab/yun/lightsheet/analysis_output/registration/hcrt-trpv1_huc-h2b-g8m_csn_120min/251102_hcrt-trpv1_huc-h2b-g8m_csn_10uM_fish2/expt_to_mean_warp.nii.gz
SyN affine transform saved: /resnick/groups/Proberlab/yun/lightsheet/analysis_output/registration/hcrt-trpv1_huc-h2b-g8m_csn_120min/251102_hcrt-trpv1_huc-h2b-g8m_csn_10uM_fish2/expt_to_mean_affine.mat
Applying composite transform at full resolution...
['-d', '3', '-i', '0x7fe6e2e0afe8', '-o', '0x7fe6e2e0b068', '-r', '0x7fe6e2e0b048', '-n', 'welchWindowedSinc', '-t', '/resnick/groups/Proberlab/yun/lightsheet/analysis_output/registration/hcrt-trpv1_huc-h2b-g8m_csn_120min/251102_hcrt-trpv1_huc-h2b-g8m_csn_10uM_fish2/expt_to_mean_warp.nii.gz', '-t', '/resnick/groups/Proberlab/yun/lightsheet/analysis_output/registration/hcrt-trpv1_huc-h2b-g8m_csn_120min/251102_hcrt-trpv1_huc-h2b-g8m_csn_10uM_fish2/expt_to_mean_affine.mat']
✅ Registered image saved: /resnick/groups/Proberlab/yun/lightsheet/analysis_output/registration/hcrt-trpv1_huc-h2b-g8m_csn_120min/251102_hcrt-trpv1_huc-h2b-g8m_csn_10uM_fish2/expt_to_mean_registered_final.nii.gz
Saving QC overlay...
  ✅ QC overlay saved: /resnick/groups/Proberlab/yun/lightsheet/analysis_output/registration/hcrt-trpv1_huc-h2b-g8m_csn_120min/251102_hcrt-trpv1_huc-h2b-g8m_csn_10uM_fish2/qc_registration_overlay.pdf

=== Registration complete: 251102_hcrt-trpv1_huc-h2b-g8m_csn_10uM_fish2 ===
