All_Command_lines_OK
Using single precision for computations.
=============================================================================
The composite transform comprises the following transforms (in order): 
  1. /resnick/scratch/yun/tmp_ants/tmpwviofy7p.mat (type = AffineTransform)
=============================================================================
  Reading mask(s).
    Registration stage 0
      No fixed mask
      No moving mask
    Registration stage 1
      No fixed mask
      No moving mask
    Registration stage 2
      Fixed mask = 0x7f4b5276b008
      Moving mask = 0x7f4b5276b048
  number of levels = 4
  number of levels = 4
  number of levels = 4
  fixed image: 0x7f4b5276af08
  moving image: 0x7f4b5276afa8
  fixed image: 0x7f4b5276af08
  moving image: 0x7f4b5276afa8
  fixed image: 0x7f4b5276af08
  moving image: 0x7f4b5276afa8
Dimension = 3
Number of stages = 3
Use histogram matching = true
Winsorize image intensities = false
  Lower quantile = 0
  Upper quantile = 1


Stage 1 State
   Image metric = MattesMI
     Fixed image = Image (0x39a28e0)
  RTTI typeinfo:   itk::Image<float, 3u>
  Reference Count: 2
  Modified Time: 1332167
  Debug: Off
  Object Name: 
  Observers: 
    none
  Source: (none)
  Source output name: (none)
  Release Data: Off
  Data Released: False
  Global Release Data: Off
  PipelineMTime: 0
  UpdateMTime: 1332139
  RealTimeStamp: 0 seconds 
  LargestPossibleRegion: 
    Dimension: 3
    Index: [0, 0, 0]
    Size: [142, 276, 83]
  BufferedRegion: 
    Dimension: 3
    Index: [0, 0, 0]
    Size: [142, 276, 83]
  RequestedRegion: 
    Dimension: 3
    Index: [0, 0, 0]
    Size: [142, 276, 83]
  Spacing: [3, 3, 3]
  Origin: [424.08, 825.36, 243.75]
  Direction: 
-1 0 0
0 -1 0
0 0 -1

  IndexToPointMatrix: 
-3 0 0
0 -3 0
0 0 -3

  PointToIndexMatrix: 
-0.333333 0 0
0 -0.333333 0
0 0 -0.333333

  Inverse Direction: 
-1 0 0
0 -1 0
0 0 -1

  PixelContainer: 
    ImportImageContainer (0x398aef0)
      RTTI typeinfo:   itk::ImportImageContainer<unsigned long, float>
      Reference Count: 1
      Modified Time: 1332137
      Debug: Off
      Object Name: 
      Observers: 
        none
      Pointer: 0x12b14da0
      Container manages memory: true
      Size: 3252936
      Capacity: 3252936

     Moving image = Image (0x3984c80)
  RTTI typeinfo:   itk::Image<float, 3u>
  Reference Count: 2
  Modified Time: 1332168
  Debug: Off
  Object Name: 
  Observers: 
    none
  Source: (none)
  Source output name: (none)
  Release Data: Off
  Data Released: False
  Global Release Data: Off
  PipelineMTime: 0
  UpdateMTime: 1332165
  RealTimeStamp: 0 seconds 
  LargestPossibleRegion: 
    Dimension: 3
    Index: [0, 0, 0]
    Size: [160, 290, 83]
  BufferedRegion: 
    Dimension: 3
    Index: [0, 0, 0]
    Size: [160, 290, 83]
  RequestedRegion: 
    Dimension: 3
    Index: [0, 0, 0]
    Size: [160, 290, 83]
  Spacing: [3, 3, 3]
  Origin: [478.8, 867.92, 243.75]
  Direction: 
-1 0 0
0 -1 0
0 0 -1

  IndexToPointMatrix: 
-3 0 0
0 -3 0
0 0 -3

  PointToIndexMatrix: 
-0.333333 0 0
0 -0.333333 0
0 0 -0.333333

  Inverse Direction: 
-1 0 0
0 -1 0
0 0 -1

  PixelContainer: 
    ImportImageContainer (0x398ab50)
      RTTI typeinfo:   itk::ImportImageContainer<unsigned long, float>
      Reference Count: 1
      Modified Time: 1332163
      Debug: Off
      Object Name: 
      Observers: 
        none
      Pointer: 0x1377d8d0
      Container manages memory: true
      Size: 3851200
      Capacity: 3851200

     Weighting = 1
     Sampling strategy = regular
     Number of bins = 32
     Radius = 4
     Sampling percentage  = 0.2
   Transform = Rigid
     Gradient step = 0.25
     Update field sigma (voxel space) = 0
     Total field sigma (voxel space) = 0
     Update field time sigma = 0
     Total field time sigma  = 0
     Number of time indices = 0
     Number of time point samples = 0
Stage 2 State
   Image metric = MattesMI
     Fixed image = Image (0x3983bc0)
  RTTI typeinfo:   itk::Image<float, 3u>
  Reference Count: 2
  Modified Time: 1332221
  Debug: Off
  Object Name: 
  Observers: 
    none
  Source: (none)
  Source output name: (none)
  Release Data: Off
  Data Released: False
  Global Release Data: Off
  PipelineMTime: 0
  UpdateMTime: 1332193
  RealTimeStamp: 0 seconds 
  LargestPossibleRegion: 
    Dimension: 3
    Index: [0, 0, 0]
    Size: [142, 276, 83]
  BufferedRegion: 
    Dimension: 3
    Index: [0, 0, 0]
    Size: [142, 276, 83]
  RequestedRegion: 
    Dimension: 3
    Index: [0, 0, 0]
    Size: [142, 276, 83]
  Spacing: [3, 3, 3]
  Origin: [424.08, 825.36, 243.75]
  Direction: 
-1 0 0
0 -1 0
0 0 -1

  IndexToPointMatrix: 
-3 0 0
0 -3 0
0 0 -3

  PointToIndexMatrix: 
-0.333333 0 0
0 -0.333333 0
0 0 -0.333333

  Inverse Direction: 
-1 0 0
0 -1 0
0 0 -1

  PixelContainer: 
    ImportImageContainer (0x39e2bd0)
      RTTI typeinfo:   itk::ImportImageContainer<unsigned long, float>
      Reference Count: 1
      Modified Time: 1332191
      Debug: Off
      Object Name: 
      Observers: 
        none
      Pointer: 0x1462e7e0
      Container manages memory: true
      Size: 3252936
      Capacity: 3252936

     Moving image = Image (0x3983e50)
  RTTI typeinfo:   itk::Image<float, 3u>
  Reference Count: 2
  Modified Time: 1332222
  Debug: Off
  Object Name: 
  Observers: 
    none
  Source: (none)
  Source output name: (none)
  Release Data: Off
  Data Released: False
  Global Release Data: Off
  PipelineMTime: 0
  UpdateMTime: 1332219
  RealTimeStamp: 0 seconds 
  LargestPossibleRegion: 
    Dimension: 3
    Index: [0, 0, 0]
    Size: [160, 290, 83]
  BufferedRegion: 
    Dimension: 3
    Index: [0, 0, 0]
    Size: [160, 290, 83]
  RequestedRegion: 
    Dimension: 3
    Index: [0, 0, 0]
    Size: [160, 290, 83]
  Spacing: [3, 3, 3]
  Origin: [478.8, 867.92, 243.75]
  Direction: 
-1 0 0
0 -1 0
0 0 -1

  IndexToPointMatrix: 
-3 0 0
0 -3 0
0 0 -3

  PointToIndexMatrix: 
-0.333333 0 0
0 -0.333333 0
0 0 -0.333333

  Inverse Direction: 
-1 0 0
0 -1 0
0 0 -1

  PixelContainer: 
    ImportImageContainer (0x39da150)
      RTTI typeinfo:   itk::ImportImageContainer<unsigned long, float>
      Reference Count: 1
      Modified Time: 1332217
      Debug: Off
      Object Name: 
      Observers: 
        none
      Pointer: 0x15297310
      Container manages memory: true
      Size: 3851200
      Capacity: 3851200

     Weighting = 1
     Sampling strategy = regular
     Number of bins = 32
     Radius = 4
     Sampling percentage  = 0.2
   Transform = Affine
     Gradient step = 0.25
     Update field sigma (voxel space) = 0
     Total field sigma (voxel space) = 0
     Update field time sigma = 0
     Total field time sigma  = 0
     Number of time indices = 0
     Number of time point samples = 0
Stage 3 State
   Image metric = CC
     Fixed image = Image (0x39842f0)
  RTTI typeinfo:   itk::Image<float, 3u>
  Reference Count: 2
  Modified Time: 1332275
  Debug: Off
  Object Name: 
  Observers: 
    none
  Source: (none)
  Source output name: (none)
  Release Data: Off
  Data Released: False
  Global Release Data: Off
  PipelineMTime: 0
  UpdateMTime: 1332247
  RealTimeStamp: 0 seconds 
  LargestPossibleRegion: 
    Dimension: 3
    Index: [0, 0, 0]
    Size: [142, 276, 83]
  BufferedRegion: 
    Dimension: 3
    Index: [0, 0, 0]
    Size: [142, 276, 83]
  RequestedRegion: 
    Dimension: 3
    Index: [0, 0, 0]
    Size: [142, 276, 83]
  Spacing: [3, 3, 3]
  Origin: [424.08, 825.36, 243.75]
  Direction: 
-1 0 0
0 -1 0
0 0 -1

  IndexToPointMatrix: 
-3 0 0
0 -3 0
0 0 -3

  PointToIndexMatrix: 
-0.333333 0 0
0 -0.333333 0
0 0 -0.333333

  Inverse Direction: 
-1 0 0
0 -1 0
0 0 -1

  PixelContainer: 
    ImportImageContainer (0x396ba50)
      RTTI typeinfo:   itk::ImportImageContainer<unsigned long, float>
      Reference Count: 1
      Modified Time: 1332245
      Debug: Off
      Object Name: 
      Observers: 
        none
      Pointer: 0x16148220
      Container manages memory: true
      Size: 3252936
      Capacity: 3252936

     Moving image = Image (0x3984580)
  RTTI typeinfo:   itk::Image<float, 3u>
  Reference Count: 2
  Modified Time: 1332276
  Debug: Off
  Object Name: 
  Observers: 
    none
  Source: (none)
  Source output name: (none)
  Release Data: Off
  Data Released: False
  Global Release Data: Off
  PipelineMTime: 0
  UpdateMTime: 1332273
  RealTimeStamp: 0 seconds 
  LargestPossibleRegion: 
    Dimension: 3
    Index: [0, 0, 0]
    Size: [160, 290, 83]
  BufferedRegion: 
    Dimension: 3
    Index: [0, 0, 0]
    Size: [160, 290, 83]
  RequestedRegion: 
    Dimension: 3
    Index: [0, 0, 0]
    Size: [160, 290, 83]
  Spacing: [3, 3, 3]
  Origin: [478.8, 867.92, 243.75]
  Direction: 
-1 0 0
0 -1 0
0 0 -1

  IndexToPointMatrix: 
-3 0 0
0 -3 0
0 0 -3

  PointToIndexMatrix: 
-0.333333 0 0
0 -0.333333 0
0 0 -0.333333

  Inverse Direction: 
-1 0 0
0 -1 0
0 0 -1

  PixelContainer: 
    ImportImageContainer (0x3988640)
      RTTI typeinfo:   itk::ImportImageContainer<unsigned long, float>
      Reference Count: 1
      Modified Time: 1332271
      Debug: Off
      Object Name: 
      Observers: 
        none
      Pointer: 0x16db0d50
      Container manages memory: true
      Size: 3851200
      Capacity: 3851200

     Weighting = 1
     Sampling strategy = none
     Number of bins = 32
     Radius = 32
     Sampling percentage  = 1
   Transform = SyN
     Gradient step = 0.2
     Update field sigma (voxel space) = 3
     Total field sigma (voxel space) = 0
     Update field time sigma = 0
     Total field time sigma  = 0
     Number of time indices = 0
     Number of time point samples = 0
Registration using 3 total stages.

Stage 0
  iterations = 2100x1200x1200x0
  convergence threshold = 1e-06
  convergence window size = 10
  number of levels = 4
  using the Mattes MI metric (number of bins = 32, weight = 1, use gradient filter = 0)
  preprocessing:  histogram matching the images
  Shrink factors (level 1 out of 4): [4, 4, 4]
  Shrink factors (level 2 out of 4): [2, 2, 2]
  Shrink factors (level 3 out of 4): [2, 2, 2]
  Shrink factors (level 4 out of 4): [1, 1, 1]
  smoothing sigmas per level: [3, 2, 1, 0]
  regular sampling (percentage = 0.2)

*** Running Euler3DTransform registration ***

DIAGNOSTIC,Iteration,metricValue,convergenceValue,ITERATION_TIME_INDEX,SINCE_LAST
 2DIAGNOSTIC,     1, -8.231013417244e-01, inf, 1.1579e-01, 1.1579e-01, 
 2DIAGNOSTIC,     2, -8.242936730385e-01, inf, 1.2092e-01, 5.1281e-03, 
 2DIAGNOSTIC,     3, -8.248625397682e-01, inf, 1.2584e-01, 4.9219e-03, 
 2DIAGNOSTIC,     4, -8.253858089447e-01, inf, 1.3056e-01, 4.7221e-03, 
 2DIAGNOSTIC,     5, -8.269402384758e-01, inf, 1.3493e-01, 4.3681e-03, 
 2DIAGNOSTIC,     6, -8.272236585617e-01, inf, 1.4027e-01, 5.3399e-03, 
 2DIAGNOSTIC,     7, -8.274906873703e-01, inf, 1.4457e-01, 4.2968e-03, 
 2DIAGNOSTIC,     8, -8.272572159767e-01, inf, 1.4834e-01, 3.7711e-03, 
 2DIAGNOSTIC,     9, -8.273968696594e-01, inf, 1.5244e-01, 4.1029e-03, 
 2DIAGNOSTIC,    10, -8.272889852524e-01, 3.337703528814e-04, 1.6228e-01, 9.8400e-03, 
 2DIAGNOSTIC,    11, -8.279391527176e-01, 2.333302109037e-04, 1.6775e-01, 5.4681e-03, 
 2DIAGNOSTIC,    12, -8.285323381424e-01, 1.799620658858e-04, 1.7434e-01, 6.5970e-03, 
 2DIAGNOSTIC,    13, -8.282862305641e-01, 1.273531815968e-04, 1.8013e-01, 5.7871e-03, 
 2DIAGNOSTIC,    14, -8.279531598091e-01, 7.528218702646e-05, 1.8574e-01, 5.6121e-03, 
 2DIAGNOSTIC,    15, -8.277257084846e-01, 5.405616320786e-05, 1.9199e-01, 6.2499e-03, 
 2DIAGNOSTIC,    16, -8.277419805527e-01, 3.667904093163e-05, 1.9743e-01, 5.4328e-03, 
 2DIAGNOSTIC,    17, -8.277522921562e-01, 2.348879206693e-05, 2.0279e-01, 5.3620e-03, 
 2DIAGNOSTIC,    18, -8.277799487114e-01, 5.928091468377e-06, 2.0799e-01, 5.2040e-03, 
DIAGNOSTIC,Iteration,metricValue,convergenceValue,ITERATION_TIME_INDEX,SINCE_LAST
 2DIAGNOSTIC,     1, -7.486817836761e-01, inf, 3.3301e-01, 1.2502e-01, 
 2DIAGNOSTIC,     2, -7.489407658577e-01, inf, 3.5011e-01, 1.7102e-02, 
 2DIAGNOSTIC,     3, -7.492197155952e-01, inf, 3.6363e-01, 1.3517e-02, 
 2DIAGNOSTIC,     4, -7.495343089104e-01, inf, 3.8208e-01, 1.8448e-02, 
 2DIAGNOSTIC,     5, -7.495536804199e-01, inf, 4.0058e-01, 1.8499e-02, 
 2DIAGNOSTIC,     6, -7.495642900467e-01, inf, 4.1574e-01, 1.5166e-02, 
 2DIAGNOSTIC,     7, -7.495365142822e-01, inf, 4.3062e-01, 1.4873e-02, 
 2DIAGNOSTIC,     8, -7.494974136353e-01, inf, 4.4725e-01, 1.6637e-02, 
 2DIAGNOSTIC,     9, -7.494726181030e-01, inf, 4.6214e-01, 1.4884e-02, 
 2DIAGNOSTIC,    10, -7.494493722916e-01, 5.741770655732e-05, 4.7760e-01, 1.5464e-02, 
 2DIAGNOSTIC,    11, -7.494593858719e-01, 2.513331492082e-05, 4.9313e-01, 1.5527e-02, 
 2DIAGNOSTIC,    12, -7.494105100632e-01, 2.741340495049e-06, 5.0861e-01, 1.5480e-02, 
DIAGNOSTIC,Iteration,metricValue,convergenceValue,ITERATION_TIME_INDEX,SINCE_LAST
 2DIAGNOSTIC,     1, -6.664963960648e-01, inf, 6.2349e-01, 1.1489e-01, 
 2DIAGNOSTIC,     2, -6.665503382683e-01, inf, 6.4215e-01, 1.8656e-02, 
 2DIAGNOSTIC,     3, -6.665627360344e-01, inf, 6.5656e-01, 1.4410e-02, 
 2DIAGNOSTIC,     4, -6.666365861893e-01, inf, 6.7270e-01, 1.6138e-02, 
 2DIAGNOSTIC,     5, -6.665250062943e-01, inf, 6.9609e-01, 2.3395e-02, 
 2DIAGNOSTIC,     6, -6.665428876877e-01, inf, 7.1220e-01, 1.6106e-02, 
 2DIAGNOSTIC,     7, -6.664992570877e-01, inf, 7.3143e-01, 1.9236e-02, 
 2DIAGNOSTIC,     8, -6.664885878563e-01, inf, 7.4723e-01, 1.5793e-02, 
 2DIAGNOSTIC,     9, -6.664782762527e-01, inf, 7.6308e-01, 1.5848e-02, 
DIAGNOSTIC,Iteration,metricValue,convergenceValue,ITERATION_TIME_INDEX,SINCE_LAST
 2DIAGNOSTIC,     1, -5.391956567764e-01, inf, 1.0772e+00, 3.1412e-01, 
  Elapsed time (stage 0): 1.5475e+00


Stage 1
  iterations = 2100x1200x1200x0
  convergence threshold = 1.0000e-06
  convergence window size = 10
  number of levels = 4
  using the Mattes MI metric (number of bins = 32, weight = 1.0000e+00, use gradient filter = 0)
  preprocessing:  histogram matching the images
  Shrink factors (level 1 out of 4): [4, 4, 4]
  Shrink factors (level 2 out of 4): [2, 2, 2]
  Shrink factors (level 3 out of 4): [2, 2, 2]
  Shrink factors (level 4 out of 4): [1, 1, 1]
  smoothing sigmas per level: [3, 2, 1, 0]
  regular sampling (percentage = 2.0000e-01)

*** Running AffineTransform registration ***

DIAGNOSTIC,Iteration,metricValue,convergenceValue,ITERATION_TIME_INDEX,SINCE_LAST
 2DIAGNOSTIC,     1, -8.377227187157e-01, inf, 8.8903e-02, 8.8903e-02, 
 2DIAGNOSTIC,     2, -8.381111621857e-01, inf, 9.3780e-02, 4.8769e-03, 
 2DIAGNOSTIC,     3, -8.385724425316e-01, inf, 9.8948e-02, 5.1680e-03, 
 2DIAGNOSTIC,     4, -8.390033245087e-01, inf, 1.0346e-01, 4.5159e-03, 
 2DIAGNOSTIC,     5, -8.390478491783e-01, inf, 1.0777e-01, 4.3020e-03, 
 2DIAGNOSTIC,     6, -8.393545746803e-01, inf, 1.1165e-01, 3.8841e-03, 
 2DIAGNOSTIC,     7, -8.395288586617e-01, inf, 1.1513e-01, 3.4781e-03, 
 2DIAGNOSTIC,     8, -8.396226763725e-01, inf, 1.1836e-01, 3.2361e-03, 
 2DIAGNOSTIC,     9, -8.398811221123e-01, inf, 1.2175e-01, 3.3829e-03, 
 2DIAGNOSTIC,    10, -8.402565121651e-01, 1.763751643011e-04, 1.2547e-01, 3.7229e-03, 
 2DIAGNOSTIC,    11, -8.400369882584e-01, 1.356038992526e-04, 1.2901e-01, 3.5431e-03, 
 2DIAGNOSTIC,    12, -8.395917415619e-01, 8.822921518004e-05, 1.3247e-01, 3.4549e-03, 
 2DIAGNOSTIC,    13, -8.398309350014e-01, 5.882583354833e-05, 1.3595e-01, 3.4800e-03, 
 2DIAGNOSTIC,    14, -8.399484157562e-01, 4.136548159295e-05, 1.3938e-01, 3.4368e-03, 
 2DIAGNOSTIC,    15, -8.402890563011e-01, 3.092208135058e-05, 1.4379e-01, 4.4060e-03, 
 2DIAGNOSTIC,    16, -8.402901291847e-01, 2.565546128608e-05, 1.4712e-01, 3.3321e-03, 
 2DIAGNOSTIC,    17, -8.401970267296e-01, 2.084504740196e-05, 1.5009e-01, 2.9669e-03, 
 2DIAGNOSTIC,    18, -8.400540351868e-01, 1.387277916365e-05, 1.5344e-01, 3.3460e-03, 
 2DIAGNOSTIC,    19, -8.399009704590e-01, 8.001653441170e-06, 1.5775e-01, 4.3130e-03, 
 2DIAGNOSTIC,    20, -8.398728966713e-01, 8.005004929146e-06, 1.6096e-01, 3.2110e-03, 
 2DIAGNOSTIC,    21, -8.397776484489e-01, 2.550134240664e-06, 1.6388e-01, 2.9161e-03, 
DIAGNOSTIC,Iteration,metricValue,convergenceValue,ITERATION_TIME_INDEX,SINCE_LAST
 2DIAGNOSTIC,     1, -7.470617294312e-01, inf, 2.7419e-01, 1.1032e-01, 
 2DIAGNOSTIC,     2, -7.473189830780e-01, inf, 2.9239e-01, 1.8201e-02, 
 2DIAGNOSTIC,     3, -7.476089596748e-01, inf, 3.1076e-01, 1.8368e-02, 
 2DIAGNOSTIC,     4, -7.477945089340e-01, inf, 3.2885e-01, 1.8086e-02, 
 2DIAGNOSTIC,     5, -7.478435635567e-01, inf, 3.4667e-01, 1.7822e-02, 
 2DIAGNOSTIC,     6, -7.479765415192e-01, inf, 3.6458e-01, 1.7912e-02, 
 2DIAGNOSTIC,     7, -7.479467988014e-01, inf, 3.8468e-01, 2.0097e-02, 
 2DIAGNOSTIC,     8, -7.479668855667e-01, inf, 4.0490e-01, 2.0219e-02, 
 2DIAGNOSTIC,     9, -7.479684352875e-01, inf, 4.2311e-01, 1.8211e-02, 
 2DIAGNOSTIC,    10, -7.479591369629e-01, 7.194521458587e-05, 4.3949e-01, 1.6378e-02, 
 2DIAGNOSTIC,    11, -7.479597330093e-01, 4.164053098066e-05, 4.5624e-01, 1.6752e-02, 
 2DIAGNOSTIC,    12, -7.479450106621e-01, 2.042244705081e-05, 4.7272e-01, 1.6485e-02, 
 2DIAGNOSTIC,    13, -7.480062246323e-01, 1.105843875848e-05, 4.9278e-01, 2.0060e-02, 
 2DIAGNOSTIC,    14, -7.480250597000e-01, 7.737040505162e-06, 5.0956e-01, 1.6775e-02, 
 2DIAGNOSTIC,    15, -7.479977607727e-01, 4.816319687961e-06, 5.2791e-01, 1.8351e-02, 
 2DIAGNOSTIC,    16, -7.480207681656e-01, 5.794819571747e-06, 5.4462e-01, 1.6706e-02, 
 2DIAGNOSTIC,    17, -7.480704188347e-01, 6.722040780005e-06, 5.6121e-01, 1.6599e-02, 
 2DIAGNOSTIC,    18, -7.481451034546e-01, 9.040154509421e-06, 5.7980e-01, 1.8586e-02, 
 2DIAGNOSTIC,    19, -7.482160329819e-01, 1.185833116324e-05, 5.9621e-01, 1.6411e-02, 
 2DIAGNOSTIC,    20, -7.483225464821e-01, 1.531018642709e-05, 6.1300e-01, 1.6793e-02, 
 2DIAGNOSTIC,    21, -7.484450340271e-01, 1.938246896316e-05, 6.3137e-01, 1.8362e-02, 
 2DIAGNOSTIC,    22, -7.485178112984e-01, 2.234542080259e-05, 6.5156e-01, 2.0189e-02, 
 2DIAGNOSTIC,    23, -7.484731078148e-01, 2.335032877454e-05, 6.7159e-01, 2.0035e-02, 
 2DIAGNOSTIC,    24, -7.484430670738e-01, 2.210062120866e-05, 6.9012e-01, 1.8531e-02, 
 2DIAGNOSTIC,    25, -7.484422326088e-01, 1.857476854639e-05, 7.1080e-01, 2.0683e-02, 
 2DIAGNOSTIC,    26, -7.484228610992e-01, 1.369982965116e-05, 7.3093e-01, 2.0121e-02, 
 2DIAGNOSTIC,    27, -7.484215497971e-01, 8.677024197823e-06, 7.4926e-01, 1.8330e-02, 
 2DIAGNOSTIC,    28, -7.484204173088e-01, 4.326089765527e-06, 7.6746e-01, 1.8200e-02, 
DIAGNOSTIC,Iteration,metricValue,convergenceValue,ITERATION_TIME_INDEX,SINCE_LAST
 2DIAGNOSTIC,     1, -6.675416827202e-01, inf, 8.8811e-01, 1.2065e-01, 
 2DIAGNOSTIC,     2, -6.675695776939e-01, inf, 9.0970e-01, 2.1595e-02, 
 2DIAGNOSTIC,     3, -6.675946712494e-01, inf, 9.2935e-01, 1.9650e-02, 
 2DIAGNOSTIC,     4, -6.676298975945e-01, inf, 9.4743e-01, 1.8082e-02, 
 2DIAGNOSTIC,     5, -6.676632761955e-01, inf, 9.6762e-01, 2.0190e-02, 
 2DIAGNOSTIC,     6, -6.676856279373e-01, inf, 9.8949e-01, 2.1867e-02, 
 2DIAGNOSTIC,     7, -6.677142977715e-01, inf, 1.0084e+00, 1.8863e-02, 
 2DIAGNOSTIC,     8, -6.676964163780e-01, inf, 1.0254e+00, 1.7067e-02, 
 2DIAGNOSTIC,     9, -6.676829457283e-01, inf, 1.0431e+00, 1.7701e-02, 
 2DIAGNOSTIC,    10, -6.677152514458e-01, 1.966098716366e-05, 1.0612e+00, 1.8083e-02, 
 2DIAGNOSTIC,    11, -6.677742004395e-01, 1.711002551019e-05, 1.0809e+00, 1.9674e-02, 
 2DIAGNOSTIC,    12, -6.678492426872e-01, 1.729800533212e-05, 1.1032e+00, 2.2369e-02, 
 2DIAGNOSTIC,    13, -6.678607463837e-01, 1.730315125315e-05, 1.1238e+00, 2.0586e-02, 
 2DIAGNOSTIC,    14, -6.678478717804e-01, 1.668312506808e-05, 1.1444e+00, 2.0561e-02, 
 2DIAGNOSTIC,    15, -6.678014397621e-01, 1.447202430427e-05, 1.1647e+00, 2.0288e-02, 
 2DIAGNOSTIC,    16, -6.678245067596e-01, 1.257849726244e-05, 1.1839e+00, 1.9173e-02, 
 2DIAGNOSTIC,    17, -6.678597331047e-01, 1.148046521848e-05, 1.2024e+00, 1.8565e-02, 
 2DIAGNOSTIC,    18, -6.678963899612e-01, 1.005651211017e-05, 1.2196e+00, 1.7149e-02, 
 2DIAGNOSTIC,    19, -6.679238677025e-01, 8.352960321645e-06, 1.2397e+00, 2.0083e-02, 
 2DIAGNOSTIC,    20, -6.680440306664e-01, 9.451744517719e-06, 1.2591e+00, 1.9491e-02, 
 2DIAGNOSTIC,    21, -6.680212616920e-01, 1.034394244925e-05, 1.2785e+00, 1.9351e-02, 
 2DIAGNOSTIC,    22, -6.680223345757e-01, 1.181255720439e-05, 1.2979e+00, 1.9448e-02, 
 2DIAGNOSTIC,    23, -6.679807901382e-01, 1.164596778835e-05, 1.3179e+00, 1.9968e-02, 
 2DIAGNOSTIC,    24, -6.678999662399e-01, 8.904582500691e-06, 1.3360e+00, 1.8100e-02, 
 2DIAGNOSTIC,    25, -6.678849458694e-01, 4.627219368558e-06, 1.3542e+00, 1.8210e-02, 
 2DIAGNOSTIC,    26, -6.679219007492e-01, 1.322748289567e-06, 1.3777e+00, 2.3507e-02, 
DIAGNOSTIC,Iteration,metricValue,convergenceValue,ITERATION_TIME_INDEX,SINCE_LAST
 2DIAGNOSTIC,     1, -5.485782623291e-01, inf, 1.7149e+00, 3.3715e-01, 
  Elapsed time (stage 1): 2.1489e+00


Stage 2
  iterations = 120x80x40x0
  convergence threshold = 1.0000e-07
  convergence window size = 8
  number of levels = 4
  using the CC metric (radius = 32, weight = 1.0000e+00, use gradient filter = 0)
  preprocessing:  histogram matching the images
  Shrink factors (level 1 out of 4): [8, 8, 8]
  Shrink factors (level 2 out of 4): [4, 4, 4]
  Shrink factors (level 3 out of 4): [2, 2, 2]
  Shrink factors (level 4 out of 4): [1, 1, 1]
  smoothing sigmas per level: [3, 2, 1, 0]
  Using default NONE metricSamplingStrategy 

*** Running SyN registration (varianceForUpdateField = 3.0000e+00, varianceForTotalField = 0.0000e+00) ***

XXDIAGNOSTIC,Iteration,metricValue,convergenceValue,ITERATION_TIME_INDEX,SINCE_LAST
 1DIAGNOSTIC,     1, -7.302088737488e-01, inf, 6.1783e-01, 6.1783e-01, 
 1DIAGNOSTIC,     2, -7.705841064453e-01, inf, 1.1573e+00, 5.3947e-01, 
 1DIAGNOSTIC,     3, -7.963701486588e-01, inf, 1.6982e+00, 5.4093e-01, 
 1DIAGNOSTIC,     4, -8.133621215820e-01, inf, 2.2388e+00, 5.4062e-01, 
 1DIAGNOSTIC,     5, -8.218549489975e-01, inf, 2.7810e+00, 5.4212e-01, 
 1DIAGNOSTIC,     6, -8.285630941391e-01, inf, 3.3225e+00, 5.4150e-01, 
 1DIAGNOSTIC,     7, -8.330884575844e-01, inf, 3.8638e+00, 5.4134e-01, 
 1DIAGNOSTIC,     8, -8.361262679100e-01, 9.702039882541e-03, 4.4059e+00, 5.4214e-01, 
 1DIAGNOSTIC,     9, -8.385455608368e-01, 5.481736268848e-03, 4.9478e+00, 5.4184e-01, 
 1DIAGNOSTIC,    10, -8.399867415428e-01, 3.185308305547e-03, 5.4914e+00, 5.4358e-01, 
 1DIAGNOSTIC,    11, -8.402916193008e-01, 1.895665423945e-03, 6.0286e+00, 5.3725e-01, 
 1DIAGNOSTIC,    12, -8.407287597656e-01, 1.186604262330e-03, 6.4403e+00, 4.1168e-01, 
 1DIAGNOSTIC,    13, -8.412367105484e-01, 7.181866676547e-04, 6.8404e+00, 4.0007e-01, 
 1DIAGNOSTIC,    14, -8.415484428406e-01, 4.307080525905e-04, 7.2394e+00, 3.9903e-01, 
 1DIAGNOSTIC,    15, -8.420404791832e-01, 2.646865032148e-04, 7.6399e+00, 4.0052e-01, 
 1DIAGNOSTIC,    16, -8.422545194626e-01, 1.686224131845e-04, 8.0392e+00, 3.9922e-01, 
 1DIAGNOSTIC,    17, -8.420411944389e-01, 1.149834133685e-04, 8.4466e+00, 4.0750e-01, 
 1DIAGNOSTIC,    18, -8.421216011047e-01, 8.733534923522e-05, 8.8570e+00, 4.1037e-01, 
 1DIAGNOSTIC,    19, -8.421770930290e-01, 5.814256292069e-05, 9.2684e+00, 4.1137e-01, 
 1DIAGNOSTIC,    20, -8.420302271843e-01, 2.986754043377e-05, 9.6782e+00, 4.0976e-01, 
 1DIAGNOSTIC,    21, -8.418575525284e-01, 7.378893315035e-06, 1.0089e+01, 4.1109e-01, 
 1DIAGNOSTIC,    22, -8.412002325058e-01, -2.059054895653e-05, 1.0500e+01, 4.1100e-01, 
XXDIAGNOSTIC,Iteration,metricValue,convergenceValue,ITERATION_TIME_INDEX,SINCE_LAST
 1DIAGNOSTIC,     1, -8.138049840927e-01, inf, 1.4424e+01, 3.9239e+00, 
 1DIAGNOSTIC,     2, -8.231960535049e-01, inf, 1.8279e+01, 3.8550e+00, 
 1DIAGNOSTIC,     3, -8.317037224770e-01, inf, 2.2142e+01, 3.8626e+00, 
 1DIAGNOSTIC,     4, -8.379676342010e-01, inf, 2.6094e+01, 3.9523e+00, 
 1DIAGNOSTIC,     5, -8.423117995262e-01, inf, 3.0039e+01, 3.9451e+00, 
 1DIAGNOSTIC,     6, -8.459996581078e-01, inf, 3.3929e+01, 3.8895e+00, 
 1DIAGNOSTIC,     7, -8.486630916595e-01, inf, 3.7860e+01, 3.9310e+00, 
 1DIAGNOSTIC,     8, -8.507930636406e-01, 3.522777697071e-03, 4.1771e+01, 3.9117e+00, 
 1DIAGNOSTIC,     9, -8.524165153503e-01, 2.416453789920e-03, 4.5727e+01, 3.9556e+00, 
 1DIAGNOSTIC,    10, -8.537230491638e-01, 1.648174365982e-03, 4.9665e+01, 3.9384e+00, 
 1DIAGNOSTIC,    11, -8.547371625900e-01, 1.152828335762e-03, 5.3636e+01, 3.9702e+00, 
 1DIAGNOSTIC,    12, -8.556343317032e-01, 8.283460047096e-04, 5.7512e+01, 3.8762e+00, 
 1DIAGNOSTIC,    13, -8.563299179077e-01, 5.987261538394e-04, 6.1371e+01, 3.8594e+00, 
 1DIAGNOSTIC,    14, -8.569945096970e-01, 4.467034304980e-04, 6.5272e+01, 3.9007e+00, 
 1DIAGNOSTIC,    15, -8.572717905045e-01, 3.330076579005e-04, 6.9128e+01, 3.8566e+00, 
 1DIAGNOSTIC,    16, -8.574911952019e-01, 2.472255146131e-04, 7.3008e+01, 3.8801e+00, 
 1DIAGNOSTIC,    17, -8.576362729073e-01, 1.793794508558e-04, 7.6886e+01, 3.8774e+00, 
 1DIAGNOSTIC,    18, -8.576091527939e-01, 1.229042827617e-04, 8.0753e+01, 3.8667e+00, 
 1DIAGNOSTIC,    19, -8.578053712845e-01, 8.133212395478e-05, 8.4659e+01, 3.9066e+00, 
 1DIAGNOSTIC,    20, -8.579367995262e-01, 5.362355295802e-05, 8.8562e+01, 3.9025e+00, 
 1DIAGNOSTIC,    21, -8.580915927887e-01, 3.768048554775e-05, 9.2456e+01, 3.8942e+00, 
 1DIAGNOSTIC,    22, -8.582084774971e-01, 3.267847205279e-05, 9.6397e+01, 3.9413e+00, 
 1DIAGNOSTIC,    23, -8.583654165268e-01, 3.133808786515e-05, 1.0033e+02, 3.9361e+00, 
 1DIAGNOSTIC,    24, -8.584694266319e-01, 3.123671194771e-05, 1.0425e+02, 3.9201e+00, 
 1DIAGNOSTIC,    25, -8.586087226868e-01, 3.156504681101e-05, 1.0823e+02, 3.9741e+00, 
 1DIAGNOSTIC,    26, -8.587254285812e-01, 2.885605681513e-05, 1.1213e+02, 3.9068e+00, 
 1DIAGNOSTIC,    27, -8.587476015091e-01, 2.565859358583e-05, 1.1613e+02, 3.9909e+00, 
 1DIAGNOSTIC,    28, -8.590831160545e-01, 2.600205698400e-05, 1.2001e+02, 3.8857e+00, 
 1DIAGNOSTIC,    29, -8.591505885124e-01, 2.576225233497e-05, 1.2390e+02, 3.8852e+00, 
 1DIAGNOSTIC,    30, -8.592401742935e-01, 2.483363277861e-05, 1.2776e+02, 3.8620e+00, 
 1DIAGNOSTIC,    31, -8.592642545700e-01, 2.292208409926e-05, 1.3162e+02, 3.8629e+00, 
 1DIAGNOSTIC,    32, -8.593508005142e-01, 2.030779432971e-05, 1.3550e+02, 3.8839e+00, 
 1DIAGNOSTIC,    33, -8.593155145645e-01, 1.628682548471e-05, 1.3936e+02, 3.8591e+00, 
 1DIAGNOSTIC,    34, -8.595008254051e-01, 1.402314865118e-05, 1.4324e+02, 3.8743e+00, 
 1DIAGNOSTIC,    35, -8.594841957092e-01, 9.948966180673e-06, 1.4710e+02, 3.8587e+00, 
 1DIAGNOSTIC,    36, -8.595623970032e-01, 9.553488780512e-06, 1.5097e+02, 3.8777e+00, 
 1DIAGNOSTIC,    37, -8.595247268677e-01, 8.238676855399e-06, 1.5494e+02, 3.9670e+00, 
 1DIAGNOSTIC,    38, -8.596065044403e-01, 7.775306585245e-06, 1.5885e+02, 3.9100e+00, 
 1DIAGNOSTIC,    39, -8.595825433731e-01, 6.294158083620e-06, 1.6276e+02, 3.9117e+00, 
 1DIAGNOSTIC,    40, -8.596264123917e-01, 5.496785888681e-06, 1.6673e+02, 3.9641e+00, 
 1DIAGNOSTIC,    41, -8.595917224884e-01, 3.328450702611e-06, 1.7063e+02, 3.9018e+00, 
 1DIAGNOSTIC,    42, -8.596316576004e-01, 3.126624051220e-06, 1.7464e+02, 4.0073e+00, 
 1DIAGNOSTIC,    43, -8.597371578217e-01, 3.424433998589e-06, 1.7855e+02, 3.9128e+00, 
 1DIAGNOSTIC,    44, -8.597607016563e-01, 4.287729097996e-06, 1.8250e+02, 3.9547e+00, 
 1DIAGNOSTIC,    45, -8.598725795746e-01, 5.291788966133e-06, 1.8636e+02, 3.8603e+00, 
 1DIAGNOSTIC,    46, -8.598853349686e-01, 6.427945208998e-06, 1.9023e+02, 3.8624e+00, 
 1DIAGNOSTIC,    47, -8.599399328232e-01, 6.937332727830e-06, 1.9412e+02, 3.8936e+00, 
 1DIAGNOSTIC,    48, -8.600411415100e-01, 7.758379069855e-06, 1.9798e+02, 3.8618e+00, 
 1DIAGNOSTIC,    49, -8.600269556046e-01, 7.091663064784e-06, 2.0186e+02, 3.8738e+00, 
 1DIAGNOSTIC,    50, -8.600476384163e-01, 6.020284217811e-06, 2.0573e+02, 3.8712e+00, 
 1DIAGNOSTIC,    51, -8.601582646370e-01, 5.947347744950e-06, 2.0958e+02, 3.8512e+00, 
 1DIAGNOSTIC,    52, -8.601430654526e-01, 5.125794814376e-06, 2.1349e+02, 3.9093e+00, 
 1DIAGNOSTIC,    53, -8.601982593536e-01, 5.007694653614e-06, 2.1738e+02, 3.8879e+00, 
 1DIAGNOSTIC,    54, -8.603073954582e-01, 5.177929324418e-06, 2.2132e+02, 3.9425e+00, 
 1DIAGNOSTIC,    55, -8.603348731995e-01, 5.246432920103e-06, 2.2527e+02, 3.9562e+00, 
 1DIAGNOSTIC,    56, -8.603374958038e-01, 5.418723048933e-06, 2.2916e+02, 3.8868e+00, 
 1DIAGNOSTIC,    57, -8.604217767715e-01, 5.394508207246e-06, 2.3313e+02, 3.9740e+00, 
 1DIAGNOSTIC,    58, -8.604284524918e-01, 4.814917701879e-06, 2.3704e+02, 3.9031e+00, 
 1DIAGNOSTIC,    59, -8.604557514191e-01, 4.612572411133e-06, 2.4102e+02, 3.9805e+00, 
 1DIAGNOSTIC,    60, -8.604967594147e-01, 4.011565579276e-06, 2.4493e+02, 3.9076e+00, 
 1DIAGNOSTIC,    61, -8.605651259422e-01, 3.732817049240e-06, 2.4880e+02, 3.8786e+00, 
 1DIAGNOSTIC,    62, -8.605004549026e-01, 3.288856987638e-06, 2.5268e+02, 3.8768e+00, 
 1DIAGNOSTIC,    63, -8.605123758316e-01, 2.743881168499e-06, 2.5654e+02, 3.8552e+00, 
 1DIAGNOSTIC,    64, -8.605391979218e-01, 2.059953658318e-06, 2.6041e+02, 3.8765e+00, 
 1DIAGNOSTIC,    65, -8.606128692627e-01, 2.164603984056e-06, 2.6429e+02, 3.8743e+00, 
 1DIAGNOSTIC,    66, -8.605889678001e-01, 1.934520241775e-06, 2.6817e+02, 3.8824e+00, 
 1DIAGNOSTIC,    67, -8.606024384499e-01, 1.775918804015e-06, 2.7206e+02, 3.8879e+00, 
 1DIAGNOSTIC,    68, -8.606584668159e-01, 2.000810127356e-06, 2.7594e+02, 3.8781e+00, 
 1DIAGNOSTIC,    69, -8.606896400452e-01, 2.588401457615e-06, 2.7987e+02, 3.9371e+00, 
 1DIAGNOSTIC,    70, -8.607680797577e-01, 2.947394932562e-06, 2.8381e+02, 3.9398e+00, 
 1DIAGNOSTIC,    71, -8.607735633850e-01, 3.040153842448e-06, 2.8770e+02, 3.8885e+00, 
 1DIAGNOSTIC,    72, -8.608063459396e-01, 3.086805236308e-06, 2.9167e+02, 3.9653e+00, 
 1DIAGNOSTIC,    73, -8.608052730560e-01, 3.154712203468e-06, 2.9560e+02, 3.9365e+00, 
 1DIAGNOSTIC,    74, -8.608031868935e-01, 2.684322225832e-06, 2.9956e+02, 3.9581e+00, 
 1DIAGNOSTIC,    75, -8.608496785164e-01, 2.227895947726e-06, 3.0352e+02, 3.9552e+00, 
 1DIAGNOSTIC,    76, -8.609029054642e-01, 2.112528363796e-06, 3.0750e+02, 3.9878e+00, 
 1DIAGNOSTIC,    77, -8.609503507614e-01, 2.171576397814e-06, 3.1140e+02, 3.8966e+00, 
 1DIAGNOSTIC,    78, -8.609145879745e-01, 2.209053945990e-06, 3.1527e+02, 3.8657e+00, 
 1DIAGNOSTIC,    79, -8.609414696693e-01, 2.156540631404e-06, 3.1915e+02, 3.8803e+00, 
 1DIAGNOSTIC,    80, -8.609670400620e-01, 2.139982598237e-06, 3.2302e+02, 3.8714e+00, 
XXDIAGNOSTIC,Iteration,metricValue,convergenceValue,ITERATION_TIME_INDEX,SINCE_LAST
 1DIAGNOSTIC,     1, -8.215105533600e-01, inf, 3.6388e+02, 4.0859e+01, 
 1DIAGNOSTIC,     2, -8.226149082184e-01, inf, 4.0463e+02, 4.0753e+01, 
 1DIAGNOSTIC,     3, -8.247675895691e-01, inf, 4.4589e+02, 4.1261e+01, 
 1DIAGNOSTIC,     4, -8.268687725067e-01, inf, 4.8665e+02, 4.0755e+01, 
 1DIAGNOSTIC,     5, -8.288305997849e-01, inf, 5.2869e+02, 4.2042e+01, 
 1DIAGNOSTIC,     6, -8.306021690369e-01, inf, 5.7004e+02, 4.1354e+01, 
 1DIAGNOSTIC,     7, -8.322790265083e-01, inf, 6.1088e+02, 4.0837e+01, 
 1DIAGNOSTIC,     8, -8.338365554810e-01, 1.280138734728e-03, 6.5184e+02, 4.0962e+01, 
 1DIAGNOSTIC,     9, -8.352907299995e-01, 1.116608968005e-03, 6.9269e+02, 4.0850e+01, 
 1DIAGNOSTIC,    10, -8.367455005646e-01, 9.411584469490e-04, 7.3330e+02, 4.0607e+01, 
 1DIAGNOSTIC,    11, -8.382142186165e-01, 8.064198191278e-04, 7.7398e+02, 4.0686e+01, 
 1DIAGNOSTIC,    12, -8.395833969116e-01, 7.036367314868e-04, 8.1470e+02, 4.0719e+01, 
 1DIAGNOSTIC,    13, -8.408703804016e-01, 6.233112653717e-04, 8.5540e+02, 4.0698e+01, 
 1DIAGNOSTIC,    14, -8.422098159790e-01, 5.600104923360e-04, 8.9651e+02, 4.1109e+01, 
 1DIAGNOSTIC,    15, -8.434903025627e-01, 5.084950826131e-04, 9.3735e+02, 4.0835e+01, 
 1DIAGNOSTIC,    16, -8.447491526604e-01, 4.649752809200e-04, 9.7809e+02, 4.0746e+01, 
 1DIAGNOSTIC,    17, -8.459817171097e-01, 4.264884919394e-04, 1.0190e+03, 4.0925e+01, 
 1DIAGNOSTIC,    18, -8.472878932953e-01, 3.953673585784e-04, 1.0598e+03, 4.0779e+01, 
 1DIAGNOSTIC,    19, -8.485819101334e-01, 3.714858030435e-04, 1.1008e+03, 4.1006e+01, 
 1DIAGNOSTIC,    20, -8.499276638031e-01, 3.532551345415e-04, 1.1419e+03, 4.1087e+01, 
 1DIAGNOSTIC,    21, -8.513582348824e-01, 3.397613763809e-04, 1.1827e+03, 4.0798e+01, 
 1DIAGNOSTIC,    22, -8.527532815933e-01, 3.301206743345e-04, 1.2236e+03, 4.0872e+01, 
 1DIAGNOSTIC,    23, -8.541396260262e-01, 3.217670018785e-04, 1.2645e+03, 4.0910e+01, 
 1DIAGNOSTIC,    24, -8.555744290352e-01, 3.140982880723e-04, 1.3051e+03, 4.0611e+01, 
 1DIAGNOSTIC,    25, -8.569743633270e-01, 3.050604427699e-04, 1.3460e+03, 4.0917e+01, 
 1DIAGNOSTIC,    26, -8.583861589432e-01, 2.957009128295e-04, 1.3869e+03, 4.0938e+01, 
 1DIAGNOSTIC,    27, -8.595960140228e-01, 2.823851536959e-04, 1.4276e+03, 4.0653e+01, 
 1DIAGNOSTIC,    28, -8.605307340622e-01, 2.625516208354e-04, 1.4688e+03, 4.1163e+01, 
 1DIAGNOSTIC,    29, -8.613910079002e-01, 2.384567633271e-04, 1.5095e+03, 4.0737e+01, 
 1DIAGNOSTIC,    30, -8.621710538864e-01, 2.110547357006e-04, 1.5503e+03, 4.0770e+01, 
 1DIAGNOSTIC,    31, -8.628655672073e-01, 1.822853082558e-04, 1.5913e+03, 4.1033e+01, 
 1DIAGNOSTIC,    32, -8.635700941086e-01, 1.563401747262e-04, 1.6321e+03, 4.0814e+01, 
 1DIAGNOSTIC,    33, -8.642652034760e-01, 1.352940307697e-04, 1.6743e+03, 4.2194e+01, 
 1DIAGNOSTIC,    34, -8.651087284088e-01, 1.230352791026e-04, 1.7152e+03, 4.0943e+01, 
 1DIAGNOSTIC,    35, -8.659273982048e-01, 1.173520504381e-04, 1.7557e+03, 4.0495e+01, 
 1DIAGNOSTIC,    36, -8.666543364525e-01, 1.138185616583e-04, 1.7965e+03, 4.0779e+01, 
 1DIAGNOSTIC,    37, -8.671355843544e-01, 1.087228956749e-04, 1.8375e+03, 4.1007e+01, 
 1DIAGNOSTIC,    38, -8.677572607994e-01, 1.031349165714e-04, 1.8782e+03, 4.0715e+01, 
 1DIAGNOSTIC,    39, -8.681834936142e-01, 9.443000453757e-05, 1.9193e+03, 4.1024e+01, 
 1DIAGNOSTIC,    40, -8.685384988785e-01, 8.323712245328e-05, 1.9601e+03, 4.0850e+01, 
  Elapsed time (stage 2): 1961


Total elapsed time: 1965
Using double precision for computations.
Input scalar image: 0x7f4b5276afc8
Could not create ImageIO for the input file, assuming dimension = 3 and scalar pixel type
Reference image: 0x7f4b5276b028
=============================================================================
The composite transform comprises the following transforms (in order): 
  1. /resnick/groups/Proberlab/yun/lightsheet/analysis_output/registration/hcrt-trpv1_huc-h2b-g8m_csn_120min/251102_hcrt-trpv1_huc-h2b-g8m_csn_10uM_fish1/expt_to_mean_affine.mat (type = AffineTransform)
  2. /resnick/groups/Proberlab/yun/lightsheet/analysis_output/registration/hcrt-trpv1_huc-h2b-g8m_csn_120min/251102_hcrt-trpv1_huc-h2b-g8m_csn_10uM_fish1/expt_to_mean_warp.nii.gz (type = DisplacementFieldTransform)
=============================================================================
Default pixel value: 0
Interpolation type: WindowedSincInterpolateImageFunction
Output warped image: 0x7f4b5276b048
✅ TMPDIR=/resnick/scratch/yun/tmp_ants | ITK threads=14

Loading template brain: /resnick/groups/Proberlab/yun/lightsheet/analysis_output/registration/template_260514_hcrt-trpv1_csn_fish1.nii.gz
Template shape=(280, 544, 40), spacing=(1.5199999809265137, 1.5199999809265137, 6.25)

============================================================
  Registering: 251102_hcrt-trpv1_huc-h2b-g8m_csn_10uM_fish1
  proj_ID:     hcrt-trpv1_huc-h2b-g8m_csn_120min
============================================================
Loading volume mean (moving)...
Raw HDF5 shape (Z, X, Y): (40, 316, 572)
Transposed shape (X, Y, Z): (316, 572, 40)
Rotated shape (X, Y, Z): (316, 572, 40)
ANTsImage (RAI)
	 Pixel Type : float (float32)
	 Components : 1
	 Dimensions : (316, 572, 40)
	 Spacing    : (1.52, 1.52, 6.25)
	 Origin     : (0.0, 0.0, 0.0)
	 Direction  : [1. 0. 0. 0. 1. 0. 0. 0. 1.]

  [atlas] spacing=(1.5199999809265137, 1.5199999809265137, 6.25) origin=(424.0799946784973, 825.3599896430969, 243.75)
  [mov  ] spacing=(1.52, 1.52, 6.25) origin=(478.8, 867.92, 243.75)
Resampling to (3.0, 3.0, 3.0) µm...
Running SyN...
antsRegistration -d 3 -r /resnick/scratch/yun/tmp_ants/tmpwviofy7p.mat -m MI[0x7f4b5276af08,0x7f4b5276afa8,1,32,regular,0.2] -t Rigid[0.25] -c 2100x1200x1200x0 -s 3x2x1x0 -f 4x2x2x1 -x [NA,NA] -m MI[0x7f4b5276af08,0x7f4b5276afa8,1,32,regular,0.2] -t Affine[0.25] -c 2100x1200x1200x0 -s 3x2x1x0 -f 4x2x2x1 -x [NA,NA] -m CC[0x7f4b5276af08,0x7f4b5276afa8,1,32] -t SyN[0.200000,3.000000,0.000000] -c [120x80x40x0,1e-7,8] -s 3x2x1x0 -f 8x4x2x1 -u 1 -z 1 -o [/resnick/scratch/yun/tmp_ants/tmpx4fj3pgg,0x7f4b5276afe8,0x7f4b5276af88] -x [0x7f4b5276b008,0x7f4b5276b048] --float 1 --write-composite-transform 0 -v 1
SyN warp field saved: /resnick/groups/Proberlab/yun/lightsheet/analysis_output/registration/hcrt-trpv1_huc-h2b-g8m_csn_120min/251102_hcrt-trpv1_huc-h2b-g8m_csn_10uM_fish1/expt_to_mean_warp.nii.gz
SyN affine transform saved: /resnick/groups/Proberlab/yun/lightsheet/analysis_output/registration/hcrt-trpv1_huc-h2b-g8m_csn_120min/251102_hcrt-trpv1_huc-h2b-g8m_csn_10uM_fish1/expt_to_mean_affine.mat
Applying composite transform at full resolution...
['-d', '3', '-i', '0x7f4b5276afc8', '-o', '0x7f4b5276b048', '-r', '0x7f4b5276b028', '-n', 'welchWindowedSinc', '-t', '/resnick/groups/Proberlab/yun/lightsheet/analysis_output/registration/hcrt-trpv1_huc-h2b-g8m_csn_120min/251102_hcrt-trpv1_huc-h2b-g8m_csn_10uM_fish1/expt_to_mean_warp.nii.gz', '-t', '/resnick/groups/Proberlab/yun/lightsheet/analysis_output/registration/hcrt-trpv1_huc-h2b-g8m_csn_120min/251102_hcrt-trpv1_huc-h2b-g8m_csn_10uM_fish1/expt_to_mean_affine.mat']
✅ Registered image saved: /resnick/groups/Proberlab/yun/lightsheet/analysis_output/registration/hcrt-trpv1_huc-h2b-g8m_csn_120min/251102_hcrt-trpv1_huc-h2b-g8m_csn_10uM_fish1/expt_to_mean_registered_final.nii.gz
Saving QC overlay...
  ✅ QC overlay saved: /resnick/groups/Proberlab/yun/lightsheet/analysis_output/registration/hcrt-trpv1_huc-h2b-g8m_csn_120min/251102_hcrt-trpv1_huc-h2b-g8m_csn_10uM_fish1/qc_registration_overlay.pdf

=== Registration complete: 251102_hcrt-trpv1_huc-h2b-g8m_csn_10uM_fish1 ===
