All_Command_lines_OK
Using single precision for computations.
=============================================================================
The composite transform comprises the following transforms (in order): 
  1. /resnick/scratch/yun/tmp_ants/tmpbbn1jer_.mat (type = AffineTransform)
=============================================================================
  Reading mask(s).
    Registration stage 0
      No fixed mask
      No moving mask
    Registration stage 1
      No fixed mask
      No moving mask
    Registration stage 2
      Fixed mask = 0x7fe80f75b068
      Moving mask = 0x7fe80f75b0a8
  number of levels = 4
  number of levels = 4
  number of levels = 4
  fixed image: 0x7fe80f75af68
  moving image: 0x7fe80f75b008
  fixed image: 0x7fe80f75af68
  moving image: 0x7fe80f75b008
  fixed image: 0x7fe80f75af68
  moving image: 0x7fe80f75b008
Dimension = 3
Number of stages = 3
Use histogram matching = true
Winsorize image intensities = false
  Lower quantile = 0
  Upper quantile = 1


Stage 1 State
   Image metric = MattesMI
     Fixed image = Image (0x47cb5e0)
  RTTI typeinfo:   itk::Image<float, 3u>
  Reference Count: 2
  Modified Time: 1713250
  Debug: Off
  Object Name: 
  Observers: 
    none
  Source: (none)
  Source output name: (none)
  Release Data: Off
  Data Released: False
  Global Release Data: Off
  PipelineMTime: 0
  UpdateMTime: 1713222
  RealTimeStamp: 0 seconds 
  LargestPossibleRegion: 
    Dimension: 3
    Index: [0, 0, 0]
    Size: [146, 288, 100]
  BufferedRegion: 
    Dimension: 3
    Index: [0, 0, 0]
    Size: [146, 288, 100]
  RequestedRegion: 
    Dimension: 3
    Index: [0, 0, 0]
    Size: [146, 288, 100]
  Spacing: [3, 3, 3]
  Origin: [436.24, 861.84, 292.5]
  Direction: 
-1 0 0
0 -1 0
0 0 -1

  IndexToPointMatrix: 
-3 0 0
0 -3 0
0 0 -3

  PointToIndexMatrix: 
-0.333333 0 0
0 -0.333333 0
0 0 -0.333333

  Inverse Direction: 
-1 0 0
0 -1 0
0 0 -1

  PixelContainer: 
    ImportImageContainer (0x47d3410)
      RTTI typeinfo:   itk::ImportImageContainer<unsigned long, float>
      Reference Count: 1
      Modified Time: 1713220
      Debug: Off
      Object Name: 
      Observers: 
        none
      Pointer: 0x15c88180
      Container manages memory: true
      Size: 4204800
      Capacity: 4204800

     Moving image = Image (0x47e83c0)
  RTTI typeinfo:   itk::Image<float, 3u>
  Reference Count: 2
  Modified Time: 1713251
  Debug: Off
  Object Name: 
  Observers: 
    none
  Source: (none)
  Source output name: (none)
  Release Data: Off
  Data Released: False
  Global Release Data: Off
  PipelineMTime: 0
  UpdateMTime: 1713248
  RealTimeStamp: 0 seconds 
  LargestPossibleRegion: 
    Dimension: 3
    Index: [0, 0, 0]
    Size: [146, 282, 83]
  BufferedRegion: 
    Dimension: 3
    Index: [0, 0, 0]
    Size: [146, 282, 83]
  RequestedRegion: 
    Dimension: 3
    Index: [0, 0, 0]
    Size: [146, 282, 83]
  Spacing: [3, 3, 3]
  Origin: [436.24, 843.6, 243.75]
  Direction: 
-1 0 0
0 -1 0
0 0 -1

  IndexToPointMatrix: 
-3 0 0
0 -3 0
0 0 -3

  PointToIndexMatrix: 
-0.333333 0 0
0 -0.333333 0
0 0 -0.333333

  Inverse Direction: 
-1 0 0
0 -1 0
0 0 -1

  PixelContainer: 
    ImportImageContainer (0xc3dd160)
      RTTI typeinfo:   itk::ImportImageContainer<unsigned long, float>
      Reference Count: 1
      Modified Time: 1713246
      Debug: Off
      Object Name: 
      Observers: 
        none
      Pointer: 0x16c92590
      Container manages memory: true
      Size: 3417276
      Capacity: 3417276

     Weighting = 1
     Sampling strategy = regular
     Number of bins = 32
     Radius = 4
     Sampling percentage  = 0.2
   Transform = Rigid
     Gradient step = 0.25
     Update field sigma (voxel space) = 0
     Total field sigma (voxel space) = 0
     Update field time sigma = 0
     Total field time sigma  = 0
     Number of time indices = 0
     Number of time point samples = 0
Stage 2 State
   Image metric = MattesMI
     Fixed image = Image (0x47c83e0)
  RTTI typeinfo:   itk::Image<float, 3u>
  Reference Count: 2
  Modified Time: 1713304
  Debug: Off
  Object Name: 
  Observers: 
    none
  Source: (none)
  Source output name: (none)
  Release Data: Off
  Data Released: False
  Global Release Data: Off
  PipelineMTime: 0
  UpdateMTime: 1713276
  RealTimeStamp: 0 seconds 
  LargestPossibleRegion: 
    Dimension: 3
    Index: [0, 0, 0]
    Size: [146, 288, 100]
  BufferedRegion: 
    Dimension: 3
    Index: [0, 0, 0]
    Size: [146, 288, 100]
  RequestedRegion: 
    Dimension: 3
    Index: [0, 0, 0]
    Size: [146, 288, 100]
  Spacing: [3, 3, 3]
  Origin: [436.24, 861.84, 292.5]
  Direction: 
-1 0 0
0 -1 0
0 0 -1

  IndexToPointMatrix: 
-3 0 0
0 -3 0
0 0 -3

  PointToIndexMatrix: 
-0.333333 0 0
0 -0.333333 0
0 0 -0.333333

  Inverse Direction: 
-1 0 0
0 -1 0
0 0 -1

  PixelContainer: 
    ImportImageContainer (0x47cc930)
      RTTI typeinfo:   itk::ImportImageContainer<unsigned long, float>
      Reference Count: 1
      Modified Time: 1713274
      Debug: Off
      Object Name: 
      Observers: 
        none
      Pointer: 0x1799b890
      Container manages memory: true
      Size: 4204800
      Capacity: 4204800

     Moving image = Image (0x4892be0)
  RTTI typeinfo:   itk::Image<float, 3u>
  Reference Count: 2
  Modified Time: 1713305
  Debug: Off
  Object Name: 
  Observers: 
    none
  Source: (none)
  Source output name: (none)
  Release Data: Off
  Data Released: False
  Global Release Data: Off
  PipelineMTime: 0
  UpdateMTime: 1713302
  RealTimeStamp: 0 seconds 
  LargestPossibleRegion: 
    Dimension: 3
    Index: [0, 0, 0]
    Size: [146, 282, 83]
  BufferedRegion: 
    Dimension: 3
    Index: [0, 0, 0]
    Size: [146, 282, 83]
  RequestedRegion: 
    Dimension: 3
    Index: [0, 0, 0]
    Size: [146, 282, 83]
  Spacing: [3, 3, 3]
  Origin: [436.24, 843.6, 243.75]
  Direction: 
-1 0 0
0 -1 0
0 0 -1

  IndexToPointMatrix: 
-3 0 0
0 -3 0
0 0 -3

  PointToIndexMatrix: 
-0.333333 0 0
0 -0.333333 0
0 0 -0.333333

  Inverse Direction: 
-1 0 0
0 -1 0
0 0 -1

  PixelContainer: 
    ImportImageContainer (0xc3c6d20)
      RTTI typeinfo:   itk::ImportImageContainer<unsigned long, float>
      Reference Count: 1
      Modified Time: 1713300
      Debug: Off
      Object Name: 
      Observers: 
        none
      Pointer: 0x189a5ca0
      Container manages memory: true
      Size: 3417276
      Capacity: 3417276

     Weighting = 1
     Sampling strategy = regular
     Number of bins = 32
     Radius = 4
     Sampling percentage  = 0.2
   Transform = Affine
     Gradient step = 0.25
     Update field sigma (voxel space) = 0
     Total field sigma (voxel space) = 0
     Update field time sigma = 0
     Total field time sigma  = 0
     Number of time indices = 0
     Number of time point samples = 0
Stage 3 State
   Image metric = CC
     Fixed image = Image (0x47aae60)
  RTTI typeinfo:   itk::Image<float, 3u>
  Reference Count: 2
  Modified Time: 1713358
  Debug: Off
  Object Name: 
  Observers: 
    none
  Source: (none)
  Source output name: (none)
  Release Data: Off
  Data Released: False
  Global Release Data: Off
  PipelineMTime: 0
  UpdateMTime: 1713330
  RealTimeStamp: 0 seconds 
  LargestPossibleRegion: 
    Dimension: 3
    Index: [0, 0, 0]
    Size: [146, 288, 100]
  BufferedRegion: 
    Dimension: 3
    Index: [0, 0, 0]
    Size: [146, 288, 100]
  RequestedRegion: 
    Dimension: 3
    Index: [0, 0, 0]
    Size: [146, 288, 100]
  Spacing: [3, 3, 3]
  Origin: [436.24, 861.84, 292.5]
  Direction: 
-1 0 0
0 -1 0
0 0 -1

  IndexToPointMatrix: 
-3 0 0
0 -3 0
0 0 -3

  PointToIndexMatrix: 
-0.333333 0 0
0 -0.333333 0
0 0 -0.333333

  Inverse Direction: 
-1 0 0
0 -1 0
0 0 -1

  PixelContainer: 
    ImportImageContainer (0xc3c6d80)
      RTTI typeinfo:   itk::ImportImageContainer<unsigned long, float>
      Reference Count: 1
      Modified Time: 1713328
      Debug: Off
      Object Name: 
      Observers: 
        none
      Pointer: 0x196aefa0
      Container manages memory: true
      Size: 4204800
      Capacity: 4204800

     Moving image = Image (0x8db79d0)
  RTTI typeinfo:   itk::Image<float, 3u>
  Reference Count: 2
  Modified Time: 1713359
  Debug: Off
  Object Name: 
  Observers: 
    none
  Source: (none)
  Source output name: (none)
  Release Data: Off
  Data Released: False
  Global Release Data: Off
  PipelineMTime: 0
  UpdateMTime: 1713356
  RealTimeStamp: 0 seconds 
  LargestPossibleRegion: 
    Dimension: 3
    Index: [0, 0, 0]
    Size: [146, 282, 83]
  BufferedRegion: 
    Dimension: 3
    Index: [0, 0, 0]
    Size: [146, 282, 83]
  RequestedRegion: 
    Dimension: 3
    Index: [0, 0, 0]
    Size: [146, 282, 83]
  Spacing: [3, 3, 3]
  Origin: [436.24, 843.6, 243.75]
  Direction: 
-1 0 0
0 -1 0
0 0 -1

  IndexToPointMatrix: 
-3 0 0
0 -3 0
0 0 -3

  PointToIndexMatrix: 
-0.333333 0 0
0 -0.333333 0
0 0 -0.333333

  Inverse Direction: 
-1 0 0
0 -1 0
0 0 -1

  PixelContainer: 
    ImportImageContainer (0x8db7c60)
      RTTI typeinfo:   itk::ImportImageContainer<unsigned long, float>
      Reference Count: 1
      Modified Time: 1713354
      Debug: Off
      Object Name: 
      Observers: 
        none
      Pointer: 0x1a6b93b0
      Container manages memory: true
      Size: 3417276
      Capacity: 3417276

     Weighting = 1
     Sampling strategy = none
     Number of bins = 32
     Radius = 32
     Sampling percentage  = 1
   Transform = SyN
     Gradient step = 0.2
     Update field sigma (voxel space) = 3
     Total field sigma (voxel space) = 0
     Update field time sigma = 0
     Total field time sigma  = 0
     Number of time indices = 0
     Number of time point samples = 0
Registration using 3 total stages.

Stage 0
  iterations = 2100x1200x1200x0
  convergence threshold = 1e-06
  convergence window size = 10
  number of levels = 4
  using the Mattes MI metric (number of bins = 32, weight = 1, use gradient filter = 0)
  preprocessing:  histogram matching the images
  Shrink factors (level 1 out of 4): [4, 4, 4]
  Shrink factors (level 2 out of 4): [2, 2, 2]
  Shrink factors (level 3 out of 4): [2, 2, 2]
  Shrink factors (level 4 out of 4): [1, 1, 1]
  smoothing sigmas per level: [3, 2, 1, 0]
  regular sampling (percentage = 0.2)

*** Running Euler3DTransform registration ***

DIAGNOSTIC,Iteration,metricValue,convergenceValue,ITERATION_TIME_INDEX,SINCE_LAST
 2DIAGNOSTIC,     1, -8.770231008530e-01, inf, 6.7305e-02, 6.7305e-02, 
 2DIAGNOSTIC,     2, -8.777879476547e-01, inf, 6.9446e-02, 2.1410e-03, 
 2DIAGNOSTIC,     3, -8.783019185066e-01, inf, 7.1600e-02, 2.1539e-03, 
 2DIAGNOSTIC,     4, -8.790455460548e-01, inf, 7.4166e-02, 2.5661e-03, 
 2DIAGNOSTIC,     5, -8.796014785767e-01, inf, 7.6431e-02, 2.2652e-03, 
 2DIAGNOSTIC,     6, -8.798981308937e-01, inf, 7.8740e-02, 2.3091e-03, 
 2DIAGNOSTIC,     7, -8.800093531609e-01, inf, 8.0868e-02, 2.1279e-03, 
 2DIAGNOSTIC,     8, -8.805218935013e-01, inf, 8.3808e-02, 2.9399e-03, 
 2DIAGNOSTIC,     9, -8.804990649223e-01, inf, 8.6567e-02, 2.7590e-03, 
 2DIAGNOSTIC,    10, -8.804238438606e-01, 2.561625733506e-04, 9.2791e-02, 6.2239e-03, 
 2DIAGNOSTIC,    11, -8.804177641869e-01, 1.777675643098e-04, 9.5791e-02, 3.0000e-03, 
 2DIAGNOSTIC,    12, -8.804323673248e-01, 1.176901059807e-04, 9.8333e-02, 2.5420e-03, 
 2DIAGNOSTIC,    13, -8.803848624229e-01, 6.756420771126e-05, 1.0103e-01, 2.6960e-03, 
 2DIAGNOSTIC,    14, -8.802351355553e-01, 3.215907418053e-05, 1.0363e-01, 2.6019e-03, 
 2DIAGNOSTIC,    15, -8.802667260170e-01, 1.154485926236e-05, 1.0626e-01, 2.6269e-03, 
DIAGNOSTIC,Iteration,metricValue,convergenceValue,ITERATION_TIME_INDEX,SINCE_LAST
 2DIAGNOSTIC,     1, -8.059579133987e-01, inf, 1.8004e-01, 7.3778e-02, 
 2DIAGNOSTIC,     2, -8.061633110046e-01, inf, 1.9214e-01, 1.2101e-02, 
 2DIAGNOSTIC,     3, -8.062456846237e-01, inf, 2.0579e-01, 1.3657e-02, 
 2DIAGNOSTIC,     4, -8.062463402748e-01, inf, 2.1784e-01, 1.2048e-02, 
 2DIAGNOSTIC,     5, -8.062357306480e-01, inf, 2.3063e-01, 1.2785e-02, 
 2DIAGNOSTIC,     6, -8.062355518341e-01, inf, 2.4266e-01, 1.2030e-02, 
 2DIAGNOSTIC,     7, -8.062481880188e-01, inf, 2.5485e-01, 1.2195e-02, 
 2DIAGNOSTIC,     8, -8.061863183975e-01, inf, 2.6700e-01, 1.2152e-02, 
 2DIAGNOSTIC,     9, -8.061832785606e-01, inf, 2.8042e-01, 1.3419e-02, 
 2DIAGNOSTIC,    10, -8.061804175377e-01, 1.019959381665e-05, 2.9273e-01, 1.2303e-02, 
DIAGNOSTIC,Iteration,metricValue,convergenceValue,ITERATION_TIME_INDEX,SINCE_LAST
 2DIAGNOSTIC,     1, -7.361155152321e-01, inf, 3.7004e-01, 7.7314e-02, 
 2DIAGNOSTIC,     2, -7.362823486328e-01, inf, 3.8237e-01, 1.2331e-02, 
 2DIAGNOSTIC,     3, -7.363973259926e-01, inf, 3.9389e-01, 1.1519e-02, 
 2DIAGNOSTIC,     4, -7.365760207176e-01, inf, 4.0539e-01, 1.1500e-02, 
 2DIAGNOSTIC,     5, -7.366185784340e-01, inf, 4.1748e-01, 1.2094e-02, 
 2DIAGNOSTIC,     6, -7.368277311325e-01, inf, 4.3708e-01, 1.9594e-02, 
 2DIAGNOSTIC,     7, -7.367999553680e-01, inf, 4.5104e-01, 1.3961e-02, 
 2DIAGNOSTIC,     8, -7.367892265320e-01, inf, 4.6453e-01, 1.3487e-02, 
 2DIAGNOSTIC,     9, -7.367802858353e-01, inf, 4.7774e-01, 1.3214e-02, 
 2DIAGNOSTIC,    10, -7.367773652077e-01, 6.148697138997e-05, 4.9220e-01, 1.4464e-02, 
 2DIAGNOSTIC,    11, -7.367725372314e-01, 3.939437374356e-05, 5.0558e-01, 1.3377e-02, 
 2DIAGNOSTIC,    12, -7.367727160454e-01, 2.305685302417e-05, 5.2150e-01, 1.5923e-02, 
 2DIAGNOSTIC,    13, -7.367711663246e-01, 1.072778559319e-05, 5.3472e-01, 1.3217e-02, 
 2DIAGNOSTIC,    14, -7.367710471153e-01, 4.357530087873e-06, 5.4808e-01, 1.3359e-02, 
DIAGNOSTIC,Iteration,metricValue,convergenceValue,ITERATION_TIME_INDEX,SINCE_LAST
 2DIAGNOSTIC,     1, -6.566651463509e-01, inf, 8.1724e-01, 2.6916e-01, 
  Elapsed time (stage 0): 1.1509e+00


Stage 1
  iterations = 2100x1200x1200x0
  convergence threshold = 1.0000e-06
  convergence window size = 10
  number of levels = 4
  using the Mattes MI metric (number of bins = 32, weight = 1.0000e+00, use gradient filter = 0)
  preprocessing:  histogram matching the images
  Shrink factors (level 1 out of 4): [4, 4, 4]
  Shrink factors (level 2 out of 4): [2, 2, 2]
  Shrink factors (level 3 out of 4): [2, 2, 2]
  Shrink factors (level 4 out of 4): [1, 1, 1]
  smoothing sigmas per level: [3, 2, 1, 0]
  regular sampling (percentage = 2.0000e-01)

*** Running AffineTransform registration ***

DIAGNOSTIC,Iteration,metricValue,convergenceValue,ITERATION_TIME_INDEX,SINCE_LAST
 2DIAGNOSTIC,     1, -8.819165229797e-01, inf, 4.5207e-02, 4.5206e-02, 
 2DIAGNOSTIC,     2, -8.826565742493e-01, inf, 4.8303e-02, 3.0961e-03, 
 2DIAGNOSTIC,     3, -8.827486038208e-01, inf, 5.1213e-02, 2.9099e-03, 
 2DIAGNOSTIC,     4, -8.826483488083e-01, inf, 5.3773e-02, 2.5599e-03, 
 2DIAGNOSTIC,     5, -8.827708959579e-01, inf, 5.6667e-02, 2.8942e-03, 
 2DIAGNOSTIC,     6, -8.828340172768e-01, inf, 5.9272e-02, 2.6050e-03, 
 2DIAGNOSTIC,     7, -8.829590082169e-01, inf, 6.2329e-02, 3.0570e-03, 
 2DIAGNOSTIC,     8, -8.827819228172e-01, inf, 6.5237e-02, 2.9080e-03, 
 2DIAGNOSTIC,     9, -8.827705383301e-01, inf, 6.8222e-02, 2.9850e-03, 
 2DIAGNOSTIC,    10, -8.827617168427e-01, 3.935810673283e-05, 7.1259e-02, 3.0370e-03, 
 2DIAGNOSTIC,    11, -8.827419281006e-01, 8.993235496746e-06, 7.5446e-02, 4.1869e-03, 
 2DIAGNOSTIC,    12, -8.827172517776e-01, 2.249882527394e-06, 7.8433e-02, 2.9871e-03, 
DIAGNOSTIC,Iteration,metricValue,convergenceValue,ITERATION_TIME_INDEX,SINCE_LAST
 2DIAGNOSTIC,     1, -8.049345016479e-01, inf, 1.5407e-01, 7.5638e-02, 
 2DIAGNOSTIC,     2, -8.050566911697e-01, inf, 1.7284e-01, 1.8767e-02, 
 2DIAGNOSTIC,     3, -8.050261139870e-01, inf, 1.9031e-01, 1.7473e-02, 
 2DIAGNOSTIC,     4, -8.050307631493e-01, inf, 2.0583e-01, 1.5523e-02, 
 2DIAGNOSTIC,     5, -8.050278425217e-01, inf, 2.2202e-01, 1.6186e-02, 
 2DIAGNOSTIC,     6, -8.050242662430e-01, inf, 2.3981e-01, 1.7792e-02, 
 2DIAGNOSTIC,     7, -8.050217032433e-01, inf, 2.5488e-01, 1.5065e-02, 
 2DIAGNOSTIC,     8, -8.050151467323e-01, inf, 2.6951e-01, 1.4634e-02, 
 2DIAGNOSTIC,     9, -8.050140142441e-01, inf, 2.8568e-01, 1.6165e-02, 
 2DIAGNOSTIC,    10, -8.050127029419e-01, 4.183715191175e-06, 3.0057e-01, 1.4890e-02, 
DIAGNOSTIC,Iteration,metricValue,convergenceValue,ITERATION_TIME_INDEX,SINCE_LAST
 2DIAGNOSTIC,     1, -7.372182011604e-01, inf, 3.7911e-01, 7.8540e-02, 
 2DIAGNOSTIC,     2, -7.372027635574e-01, inf, 3.9438e-01, 1.5277e-02, 
 2DIAGNOSTIC,     3, -7.371881008148e-01, inf, 4.0969e-01, 1.5306e-02, 
 2DIAGNOSTIC,     4, -7.371814846992e-01, inf, 4.2390e-01, 1.4206e-02, 
 2DIAGNOSTIC,     5, -7.371637821198e-01, inf, 4.3745e-01, 1.3558e-02, 
 2DIAGNOSTIC,     6, -7.371136546135e-01, inf, 4.5479e-01, 1.7340e-02, 
 2DIAGNOSTIC,     7, -7.371195554733e-01, inf, 4.7285e-01, 1.8056e-02, 
 2DIAGNOSTIC,     8, -7.371129989624e-01, inf, 4.8829e-01, 1.5444e-02, 
 2DIAGNOSTIC,     9, -7.371181249619e-01, inf, 5.0473e-01, 1.6438e-02, 
DIAGNOSTIC,Iteration,metricValue,convergenceValue,ITERATION_TIME_INDEX,SINCE_LAST
 2DIAGNOSTIC,     1, -6.549852490425e-01, inf, 8.1313e-01, 3.0839e-01, 
  Elapsed time (stage 1): 1.1394e+00


Stage 2
  iterations = 120x80x40x0
  convergence threshold = 1.0000e-07
  convergence window size = 8
  number of levels = 4
  using the CC metric (radius = 32, weight = 1.0000e+00, use gradient filter = 0)
  preprocessing:  histogram matching the images
  Shrink factors (level 1 out of 4): [8, 8, 8]
  Shrink factors (level 2 out of 4): [4, 4, 4]
  Shrink factors (level 3 out of 4): [2, 2, 2]
  Shrink factors (level 4 out of 4): [1, 1, 1]
  smoothing sigmas per level: [3, 2, 1, 0]
  Using default NONE metricSamplingStrategy 

*** Running SyN registration (varianceForUpdateField = 3.0000e+00, varianceForTotalField = 0.0000e+00) ***

XXDIAGNOSTIC,Iteration,metricValue,convergenceValue,ITERATION_TIME_INDEX,SINCE_LAST
 1DIAGNOSTIC,     1, -8.500837087631e-01, inf, 5.3670e-01, 5.3670e-01, 
 1DIAGNOSTIC,     2, -8.714334368706e-01, inf, 1.0398e+00, 5.0312e-01, 
 1DIAGNOSTIC,     3, -8.843369483948e-01, inf, 1.5388e+00, 4.9898e-01, 
 1DIAGNOSTIC,     4, -8.927917480469e-01, inf, 2.0355e+00, 4.9665e-01, 
 1DIAGNOSTIC,     5, -8.979939222336e-01, inf, 2.5385e+00, 5.0304e-01, 
 1DIAGNOSTIC,     6, -9.012094736099e-01, inf, 3.0394e+00, 5.0091e-01, 
 1DIAGNOSTIC,     7, -9.033008217812e-01, inf, 3.5397e+00, 5.0034e-01, 
 1DIAGNOSTIC,     8, -9.046730995178e-01, 4.529867321253e-03, 4.0416e+00, 5.0184e-01, 
 1DIAGNOSTIC,     9, -9.056243300438e-01, 2.529893070459e-03, 4.5401e+00, 4.9855e-01, 
 1DIAGNOSTIC,    10, -9.066608548164e-01, 1.466550864279e-03, 5.0366e+00, 4.9644e-01, 
 1DIAGNOSTIC,    11, -9.072071313858e-01, 8.743393700570e-04, 5.5401e+00, 5.0348e-01, 
 1DIAGNOSTIC,    12, -9.078204035759e-01, 5.557655240409e-04, 6.0506e+00, 5.1054e-01, 
 1DIAGNOSTIC,    13, -9.082436561584e-01, 3.777970850933e-04, 6.5526e+00, 5.0196e-01, 
 1DIAGNOSTIC,    14, -9.085959196091e-01, 2.716531453189e-04, 7.0620e+00, 5.0947e-01, 
 1DIAGNOSTIC,    15, -9.088999032974e-01, 2.037746889982e-04, 7.5626e+00, 5.0062e-01, 
 1DIAGNOSTIC,    16, -9.091137647629e-01, 1.544045808259e-04, 8.0635e+00, 5.0086e-01, 
 1DIAGNOSTIC,    17, -9.092268943787e-01, 1.133114783443e-04, 8.5683e+00, 5.0480e-01, 
 1DIAGNOSTIC,    18, -9.092420339584e-01, 8.365463145310e-05, 9.0759e+00, 5.0764e-01, 
 1DIAGNOSTIC,    19, -9.093464016914e-01, 5.863885598956e-05, 9.5796e+00, 5.0370e-01, 
 1DIAGNOSTIC,    20, -9.094684720039e-01, 4.217226160108e-05, 1.0083e+01, 5.0296e-01, 
 1DIAGNOSTIC,    21, -9.095295071602e-01, 3.041032687179e-05, 1.0587e+01, 5.0431e-01, 
 1DIAGNOSTIC,    22, -9.096068143845e-01, 2.319747000001e-05, 1.1092e+01, 5.0465e-01, 
 1DIAGNOSTIC,    23, -9.097455739975e-01, 2.091975329677e-05, 1.1596e+01, 5.0429e-01, 
 1DIAGNOSTIC,    24, -9.097759127617e-01, 1.990039163502e-05, 1.2100e+01, 5.0384e-01, 
 1DIAGNOSTIC,    25, -9.098355174065e-01, 1.903677366499e-05, 1.2616e+01, 5.1604e-01, 
 1DIAGNOSTIC,    26, -9.098468422890e-01, 1.606724254088e-05, 1.3114e+01, 4.9848e-01, 
 1DIAGNOSTIC,    27, -9.098458886147e-01, 1.263268131879e-05, 1.3625e+01, 5.1032e-01, 
 1DIAGNOSTIC,    28, -9.098160266876e-01, 9.089425475395e-06, 1.4146e+01, 5.2122e-01, 
 1DIAGNOSTIC,    29, -9.098347425461e-01, 5.742978828494e-06, 1.4653e+01, 5.0681e-01, 
 1DIAGNOSTIC,    30, -9.097707271576e-01, 2.107628461090e-06, 1.5154e+01, 5.0105e-01, 
 1DIAGNOSTIC,    31, -9.096375107765e-01, -1.309639060310e-06, 1.5658e+01, 5.0425e-01, 
XXDIAGNOSTIC,Iteration,metricValue,convergenceValue,ITERATION_TIME_INDEX,SINCE_LAST
 1DIAGNOSTIC,     1, -8.882641792297e-01, inf, 1.9047e+01, 3.3892e+00, 
 1DIAGNOSTIC,     2, -8.955450057983e-01, inf, 2.2203e+01, 3.1557e+00, 
 1DIAGNOSTIC,     3, -9.018267989159e-01, inf, 2.5311e+01, 3.1080e+00, 
 1DIAGNOSTIC,     4, -9.066580533981e-01, inf, 2.8374e+01, 3.0636e+00, 
 1DIAGNOSTIC,     5, -9.105092883110e-01, inf, 3.1561e+01, 3.1863e+00, 
 1DIAGNOSTIC,     6, -9.135998487473e-01, inf, 3.5536e+01, 3.9748e+00, 
 1DIAGNOSTIC,     7, -9.161520600319e-01, inf, 3.9556e+01, 4.0207e+00, 
 1DIAGNOSTIC,     8, -9.185521602631e-01, 2.659343881533e-03, 4.3726e+01, 4.1696e+00, 
 1DIAGNOSTIC,     9, -9.213869571686e-01, 1.967987278476e-03, 4.7566e+01, 3.8401e+00, 
 1DIAGNOSTIC,    10, -9.239230155945e-01, 1.523659680970e-03, 5.1369e+01, 3.8033e+00, 
 1DIAGNOSTIC,    11, -9.259003996849e-01, 1.238848781213e-03, 5.5052e+01, 3.6825e+00, 
 1DIAGNOSTIC,    12, -9.274314641953e-01, 1.032869564369e-03, 5.8656e+01, 3.6039e+00, 
 1DIAGNOSTIC,    13, -9.287521243095e-01, 8.659524028189e-04, 6.2238e+01, 3.5824e+00, 
 1DIAGNOSTIC,    14, -9.304638504982e-01, 7.318429998122e-04, 6.5540e+01, 3.3017e+00, 
 1DIAGNOSTIC,    15, -9.315123558044e-01, 6.038116407581e-04, 6.8953e+01, 3.4131e+00, 
 1DIAGNOSTIC,    16, -9.328619241714e-01, 4.958332283422e-04, 7.2967e+01, 4.0144e+00, 
 1DIAGNOSTIC,    17, -9.337779283524e-01, 4.137698560953e-04, 7.6408e+01, 3.4404e+00, 
 1DIAGNOSTIC,    18, -9.350289106369e-01, 3.615982132033e-04, 7.9948e+01, 3.5399e+00, 
 1DIAGNOSTIC,    19, -9.362190961838e-01, 3.263386024628e-04, 8.3632e+01, 3.6843e+00, 
 1DIAGNOSTIC,    20, -9.372646808624e-01, 2.967515902128e-04, 8.7482e+01, 3.8499e+00, 
 1DIAGNOSTIC,    21, -9.382031559944e-01, 2.679605386220e-04, 9.1107e+01, 3.6254e+00, 
 1DIAGNOSTIC,    22, -9.391538500786e-01, 2.490551269148e-04, 9.5064e+01, 3.9567e+00, 
 1DIAGNOSTIC,    23, -9.399335980415e-01, 2.256408188259e-04, 9.8848e+01, 3.7839e+00, 
 1DIAGNOSTIC,    24, -9.403230547905e-01, 1.990512391785e-04, 1.0253e+02, 3.6852e+00, 
 1DIAGNOSTIC,    25, -9.406524896622e-01, 1.646513264859e-04, 1.0647e+02, 3.9346e+00, 
 1DIAGNOSTIC,    26, -9.411358237267e-01, 1.341458992101e-04, 1.1026e+02, 3.7953e+00, 
 1DIAGNOSTIC,    27, -9.414286017418e-01, 1.070943326340e-04, 1.1404e+02, 3.7744e+00, 
 1DIAGNOSTIC,    28, -9.416090846062e-01, 8.313308353536e-05, 1.1777e+02, 3.7317e+00, 
 1DIAGNOSTIC,    29, -9.420055150986e-01, 6.622394721489e-05, 1.2146e+02, 3.6938e+00, 
 1DIAGNOSTIC,    30, -9.417758584023e-01, 4.977055141353e-05, 1.2504e+02, 3.5744e+00, 
 1DIAGNOSTIC,    31, -9.421880245209e-01, 4.187096419628e-05, 1.2872e+02, 3.6876e+00, 
 1DIAGNOSTIC,    32, -9.425240159035e-01, 3.691420351970e-05, 1.3237e+02, 3.6463e+00, 
 1DIAGNOSTIC,    33, -9.421750903130e-01, 2.669866626093e-05, 1.3607e+02, 3.6988e+00, 
 1DIAGNOSTIC,    34, -9.427430629730e-01, 2.519926056266e-05, 1.3983e+02, 3.7632e+00, 
 1DIAGNOSTIC,    35, -9.422900080681e-01, 1.827340747695e-05, 1.4352e+02, 3.6848e+00, 
 1DIAGNOSTIC,    36, -9.428843855858e-01, 1.731402699079e-05, 1.4720e+02, 3.6799e+00, 
 1DIAGNOSTIC,    37, -9.429658055305e-01, 1.888811311801e-05, 1.5074e+02, 3.5462e+00, 
 1DIAGNOSTIC,    38, -9.428921341896e-01, 1.472902658861e-05, 1.5445e+02, 3.7021e+00, 
 1DIAGNOSTIC,    39, -9.431861639023e-01, 1.557613904879e-05, 1.5804e+02, 3.5954e+00, 
 1DIAGNOSTIC,    40, -9.430238008499e-01, 1.583380981174e-05, 1.6174e+02, 3.6976e+00, 
 1DIAGNOSTIC,    41, -9.430579543114e-01, 1.087529744837e-05, 1.6543e+02, 3.6896e+00, 
 1DIAGNOSTIC,    42, -9.432890415192e-01, 1.201122631755e-05, 1.6903e+02, 3.5982e+00, 
 1DIAGNOSTIC,    43, -9.431365132332e-01, 5.991080342937e-06, 1.7274e+02, 3.7154e+00, 
 1DIAGNOSTIC,    44, -9.431943893433e-01, 5.138907454239e-06, 1.7642e+02, 3.6826e+00, 
 1DIAGNOSTIC,    45, -9.433977603912e-01, 6.093527190387e-06, 1.8002e+02, 3.5925e+00, 
 1DIAGNOSTIC,    46, -9.431754350662e-01, 3.674252639030e-06, 1.8379e+02, 3.7758e+00, 
 1DIAGNOSTIC,    47, -9.433424472809e-01, 4.752296263177e-06, 1.8751e+02, 3.7169e+00, 
 1DIAGNOSTIC,    48, -9.433916807175e-01, 4.280514076527e-06, 1.9111e+02, 3.5988e+00, 
 1DIAGNOSTIC,    49, -9.434582591057e-01, 4.007632014691e-06, 1.9490e+02, 3.7901e+00, 
 1DIAGNOSTIC,    50, -9.432970285416e-01, 3.866774022754e-06, 1.9858e+02, 3.6785e+00, 
 1DIAGNOSTIC,    51, -9.436989426613e-01, 5.134806542628e-06, 2.0235e+02, 3.7727e+00, 
 1DIAGNOSTIC,    52, -9.435081481934e-01, 4.592110144586e-06, 2.0621e+02, 3.8647e+00, 
 1DIAGNOSTIC,    53, -9.436661601067e-01, 6.189954092406e-06, 2.1017e+02, 3.9557e+00, 
 1DIAGNOSTIC,    54, -9.435133337975e-01, 4.278979758965e-06, 2.1414e+02, 3.9735e+00, 
 1DIAGNOSTIC,    55, -9.436869025230e-01, 4.206390713080e-06, 2.1790e+02, 3.7596e+00, 
 1DIAGNOSTIC,    56, -9.435413479805e-01, 2.925768512796e-06, 2.2164e+02, 3.7351e+00, 
 1DIAGNOSTIC,    57, -9.437302350998e-01, 3.136210352750e-06, 2.2521e+02, 3.5734e+00, 
 1DIAGNOSTIC,    58, -9.436007738113e-01, 1.002588987831e-06, 2.2907e+02, 3.8614e+00, 
 1DIAGNOSTIC,    59, -9.438033699989e-01, 2.788421397781e-06, 2.3283e+02, 3.7523e+00, 
 1DIAGNOSTIC,    60, -9.436804056168e-01, 2.181066747653e-06, 2.3641e+02, 3.5828e+00, 
 1DIAGNOSTIC,    61, -9.438758492470e-01, 3.589216021282e-06, 2.4007e+02, 3.6640e+00, 
 1DIAGNOSTIC,    62, -9.437557458878e-01, 2.806021484503e-06, 2.4369e+02, 3.6189e+00, 
 1DIAGNOSTIC,    63, -9.439548850060e-01, 3.987836862507e-06, 2.4742e+02, 3.7325e+00, 
 1DIAGNOSTIC,    64, -9.438449740410e-01, 3.079543603235e-06, 2.5112e+02, 3.6915e+00, 
 1DIAGNOSTIC,    65, -9.440451264381e-01, 4.119781806367e-06, 2.5473e+02, 3.6185e+00, 
 1DIAGNOSTIC,    66, -9.439393877983e-01, 3.215043761884e-06, 2.5894e+02, 4.2044e+00, 
 1DIAGNOSTIC,    67, -9.441471099854e-01, 4.282092504582e-06, 2.6268e+02, 3.7438e+00, 
 1DIAGNOSTIC,    68, -9.440339803696e-01, 3.412797241253e-06, 2.6630e+02, 3.6180e+00, 
 1DIAGNOSTIC,    69, -9.442414641380e-01, 4.374558102427e-06, 2.7004e+02, 3.7437e+00, 
 1DIAGNOSTIC,    70, -9.441372156143e-01, 3.488394668238e-06, 2.7378e+02, 3.7401e+00, 
 1DIAGNOSTIC,    71, -9.443361163139e-01, 4.327301212470e-06, 2.7729e+02, 3.5043e+00, 
 1DIAGNOSTIC,    72, -9.442352056503e-01, 3.435490725678e-06, 2.8078e+02, 3.4953e+00, 
 1DIAGNOSTIC,    73, -9.443756937981e-01, 3.920054496120e-06, 2.8462e+02, 3.8412e+00, 
 1DIAGNOSTIC,    74, -9.443412423134e-01, 3.133286327284e-06, 2.8856e+02, 3.9393e+00, 
 1DIAGNOSTIC,    75, -9.445381164551e-01, 4.021625045425e-06, 2.9216e+02, 3.5980e+00, 
 1DIAGNOSTIC,    76, -9.444440603256e-01, 3.304837946416e-06, 2.9622e+02, 4.0608e+00, 
 1DIAGNOSTIC,    77, -9.446454048157e-01, 4.217195510137e-06, 3.0018e+02, 3.9614e+00, 
 1DIAGNOSTIC,    78, -9.445408582687e-01, 3.498283376757e-06, 3.0404e+02, 3.8547e+00, 
 1DIAGNOSTIC,    79, -9.446469545364e-01, 3.822243797913e-06, 3.0764e+02, 3.5987e+00, 
 1DIAGNOSTIC,    80, -9.446591138840e-01, 3.200491164534e-06, 3.1141e+02, 3.7740e+00, 
XXDIAGNOSTIC,Iteration,metricValue,convergenceValue,ITERATION_TIME_INDEX,SINCE_LAST
 1DIAGNOSTIC,     1, -9.126878976822e-01, inf, 3.5819e+02, 4.6779e+01, 
 1DIAGNOSTIC,     2, -9.140843153000e-01, inf, 4.0496e+02, 4.6765e+01, 
 1DIAGNOSTIC,     3, -9.165195226669e-01, inf, 4.5447e+02, 4.9512e+01, 
 1DIAGNOSTIC,     4, -9.188051819801e-01, inf, 5.0311e+02, 4.8642e+01, 
 1DIAGNOSTIC,     5, -9.209600687027e-01, inf, 5.5109e+02, 4.7982e+01, 
 1DIAGNOSTIC,     6, -9.229654073715e-01, inf, 5.9962e+02, 4.8526e+01, 
 1DIAGNOSTIC,     7, -9.249046444893e-01, inf, 6.5098e+02, 5.1363e+01, 
 1DIAGNOSTIC,     8, -9.267405271530e-01, 1.299000578001e-03, 7.0365e+02, 5.2668e+01, 
 1DIAGNOSTIC,     9, -9.284267425537e-01, 1.134918769822e-03, 7.5357e+02, 4.9926e+01, 
 1DIAGNOSTIC,    10, -9.299454092979e-01, 9.591889102012e-04, 8.0082e+02, 4.7248e+01, 
 1DIAGNOSTIC,    11, -9.313459396362e-01, 8.153158705682e-04, 8.4995e+02, 4.9130e+01, 
 1DIAGNOSTIC,    12, -9.325202703476e-01, 6.912114331499e-04, 8.9754e+02, 4.7585e+01, 
 1DIAGNOSTIC,    13, -9.336836338043e-01, 5.861249519512e-04, 9.4671e+02, 4.9170e+01, 
 1DIAGNOSTIC,    14, -9.347560405731e-01, 4.966448177584e-04, 9.9281e+02, 4.6099e+01, 
 1DIAGNOSTIC,    15, -9.356939196587e-01, 4.213273641653e-04, 1.0421e+03, 4.9336e+01, 
 1DIAGNOSTIC,    16, -9.365514516830e-01, 3.592288994696e-04, 1.0885e+03, 4.6358e+01, 
 1DIAGNOSTIC,    17, -9.373161792755e-01, 3.076520806644e-04, 1.1365e+03, 4.8042e+01, 
 1DIAGNOSTIC,    18, -9.380096793175e-01, 2.641287865117e-04, 1.1895e+03, 5.2911e+01, 
 1DIAGNOSTIC,    19, -9.386605024338e-01, 2.280831104144e-04, 1.2467e+03, 5.7290e+01, 
 1DIAGNOSTIC,    20, -9.392700195312e-01, 1.964956172742e-04, 1.2992e+03, 5.2456e+01, 
 1DIAGNOSTIC,    21, -9.398321509361e-01, 1.705848553684e-04, 1.3542e+03, 5.5037e+01, 
 1DIAGNOSTIC,    22, -9.403561949730e-01, 1.497810299043e-04, 1.4028e+03, 4.8594e+01, 
 1DIAGNOSTIC,    23, -9.408452510834e-01, 1.325175544480e-04, 1.4507e+03, 4.7910e+01, 
 1DIAGNOSTIC,    24, -9.412987232208e-01, 1.180953477160e-04, 1.4990e+03, 4.8211e+01, 
 1DIAGNOSTIC,    25, -9.417560696602e-01, 1.061394577846e-04, 1.5473e+03, 4.8334e+01, 
 1DIAGNOSTIC,    26, -9.421490430832e-01, 9.544801287120e-05, 1.5948e+03, 4.7510e+01, 
 1DIAGNOSTIC,    27, -9.425266385078e-01, 8.605501352577e-05, 1.6428e+03, 4.8038e+01, 
 1DIAGNOSTIC,    28, -9.428880810738e-01, 7.789542723913e-05, 1.6942e+03, 5.1399e+01, 
 1DIAGNOSTIC,    29, -9.432290196419e-01, 7.069762068568e-05, 1.7441e+03, 4.9862e+01, 
 1DIAGNOSTIC,    30, -9.435589909554e-01, 6.442615995184e-05, 1.7944e+03, 5.0271e+01, 
 1DIAGNOSTIC,    31, -9.437831044197e-01, 5.786808469566e-05, 1.8431e+03, 4.8733e+01, 
 1DIAGNOSTIC,    32, -9.440324306488e-01, 5.158934072824e-05, 1.8974e+03, 5.4326e+01, 
 1DIAGNOSTIC,    33, -9.442259669304e-01, 4.561076639220e-05, 1.9533e+03, 5.5829e+01, 
 1DIAGNOSTIC,    34, -9.443879723549e-01, 3.951613325626e-05, 2.0112e+03, 5.7943e+01, 
 1DIAGNOSTIC,    35, -9.445859193802e-01, 3.425264367252e-05, 2.0596e+03, 4.8441e+01, 
 1DIAGNOSTIC,    36, -9.447155594826e-01, 2.945969936263e-05, 2.1170e+03, 5.7362e+01, 
 1DIAGNOSTIC,    37, -9.449116587639e-01, 2.614113509480e-05, 2.1652e+03, 4.8244e+01, 
 1DIAGNOSTIC,    38, -9.450397491455e-01, 2.377814234933e-05, 2.2198e+03, 5.4603e+01, 
 1DIAGNOSTIC,    39, -9.452228546143e-01, 2.205620330642e-05, 2.2691e+03, 4.9240e+01, 
 1DIAGNOSTIC,    40, -9.453403353691e-01, 2.070714981528e-05, 2.3181e+03, 4.8984e+01, 
  Elapsed time (stage 2): 2319


Total elapsed time: 2321
Using double precision for computations.
Input scalar image: 0x7fe80f75b028
Could not create ImageIO for the input file, assuming dimension = 3 and scalar pixel type
Reference image: 0x7fe80f75b088
=============================================================================
The composite transform comprises the following transforms (in order): 
  1. /resnick/groups/Proberlab/yun/lightsheet/analysis_output/registration/huc-h2b-g8m_csn_120min/251118_huc-h2b-g8m_csn_10uM_fish3/expt_to_mean_affine.mat (type = AffineTransform)
  2. /resnick/groups/Proberlab/yun/lightsheet/analysis_output/registration/huc-h2b-g8m_csn_120min/251118_huc-h2b-g8m_csn_10uM_fish3/expt_to_mean_warp.nii.gz (type = DisplacementFieldTransform)
=============================================================================
Default pixel value: 0
Interpolation type: WindowedSincInterpolateImageFunction
Output warped image: 0x7fe80f75b0a8
✅ TMPDIR=/resnick/scratch/yun/tmp_ants | ITK threads=30

Loading template brain: /resnick/home/ychiu/yun/lightsheet/hcrt-trpv1_huc-h2b-g8m_csn_120min_audio/zstack_template/template_mean_brain.nii.gz
Template shape=(288, 568, 40), spacing=(1.5199999809265137, 1.5199999809265137, 7.5)

============================================================
  Registering: 251118_huc-h2b-g8m_csn_10uM_fish3
  proj_ID:     huc-h2b-g8m_csn_120min
============================================================
Loading volume mean (moving)...
Raw HDF5 shape (Z, X, Y): (40, 288, 556)
Transposed shape (X, Y, Z): (288, 556, 40)
Rotated shape (X, Y, Z): (288, 556, 40)
ANTsImage (RAI)
	 Pixel Type : float (float32)
	 Components : 1
	 Dimensions : (288, 556, 40)
	 Spacing    : (1.52, 1.52, 6.25)
	 Origin     : (0.0, 0.0, 0.0)
	 Direction  : [1. 0. 0. 0. 1. 0. 0. 0. 1.]

  [atlas] spacing=(1.5199999809265137, 1.5199999809265137, 7.5) origin=(436.2399945259094, 861.8399891853333, 292.5)
  [mov  ] spacing=(1.52, 1.52, 6.25) origin=(436.24, 843.6, 243.75)
Resampling to (3.0, 3.0, 3.0) µm...
Running SyN...
antsRegistration -d 3 -r /resnick/scratch/yun/tmp_ants/tmpbbn1jer_.mat -m MI[0x7fe80f75af68,0x7fe80f75b008,1,32,regular,0.2] -t Rigid[0.25] -c 2100x1200x1200x0 -s 3x2x1x0 -f 4x2x2x1 -x [NA,NA] -m MI[0x7fe80f75af68,0x7fe80f75b008,1,32,regular,0.2] -t Affine[0.25] -c 2100x1200x1200x0 -s 3x2x1x0 -f 4x2x2x1 -x [NA,NA] -m CC[0x7fe80f75af68,0x7fe80f75b008,1,32] -t SyN[0.200000,3.000000,0.000000] -c [120x80x40x0,1e-7,8] -s 3x2x1x0 -f 8x4x2x1 -u 1 -z 1 -o [/resnick/scratch/yun/tmp_ants/tmpqgcahy_i,0x7fe80f75b048,0x7fe80f75afe8] -x [0x7fe80f75b068,0x7fe80f75b0a8] --float 1 --write-composite-transform 0 -v 1
SyN warp field saved: /resnick/groups/Proberlab/yun/lightsheet/analysis_output/registration/huc-h2b-g8m_csn_120min/251118_huc-h2b-g8m_csn_10uM_fish3/expt_to_mean_warp.nii.gz
SyN affine transform saved: /resnick/groups/Proberlab/yun/lightsheet/analysis_output/registration/huc-h2b-g8m_csn_120min/251118_huc-h2b-g8m_csn_10uM_fish3/expt_to_mean_affine.mat
Applying composite transform at full resolution...
['-d', '3', '-i', '0x7fe80f75b028', '-o', '0x7fe80f75b0a8', '-r', '0x7fe80f75b088', '-n', 'welchWindowedSinc', '-t', '/resnick/groups/Proberlab/yun/lightsheet/analysis_output/registration/huc-h2b-g8m_csn_120min/251118_huc-h2b-g8m_csn_10uM_fish3/expt_to_mean_warp.nii.gz', '-t', '/resnick/groups/Proberlab/yun/lightsheet/analysis_output/registration/huc-h2b-g8m_csn_120min/251118_huc-h2b-g8m_csn_10uM_fish3/expt_to_mean_affine.mat']
✅ Registered image saved: /resnick/groups/Proberlab/yun/lightsheet/analysis_output/registration/huc-h2b-g8m_csn_120min/251118_huc-h2b-g8m_csn_10uM_fish3/expt_to_mean_registered_final.nii.gz
Saving QC overlay...
  ✅ QC overlay saved: /resnick/groups/Proberlab/yun/lightsheet/analysis_output/registration/huc-h2b-g8m_csn_120min/251118_huc-h2b-g8m_csn_10uM_fish3/qc_registration_overlay.pdf

=== Registration complete: 251118_huc-h2b-g8m_csn_10uM_fish3 ===
