 bad det -1 v 1 u -1
 bad det -1 v 1 u -1 new 1
All_Command_lines_OK
Using single precision for computations.
=============================================================================
The composite transform comprises the following transforms (in order): 
  1. /resnick/scratch/yun/tmp_ants/tmpwqdab7s7.mat (type = AffineTransform)
=============================================================================
  Reading mask(s).
    Registration stage 0
      No fixed mask
      No moving mask
    Registration stage 1
      No fixed mask
      No moving mask
    Registration stage 2
      Fixed mask = 0x7f169b2db028
      Moving mask = 0x7f169b2db068
  number of levels = 4
  number of levels = 4
  number of levels = 4
  fixed image: 0x7f169b2daf28
  moving image: 0x7f169b2dafc8
  fixed image: 0x7f169b2daf28
  moving image: 0x7f169b2dafc8
  fixed image: 0x7f169b2daf28
  moving image: 0x7f169b2dafc8
Dimension = 3
Number of stages = 3
Use histogram matching = true
Winsorize image intensities = false
  Lower quantile = 0
  Upper quantile = 1


Stage 1 State
   Image metric = MattesMI
     Fixed image = Image (0x3f74600)
  RTTI typeinfo:   itk::Image<float, 3u>
  Reference Count: 2
  Modified Time: 1474268
  Debug: Off
  Object Name: 
  Observers: 
    none
  Source: (none)
  Source output name: (none)
  Release Data: Off
  Data Released: False
  Global Release Data: Off
  PipelineMTime: 0
  UpdateMTime: 1474240
  RealTimeStamp: 0 seconds 
  LargestPossibleRegion: 
    Dimension: 3
    Index: [0, 0, 0]
    Size: [152, 286, 83]
  BufferedRegion: 
    Dimension: 3
    Index: [0, 0, 0]
    Size: [152, 286, 83]
  RequestedRegion: 
    Dimension: 3
    Index: [0, 0, 0]
    Size: [152, 286, 83]
  Spacing: [3, 3, 3]
  Origin: [454.48, 855.76, 243.75]
  Direction: 
-1 0 0
0 -1 0
0 0 -1

  IndexToPointMatrix: 
-3 0 0
0 -3 0
0 0 -3

  PointToIndexMatrix: 
-0.333333 0 0
0 -0.333333 0
0 0 -0.333333

  Inverse Direction: 
-1 0 0
0 -1 0
0 0 -1

  PixelContainer: 
    ImportImageContainer (0x3f77600)
      RTTI typeinfo:   itk::ImportImageContainer<unsigned long, float>
      Reference Count: 1
      Modified Time: 1474238
      Debug: Off
      Object Name: 
      Observers: 
        none
      Pointer: 0x14370d40
      Container manages memory: true
      Size: 3608176
      Capacity: 3608176

     Moving image = Image (0x3f77d10)
  RTTI typeinfo:   itk::Image<float, 3u>
  Reference Count: 2
  Modified Time: 1474269
  Debug: Off
  Object Name: 
  Observers: 
    none
  Source: (none)
  Source output name: (none)
  Release Data: Off
  Data Released: False
  Global Release Data: Off
  PipelineMTime: 0
  UpdateMTime: 1474266
  RealTimeStamp: 0 seconds 
  LargestPossibleRegion: 
    Dimension: 3
    Index: [0, 0, 0]
    Size: [140, 274, 83]
  BufferedRegion: 
    Dimension: 3
    Index: [0, 0, 0]
    Size: [140, 274, 83]
  RequestedRegion: 
    Dimension: 3
    Index: [0, 0, 0]
    Size: [140, 274, 83]
  Spacing: [3, 3, 3]
  Origin: [418, 819.28, 243.75]
  Direction: 
-1 0 0
0 -1 0
0 0 -1

  IndexToPointMatrix: 
-3 0 0
0 -3 0
0 0 -3

  PointToIndexMatrix: 
-0.333333 0 0
0 -0.333333 0
0 0 -0.333333

  Inverse Direction: 
-1 0 0
0 -1 0
0 0 -1

  PixelContainer: 
    ImportImageContainer (0x6d21660)
      RTTI typeinfo:   itk::ImportImageContainer<unsigned long, float>
      Reference Count: 1
      Modified Time: 1474264
      Debug: Off
      Object Name: 
      Observers: 
        none
      Pointer: 0x15134710
      Container manages memory: true
      Size: 3183880
      Capacity: 3183880

     Weighting = 1
     Sampling strategy = regular
     Number of bins = 32
     Radius = 4
     Sampling percentage  = 0.2
   Transform = Rigid
     Gradient step = 0.25
     Update field sigma (voxel space) = 0
     Total field sigma (voxel space) = 0
     Update field time sigma = 0
     Total field time sigma  = 0
     Number of time indices = 0
     Number of time point samples = 0
Stage 2 State
   Image metric = MattesMI
     Fixed image = Image (0x3f0d5c0)
  RTTI typeinfo:   itk::Image<float, 3u>
  Reference Count: 2
  Modified Time: 1474322
  Debug: Off
  Object Name: 
  Observers: 
    none
  Source: (none)
  Source output name: (none)
  Release Data: Off
  Data Released: False
  Global Release Data: Off
  PipelineMTime: 0
  UpdateMTime: 1474294
  RealTimeStamp: 0 seconds 
  LargestPossibleRegion: 
    Dimension: 3
    Index: [0, 0, 0]
    Size: [152, 286, 83]
  BufferedRegion: 
    Dimension: 3
    Index: [0, 0, 0]
    Size: [152, 286, 83]
  RequestedRegion: 
    Dimension: 3
    Index: [0, 0, 0]
    Size: [152, 286, 83]
  Spacing: [3, 3, 3]
  Origin: [454.48, 855.76, 243.75]
  Direction: 
-1 0 0
0 -1 0
0 0 -1

  IndexToPointMatrix: 
-3 0 0
0 -3 0
0 0 -3

  PointToIndexMatrix: 
-0.333333 0 0
0 -0.333333 0
0 0 -0.333333

  Inverse Direction: 
-1 0 0
0 -1 0
0 0 -1

  PixelContainer: 
    ImportImageContainer (0x3f227a0)
      RTTI typeinfo:   itk::ImportImageContainer<unsigned long, float>
      Reference Count: 1
      Modified Time: 1474292
      Debug: Off
      Object Name: 
      Observers: 
        none
      Pointer: 0x15d59b40
      Container manages memory: true
      Size: 3608176
      Capacity: 3608176

     Moving image = Image (0x3eab810)
  RTTI typeinfo:   itk::Image<float, 3u>
  Reference Count: 2
  Modified Time: 1474323
  Debug: Off
  Object Name: 
  Observers: 
    none
  Source: (none)
  Source output name: (none)
  Release Data: Off
  Data Released: False
  Global Release Data: Off
  PipelineMTime: 0
  UpdateMTime: 1474320
  RealTimeStamp: 0 seconds 
  LargestPossibleRegion: 
    Dimension: 3
    Index: [0, 0, 0]
    Size: [140, 274, 83]
  BufferedRegion: 
    Dimension: 3
    Index: [0, 0, 0]
    Size: [140, 274, 83]
  RequestedRegion: 
    Dimension: 3
    Index: [0, 0, 0]
    Size: [140, 274, 83]
  Spacing: [3, 3, 3]
  Origin: [418, 819.28, 243.75]
  Direction: 
-1 0 0
0 -1 0
0 0 -1

  IndexToPointMatrix: 
-3 0 0
0 -3 0
0 0 -3

  PointToIndexMatrix: 
-0.333333 0 0
0 -0.333333 0
0 0 -0.333333

  Inverse Direction: 
-1 0 0
0 -1 0
0 0 -1

  PixelContainer: 
    ImportImageContainer (0x3f1b840)
      RTTI typeinfo:   itk::ImportImageContainer<unsigned long, float>
      Reference Count: 1
      Modified Time: 1474318
      Debug: Off
      Object Name: 
      Observers: 
        none
      Pointer: 0x16b1d510
      Container manages memory: true
      Size: 3183880
      Capacity: 3183880

     Weighting = 1
     Sampling strategy = regular
     Number of bins = 32
     Radius = 4
     Sampling percentage  = 0.2
   Transform = Affine
     Gradient step = 0.25
     Update field sigma (voxel space) = 0
     Total field sigma (voxel space) = 0
     Update field time sigma = 0
     Total field time sigma  = 0
     Number of time indices = 0
     Number of time point samples = 0
Stage 3 State
   Image metric = CC
     Fixed image = Image (0x3f56ab0)
  RTTI typeinfo:   itk::Image<float, 3u>
  Reference Count: 2
  Modified Time: 1474376
  Debug: Off
  Object Name: 
  Observers: 
    none
  Source: (none)
  Source output name: (none)
  Release Data: Off
  Data Released: False
  Global Release Data: Off
  PipelineMTime: 0
  UpdateMTime: 1474348
  RealTimeStamp: 0 seconds 
  LargestPossibleRegion: 
    Dimension: 3
    Index: [0, 0, 0]
    Size: [152, 286, 83]
  BufferedRegion: 
    Dimension: 3
    Index: [0, 0, 0]
    Size: [152, 286, 83]
  RequestedRegion: 
    Dimension: 3
    Index: [0, 0, 0]
    Size: [152, 286, 83]
  Spacing: [3, 3, 3]
  Origin: [454.48, 855.76, 243.75]
  Direction: 
-1 0 0
0 -1 0
0 0 -1

  IndexToPointMatrix: 
-3 0 0
0 -3 0
0 0 -3

  PointToIndexMatrix: 
-0.333333 0 0
0 -0.333333 0
0 0 -0.333333

  Inverse Direction: 
-1 0 0
0 -1 0
0 0 -1

  PixelContainer: 
    ImportImageContainer (0x3f1b8a0)
      RTTI typeinfo:   itk::ImportImageContainer<unsigned long, float>
      Reference Count: 1
      Modified Time: 1474346
      Debug: Off
      Object Name: 
      Observers: 
        none
      Pointer: 0x17742940
      Container manages memory: true
      Size: 3608176
      Capacity: 3608176

     Moving image = Image (0x3f56110)
  RTTI typeinfo:   itk::Image<float, 3u>
  Reference Count: 2
  Modified Time: 1474377
  Debug: Off
  Object Name: 
  Observers: 
    none
  Source: (none)
  Source output name: (none)
  Release Data: Off
  Data Released: False
  Global Release Data: Off
  PipelineMTime: 0
  UpdateMTime: 1474374
  RealTimeStamp: 0 seconds 
  LargestPossibleRegion: 
    Dimension: 3
    Index: [0, 0, 0]
    Size: [140, 274, 83]
  BufferedRegion: 
    Dimension: 3
    Index: [0, 0, 0]
    Size: [140, 274, 83]
  RequestedRegion: 
    Dimension: 3
    Index: [0, 0, 0]
    Size: [140, 274, 83]
  Spacing: [3, 3, 3]
  Origin: [418, 819.28, 243.75]
  Direction: 
-1 0 0
0 -1 0
0 0 -1

  IndexToPointMatrix: 
-3 0 0
0 -3 0
0 0 -3

  PointToIndexMatrix: 
-0.333333 0 0
0 -0.333333 0
0 0 -0.333333

  Inverse Direction: 
-1 0 0
0 -1 0
0 0 -1

  PixelContainer: 
    ImportImageContainer (0x3f563a0)
      RTTI typeinfo:   itk::ImportImageContainer<unsigned long, float>
      Reference Count: 1
      Modified Time: 1474372
      Debug: Off
      Object Name: 
      Observers: 
        none
      Pointer: 0x18506310
      Container manages memory: true
      Size: 3183880
      Capacity: 3183880

     Weighting = 1
     Sampling strategy = none
     Number of bins = 32
     Radius = 32
     Sampling percentage  = 1
   Transform = SyN
     Gradient step = 0.2
     Update field sigma (voxel space) = 3
     Total field sigma (voxel space) = 0
     Update field time sigma = 0
     Total field time sigma  = 0
     Number of time indices = 0
     Number of time point samples = 0
Registration using 3 total stages.

Stage 0
  iterations = 2100x1200x1200x0
  convergence threshold = 1e-06
  convergence window size = 10
  number of levels = 4
  using the Mattes MI metric (number of bins = 32, weight = 1, use gradient filter = 0)
  preprocessing:  histogram matching the images
  Shrink factors (level 1 out of 4): [4, 4, 4]
  Shrink factors (level 2 out of 4): [2, 2, 2]
  Shrink factors (level 3 out of 4): [2, 2, 2]
  Shrink factors (level 4 out of 4): [1, 1, 1]
  smoothing sigmas per level: [3, 2, 1, 0]
  regular sampling (percentage = 0.2)

*** Running Euler3DTransform registration ***

DIAGNOSTIC,Iteration,metricValue,convergenceValue,ITERATION_TIME_INDEX,SINCE_LAST
 2DIAGNOSTIC,     1, -1.049452066422e+00, inf, 1.0906e-01, 1.0906e-01, 
 2DIAGNOSTIC,     2, -1.049973130226e+00, inf, 1.1647e-01, 7.4060e-03, 
 2DIAGNOSTIC,     3, -1.049976706505e+00, inf, 1.2275e-01, 6.2821e-03, 
 2DIAGNOSTIC,     4, -1.050020456314e+00, inf, 1.2768e-01, 4.9269e-03, 
 2DIAGNOSTIC,     5, -1.049987554550e+00, inf, 1.3245e-01, 4.7729e-03, 
 2DIAGNOSTIC,     6, -1.049981951714e+00, inf, 1.3675e-01, 4.3020e-03, 
 2DIAGNOSTIC,     7, -1.049964189529e+00, inf, 1.4083e-01, 4.0832e-03, 
 2DIAGNOSTIC,     8, -1.049743175507e+00, inf, 1.4439e-01, 3.5589e-03, 
 2DIAGNOSTIC,     9, -1.049768924713e+00, inf, 1.4828e-01, 3.8860e-03, 
 2DIAGNOSTIC,    10, -1.049838542938e+00, 3.638648422566e-06, 1.5223e-01, 3.9508e-03, 
DIAGNOSTIC,Iteration,metricValue,convergenceValue,ITERATION_TIME_INDEX,SINCE_LAST
 2DIAGNOSTIC,     1, -1.006716251373e+00, inf, 2.7635e-01, 1.2412e-01, 
 2DIAGNOSTIC,     2, -1.006809592247e+00, inf, 2.9891e-01, 2.2562e-02, 
 2DIAGNOSTIC,     3, -1.006779789925e+00, inf, 3.2373e-01, 2.4814e-02, 
 2DIAGNOSTIC,     4, -1.006770610809e+00, inf, 3.5163e-01, 2.7903e-02, 
 2DIAGNOSTIC,     5, -1.006772041321e+00, inf, 3.7654e-01, 2.4905e-02, 
 2DIAGNOSTIC,     6, -1.006776690483e+00, inf, 3.9864e-01, 2.2099e-02, 
 2DIAGNOSTIC,     7, -1.006769895554e+00, inf, 4.2067e-01, 2.2030e-02, 
 2DIAGNOSTIC,     8, -1.006765723228e+00, inf, 4.4550e-01, 2.4838e-02, 
 2DIAGNOSTIC,     9, -1.006762504578e+00, inf, 4.7038e-01, 2.4879e-02, 
 2DIAGNOSTIC,    10, -1.006815314293e+00, 4.549701770884e-06, 4.9293e-01, 2.2551e-02, 
 2DIAGNOSTIC,    11, -1.006818890572e+00, 3.676164169519e-06, 5.1534e-01, 2.2404e-02, 
 2DIAGNOSTIC,    12, -1.006874799728e+00, 6.420901172532e-06, 5.3761e-01, 2.2276e-02, 
 2DIAGNOSTIC,    13, -1.006911277771e+00, 8.542843715986e-06, 5.6000e-01, 2.2389e-02, 
 2DIAGNOSTIC,    14, -1.006957650185e+00, 1.054701533576e-05, 5.8518e-01, 2.5178e-02, 
 2DIAGNOSTIC,    15, -1.006959915161e+00, 1.157639326266e-05, 6.0760e-01, 2.2415e-02, 
 2DIAGNOSTIC,    16, -1.007070779800e+00, 1.366034393868e-05, 6.4349e-01, 3.5894e-02, 
 2DIAGNOSTIC,    17, -1.007068634033e+00, 1.423394496669e-05, 6.7353e-01, 3.0041e-02, 
 2DIAGNOSTIC,    18, -1.007058978081e+00, 1.340406288364e-05, 6.9461e-01, 2.1084e-02, 
 2DIAGNOSTIC,    19, -1.007055521011e+00, 1.149253785115e-05, 7.1877e-01, 2.4153e-02, 
 2DIAGNOSTIC,    20, -1.007025957108e+00, 9.194811354973e-06, 7.4082e-01, 2.2049e-02, 
 2DIAGNOSTIC,    21, -1.007026433945e+00, 6.440135621233e-06, 7.6579e-01, 2.4975e-02, 
 2DIAGNOSTIC,    22, -1.007014274597e+00, 4.021736458526e-06, 7.9086e-01, 2.5068e-02, 
 2DIAGNOSTIC,    23, -1.007013797760e+00, 2.021382897510e-06, 8.1584e-01, 2.4984e-02, 
DIAGNOSTIC,Iteration,metricValue,convergenceValue,ITERATION_TIME_INDEX,SINCE_LAST
 2DIAGNOSTIC,     1, -9.505927562714e-01, inf, 9.4560e-01, 1.2976e-01, 
 2DIAGNOSTIC,     2, -9.510129094124e-01, inf, 9.6830e-01, 2.2693e-02, 
 2DIAGNOSTIC,     3, -9.512821435928e-01, inf, 9.9305e-01, 2.4749e-02, 
 2DIAGNOSTIC,     4, -9.513732790947e-01, inf, 1.0178e+00, 2.4758e-02, 
 2DIAGNOSTIC,     5, -9.513730406761e-01, inf, 1.0428e+00, 2.5010e-02, 
 2DIAGNOSTIC,     6, -9.513802528381e-01, inf, 1.0728e+00, 3.0032e-02, 
 2DIAGNOSTIC,     7, -9.513620734215e-01, inf, 1.0936e+00, 2.0742e-02, 
 2DIAGNOSTIC,     8, -9.513648748398e-01, inf, 1.1144e+00, 2.0834e-02, 
 2DIAGNOSTIC,     9, -9.513294696808e-01, inf, 1.1352e+00, 2.0758e-02, 
 2DIAGNOSTIC,    10, -9.513076543808e-01, 3.441827720962e-05, 1.1541e+00, 1.8944e-02, 
 2DIAGNOSTIC,    11, -9.513098001480e-01, 1.054058884620e-05, 1.1757e+00, 2.1625e-02, 
DIAGNOSTIC,Iteration,metricValue,convergenceValue,ITERATION_TIME_INDEX,SINCE_LAST
 2DIAGNOSTIC,     1, -8.967732191086e-01, inf, 1.5955e+00, 4.1974e-01, 
  Elapsed time (stage 0): 2.0410e+00


Stage 1
  iterations = 2100x1200x1200x0
  convergence threshold = 1.0000e-06
  convergence window size = 10
  number of levels = 4
  using the Mattes MI metric (number of bins = 32, weight = 1.0000e+00, use gradient filter = 0)
  preprocessing:  histogram matching the images
  Shrink factors (level 1 out of 4): [4, 4, 4]
  Shrink factors (level 2 out of 4): [2, 2, 2]
  Shrink factors (level 3 out of 4): [2, 2, 2]
  Shrink factors (level 4 out of 4): [1, 1, 1]
  smoothing sigmas per level: [3, 2, 1, 0]
  regular sampling (percentage = 2.0000e-01)

*** Running AffineTransform registration ***

DIAGNOSTIC,Iteration,metricValue,convergenceValue,ITERATION_TIME_INDEX,SINCE_LAST
 2DIAGNOSTIC,     1, -1.038440823555e+00, inf, 1.0678e-01, 1.0678e-01, 
 2DIAGNOSTIC,     2, -1.039211034775e+00, inf, 1.1346e-01, 6.6760e-03, 
 2DIAGNOSTIC,     3, -1.040235877037e+00, inf, 1.1870e-01, 5.2431e-03, 
 2DIAGNOSTIC,     4, -1.041817903519e+00, inf, 1.2394e-01, 5.2421e-03, 
 2DIAGNOSTIC,     5, -1.043623685837e+00, inf, 1.2817e-01, 4.2298e-03, 
 2DIAGNOSTIC,     6, -1.047362327576e+00, inf, 1.3238e-01, 4.2121e-03, 
 2DIAGNOSTIC,     7, -1.050621151924e+00, inf, 1.3650e-01, 4.1170e-03, 
 2DIAGNOSTIC,     8, -1.055381178856e+00, inf, 1.4049e-01, 3.9859e-03, 
 2DIAGNOSTIC,     9, -1.057438135147e+00, inf, 1.4695e-01, 6.4640e-03, 
 2DIAGNOSTIC,    10, -1.057470917702e+00, 1.368780154735e-03, 1.5179e-01, 4.8459e-03, 
 2DIAGNOSTIC,    11, -1.057471394539e+00, 1.243156497367e-03, 1.5647e-01, 4.6751e-03, 
 2DIAGNOSTIC,    12, -1.057550907135e+00, 1.045934506692e-03, 1.6101e-01, 4.5428e-03, 
 2DIAGNOSTIC,    13, -1.057790040970e+00, 8.101163548417e-04, 1.6506e-01, 4.0450e-03, 
 2DIAGNOSTIC,    14, -1.058011651039e+00, 5.695376894437e-04, 1.6898e-01, 3.9229e-03, 
 2DIAGNOSTIC,    15, -1.058099031448e+00, 3.436230472289e-04, 1.7256e-01, 3.5789e-03, 
 2DIAGNOSTIC,    16, -1.058385610580e+00, 1.828688255046e-04, 1.7829e-01, 5.7340e-03, 
 2DIAGNOSTIC,    17, -1.058521509171e+00, 7.661335257581e-05, 1.8220e-01, 3.9110e-03, 
 2DIAGNOSTIC,    18, -1.058532953262e+00, 4.600917964126e-05, 1.8654e-01, 4.3402e-03, 
 2DIAGNOSTIC,    19, -1.058479905128e+00, 4.305216862122e-05, 1.9087e-01, 4.3201e-03, 
 2DIAGNOSTIC,    20, -1.058638334274e+00, 3.920236849808e-05, 1.9519e-01, 4.3249e-03, 
 2DIAGNOSTIC,    21, -1.058426499367e+00, 2.942013088614e-05, 1.9911e-01, 3.9160e-03, 
 2DIAGNOSTIC,    22, -1.058435559273e+00, 1.902531039377e-05, 2.0301e-01, 3.9051e-03, 
 2DIAGNOSTIC,    23, -1.058488488197e+00, 1.130499822466e-05, 2.0739e-01, 4.3759e-03, 
 2DIAGNOSTIC,    24, -1.058550477028e+00, 6.473045687017e-06, 2.1282e-01, 5.4379e-03, 
 2DIAGNOSTIC,    25, -1.058498382568e+00, 1.829672896747e-06, 2.1690e-01, 4.0739e-03, 
DIAGNOSTIC,Iteration,metricValue,convergenceValue,ITERATION_TIME_INDEX,SINCE_LAST
 2DIAGNOSTIC,     1, -1.018311262131e+00, inf, 3.4618e-01, 1.2929e-01, 
 2DIAGNOSTIC,     2, -1.018313407898e+00, inf, 3.7879e-01, 3.2603e-02, 
 2DIAGNOSTIC,     3, -1.018321275711e+00, inf, 4.0862e-01, 2.9831e-02, 
 2DIAGNOSTIC,     4, -1.018303990364e+00, inf, 4.3847e-01, 2.9848e-02, 
 2DIAGNOSTIC,     5, -1.018304824829e+00, inf, 4.6548e-01, 2.7014e-02, 
 2DIAGNOSTIC,     6, -1.018323302269e+00, inf, 4.9531e-01, 2.9827e-02, 
 2DIAGNOSTIC,     7, -1.018300414085e+00, inf, 5.2447e-01, 2.9164e-02, 
 2DIAGNOSTIC,     8, -1.018242835999e+00, inf, 5.5382e-01, 2.9345e-02, 
 2DIAGNOSTIC,     9, -1.018249273300e+00, inf, 5.7903e-01, 2.5218e-02, 
DIAGNOSTIC,Iteration,metricValue,convergenceValue,ITERATION_TIME_INDEX,SINCE_LAST
 2DIAGNOSTIC,     1, -9.345510005951e-01, inf, 7.1857e-01, 1.3953e-01, 
 2DIAGNOSTIC,     2, -9.351776242256e-01, inf, 7.4510e-01, 2.6536e-02, 
 2DIAGNOSTIC,     3, -9.360928535461e-01, inf, 7.7165e-01, 2.6546e-02, 
 2DIAGNOSTIC,     4, -9.373174905777e-01, inf, 7.9829e-01, 2.6639e-02, 
 2DIAGNOSTIC,     5, -9.386714100838e-01, inf, 8.2481e-01, 2.6527e-02, 
 2DIAGNOSTIC,     6, -9.405317902565e-01, inf, 8.5127e-01, 2.6454e-02, 
 2DIAGNOSTIC,     7, -9.421874284744e-01, inf, 8.8392e-01, 3.2653e-02, 
 2DIAGNOSTIC,     8, -9.428926110268e-01, inf, 9.2852e-01, 4.4603e-02, 
 2DIAGNOSTIC,     9, -9.429827332497e-01, inf, 9.5789e-01, 2.9368e-02, 
 2DIAGNOSTIC,    10, -9.429908990860e-01, 6.873889942653e-04, 9.8468e-01, 2.6787e-02, 
 2DIAGNOSTIC,    11, -9.430128335953e-01, 5.551037611440e-04, 1.0149e+00, 3.0240e-02, 
 2DIAGNOSTIC,    12, -9.430374503136e-01, 4.111925372854e-04, 1.0448e+00, 2.9869e-02, 
 2DIAGNOSTIC,    13, -9.430593848228e-01, 2.742345677689e-04, 1.0713e+00, 2.6559e-02, 
 2DIAGNOSTIC,    14, -9.430831074715e-01, 1.593048073119e-04, 1.0981e+00, 2.6762e-02, 
 2DIAGNOSTIC,    15, -9.432975053787e-01, 7.654590444872e-05, 1.1247e+00, 2.6635e-02, 
 2DIAGNOSTIC,    16, -9.435173869133e-01, 3.579349504435e-05, 1.1516e+00, 2.6874e-02, 
 2DIAGNOSTIC,    17, -9.439291357994e-01, 3.306206417619e-05, 1.1782e+00, 2.6612e-02, 
 2DIAGNOSTIC,    18, -9.444023966789e-01, 4.738444840768e-05, 1.2079e+00, 2.9661e-02, 
 2DIAGNOSTIC,    19, -9.447482228279e-01, 6.280151865212e-05, 1.2467e+00, 3.8858e-02, 
 2DIAGNOSTIC,    20, -9.448210597038e-01, 7.218517566798e-05, 1.2766e+00, 2.9836e-02, 
 2DIAGNOSTIC,    21, -9.448277950287e-01, 7.456215826096e-05, 1.3061e+00, 2.9523e-02, 
 2DIAGNOSTIC,    22, -9.448158144951e-01, 7.007578824414e-05, 1.3329e+00, 2.6833e-02, 
 2DIAGNOSTIC,    23, -9.448119401932e-01, 5.974886880722e-05, 1.3603e+00, 2.7384e-02, 
 2DIAGNOSTIC,    24, -9.448745846748e-01, 4.584271664498e-05, 1.3931e+00, 3.2741e-02, 
 2DIAGNOSTIC,    25, -9.448608756065e-01, 3.131596895400e-05, 1.4198e+00, 2.6716e-02, 
 2DIAGNOSTIC,    26, -9.448580741882e-01, 1.760620762070e-05, 1.4469e+00, 2.7152e-02, 
 2DIAGNOSTIC,    27, -9.449388384819e-01, 8.794104360277e-06, 1.4738e+00, 2.6832e-02, 
 2DIAGNOSTIC,    28, -9.449939131737e-01, 5.460029569804e-06, 1.5002e+00, 2.6462e-02, 
 2DIAGNOSTIC,    29, -9.451206326485e-01, 6.821742772445e-06, 1.5300e+00, 2.9821e-02, 
 2DIAGNOSTIC,    30, -9.451778531075e-01, 8.837993846100e-06, 1.5557e+00, 2.5631e-02, 
 2DIAGNOSTIC,    31, -9.453185796738e-01, 1.144035286416e-05, 1.5932e+00, 3.7550e-02, 
 2DIAGNOSTIC,    32, -9.453018307686e-01, 1.260191947949e-05, 1.6181e+00, 2.4858e-02, 
 2DIAGNOSTIC,    33, -9.453026056290e-01, 1.255832557945e-05, 1.6405e+00, 2.2387e-02, 
 2DIAGNOSTIC,    34, -9.452787041664e-01, 1.177085141535e-05, 1.6654e+00, 2.4935e-02, 
 2DIAGNOSTIC,    35, -9.452748894691e-01, 9.851759386947e-06, 1.6903e+00, 2.4886e-02, 
 2DIAGNOSTIC,    36, -9.452598690987e-01, 7.021100373095e-06, 1.7177e+00, 2.7445e-02, 
 2DIAGNOSTIC,    37, -9.452610611916e-01, 4.432489731698e-06, 1.7426e+00, 2.4814e-02, 
 2DIAGNOSTIC,    38, -9.452568292618e-01, 2.037276999545e-06, 1.7708e+00, 2.8266e-02, 
DIAGNOSTIC,Iteration,metricValue,convergenceValue,ITERATION_TIME_INDEX,SINCE_LAST
 2DIAGNOSTIC,     1, -9.118330478668e-01, inf, 2.1900e+00, 4.1915e-01, 
  Elapsed time (stage 1): 2.6123e+00


Stage 2
  iterations = 120x80x40x0
  convergence threshold = 1.0000e-07
  convergence window size = 8
  number of levels = 4
  using the CC metric (radius = 32, weight = 1.0000e+00, use gradient filter = 0)
  preprocessing:  histogram matching the images
  Shrink factors (level 1 out of 4): [8, 8, 8]
  Shrink factors (level 2 out of 4): [4, 4, 4]
  Shrink factors (level 3 out of 4): [2, 2, 2]
  Shrink factors (level 4 out of 4): [1, 1, 1]
  smoothing sigmas per level: [3, 2, 1, 0]
  Using default NONE metricSamplingStrategy 

*** Running SyN registration (varianceForUpdateField = 3.0000e+00, varianceForTotalField = 0.0000e+00) ***

XXDIAGNOSTIC,Iteration,metricValue,convergenceValue,ITERATION_TIME_INDEX,SINCE_LAST
 1DIAGNOSTIC,     1, -8.464152216911e-01, inf, 7.1393e-01, 7.1393e-01, 
 1DIAGNOSTIC,     2, -8.831328749657e-01, inf, 1.3479e+00, 6.3394e-01, 
 1DIAGNOSTIC,     3, -9.079916477203e-01, inf, 1.9678e+00, 6.1996e-01, 
 1DIAGNOSTIC,     4, -9.236251711845e-01, inf, 2.5866e+00, 6.1879e-01, 
 1DIAGNOSTIC,     5, -9.348182678223e-01, inf, 3.2026e+00, 6.1597e-01, 
 1DIAGNOSTIC,     6, -9.405055642128e-01, inf, 3.8193e+00, 6.1676e-01, 
 1DIAGNOSTIC,     7, -9.432832598686e-01, inf, 4.4440e+00, 6.2468e-01, 
 1DIAGNOSTIC,     8, -9.452202916145e-01, 8.120324462652e-03, 5.0628e+00, 6.1873e-01, 
 1DIAGNOSTIC,     9, -9.462695717812e-01, 4.514075815678e-03, 5.6791e+00, 6.1633e-01, 
 1DIAGNOSTIC,    10, -9.472992420197e-01, 2.459951909259e-03, 6.2950e+00, 6.1594e-01, 
 1DIAGNOSTIC,    11, -9.480246901512e-01, 1.328740734607e-03, 6.9088e+00, 6.1381e-01, 
 1DIAGNOSTIC,    12, -9.485465288162e-01, 7.119959918782e-04, 7.4197e+00, 5.1089e-01, 
 1DIAGNOSTIC,    13, -9.490806460381e-01, 4.317789571360e-04, 7.9128e+00, 4.9311e-01, 
 1DIAGNOSTIC,    14, -9.494940638542e-01, 2.954644733109e-04, 8.4036e+00, 4.9074e-01, 
 1DIAGNOSTIC,    15, -9.497980475426e-01, 2.129671047442e-04, 8.8993e+00, 4.9568e-01, 
 1DIAGNOSTIC,    16, -9.500469565392e-01, 1.623206626391e-04, 9.3895e+00, 4.9021e-01, 
 1DIAGNOSTIC,    17, -9.501679539680e-01, 1.204903092002e-04, 9.9068e+00, 5.1729e-01, 
 1DIAGNOSTIC,    18, -9.502456188202e-01, 8.936728409026e-05, 1.0432e+01, 5.2530e-01, 
 1DIAGNOSTIC,    19, -9.503971934319e-01, 6.627594848396e-05, 1.0936e+01, 5.0406e-01, 
 1DIAGNOSTIC,    20, -9.504436254501e-01, 4.677957622334e-05, 1.1400e+01, 4.6407e-01, 
 1DIAGNOSTIC,    21, -9.505275487900e-01, 3.368774923729e-05, 1.1865e+01, 4.6475e-01, 
 1DIAGNOSTIC,    22, -9.505272507668e-01, 2.417939867883e-05, 1.2388e+01, 5.2352e-01, 
 1DIAGNOSTIC,    23, -9.505727887154e-01, 1.787693690858e-05, 1.2916e+01, 5.2732e-01, 
 1DIAGNOSTIC,    24, -9.506222009659e-01, 1.435766080249e-05, 1.3417e+01, 5.0174e-01, 
 1DIAGNOSTIC,    25, -9.506561756134e-01, 1.158644408861e-05, 1.3882e+01, 4.6448e-01, 
 1DIAGNOSTIC,    26, -9.506875872612e-01, 9.118642083195e-06, 1.4353e+01, 4.7076e-01, 
 1DIAGNOSTIC,    27, -9.506453275681e-01, 7.235838893394e-06, 1.4881e+01, 5.2856e-01, 
 1DIAGNOSTIC,    28, -9.506329894066e-01, 5.079526545160e-06, 1.5405e+01, 5.2414e-01, 
 1DIAGNOSTIC,    29, -9.506534337997e-01, 3.866958650178e-06, 1.5894e+01, 4.8815e-01, 
 1DIAGNOSTIC,    30, -9.507032632828e-01, 2.967443606394e-06, 1.6363e+01, 4.6992e-01, 
 1DIAGNOSTIC,    31, -9.506997466087e-01, 2.393708655291e-06, 1.6845e+01, 4.8126e-01, 
 1DIAGNOSTIC,    32, -9.507142305374e-01, 2.452055923641e-06, 1.7376e+01, 5.3116e-01, 
 1DIAGNOSTIC,    33, -9.507161378860e-01, 2.702540541577e-06, 1.7910e+01, 5.3441e-01, 
 1DIAGNOSTIC,    34, -9.507096409798e-01, 2.981615352837e-06, 1.8400e+01, 4.8952e-01, 
 1DIAGNOSTIC,    35, -9.507173299789e-01, 2.618070766403e-06, 1.8864e+01, 4.6450e-01, 
 1DIAGNOSTIC,    36, -9.507440924644e-01, 2.203828671554e-06, 1.9364e+01, 4.9937e-01, 
 1DIAGNOSTIC,    37, -9.507337212563e-01, 1.734737452352e-06, 1.9885e+01, 5.2143e-01, 
 1DIAGNOSTIC,    38, -9.507284164429e-01, 1.638926278247e-06, 2.0409e+01, 5.2409e-01, 
 1DIAGNOSTIC,    39, -9.507171511650e-01, 1.311666892434e-06, 2.0885e+01, 4.7568e-01, 
 1DIAGNOSTIC,    40, -9.507135748863e-01, 1.048706963047e-06, 2.1348e+01, 4.6261e-01, 
 1DIAGNOSTIC,    41, -9.507025480270e-01, 7.086793516464e-07, 2.1846e+01, 4.9804e-01, 
 1DIAGNOSTIC,    42, -9.506968855858e-01, 3.201618881121e-07, 2.2373e+01, 5.2716e-01, 
 1DIAGNOSTIC,    43, -9.506908655167e-01, 4.919873930476e-08, 2.2900e+01, 5.2689e-01, 
XXDIAGNOSTIC,Iteration,metricValue,convergenceValue,ITERATION_TIME_INDEX,SINCE_LAST
 1DIAGNOSTIC,     1, -9.342582821846e-01, inf, 2.7877e+01, 4.9773e+00, 
 1DIAGNOSTIC,     2, -9.389696121216e-01, inf, 3.2816e+01, 4.9387e+00, 
 1DIAGNOSTIC,     3, -9.429344534874e-01, inf, 3.7758e+01, 4.9428e+00, 
 1DIAGNOSTIC,     4, -9.462523460388e-01, inf, 4.2709e+01, 4.9503e+00, 
 1DIAGNOSTIC,     5, -9.486840963364e-01, inf, 4.7667e+01, 4.9585e+00, 
 1DIAGNOSTIC,     6, -9.504752159119e-01, inf, 5.2635e+01, 4.9675e+00, 
 1DIAGNOSTIC,     7, -9.519527554512e-01, inf, 5.7601e+01, 4.9660e+00, 
 1DIAGNOSTIC,     8, -9.531913995743e-01, 1.603943528607e-03, 6.2571e+01, 4.9705e+00, 
 1DIAGNOSTIC,     9, -9.542570114136e-01, 1.132491393946e-03, 6.7550e+01, 4.9789e+00, 
 1DIAGNOSTIC,    10, -9.551508426666e-01, 8.080168045126e-04, 7.2528e+01, 4.9774e+00, 
 1DIAGNOSTIC,    11, -9.558370113373e-01, 5.871332832612e-04, 7.7492e+01, 4.9646e+00, 
 1DIAGNOSTIC,    12, -9.563932418823e-01, 4.405352519825e-04, 8.2477e+01, 4.9851e+00, 
 1DIAGNOSTIC,    13, -9.568977355957e-01, 3.381741698831e-04, 8.7453e+01, 4.9761e+00, 
 1DIAGNOSTIC,    14, -9.573006033897e-01, 2.606502384879e-04, 9.2430e+01, 4.9765e+00, 
 1DIAGNOSTIC,    15, -9.576376676559e-01, 2.013348275796e-04, 9.7406e+01, 4.9760e+00, 
 1DIAGNOSTIC,    16, -9.578527212143e-01, 1.544650149299e-04, 1.0238e+02, 4.9790e+00, 
 1DIAGNOSTIC,    17, -9.580957889557e-01, 1.195768345497e-04, 1.0738e+02, 4.9913e+00, 
 1DIAGNOSTIC,    18, -9.583137631416e-01, 9.432407387067e-05, 1.1238e+02, 4.9995e+00, 
 1DIAGNOSTIC,    19, -9.584816694260e-01, 7.493411249015e-05, 1.1737e+02, 4.9899e+00, 
 1DIAGNOSTIC,    20, -9.585667848587e-01, 5.872443216504e-05, 1.2236e+02, 4.9908e+00, 
 1DIAGNOSTIC,    21, -9.587032794952e-01, 4.702575097326e-05, 1.2735e+02, 4.9896e+00, 
 1DIAGNOSTIC,    22, -9.588388204575e-01, 3.872730667354e-05, 1.3234e+02, 4.9899e+00, 
 1DIAGNOSTIC,    23, -9.589614868164e-01, 3.310563261039e-05, 1.3733e+02, 4.9946e+00, 
 1DIAGNOSTIC,    24, -9.590673446655e-01, 2.829127879522e-05, 1.4233e+02, 4.9993e+00, 
 1DIAGNOSTIC,    25, -9.590847492218e-01, 2.376850898145e-05, 1.4732e+02, 4.9877e+00, 
 1DIAGNOSTIC,    26, -9.591008424759e-01, 1.962692294910e-05, 1.5231e+02, 4.9967e+00, 
 1DIAGNOSTIC,    27, -9.591264724731e-01, 1.575727947056e-05, 1.5731e+02, 4.9927e+00, 
 1DIAGNOSTIC,    28, -9.591541290283e-01, 1.152193635789e-05, 1.6230e+02, 4.9975e+00, 
 1DIAGNOSTIC,    29, -9.591768383980e-01, 8.110900125757e-06, 1.6730e+02, 4.9943e+00, 
 1DIAGNOSTIC,    30, -9.592062830925e-01, 5.953540494374e-06, 1.7234e+02, 5.0412e+00, 
 1DIAGNOSTIC,    31, -9.592430591583e-01, 5.112159669807e-06, 1.7734e+02, 4.9972e+00, 
 1DIAGNOSTIC,    32, -9.592791795731e-01, 5.375909950089e-06, 1.8233e+02, 4.9936e+00, 
 1DIAGNOSTIC,    33, -9.593073129654e-01, 5.516907549463e-06, 1.8732e+02, 4.9872e+00, 
 1DIAGNOSTIC,    34, -9.593280553818e-01, 5.405592219176e-06, 1.9230e+02, 4.9848e+00, 
 1DIAGNOSTIC,    35, -9.593516588211e-01, 5.181661435927e-06, 1.9729e+02, 4.9884e+00, 
 1DIAGNOSTIC,    36, -9.593611955643e-01, 4.742595137941e-06, 2.0229e+02, 4.9964e+00, 
 1DIAGNOSTIC,    37, -9.593934416771e-01, 4.330938736530e-06, 2.0728e+02, 4.9948e+00, 
 1DIAGNOSTIC,    38, -9.594143033028e-01, 3.934711003239e-06, 2.1228e+02, 4.9934e+00, 
 1DIAGNOSTIC,    39, -9.594373703003e-01, 3.688546257763e-06, 2.1726e+02, 4.9884e+00, 
 1DIAGNOSTIC,    40, -9.594439864159e-01, 3.446202072155e-06, 2.2225e+02, 4.9882e+00, 
 1DIAGNOSTIC,    41, -9.594663381577e-01, 3.298446699773e-06, 2.2724e+02, 4.9872e+00, 
 1DIAGNOSTIC,    42, -9.594793915749e-01, 3.095722377111e-06, 2.3223e+02, 4.9869e+00, 
 1DIAGNOSTIC,    43, -9.595076441765e-01, 3.024885927516e-06, 2.3721e+02, 4.9865e+00, 
 1DIAGNOSTIC,    44, -9.595209360123e-01, 2.828949391187e-06, 2.4220e+02, 4.9878e+00, 
 1DIAGNOSTIC,    45, -9.595211744308e-01, 2.617594873300e-06, 2.4718e+02, 4.9838e+00, 
 1DIAGNOSTIC,    46, -9.595282077789e-01, 2.374853238507e-06, 2.5217e+02, 4.9875e+00, 
 1DIAGNOSTIC,    47, -9.595333933830e-01, 2.131885139534e-06, 2.5715e+02, 4.9814e+00, 
 1DIAGNOSTIC,    48, -9.595364332199e-01, 1.776052613423e-06, 2.6214e+02, 4.9904e+00, 
 1DIAGNOSTIC,    49, -9.595474600792e-01, 1.544116003060e-06, 2.6713e+02, 4.9876e+00, 
 1DIAGNOSTIC,    50, -9.595530033112e-01, 1.342167365692e-06, 2.7211e+02, 4.9825e+00, 
 1DIAGNOSTIC,    51, -9.595506191254e-01, 1.248171770385e-06, 2.7709e+02, 4.9805e+00, 
 1DIAGNOSTIC,    52, -9.595549106598e-01, 1.210945811181e-06, 2.8208e+02, 4.9816e+00, 
 1DIAGNOSTIC,    53, -9.595716595650e-01, 1.220386138812e-06, 2.8706e+02, 4.9860e+00, 
 1DIAGNOSTIC,    54, -9.595800638199e-01, 1.258968950424e-06, 2.9205e+02, 4.9869e+00, 
 1DIAGNOSTIC,    55, -9.595710635185e-01, 1.193812636302e-06, 2.9703e+02, 4.9801e+00, 
 1DIAGNOSTIC,    56, -9.595782756805e-01, 1.126483880398e-06, 3.0201e+02, 4.9786e+00, 
 1DIAGNOSTIC,    57, -9.595797061920e-01, 1.070919211088e-06, 3.0699e+02, 4.9831e+00, 
 1DIAGNOSTIC,    58, -9.595911502838e-01, 1.066762365554e-06, 3.1198e+02, 4.9866e+00, 
 1DIAGNOSTIC,    59, -9.595886468887e-01, 9.755606242834e-07, 3.1697e+02, 4.9889e+00, 
 1DIAGNOSTIC,    60, -9.596005678177e-01, 9.390140576215e-07, 3.2195e+02, 4.9855e+00, 
 1DIAGNOSTIC,    61, -9.596041440964e-01, 9.778764251678e-07, 3.2692e+02, 4.9680e+00, 
 1DIAGNOSTIC,    62, -9.596158862114e-01, 1.084864720724e-06, 3.3189e+02, 4.9703e+00, 
 1DIAGNOSTIC,    63, -9.596216678619e-01, 1.100366148421e-06, 3.3686e+02, 4.9675e+00, 
 1DIAGNOSTIC,    64, -9.596300125122e-01, 1.132607735599e-06, 3.4182e+02, 4.9646e+00, 
 1DIAGNOSTIC,    65, -9.596332311630e-01, 1.109340132643e-06, 3.4679e+02, 4.9688e+00, 
 1DIAGNOSTIC,    66, -9.596509933472e-01, 1.172978500108e-06, 3.5178e+02, 4.9884e+00, 
 1DIAGNOSTIC,    67, -9.596556425095e-01, 1.156165467364e-06, 3.5676e+02, 4.9769e+00, 
 1DIAGNOSTIC,    68, -9.596632719040e-01, 1.160559463642e-06, 3.6173e+02, 4.9785e+00, 
 1DIAGNOSTIC,    69, -9.596694707870e-01, 1.127470682150e-06, 3.6671e+02, 4.9753e+00, 
 1DIAGNOSTIC,    70, -9.596839547157e-01, 1.146269369201e-06, 3.7169e+02, 4.9772e+00, 
 1DIAGNOSTIC,    71, -9.596967697144e-01, 1.170185328192e-06, 3.7666e+02, 4.9736e+00, 
 1DIAGNOSTIC,    72, -9.597008824348e-01, 1.164834657175e-06, 3.8163e+02, 4.9726e+00, 
 1DIAGNOSTIC,    73, -9.597029685974e-01, 1.091864078262e-06, 3.8662e+02, 4.9844e+00, 
 1DIAGNOSTIC,    74, -9.597057104111e-01, 1.037249944602e-06, 3.9158e+02, 4.9666e+00, 
 1DIAGNOSTIC,    75, -9.597171545029e-01, 9.842076451605e-07, 3.9655e+02, 4.9700e+00, 
 1DIAGNOSTIC,    76, -9.597187042236e-01, 9.067612722902e-07, 4.0153e+02, 4.9707e+00, 
 1DIAGNOSTIC,    77, -9.597201347351e-01, 8.093350061245e-07, 4.0649e+02, 4.9636e+00, 
 1DIAGNOSTIC,    78, -9.597230553627e-01, 7.493198381781e-07, 4.1174e+02, 5.2537e+00, 
 1DIAGNOSTIC,    79, -9.597281217575e-01, 7.342587196035e-07, 4.1705e+02, 5.3049e+00, 
 1DIAGNOSTIC,    80, -9.597308635712e-01, 7.143175935198e-07, 4.2230e+02, 5.2493e+00, 
XXDIAGNOSTIC,Iteration,metricValue,convergenceValue,ITERATION_TIME_INDEX,SINCE_LAST
 1DIAGNOSTIC,     1, -9.325050711632e-01, inf, 4.8190e+02, 5.9605e+01, 
 1DIAGNOSTIC,     2, -9.329593181610e-01, inf, 5.4177e+02, 5.9868e+01, 
 1DIAGNOSTIC,     3, -9.340468049049e-01, inf, 6.0159e+02, 5.9825e+01, 
 1DIAGNOSTIC,     4, -9.350268244743e-01, inf, 6.6139e+02, 5.9796e+01, 
 1DIAGNOSTIC,     5, -9.359166622162e-01, inf, 7.2094e+02, 5.9552e+01, 
 1DIAGNOSTIC,     6, -9.367211461067e-01, inf, 7.8038e+02, 5.9442e+01, 
 1DIAGNOSTIC,     7, -9.374254941940e-01, inf, 8.4003e+02, 5.9645e+01, 
 1DIAGNOSTIC,     8, -9.380935430527e-01, 5.205545458011e-04, 8.9981e+02, 5.9778e+01, 
 1DIAGNOSTIC,     9, -9.387230277061e-01, 4.479915369302e-04, 9.5939e+02, 5.9580e+01, 
 1DIAGNOSTIC,    10, -9.392843246460e-01, 3.669158322737e-04, 1.0189e+03, 5.9480e+01, 
 1DIAGNOSTIC,    11, -9.398012161255e-01, 3.047499340028e-04, 1.0783e+03, 5.9429e+01, 
 1DIAGNOSTIC,    12, -9.403192996979e-01, 2.574294339865e-04, 1.1377e+03, 5.9379e+01, 
 1DIAGNOSTIC,    13, -9.407552480698e-01, 2.196018904215e-04, 1.1974e+03, 5.9712e+01, 
 1DIAGNOSTIC,    14, -9.411629438400e-01, 1.888398255687e-04, 1.2571e+03, 5.9725e+01, 
 1DIAGNOSTIC,    15, -9.415522813797e-01, 1.628897152841e-04, 1.3169e+03, 5.9751e+01, 
 1DIAGNOSTIC,    16, -9.419244527817e-01, 1.414626312908e-04, 1.3765e+03, 5.9591e+01, 
 1DIAGNOSTIC,    17, -9.422740340233e-01, 1.240634737769e-04, 1.4361e+03, 5.9614e+01, 
 1DIAGNOSTIC,    18, -9.425988197327e-01, 1.094199615181e-04, 1.4958e+03, 5.9718e+01, 
 1DIAGNOSTIC,    19, -9.428997039795e-01, 9.683340613265e-05, 1.5557e+03, 5.9947e+01, 
 1DIAGNOSTIC,    20, -9.431768655777e-01, 8.657521539135e-05, 1.6154e+03, 5.9709e+01, 
 1DIAGNOSTIC,    21, -9.434502124786e-01, 7.757465937175e-05, 1.6753e+03, 5.9861e+01, 
 1DIAGNOSTIC,    22, -9.437048435211e-01, 6.956890138099e-05, 1.7351e+03, 5.9800e+01, 
 1DIAGNOSTIC,    23, -9.439355134964e-01, 6.240025686566e-05, 1.7947e+03, 5.9570e+01, 
 1DIAGNOSTIC,    24, -9.441504478455e-01, 5.605996921076e-05, 1.8543e+03, 5.9598e+01, 
 1DIAGNOSTIC,    25, -9.443486332893e-01, 5.040062387707e-05, 1.9140e+03, 5.9716e+01, 
 1DIAGNOSTIC,    26, -9.445381164551e-01, 4.536450796877e-05, 1.9738e+03, 5.9768e+01, 
 1DIAGNOSTIC,    27, -9.447141289711e-01, 4.082786472281e-05, 2.0332e+03, 5.9472e+01, 
 1DIAGNOSTIC,    28, -9.448827505112e-01, 3.674089384731e-05, 2.0929e+03, 5.9709e+01, 
 1DIAGNOSTIC,    29, -9.450393319130e-01, 3.323762575747e-05, 2.1525e+03, 5.9563e+01, 
 1DIAGNOSTIC,    30, -9.451829791069e-01, 3.019800715265e-05, 2.2123e+03, 5.9778e+01, 
 1DIAGNOSTIC,    31, -9.453229904175e-01, 2.753078661044e-05, 2.2719e+03, 5.9592e+01, 
 1DIAGNOSTIC,    32, -9.454603195190e-01, 2.523546208977e-05, 2.3316e+03, 5.9714e+01, 
 1DIAGNOSTIC,    33, -9.455769062042e-01, 2.306729766133e-05, 2.3912e+03, 5.9650e+01, 
 1DIAGNOSTIC,    34, -9.456939697266e-01, 2.113897062372e-05, 2.4508e+03, 5.9574e+01, 
 1DIAGNOSTIC,    35, -9.457970857620e-01, 1.931633596541e-05, 2.5103e+03, 5.9469e+01, 
 1DIAGNOSTIC,    36, -9.458979368210e-01, 1.767265348462e-05, 2.5699e+03, 5.9579e+01, 
 1DIAGNOSTIC,    37, -9.459941983223e-01, 1.619327122171e-05, 2.6296e+03, 5.9764e+01, 
 1DIAGNOSTIC,    38, -9.460904002190e-01, 1.488587258791e-05, 2.6891e+03, 5.9514e+01, 
 1DIAGNOSTIC,    39, -9.461792707443e-01, 1.376079035253e-05, 2.7485e+03, 5.9391e+01, 
 1DIAGNOSTIC,    40, -9.462696313858e-01, 1.290827003686e-05, 2.8049e+03, 5.6422e+01, 
  Elapsed time (stage 2): 2806


Total elapsed time: 2810
Using double precision for computations.
Input scalar image: 0x7f169b2dafe8
Could not create ImageIO for the input file, assuming dimension = 3 and scalar pixel type
Reference image: 0x7f169b2db048
=============================================================================
The composite transform comprises the following transforms (in order): 
  1. /resnick/groups/Proberlab/yun/lightsheet/analysis_output/registration/huc-h2b-g8m_csn_120min/251118_huc-h2b-g8m_csn_10uM_fish2/expt_to_mean_affine.mat (type = AffineTransform)
  2. /resnick/groups/Proberlab/yun/lightsheet/analysis_output/registration/huc-h2b-g8m_csn_120min/251118_huc-h2b-g8m_csn_10uM_fish2/expt_to_mean_warp.nii.gz (type = DisplacementFieldTransform)
=============================================================================
Default pixel value: 0
Interpolation type: WindowedSincInterpolateImageFunction
Output warped image: 0x7f169b2db068
✅ TMPDIR=/resnick/scratch/yun/tmp_ants | ITK threads=14

Loading mean brain: /resnick/groups/Proberlab/yun/lightsheet/analysis_output/registration/mean_brain_HCRT_TRPV1_YNT_ALL.nii.gz
Mean brain shape=(300, 564, 40), spacing=(1.5199999809265137, 1.5199999809265137, 6.25)

============================================================
  Registering: 251118_huc-h2b-g8m_csn_10uM_fish2
  proj_ID:     huc-h2b-g8m_csn_120min
============================================================
Loading volume mean (moving)...
Raw HDF5 shape (Z, X, Y): (40, 276, 540)
Transposed shape (X, Y, Z): (276, 540, 40)
Rotated shape (X, Y, Z): (276, 540, 40)
ANTsImage (RAI)
	 Pixel Type : float (float32)
	 Components : 1
	 Dimensions : (276, 540, 40)
	 Spacing    : (1.52, 1.52, 6.25)
	 Origin     : (0.0, 0.0, 0.0)
	 Direction  : [1. 0. 0. 0. 1. 0. 0. 0. 1.]

  [atlas] spacing=(1.5199999809265137, 1.5199999809265137, 6.25) origin=(454.4799942970276, 855.7599892616272, 243.75)
  [mov  ] spacing=(1.52, 1.52, 6.25) origin=(418.0, 819.28, 243.75)
Resampling to (3.0, 3.0, 3.0) µm...
Running SyN...
antsRegistration -d 3 -r /resnick/scratch/yun/tmp_ants/tmpwqdab7s7.mat -m MI[0x7f169b2daf28,0x7f169b2dafc8,1,32,regular,0.2] -t Rigid[0.25] -c 2100x1200x1200x0 -s 3x2x1x0 -f 4x2x2x1 -x [NA,NA] -m MI[0x7f169b2daf28,0x7f169b2dafc8,1,32,regular,0.2] -t Affine[0.25] -c 2100x1200x1200x0 -s 3x2x1x0 -f 4x2x2x1 -x [NA,NA] -m CC[0x7f169b2daf28,0x7f169b2dafc8,1,32] -t SyN[0.200000,3.000000,0.000000] -c [120x80x40x0,1e-7,8] -s 3x2x1x0 -f 8x4x2x1 -u 1 -z 1 -o [/resnick/scratch/yun/tmp_ants/tmpxeud6p1b,0x7f169b2db008,0x7f169b2dafa8] -x [0x7f169b2db028,0x7f169b2db068] --float 1 --write-composite-transform 0 -v 1
SyN warp field saved: /resnick/groups/Proberlab/yun/lightsheet/analysis_output/registration/huc-h2b-g8m_csn_120min/251118_huc-h2b-g8m_csn_10uM_fish2/expt_to_mean_warp.nii.gz
SyN affine transform saved: /resnick/groups/Proberlab/yun/lightsheet/analysis_output/registration/huc-h2b-g8m_csn_120min/251118_huc-h2b-g8m_csn_10uM_fish2/expt_to_mean_affine.mat
Applying composite transform at full resolution...
['-d', '3', '-i', '0x7f169b2dafe8', '-o', '0x7f169b2db068', '-r', '0x7f169b2db048', '-n', 'welchWindowedSinc', '-t', '/resnick/groups/Proberlab/yun/lightsheet/analysis_output/registration/huc-h2b-g8m_csn_120min/251118_huc-h2b-g8m_csn_10uM_fish2/expt_to_mean_warp.nii.gz', '-t', '/resnick/groups/Proberlab/yun/lightsheet/analysis_output/registration/huc-h2b-g8m_csn_120min/251118_huc-h2b-g8m_csn_10uM_fish2/expt_to_mean_affine.mat']
✅ Registered image saved: /resnick/groups/Proberlab/yun/lightsheet/analysis_output/registration/huc-h2b-g8m_csn_120min/251118_huc-h2b-g8m_csn_10uM_fish2/expt_to_mean_registered_final.nii.gz
Saving QC overlay...
  ✅ QC overlay saved: /resnick/groups/Proberlab/yun/lightsheet/analysis_output/registration/huc-h2b-g8m_csn_120min/251118_huc-h2b-g8m_csn_10uM_fish2/qc_registration_overlay.pdf

=== Registration complete: 251118_huc-h2b-g8m_csn_10uM_fish2 ===
