 bad det -1 v -1 u 1
 bad det -1 v -1 u 1 new 1
All_Command_lines_OK
Using single precision for computations.
=============================================================================
The composite transform comprises the following transforms (in order): 
  1. /resnick/scratch/yun/tmp_ants/tmpteajhuy2.mat (type = AffineTransform)
=============================================================================
  Reading mask(s).
    Registration stage 0
      No fixed mask
      No moving mask
    Registration stage 1
      No fixed mask
      No moving mask
    Registration stage 2
      Fixed mask = 0x7f7b38633028
      Moving mask = 0x7f7b38633068
  number of levels = 4
  number of levels = 4
  number of levels = 4
  fixed image: 0x7f7b38632f28
  moving image: 0x7f7b38632fc8
  fixed image: 0x7f7b38632f28
  moving image: 0x7f7b38632fc8
  fixed image: 0x7f7b38632f28
  moving image: 0x7f7b38632fc8
Dimension = 3
Number of stages = 3
Use histogram matching = true
Winsorize image intensities = false
  Lower quantile = 0
  Upper quantile = 1


Stage 1 State
   Image metric = MattesMI
     Fixed image = Image (0x4a96050)
  RTTI typeinfo:   itk::Image<float, 3u>
  Reference Count: 2
  Modified Time: 1474243
  Debug: Off
  Object Name: 
  Observers: 
    none
  Source: (none)
  Source output name: (none)
  Release Data: Off
  Data Released: False
  Global Release Data: Off
  PipelineMTime: 0
  UpdateMTime: 1474215
  RealTimeStamp: 0 seconds 
  LargestPossibleRegion: 
    Dimension: 3
    Index: [0, 0, 0]
    Size: [152, 286, 83]
  BufferedRegion: 
    Dimension: 3
    Index: [0, 0, 0]
    Size: [152, 286, 83]
  RequestedRegion: 
    Dimension: 3
    Index: [0, 0, 0]
    Size: [152, 286, 83]
  Spacing: [3, 3, 3]
  Origin: [454.48, 855.76, 243.75]
  Direction: 
-1 0 0
0 -1 0
0 0 -1

  IndexToPointMatrix: 
-3 0 0
0 -3 0
0 0 -3

  PointToIndexMatrix: 
-0.333333 0 0
0 -0.333333 0
0 0 -0.333333

  Inverse Direction: 
-1 0 0
0 -1 0
0 0 -1

  PixelContainer: 
    ImportImageContainer (0x4a4c380)
      RTTI typeinfo:   itk::ImportImageContainer<unsigned long, float>
      Reference Count: 1
      Modified Time: 1474213
      Debug: Off
      Object Name: 
      Observers: 
        none
      Pointer: 0x1578c910
      Container manages memory: true
      Size: 3608176
      Capacity: 3608176

     Moving image = Image (0x4ae9290)
  RTTI typeinfo:   itk::Image<float, 3u>
  Reference Count: 2
  Modified Time: 1474244
  Debug: Off
  Object Name: 
  Observers: 
    none
  Source: (none)
  Source output name: (none)
  Release Data: Off
  Data Released: False
  Global Release Data: Off
  PipelineMTime: 0
  UpdateMTime: 1474241
  RealTimeStamp: 0 seconds 
  LargestPossibleRegion: 
    Dimension: 3
    Index: [0, 0, 0]
    Size: [142, 288, 83]
  BufferedRegion: 
    Dimension: 3
    Index: [0, 0, 0]
    Size: [142, 288, 83]
  RequestedRegion: 
    Dimension: 3
    Index: [0, 0, 0]
    Size: [142, 288, 83]
  Spacing: [3, 3, 3]
  Origin: [424.08, 861.84, 243.75]
  Direction: 
-1 0 0
0 -1 0
0 0 -1

  IndexToPointMatrix: 
-3 0 0
0 -3 0
0 0 -3

  PointToIndexMatrix: 
-0.333333 0 0
0 -0.333333 0
0 0 -0.333333

  Inverse Direction: 
-1 0 0
0 -1 0
0 0 -1

  PixelContainer: 
    ImportImageContainer (0x4b03410)
      RTTI typeinfo:   itk::ImportImageContainer<unsigned long, float>
      Reference Count: 1
      Modified Time: 1474239
      Debug: Off
      Object Name: 
      Observers: 
        none
      Pointer: 0x165502e0
      Container manages memory: true
      Size: 3394368
      Capacity: 3394368

     Weighting = 1
     Sampling strategy = regular
     Number of bins = 32
     Radius = 4
     Sampling percentage  = 0.2
   Transform = Rigid
     Gradient step = 0.25
     Update field sigma (voxel space) = 0
     Total field sigma (voxel space) = 0
     Update field time sigma = 0
     Total field time sigma  = 0
     Number of time indices = 0
     Number of time point samples = 0
Stage 2 State
   Image metric = MattesMI
     Fixed image = Image (0x4adb930)
  RTTI typeinfo:   itk::Image<float, 3u>
  Reference Count: 2
  Modified Time: 1474297
  Debug: Off
  Object Name: 
  Observers: 
    none
  Source: (none)
  Source output name: (none)
  Release Data: Off
  Data Released: False
  Global Release Data: Off
  PipelineMTime: 0
  UpdateMTime: 1474269
  RealTimeStamp: 0 seconds 
  LargestPossibleRegion: 
    Dimension: 3
    Index: [0, 0, 0]
    Size: [152, 286, 83]
  BufferedRegion: 
    Dimension: 3
    Index: [0, 0, 0]
    Size: [152, 286, 83]
  RequestedRegion: 
    Dimension: 3
    Index: [0, 0, 0]
    Size: [152, 286, 83]
  Spacing: [3, 3, 3]
  Origin: [454.48, 855.76, 243.75]
  Direction: 
-1 0 0
0 -1 0
0 0 -1

  IndexToPointMatrix: 
-3 0 0
0 -3 0
0 0 -3

  PointToIndexMatrix: 
-0.333333 0 0
0 -0.333333 0
0 0 -0.333333

  Inverse Direction: 
-1 0 0
0 -1 0
0 0 -1

  PixelContainer: 
    ImportImageContainer (0x4b016b0)
      RTTI typeinfo:   itk::ImportImageContainer<unsigned long, float>
      Reference Count: 1
      Modified Time: 1474267
      Debug: Off
      Object Name: 
      Observers: 
        none
      Pointer: 0x17242ff0
      Container manages memory: true
      Size: 3608176
      Capacity: 3608176

     Moving image = Image (0x4ada800)
  RTTI typeinfo:   itk::Image<float, 3u>
  Reference Count: 2
  Modified Time: 1474298
  Debug: Off
  Object Name: 
  Observers: 
    none
  Source: (none)
  Source output name: (none)
  Release Data: Off
  Data Released: False
  Global Release Data: Off
  PipelineMTime: 0
  UpdateMTime: 1474295
  RealTimeStamp: 0 seconds 
  LargestPossibleRegion: 
    Dimension: 3
    Index: [0, 0, 0]
    Size: [142, 288, 83]
  BufferedRegion: 
    Dimension: 3
    Index: [0, 0, 0]
    Size: [142, 288, 83]
  RequestedRegion: 
    Dimension: 3
    Index: [0, 0, 0]
    Size: [142, 288, 83]
  Spacing: [3, 3, 3]
  Origin: [424.08, 861.84, 243.75]
  Direction: 
-1 0 0
0 -1 0
0 0 -1

  IndexToPointMatrix: 
-3 0 0
0 -3 0
0 0 -3

  PointToIndexMatrix: 
-0.333333 0 0
0 -0.333333 0
0 0 -0.333333

  Inverse Direction: 
-1 0 0
0 -1 0
0 0 -1

  PixelContainer: 
    ImportImageContainer (0x4aed930)
      RTTI typeinfo:   itk::ImportImageContainer<unsigned long, float>
      Reference Count: 1
      Modified Time: 1474293
      Debug: Off
      Object Name: 
      Observers: 
        none
      Pointer: 0x180069c0
      Container manages memory: true
      Size: 3394368
      Capacity: 3394368

     Weighting = 1
     Sampling strategy = regular
     Number of bins = 32
     Radius = 4
     Sampling percentage  = 0.2
   Transform = Affine
     Gradient step = 0.25
     Update field sigma (voxel space) = 0
     Total field sigma (voxel space) = 0
     Update field time sigma = 0
     Total field time sigma  = 0
     Number of time indices = 0
     Number of time point samples = 0
Stage 3 State
   Image metric = CC
     Fixed image = Image (0x4af46b0)
  RTTI typeinfo:   itk::Image<float, 3u>
  Reference Count: 2
  Modified Time: 1474351
  Debug: Off
  Object Name: 
  Observers: 
    none
  Source: (none)
  Source output name: (none)
  Release Data: Off
  Data Released: False
  Global Release Data: Off
  PipelineMTime: 0
  UpdateMTime: 1474323
  RealTimeStamp: 0 seconds 
  LargestPossibleRegion: 
    Dimension: 3
    Index: [0, 0, 0]
    Size: [152, 286, 83]
  BufferedRegion: 
    Dimension: 3
    Index: [0, 0, 0]
    Size: [152, 286, 83]
  RequestedRegion: 
    Dimension: 3
    Index: [0, 0, 0]
    Size: [152, 286, 83]
  Spacing: [3, 3, 3]
  Origin: [454.48, 855.76, 243.75]
  Direction: 
-1 0 0
0 -1 0
0 0 -1

  IndexToPointMatrix: 
-3 0 0
0 -3 0
0 0 -3

  PointToIndexMatrix: 
-0.333333 0 0
0 -0.333333 0
0 0 -0.333333

  Inverse Direction: 
-1 0 0
0 -1 0
0 0 -1

  PixelContainer: 
    ImportImageContainer (0x4aed990)
      RTTI typeinfo:   itk::ImportImageContainer<unsigned long, float>
      Reference Count: 1
      Modified Time: 1474321
      Debug: Off
      Object Name: 
      Observers: 
        none
      Pointer: 0x18cf96d0
      Container manages memory: true
      Size: 3608176
      Capacity: 3608176

     Moving image = Image (0x4af4940)
  RTTI typeinfo:   itk::Image<float, 3u>
  Reference Count: 2
  Modified Time: 1474352
  Debug: Off
  Object Name: 
  Observers: 
    none
  Source: (none)
  Source output name: (none)
  Release Data: Off
  Data Released: False
  Global Release Data: Off
  PipelineMTime: 0
  UpdateMTime: 1474349
  RealTimeStamp: 0 seconds 
  LargestPossibleRegion: 
    Dimension: 3
    Index: [0, 0, 0]
    Size: [142, 288, 83]
  BufferedRegion: 
    Dimension: 3
    Index: [0, 0, 0]
    Size: [142, 288, 83]
  RequestedRegion: 
    Dimension: 3
    Index: [0, 0, 0]
    Size: [142, 288, 83]
  Spacing: [3, 3, 3]
  Origin: [424.08, 861.84, 243.75]
  Direction: 
-1 0 0
0 -1 0
0 0 -1

  IndexToPointMatrix: 
-3 0 0
0 -3 0
0 0 -3

  PointToIndexMatrix: 
-0.333333 0 0
0 -0.333333 0
0 0 -0.333333

  Inverse Direction: 
-1 0 0
0 -1 0
0 0 -1

  PixelContainer: 
    ImportImageContainer (0x4af4bd0)
      RTTI typeinfo:   itk::ImportImageContainer<unsigned long, float>
      Reference Count: 1
      Modified Time: 1474347
      Debug: Off
      Object Name: 
      Observers: 
        none
      Pointer: 0x19abd0a0
      Container manages memory: true
      Size: 3394368
      Capacity: 3394368

     Weighting = 1
     Sampling strategy = none
     Number of bins = 32
     Radius = 32
     Sampling percentage  = 1
   Transform = SyN
     Gradient step = 0.2
     Update field sigma (voxel space) = 3
     Total field sigma (voxel space) = 0
     Update field time sigma = 0
     Total field time sigma  = 0
     Number of time indices = 0
     Number of time point samples = 0
Registration using 3 total stages.

Stage 0
  iterations = 2100x1200x1200x0
  convergence threshold = 1e-06
  convergence window size = 10
  number of levels = 4
  using the Mattes MI metric (number of bins = 32, weight = 1, use gradient filter = 0)
  preprocessing:  histogram matching the images
  Shrink factors (level 1 out of 4): [4, 4, 4]
  Shrink factors (level 2 out of 4): [2, 2, 2]
  Shrink factors (level 3 out of 4): [2, 2, 2]
  Shrink factors (level 4 out of 4): [1, 1, 1]
  smoothing sigmas per level: [3, 2, 1, 0]
  regular sampling (percentage = 0.2)

*** Running Euler3DTransform registration ***

DIAGNOSTIC,Iteration,metricValue,convergenceValue,ITERATION_TIME_INDEX,SINCE_LAST
 2DIAGNOSTIC,     1, -1.036660194397e+00, inf, 1.0485e-01, 1.0485e-01, 
 2DIAGNOSTIC,     2, -1.037560582161e+00, inf, 1.0981e-01, 4.9610e-03, 
 2DIAGNOSTIC,     3, -1.037919402122e+00, inf, 1.1496e-01, 5.1470e-03, 
 2DIAGNOSTIC,     4, -1.039121747017e+00, inf, 1.2017e-01, 5.2059e-03, 
 2DIAGNOSTIC,     5, -1.040361523628e+00, inf, 1.2444e-01, 4.2789e-03, 
 2DIAGNOSTIC,     6, -1.042187690735e+00, inf, 1.2900e-01, 4.5540e-03, 
 2DIAGNOSTIC,     7, -1.043345332146e+00, inf, 1.3313e-01, 4.1339e-03, 
 2DIAGNOSTIC,     8, -1.043627619743e+00, inf, 1.3769e-01, 4.5528e-03, 
 2DIAGNOSTIC,     9, -1.043557167053e+00, inf, 1.4168e-01, 3.9959e-03, 
 2DIAGNOSTIC,    10, -1.043642282486e+00, 5.084190052003e-04, 1.4610e-01, 4.4210e-03, 
 2DIAGNOSTIC,    11, -1.043559789658e+00, 3.957442240790e-04, 1.4990e-01, 3.8018e-03, 
 2DIAGNOSTIC,    12, -1.044034361839e+00, 2.979178680107e-04, 1.5417e-01, 4.2679e-03, 
 2DIAGNOSTIC,    13, -1.044252753258e+00, 2.003898989642e-04, 1.5843e-01, 4.2610e-03, 
 2DIAGNOSTIC,    14, -1.044091343880e+00, 1.192041818285e-04, 1.6271e-01, 4.2779e-03, 
 2DIAGNOSTIC,    15, -1.043918728828e+00, 5.724324000767e-05, 1.6649e-01, 3.7830e-03, 
 2DIAGNOSTIC,    16, -1.043670415878e+00, 2.445877362334e-05, 1.7073e-01, 4.2331e-03, 
 2DIAGNOSTIC,    17, -1.044366121292e+00, 2.298205254192e-05, 1.7501e-01, 4.2779e-03, 
 2DIAGNOSTIC,    18, -1.044931888580e+00, 3.212926458218e-05, 1.7933e-01, 4.3271e-03, 
 2DIAGNOSTIC,    19, -1.045374274254e+00, 4.276278195903e-05, 1.8322e-01, 3.8848e-03, 
 2DIAGNOSTIC,    20, -1.045519709587e+00, 5.194936602493e-05, 1.8703e-01, 3.8159e-03, 
 2DIAGNOSTIC,    21, -1.045941233635e+00, 5.995434185024e-05, 1.9172e-01, 4.6830e-03, 
 2DIAGNOSTIC,    22, -1.046250224113e+00, 7.114425534382e-05, 1.9649e-01, 4.7750e-03, 
 2DIAGNOSTIC,    23, -1.046249985695e+00, 7.722472219029e-05, 2.0023e-01, 3.7370e-03, 
 2DIAGNOSTIC,    24, -1.046327471733e+00, 7.489222480217e-05, 2.0441e-01, 4.1780e-03, 
 2DIAGNOSTIC,    25, -1.046473383904e+00, 6.578665488632e-05, 2.0913e-01, 4.7190e-03, 
 2DIAGNOSTIC,    26, -1.046375513077e+00, 4.750204607262e-05, 2.1286e-01, 3.7360e-03, 
 2DIAGNOSTIC,    27, -1.046395182610e+00, 3.333744098200e-05, 2.1657e-01, 3.7119e-03, 
 2DIAGNOSTIC,    28, -1.046573877335e+00, 2.434747148072e-05, 2.2074e-01, 4.1699e-03, 
 2DIAGNOSTIC,    29, -1.046551704407e+00, 1.771088682290e-05, 2.2488e-01, 4.1399e-03, 
 2DIAGNOSTIC,    30, -1.046326518059e+00, 9.154348845186e-06, 2.2997e-01, 5.0879e-03, 
 2DIAGNOSTIC,    31, -1.046329021454e+00, 4.131269633945e-06, 2.3369e-01, 3.7160e-03, 
 2DIAGNOSTIC,    32, -1.046333909035e+00, 1.795180878617e-06, 2.3740e-01, 3.7091e-03, 
DIAGNOSTIC,Iteration,metricValue,convergenceValue,ITERATION_TIME_INDEX,SINCE_LAST
 2DIAGNOSTIC,     1, -9.915335178375e-01, inf, 3.6441e-01, 1.2701e-01, 
 2DIAGNOSTIC,     2, -9.921095371246e-01, inf, 3.8758e-01, 2.3178e-02, 
 2DIAGNOSTIC,     3, -9.925177693367e-01, inf, 4.1019e-01, 2.2609e-02, 
 2DIAGNOSTIC,     4, -9.927951097488e-01, inf, 4.3290e-01, 2.2708e-02, 
 2DIAGNOSTIC,     5, -9.930130839348e-01, inf, 4.5547e-01, 2.2567e-02, 
 2DIAGNOSTIC,     6, -9.935836195946e-01, inf, 4.9253e-01, 3.7065e-02, 
 2DIAGNOSTIC,     7, -9.935501813889e-01, inf, 5.1566e-01, 2.3124e-02, 
 2DIAGNOSTIC,     8, -9.935038089752e-01, inf, 5.4139e-01, 2.5729e-02, 
 2DIAGNOSTIC,     9, -9.935113787651e-01, inf, 5.6407e-01, 2.2681e-02, 
 2DIAGNOSTIC,    10, -9.935622811317e-01, 1.289049687330e-04, 5.9066e-01, 2.6597e-02, 
 2DIAGNOSTIC,    11, -9.937847852707e-01, 8.912164048525e-05, 6.1674e-01, 2.6080e-02, 
 2DIAGNOSTIC,    12, -9.937943220139e-01, 6.192458386067e-05, 6.4263e-01, 2.5886e-02, 
 2DIAGNOSTIC,    13, -9.938532114029e-01, 4.402361082612e-05, 6.7428e-01, 3.1646e-02, 
 2DIAGNOSTIC,    14, -9.938433170319e-01, 3.041281706828e-05, 7.0017e-01, 2.5896e-02, 
 2DIAGNOSTIC,    15, -9.938473105431e-01, 1.993800287892e-05, 7.2609e-01, 2.5922e-02, 
 2DIAGNOSTIC,    16, -9.938796758652e-01, 1.987245013879e-05, 7.4917e-01, 2.3075e-02, 
 2DIAGNOSTIC,    17, -9.938805103302e-01, 1.761946441547e-05, 7.7510e-01, 2.5933e-02, 
 2DIAGNOSTIC,    18, -9.938775897026e-01, 1.343380790786e-05, 8.0387e-01, 2.8765e-02, 
 2DIAGNOSTIC,    19, -9.938781857491e-01, 8.759995580476e-06, 8.3270e-01, 2.8833e-02, 
 2DIAGNOSTIC,    20, -9.938768148422e-01, 4.525343683781e-06, 8.5867e-01, 2.5970e-02, 
 2DIAGNOSTIC,    21, -9.938766360283e-01, 3.445702986937e-06, 8.8800e-01, 2.9326e-02, 
 2DIAGNOSTIC,    22, -9.938765168190e-01, 2.382181492067e-06, 9.1671e-01, 2.8712e-02, 
 2DIAGNOSTIC,    23, -9.938765168190e-01, 2.067092964353e-06, 9.4264e-01, 2.5929e-02, 
 2DIAGNOSTIC,    24, -9.938761591911e-01, 1.595472213012e-06, 9.7426e-01, 3.1623e-02, 
 2DIAGNOSTIC,    25, -9.938762187958e-01, 1.171953499579e-06, 1.0000e+00, 2.5764e-02, 
 2DIAGNOSTIC,    26, -9.938756823540e-01, 1.140199174188e-06, 1.0319e+00, 3.1877e-02, 
 2DIAGNOSTIC,    27, -9.938756227493e-01, 1.127754785557e-06, 1.0579e+00, 2.6040e-02, 
 2DIAGNOSTIC,    28, -9.938753843307e-01, 1.088323529075e-06, 1.0844e+00, 2.6501e-02, 
 2DIAGNOSTIC,    29, -9.938756227493e-01, 1.064767275238e-06, 1.1170e+00, 3.2588e-02, 
 2DIAGNOSTIC,    30, -9.938753843307e-01, 1.030464204632e-06, 1.1435e+00, 2.6496e-02, 
 2DIAGNOSTIC,    31, -9.938756227493e-01, 1.001898112918e-06, 1.1693e+00, 2.5778e-02, 
DIAGNOSTIC,Iteration,metricValue,convergenceValue,ITERATION_TIME_INDEX,SINCE_LAST
 2DIAGNOSTIC,     1, -9.180923700333e-01, inf, 1.3036e+00, 1.3426e-01, 
 2DIAGNOSTIC,     2, -9.182308912277e-01, inf, 1.3296e+00, 2.5994e-02, 
 2DIAGNOSTIC,     3, -9.182513952255e-01, inf, 1.3639e+00, 3.4314e-02, 
 2DIAGNOSTIC,     4, -9.182472825050e-01, inf, 1.3894e+00, 2.5493e-02, 
 2DIAGNOSTIC,     5, -9.182357192039e-01, inf, 1.4120e+00, 2.2592e-02, 
 2DIAGNOSTIC,     6, -9.182360768318e-01, inf, 1.4402e+00, 2.8280e-02, 
 2DIAGNOSTIC,     7, -9.182279706001e-01, inf, 1.4658e+00, 2.5566e-02, 
 2DIAGNOSTIC,     8, -9.182283282280e-01, inf, 1.4883e+00, 2.2533e-02, 
 2DIAGNOSTIC,     9, -9.182218909264e-01, inf, 1.5146e+00, 2.6264e-02, 
 2DIAGNOSTIC,    10, -9.182246327400e-01, 6.252976163523e-06, 1.5378e+00, 2.3245e-02, 
 2DIAGNOSTIC,    11, -9.182307124138e-01, 1.592450757926e-06, 1.5616e+00, 2.3785e-02, 
 2DIAGNOSTIC,    12, -9.182333946228e-01, 1.443136625312e-06, 1.5877e+00, 2.6028e-02, 
 2DIAGNOSTIC,    13, -9.182382225990e-01, 2.030742052739e-06, 1.6136e+00, 2.5952e-02, 
 2DIAGNOSTIC,    14, -9.182378649712e-01, 2.479871000105e-06, 1.6371e+00, 2.3502e-02, 
 2DIAGNOSTIC,    15, -9.182301163673e-01, 2.450941792631e-06, 1.6601e+00, 2.3008e-02, 
 2DIAGNOSTIC,    16, -9.182257056236e-01, 2.322836962776e-06, 1.6862e+00, 2.6126e-02, 
 2DIAGNOSTIC,    17, -9.182274937630e-01, 2.062088242383e-06, 1.7154e+00, 2.9177e-02, 
 2DIAGNOSTIC,    18, -9.182200431824e-01, 1.690647422947e-06, 1.7387e+00, 2.3257e-02, 
 2DIAGNOSTIC,    19, -9.182206392288e-01, 1.273797579415e-06, 1.7621e+00, 2.3434e-02, 
 2DIAGNOSTIC,    20, -9.182224273682e-01, 1.006064394460e-06, 1.7908e+00, 2.8703e-02, 
DIAGNOSTIC,Iteration,metricValue,convergenceValue,ITERATION_TIME_INDEX,SINCE_LAST
 2DIAGNOSTIC,     1, -8.986070752144e-01, inf, 2.1929e+00, 4.0204e-01, 
  Elapsed time (stage 0): 2.6706e+00


Stage 1
  iterations = 2100x1200x1200x0
  convergence threshold = 1.0000e-06
  convergence window size = 10
  number of levels = 4
  using the Mattes MI metric (number of bins = 32, weight = 1.0000e+00, use gradient filter = 0)
  preprocessing:  histogram matching the images
  Shrink factors (level 1 out of 4): [4, 4, 4]
  Shrink factors (level 2 out of 4): [2, 2, 2]
  Shrink factors (level 3 out of 4): [2, 2, 2]
  Shrink factors (level 4 out of 4): [1, 1, 1]
  smoothing sigmas per level: [3, 2, 1, 0]
  regular sampling (percentage = 2.0000e-01)

*** Running AffineTransform registration ***

DIAGNOSTIC,Iteration,metricValue,convergenceValue,ITERATION_TIME_INDEX,SINCE_LAST
 2DIAGNOSTIC,     1, -1.067050695419e+00, inf, 1.1083e-01, 1.1083e-01, 
 2DIAGNOSTIC,     2, -1.067793011665e+00, inf, 1.1759e-01, 6.7599e-03, 
 2DIAGNOSTIC,     3, -1.068583607674e+00, inf, 1.2467e-01, 7.0858e-03, 
 2DIAGNOSTIC,     4, -1.068806648254e+00, inf, 1.3020e-01, 5.5280e-03, 
 2DIAGNOSTIC,     5, -1.069111227989e+00, inf, 1.3592e-01, 5.7180e-03, 
 2DIAGNOSTIC,     6, -1.069615602493e+00, inf, 1.4066e-01, 4.7438e-03, 
 2DIAGNOSTIC,     7, -1.070375084877e+00, inf, 1.4533e-01, 4.6690e-03, 
 2DIAGNOSTIC,     8, -1.072294354439e+00, inf, 1.4953e-01, 4.2021e-03, 
 2DIAGNOSTIC,     9, -1.074765801430e+00, inf, 1.5368e-01, 4.1490e-03, 
 2DIAGNOSTIC,    10, -1.077558040619e+00, 5.346360267140e-04, 1.5830e-01, 4.6148e-03, 
 2DIAGNOSTIC,    11, -1.079755067825e+00, 6.201710202731e-04, 1.6378e-01, 5.4851e-03, 
 2DIAGNOSTIC,    12, -1.081434011459e+00, 6.888632196933e-04, 1.7017e-01, 6.3930e-03, 
 2DIAGNOSTIC,    13, -1.081407546997e+00, 7.002512575127e-04, 1.7518e-01, 5.0039e-03, 
 2DIAGNOSTIC,    14, -1.081519484520e+00, 6.531209219247e-04, 1.7960e-01, 4.4222e-03, 
 2DIAGNOSTIC,    15, -1.081656575203e+00, 5.604549078271e-04, 1.8412e-01, 4.5159e-03, 
 2DIAGNOSTIC,    16, -1.082395434380e+00, 4.485515819397e-04, 1.8850e-01, 4.3869e-03, 
 2DIAGNOSTIC,    17, -1.082891583443e+00, 3.278007789049e-04, 1.9489e-01, 6.3860e-03, 
 2DIAGNOSTIC,    18, -1.083050608635e+00, 2.208126388723e-04, 1.9932e-01, 4.4260e-03, 
 2DIAGNOSTIC,    19, -1.083125948906e+00, 1.400680048391e-04, 2.0398e-01, 4.6611e-03, 
 2DIAGNOSTIC,    20, -1.083351016045e+00, 9.389063779963e-05, 2.0893e-01, 4.9529e-03, 
 2DIAGNOSTIC,    21, -1.083395957947e+00, 7.091555016814e-05, 2.1426e-01, 5.3351e-03, 
 2DIAGNOSTIC,    22, -1.083506226540e+00, 6.496936839540e-05, 2.1914e-01, 4.8800e-03, 
 2DIAGNOSTIC,    23, -1.083523273468e+00, 5.357120971894e-05, 2.2350e-01, 4.3521e-03, 
 2DIAGNOSTIC,    24, -1.083583354950e+00, 4.025948874187e-05, 2.2862e-01, 5.1231e-03, 
 2DIAGNOSTIC,    25, -1.083584547043e+00, 2.564771421021e-05, 2.3300e-01, 4.3769e-03, 
 2DIAGNOSTIC,    26, -1.083659291267e+00, 1.800137215469e-05, 2.3840e-01, 5.4040e-03, 
 2DIAGNOSTIC,    27, -1.083690762520e+00, 1.446447549824e-05, 2.4280e-01, 4.4041e-03, 
 2DIAGNOSTIC,    28, -1.083717346191e+00, 1.167961454485e-05, 2.4720e-01, 4.3960e-03, 
 2DIAGNOSTIC,    29, -1.083734989166e+00, 8.897920452000e-06, 2.5162e-01, 4.4191e-03, 
 2DIAGNOSTIC,    30, -1.083794116974e+00, 8.062341294135e-06, 2.5754e-01, 5.9249e-03, 
 2DIAGNOSTIC,    31, -1.083819031715e+00, 7.174820893852e-06, 2.6246e-01, 4.9200e-03, 
 2DIAGNOSTIC,    32, -1.083807826042e+00, 6.573217888217e-06, 2.6736e-01, 4.8962e-03, 
 2DIAGNOSTIC,    33, -1.083832025528e+00, 5.812351901113e-06, 2.7273e-01, 5.3661e-03, 
 2DIAGNOSTIC,    34, -1.083837985992e+00, 5.150666765985e-06, 2.7759e-01, 4.8680e-03, 
 2DIAGNOSTIC,    35, -1.083841681480e+00, 4.144427293795e-06, 2.8203e-01, 4.4332e-03, 
 2DIAGNOSTIC,    36, -1.083849191666e+00, 3.484582748570e-06, 2.8790e-01, 5.8730e-03, 
 2DIAGNOSTIC,    37, -1.083850741386e+00, 2.850737701010e-06, 2.9288e-01, 4.9770e-03, 
 2DIAGNOSTIC,    38, -1.083852648735e+00, 2.260715064040e-06, 2.9780e-01, 4.9241e-03, 
 2DIAGNOSTIC,    39, -1.083854198456e+00, 1.683750951997e-06, 3.0248e-01, 4.6780e-03, 
 2DIAGNOSTIC,    40, -1.083858489990e+00, 1.466744606660e-06, 3.0685e-01, 4.3671e-03, 
 2DIAGNOSTIC,    41, -1.083891391754e+00, 1.570748167978e-06, 3.1127e-01, 4.4270e-03, 
 2DIAGNOSTIC,    42, -1.084154605865e+00, 3.163426526953e-06, 3.1564e-01, 4.3690e-03, 
 2DIAGNOSTIC,    43, -1.084159016609e+00, 4.583710961015e-06, 3.2096e-01, 5.3191e-03, 
 2DIAGNOSTIC,    44, -1.084487915039e+00, 7.595073839184e-06, 3.2784e-01, 6.8781e-03, 
 2DIAGNOSTIC,    45, -1.084460258484e+00, 9.643359589973e-06, 3.3314e-01, 5.3029e-03, 
 2DIAGNOSTIC,    46, -1.084460735321e+00, 1.081179470930e-05, 3.3919e-01, 6.0501e-03, 
 2DIAGNOSTIC,    47, -1.084460854530e+00, 1.097375024983e-05, 3.4406e-01, 4.8668e-03, 
 2DIAGNOSTIC,    48, -1.084460973740e+00, 1.014202462102e-05, 3.4887e-01, 4.8141e-03, 
 2DIAGNOSTIC,    49, -1.084343671799e+00, 7.810449460521e-06, 3.5376e-01, 4.8890e-03, 
 2DIAGNOSTIC,    50, -1.084344506264e+00, 4.938876372762e-06, 3.5819e-01, 4.4310e-03, 
 2DIAGNOSTIC,    51, -1.084344625473e+00, 1.920219574458e-06, 3.6370e-01, 5.5020e-03, 
DIAGNOSTIC,Iteration,metricValue,convergenceValue,ITERATION_TIME_INDEX,SINCE_LAST
 2DIAGNOSTIC,     1, -1.009976625443e+00, inf, 4.9442e-01, 1.3072e-01, 
 2DIAGNOSTIC,     2, -1.010199069977e+00, inf, 5.2293e-01, 2.8518e-02, 
 2DIAGNOSTIC,     3, -1.010362863541e+00, inf, 5.5082e-01, 2.7883e-02, 
 2DIAGNOSTIC,     4, -1.010348558426e+00, inf, 5.8735e-01, 3.6530e-02, 
 2DIAGNOSTIC,     5, -1.010336279869e+00, inf, 6.2671e-01, 3.9366e-02, 
 2DIAGNOSTIC,     6, -1.010329365730e+00, inf, 6.5813e-01, 3.1416e-02, 
 2DIAGNOSTIC,     7, -1.010324597359e+00, inf, 6.8914e-01, 3.1014e-02, 
 2DIAGNOSTIC,     8, -1.010291099548e+00, inf, 7.2060e-01, 3.1459e-02, 
 2DIAGNOSTIC,     9, -1.010241270065e+00, inf, 7.5169e-01, 3.1085e-02, 
 2DIAGNOSTIC,    10, -1.010190844536e+00, 8.480118594889e-06, 7.8339e-01, 3.1699e-02, 
DIAGNOSTIC,Iteration,metricValue,convergenceValue,ITERATION_TIME_INDEX,SINCE_LAST
 2DIAGNOSTIC,     1, -9.225605726242e-01, inf, 9.2639e-01, 1.4301e-01, 
 2DIAGNOSTIC,     2, -9.232687950134e-01, inf, 9.5439e-01, 2.7994e-02, 
 2DIAGNOSTIC,     3, -9.240077137947e-01, inf, 9.8246e-01, 2.8077e-02, 
 2DIAGNOSTIC,     4, -9.249380826950e-01, inf, 1.0105e+00, 2.7995e-02, 
 2DIAGNOSTIC,     5, -9.261476397514e-01, inf, 1.0390e+00, 2.8549e-02, 
 2DIAGNOSTIC,     6, -9.275511503220e-01, inf, 1.0665e+00, 2.7491e-02, 
 2DIAGNOSTIC,     7, -9.291772842407e-01, inf, 1.0945e+00, 2.7954e-02, 
 2DIAGNOSTIC,     8, -9.310724735260e-01, inf, 1.1345e+00, 4.0083e-02, 
 2DIAGNOSTIC,     9, -9.313861131668e-01, inf, 1.1623e+00, 2.7763e-02, 
 2DIAGNOSTIC,    10, -9.316736459732e-01, 7.197239901870e-04, 1.1934e+00, 3.1098e-02, 
 2DIAGNOSTIC,    11, -9.324091672897e-01, 6.416135001928e-04, 1.2431e+00, 4.9667e-02, 
 2DIAGNOSTIC,    12, -9.323274493217e-01, 5.342446966097e-04, 1.2738e+00, 3.0765e-02, 
 2DIAGNOSTIC,    13, -9.324088692665e-01, 4.145035927650e-04, 1.3047e+00, 3.0838e-02, 
 2DIAGNOSTIC,    14, -9.323925971985e-01, 2.945919113699e-04, 1.3385e+00, 3.3882e-02, 
 2DIAGNOSTIC,    15, -9.324094653130e-01, 1.890970015666e-04, 1.3696e+00, 3.1099e-02, 
 2DIAGNOSTIC,    16, -9.323830008507e-01, 1.054242384271e-04, 1.4067e+00, 3.7019e-02, 
 2DIAGNOSTIC,    17, -9.323840141296e-01, 5.053636050434e-05, 1.4376e+00, 3.0886e-02, 
 2DIAGNOSTIC,    18, -9.323846101761e-01, 2.956739081128e-05, 1.4683e+00, 3.0781e-02, 
 2DIAGNOSTIC,    19, -9.323782920837e-01, 1.316193356615e-05, 1.4997e+00, 3.1351e-02, 
 2DIAGNOSTIC,    20, -9.323762059212e-01, 1.381475613016e-06, 1.5274e+00, 2.7742e-02, 
 2DIAGNOSTIC,    21, -9.323769211769e-01, 1.510965034868e-06, 1.5554e+00, 2.7967e-02, 
DIAGNOSTIC,Iteration,metricValue,convergenceValue,ITERATION_TIME_INDEX,SINCE_LAST
 2DIAGNOSTIC,     1, -9.146331548691e-01, inf, 1.9983e+00, 4.4291e-01, 
  Elapsed time (stage 1): 2.4624e+00


Stage 2
  iterations = 120x80x40x0
  convergence threshold = 1.0000e-07
  convergence window size = 8
  number of levels = 4
  using the CC metric (radius = 32, weight = 1.0000e+00, use gradient filter = 0)
  preprocessing:  histogram matching the images
  Shrink factors (level 1 out of 4): [8, 8, 8]
  Shrink factors (level 2 out of 4): [4, 4, 4]
  Shrink factors (level 3 out of 4): [2, 2, 2]
  Shrink factors (level 4 out of 4): [1, 1, 1]
  smoothing sigmas per level: [3, 2, 1, 0]
  Using default NONE metricSamplingStrategy 

*** Running SyN registration (varianceForUpdateField = 3.0000e+00, varianceForTotalField = 0.0000e+00) ***

XXDIAGNOSTIC,Iteration,metricValue,convergenceValue,ITERATION_TIME_INDEX,SINCE_LAST
 1DIAGNOSTIC,     1, -8.774064779282e-01, inf, 6.9953e-01, 6.9953e-01, 
 1DIAGNOSTIC,     2, -9.010930061340e-01, inf, 1.3354e+00, 6.3591e-01, 
 1DIAGNOSTIC,     3, -9.165995121002e-01, inf, 1.9502e+00, 6.1480e-01, 
 1DIAGNOSTIC,     4, -9.267222881317e-01, inf, 2.5645e+00, 6.1420e-01, 
 1DIAGNOSTIC,     5, -9.332116246223e-01, inf, 3.1790e+00, 6.1456e-01, 
 1DIAGNOSTIC,     6, -9.378002882004e-01, inf, 3.7928e+00, 6.1378e-01, 
 1DIAGNOSTIC,     7, -9.405210018158e-01, inf, 4.4069e+00, 6.1409e-01, 
 1DIAGNOSTIC,     8, -9.427042603493e-01, 5.301312077790e-03, 5.0234e+00, 6.1655e-01, 
 1DIAGNOSTIC,     9, -9.441261291504e-01, 3.101557958871e-03, 5.6364e+00, 6.1292e-01, 
 1DIAGNOSTIC,    10, -9.451753497124e-01, 1.857537077740e-03, 6.2476e+00, 6.1123e-01, 
 1DIAGNOSTIC,    11, -9.457587003708e-01, 1.137275598012e-03, 6.8579e+00, 6.1026e-01, 
 1DIAGNOSTIC,    12, -9.463604688644e-01, 7.165618008003e-04, 7.4689e+00, 6.1105e-01, 
 1DIAGNOSTIC,    13, -9.468731880188e-01, 4.628516617231e-04, 8.0802e+00, 6.1127e-01, 
 1DIAGNOSTIC,    14, -9.472686648369e-01, 3.144011425320e-04, 8.6637e+00, 5.8353e-01, 
 1DIAGNOSTIC,    15, -9.473733901978e-01, 2.122231380781e-04, 9.1861e+00, 5.2242e-01, 
 1DIAGNOSTIC,    16, -9.474175572395e-01, 1.451738062315e-04, 9.7126e+00, 5.2653e-01, 
 1DIAGNOSTIC,    17, -9.475975036621e-01, 1.006663442240e-04, 1.0241e+01, 5.2828e-01, 
 1DIAGNOSTIC,    18, -9.476776123047e-01, 7.037734758342e-05, 1.0754e+01, 5.1306e-01, 
 1DIAGNOSTIC,    19, -9.476923346519e-01, 4.531707236310e-05, 1.1283e+01, 5.2926e-01, 
 1DIAGNOSTIC,    20, -9.477539062500e-01, 2.896499427152e-05, 1.1807e+01, 5.2396e-01, 
 1DIAGNOSTIC,    21, -9.478746056557e-01, 2.137082628906e-05, 1.2321e+01, 5.1359e-01, 
 1DIAGNOSTIC,    22, -9.479935169220e-01, 2.031555231952e-05, 1.2847e+01, 5.2579e-01, 
 1DIAGNOSTIC,    23, -9.480441808701e-01, 1.924702519318e-05, 1.3373e+01, 5.2658e-01, 
 1DIAGNOSTIC,    24, -9.481308460236e-01, 1.773539042915e-05, 1.3889e+01, 5.1611e-01, 
 1DIAGNOSTIC,    25, -9.481692314148e-01, 1.718822750263e-05, 1.4420e+01, 5.3074e-01, 
 1DIAGNOSTIC,    26, -9.482914209366e-01, 1.729727409838e-05, 1.4940e+01, 5.2043e-01, 
 1DIAGNOSTIC,    27, -9.482727050781e-01, 1.502542090748e-05, 1.5465e+01, 5.2420e-01, 
 1DIAGNOSTIC,    28, -9.482839703560e-01, 1.192238323711e-05, 1.5994e+01, 5.2887e-01, 
 1DIAGNOSTIC,    29, -9.483070969582e-01, 9.306626452599e-06, 1.6512e+01, 5.1804e-01, 
 1DIAGNOSTIC,    30, -9.483051896095e-01, 7.124295279937e-06, 1.7036e+01, 5.2453e-01, 
 1DIAGNOSTIC,    31, -9.483336210251e-01, 5.183435860090e-06, 1.7551e+01, 5.1535e-01, 
 1DIAGNOSTIC,    32, -9.483534693718e-01, 4.041989086545e-06, 1.8079e+01, 5.2782e-01, 
 1DIAGNOSTIC,    33, -9.484101533890e-01, 3.593066139729e-06, 1.8667e+01, 5.8815e-01, 
 1DIAGNOSTIC,    34, -9.484226703644e-01, 4.289831849746e-06, 1.9286e+01, 6.1891e-01, 
 1DIAGNOSTIC,    35, -9.484082460403e-01, 4.139450084040e-06, 1.9906e+01, 6.1986e-01, 
 1DIAGNOSTIC,    36, -9.484522342682e-01, 4.117460775888e-06, 2.0527e+01, 6.2047e-01, 
 1DIAGNOSTIC,    37, -9.483945965767e-01, 3.283465275672e-06, 2.1146e+01, 6.1961e-01, 
 1DIAGNOSTIC,    38, -9.484440088272e-01, 2.645597987794e-06, 2.1766e+01, 6.1969e-01, 
 1DIAGNOSTIC,    39, -9.484438300133e-01, 2.061714667434e-06, 2.2386e+01, 6.1983e-01, 
 1DIAGNOSTIC,    40, -9.483945369720e-01, 1.070331791198e-06, 2.2960e+01, 5.7450e-01, 
 1DIAGNOSTIC,    41, -9.484090209007e-01, 7.741910508230e-07, 2.3470e+01, 5.0977e-01, 
 1DIAGNOSTIC,    42, -9.483616352081e-01, 1.976926995439e-07, 2.3998e+01, 5.2786e-01, 
 1DIAGNOSTIC,    43, -9.483682513237e-01, -3.194884925506e-07, 2.4510e+01, 5.1245e-01, 
XXDIAGNOSTIC,Iteration,metricValue,convergenceValue,ITERATION_TIME_INDEX,SINCE_LAST
 1DIAGNOSTIC,     1, -9.319035410881e-01, inf, 2.9828e+01, 5.3177e+00, 
 1DIAGNOSTIC,     2, -9.356451034546e-01, inf, 3.5096e+01, 5.2684e+00, 
 1DIAGNOSTIC,     3, -9.391669034958e-01, inf, 4.0363e+01, 5.2667e+00, 
 1DIAGNOSTIC,     4, -9.416356682777e-01, inf, 4.5642e+01, 5.2786e+00, 
 1DIAGNOSTIC,     5, -9.435741305351e-01, inf, 5.0913e+01, 5.2715e+00, 
 1DIAGNOSTIC,     6, -9.449917078018e-01, inf, 5.6192e+01, 5.2786e+00, 
 1DIAGNOSTIC,     7, -9.461724758148e-01, inf, 6.1466e+01, 5.2743e+00, 
 1DIAGNOSTIC,     8, -9.471719861031e-01, 1.295784255490e-03, 6.6741e+01, 5.2753e+00, 
 1DIAGNOSTIC,     9, -9.479799270630e-01, 9.081701864488e-04, 7.2022e+01, 5.2811e+00, 
 1DIAGNOSTIC,    10, -9.486654996872e-01, 6.383407744579e-04, 7.7300e+01, 5.2773e+00, 
 1DIAGNOSTIC,    11, -9.492809772491e-01, 4.692047077697e-04, 8.2563e+01, 5.2636e+00, 
 1DIAGNOSTIC,    12, -9.497703313828e-01, 3.544324135873e-04, 8.7837e+01, 5.2741e+00, 
 1DIAGNOSTIC,    13, -9.501361846924e-01, 2.736050228123e-04, 9.3094e+01, 5.2566e+00, 
 1DIAGNOSTIC,    14, -9.504870176315e-01, 2.128129126504e-04, 9.8358e+01, 5.2640e+00, 
 1DIAGNOSTIC,    15, -9.508295059204e-01, 1.677463733358e-04, 1.0362e+02, 5.2598e+00, 
 1DIAGNOSTIC,    16, -9.510858654976e-01, 1.337189605692e-04, 1.0887e+02, 5.2539e+00, 
 1DIAGNOSTIC,    17, -9.513258934021e-01, 1.077103297575e-04, 1.1413e+02, 5.2540e+00, 
 1DIAGNOSTIC,    18, -9.514977931976e-01, 8.699137833901e-05, 1.1938e+02, 5.2580e+00, 
 1DIAGNOSTIC,    19, -9.517038464546e-01, 7.214329525596e-05, 1.2464e+02, 5.2550e+00, 
 1DIAGNOSTIC,    20, -9.518454074860e-01, 6.026851042407e-05, 1.2989e+02, 5.2472e+00, 
 1DIAGNOSTIC,    21, -9.519488811493e-01, 4.933123273076e-05, 1.3513e+02, 5.2473e+00, 
 1DIAGNOSTIC,    22, -9.521064162254e-01, 4.100775913685e-05, 1.4038e+02, 5.2487e+00, 
 1DIAGNOSTIC,    23, -9.522226452827e-01, 3.501305036480e-05, 1.4564e+02, 5.2532e+00, 
 1DIAGNOSTIC,    24, -9.523531198502e-01, 3.059579830733e-05, 1.5088e+02, 5.2447e+00, 
 1DIAGNOSTIC,    25, -9.524872899055e-01, 2.783538366202e-05, 1.5613e+02, 5.2549e+00, 
 1DIAGNOSTIC,    26, -9.525948762894e-01, 2.537150066928e-05, 1.6139e+02, 5.2553e+00, 
 1DIAGNOSTIC,    27, -9.527016878128e-01, 2.385621883150e-05, 1.6664e+02, 5.2535e+00, 
 1DIAGNOSTIC,    28, -9.527912735939e-01, 2.220700662292e-05, 1.7189e+02, 5.2444e+00, 
 1DIAGNOSTIC,    29, -9.528865218163e-01, 2.011885771935e-05, 1.7713e+02, 5.2439e+00, 
 1DIAGNOSTIC,    30, -9.529579877853e-01, 1.821719342843e-05, 1.8239e+02, 5.2537e+00, 
 1DIAGNOSTIC,    31, -9.530320763588e-01, 1.620872717467e-05, 1.8763e+02, 5.2434e+00, 
 1DIAGNOSTIC,    32, -9.531205892563e-01, 1.463231456000e-05, 1.9287e+02, 5.2419e+00, 
 1DIAGNOSTIC,    33, -9.531872272491e-01, 1.340372546110e-05, 1.9811e+02, 5.2402e+00, 
 1DIAGNOSTIC,    34, -9.532299041748e-01, 1.206969409395e-05, 2.0336e+02, 5.2520e+00, 
 1DIAGNOSTIC,    35, -9.532783031464e-01, 1.083272400138e-05, 2.0861e+02, 5.2425e+00, 
 1DIAGNOSTIC,    36, -9.533133506775e-01, 9.485347618465e-06, 2.1383e+02, 5.2268e+00, 
 1DIAGNOSTIC,    37, -9.533485770226e-01, 8.263315066870e-06, 2.1906e+02, 5.2291e+00, 
 1DIAGNOSTIC,    38, -9.533950090408e-01, 7.182901754277e-06, 2.2429e+02, 5.2314e+00, 
 1DIAGNOSTIC,    39, -9.534215927124e-01, 6.187107828737e-06, 2.2953e+02, 5.2323e+00, 
 1DIAGNOSTIC,    40, -9.534462690353e-01, 5.512149982678e-06, 2.3475e+02, 5.2247e+00, 
 1DIAGNOSTIC,    41, -9.534670114517e-01, 4.980595804227e-06, 2.3998e+02, 5.2306e+00, 
 1DIAGNOSTIC,    42, -9.534909725189e-01, 4.452911525732e-06, 2.4521e+02, 5.2314e+00, 
 1DIAGNOSTIC,    43, -9.535240530968e-01, 4.121726760786e-06, 2.5044e+02, 5.2331e+00, 
 1DIAGNOSTIC,    44, -9.535433053970e-01, 3.781606437769e-06, 2.5567e+02, 5.2266e+00, 
 1DIAGNOSTIC,    45, -9.535646438599e-01, 3.487307594696e-06, 2.6090e+02, 5.2262e+00, 
 1DIAGNOSTIC,    46, -9.535757303238e-01, 3.273554966654e-06, 2.6613e+02, 5.2316e+00, 
 1DIAGNOSTIC,    47, -9.535890817642e-01, 3.017386688953e-06, 2.7136e+02, 5.2285e+00, 
 1DIAGNOSTIC,    48, -9.535974264145e-01, 2.697778882066e-06, 2.7659e+02, 5.2307e+00, 
 1DIAGNOSTIC,    49, -9.536156058311e-01, 2.402948666713e-06, 2.8182e+02, 5.2325e+00, 
 1DIAGNOSTIC,    50, -9.536386728287e-01, 2.222821422038e-06, 2.8705e+02, 5.2267e+00, 
 1DIAGNOSTIC,    51, -9.536435604095e-01, 2.107643013005e-06, 2.9228e+02, 5.2355e+00, 
 1DIAGNOSTIC,    52, -9.536547660828e-01, 2.013191078731e-06, 2.9751e+02, 5.2274e+00, 
 1DIAGNOSTIC,    53, -9.536710977554e-01, 1.992495981540e-06, 3.0274e+02, 5.2341e+00, 
 1DIAGNOSTIC,    54, -9.536800980568e-01, 1.917431291076e-06, 3.0797e+02, 5.2284e+00, 
 1DIAGNOSTIC,    55, -9.537001252174e-01, 1.892621639854e-06, 3.1321e+02, 5.2371e+00, 
 1DIAGNOSTIC,    56, -9.537010788918e-01, 1.751636432346e-06, 3.1845e+02, 5.2433e+00, 
 1DIAGNOSTIC,    57, -9.537156820297e-01, 1.667905280556e-06, 3.2369e+02, 5.2371e+00, 
 1DIAGNOSTIC,    58, -9.537314176559e-01, 1.684356902842e-06, 3.2892e+02, 5.2307e+00, 
 1DIAGNOSTIC,    59, -9.537456035614e-01, 1.666227490205e-06, 3.3415e+02, 5.2314e+00, 
 1DIAGNOSTIC,    60, -9.537594318390e-01, 1.651965817473e-06, 3.3938e+02, 5.2297e+00, 
 1DIAGNOSTIC,    61, -9.537671804428e-01, 1.633678039070e-06, 3.4461e+02, 5.2283e+00, 
 1DIAGNOSTIC,    62, -9.537713527679e-01, 1.542049290038e-06, 3.4985e+02, 5.2440e+00, 
 1DIAGNOSTIC,    63, -9.537839889526e-01, 1.507843194304e-06, 3.5509e+02, 5.2314e+00, 
 1DIAGNOSTIC,    64, -9.537881612778e-01, 1.368899916088e-06, 3.6031e+02, 5.2284e+00, 
 1DIAGNOSTIC,    65, -9.537986516953e-01, 1.262879322894e-06, 3.6555e+02, 5.2316e+00, 
 1DIAGNOSTIC,    66, -9.538037776947e-01, 1.176238129119e-06, 3.7078e+02, 5.2316e+00, 
 1DIAGNOSTIC,    67, -9.538156986237e-01, 1.146382601291e-06, 3.7601e+02, 5.2338e+00, 
 1DIAGNOSTIC,    68, -9.538238644600e-01, 1.150351636170e-06, 3.8124e+02, 5.2307e+00, 
 1DIAGNOSTIC,    69, -9.538298249245e-01, 1.141155507867e-06, 3.8648e+02, 5.2362e+00, 
 1DIAGNOSTIC,    70, -9.538388252258e-01, 1.114019823945e-06, 3.9171e+02, 5.2322e+00, 
 1DIAGNOSTIC,    71, -9.538412094116e-01, 1.081002551473e-06, 3.9694e+02, 5.2308e+00, 
 1DIAGNOSTIC,    72, -9.538463354111e-01, 1.015941506921e-06, 4.0217e+02, 5.2293e+00, 
 1DIAGNOSTIC,    73, -9.538545012474e-01, 9.753381391420e-07, 4.0740e+02, 5.2254e+00, 
 1DIAGNOSTIC,    74, -9.538737535477e-01, 9.892238495013e-07, 4.1263e+02, 5.2347e+00, 
 1DIAGNOSTIC,    75, -9.538773298264e-01, 1.008096319310e-06, 4.1787e+02, 5.2349e+00, 
 1DIAGNOSTIC,    76, -9.538819193840e-01, 1.016540522869e-06, 4.2310e+02, 5.2298e+00, 
 1DIAGNOSTIC,    77, -9.538856148720e-01, 9.936489959728e-07, 4.2833e+02, 5.2325e+00, 
 1DIAGNOSTIC,    78, -9.538981914520e-01, 9.979941069105e-07, 4.3357e+02, 5.2369e+00, 
 1DIAGNOSTIC,    79, -9.539037346840e-01, 9.635826927479e-07, 4.3880e+02, 5.2360e+00, 
 1DIAGNOSTIC,    80, -9.539103507996e-01, 9.150562050309e-07, 4.4403e+02, 5.2262e+00, 
XXDIAGNOSTIC,Iteration,metricValue,convergenceValue,ITERATION_TIME_INDEX,SINCE_LAST
 1DIAGNOSTIC,     1, -9.286941885948e-01, inf, 5.0288e+02, 5.8849e+01, 
 1DIAGNOSTIC,     2, -9.294717907906e-01, inf, 5.6129e+02, 5.8413e+01, 
 1DIAGNOSTIC,     3, -9.310673475266e-01, inf, 6.1977e+02, 5.8485e+01, 
 1DIAGNOSTIC,     4, -9.326959848404e-01, inf, 6.7876e+02, 5.8986e+01, 
 1DIAGNOSTIC,     5, -9.341707229614e-01, inf, 7.3748e+02, 5.8719e+01, 
 1DIAGNOSTIC,     6, -9.354789257050e-01, inf, 7.9651e+02, 5.9027e+01, 
 1DIAGNOSTIC,     7, -9.366433620453e-01, inf, 8.5550e+02, 5.8997e+01, 
 1DIAGNOSTIC,     8, -9.376426935196e-01, 8.372582960874e-04, 9.1437e+02, 5.8870e+01, 
 1DIAGNOSTIC,     9, -9.385181665421e-01, 7.146233110689e-04, 9.7332e+02, 5.8947e+01, 
 1DIAGNOSTIC,    10, -9.393780231476e-01, 5.804032552987e-04, 1.0319e+03, 5.8558e+01, 
 1DIAGNOSTIC,    11, -9.400632381439e-01, 4.681946884375e-04, 1.0907e+03, 5.8866e+01, 
 1DIAGNOSTIC,    12, -9.406829476357e-01, 3.798826364800e-04, 1.1498e+03, 5.9075e+01, 
 1DIAGNOSTIC,    13, -9.412664175034e-01, 3.113309503533e-04, 1.2087e+03, 5.8903e+01, 
 1DIAGNOSTIC,    14, -9.418162703514e-01, 2.584122412372e-04, 1.2675e+03, 5.8775e+01, 
 1DIAGNOSTIC,    15, -9.423327445984e-01, 2.180067531299e-04, 1.3262e+03, 5.8706e+01, 
 1DIAGNOSTIC,    16, -9.428166151047e-01, 1.865026133601e-04, 1.3850e+03, 5.8750e+01, 
 1DIAGNOSTIC,    17, -9.432091712952e-01, 1.600682735443e-04, 1.4435e+03, 5.8567e+01, 
 1DIAGNOSTIC,    18, -9.435840845108e-01, 1.394407154294e-04, 1.5024e+03, 5.8863e+01, 
 1DIAGNOSTIC,    19, -9.439445734024e-01, 1.216511227540e-04, 1.5612e+03, 5.8832e+01, 
 1DIAGNOSTIC,    20, -9.442406296730e-01, 1.053583400790e-04, 1.6200e+03, 5.8761e+01, 
 1DIAGNOSTIC,    21, -9.445182085037e-01, 9.089880040847e-05, 1.6788e+03, 5.8865e+01, 
 1DIAGNOSTIC,    22, -9.448097944260e-01, 7.903598452685e-05, 1.7373e+03, 5.8450e+01, 
 1DIAGNOSTIC,    23, -9.450916051865e-01, 6.981725164223e-05, 1.7959e+03, 5.8558e+01, 
 1DIAGNOSTIC,    24, -9.453026056290e-01, 6.219564238563e-05, 1.8547e+03, 5.8844e+01, 
 1DIAGNOSTIC,    25, -9.455223679543e-01, 5.545449312194e-05, 1.9134e+03, 5.8744e+01, 
 1DIAGNOSTIC,    26, -9.457195997238e-01, 4.948464265908e-05, 1.9724e+03, 5.8923e+01, 
 1DIAGNOSTIC,    27, -9.458843469620e-01, 4.413380884216e-05, 2.0308e+03, 5.8465e+01, 
 1DIAGNOSTIC,    28, -9.460518956184e-01, 3.906287383870e-05, 2.0894e+03, 5.8609e+01, 
 1DIAGNOSTIC,    29, -9.462063312531e-01, 3.432799348957e-05, 2.1485e+03, 5.9045e+01, 
 1DIAGNOSTIC,    30, -9.463436603546e-01, 3.034477776964e-05, 2.2072e+03, 5.8726e+01, 
 1DIAGNOSTIC,    31, -9.464618563652e-01, 2.713694084377e-05, 2.2659e+03, 5.8657e+01, 
 1DIAGNOSTIC,    32, -9.465930461884e-01, 2.427645267744e-05, 2.3250e+03, 5.9160e+01, 
 1DIAGNOSTIC,    33, -9.467030763626e-01, 2.187908830820e-05, 2.3838e+03, 5.8766e+01, 
 1DIAGNOSTIC,    34, -9.468086361885e-01, 1.987211726373e-05, 2.4426e+03, 5.8768e+01, 
 1DIAGNOSTIC,    35, -9.469000697136e-01, 1.792415423552e-05, 2.5011e+03, 5.8511e+01, 
 1DIAGNOSTIC,    36, -9.470008611679e-01, 1.635514854570e-05, 2.5596e+03, 5.8545e+01, 
 1DIAGNOSTIC,    37, -9.470899105072e-01, 1.504122792539e-05, 2.6183e+03, 5.8733e+01, 
 1DIAGNOSTIC,    38, -9.471641778946e-01, 1.379058994644e-05, 2.6770e+03, 5.8604e+01, 
 1DIAGNOSTIC,    39, -9.472490549088e-01, 1.263947433472e-05, 2.7356e+03, 5.8623e+01, 
 1DIAGNOSTIC,    40, -9.473127126694e-01, 1.161695308838e-05, 2.7944e+03, 5.8825e+01, 
  Elapsed time (stage 2): 2795


Total elapsed time: 2800
Using double precision for computations.
Input scalar image: 0x7f7b38632fe8
Could not create ImageIO for the input file, assuming dimension = 3 and scalar pixel type
Reference image: 0x7f7b38633048
=============================================================================
The composite transform comprises the following transforms (in order): 
  1. /resnick/groups/Proberlab/yun/lightsheet/analysis_output/registration/huc-h2b-g8m_csn_120min/251118_huc-h2b-g8m_csn_10uM_fish1/expt_to_mean_affine.mat (type = AffineTransform)
  2. /resnick/groups/Proberlab/yun/lightsheet/analysis_output/registration/huc-h2b-g8m_csn_120min/251118_huc-h2b-g8m_csn_10uM_fish1/expt_to_mean_warp.nii.gz (type = DisplacementFieldTransform)
=============================================================================
Default pixel value: 0
Interpolation type: WindowedSincInterpolateImageFunction
Output warped image: 0x7f7b38633068
✅ TMPDIR=/resnick/scratch/yun/tmp_ants | ITK threads=14

Loading mean brain: /resnick/groups/Proberlab/yun/lightsheet/analysis_output/registration/mean_brain_HCRT_TRPV1_YNT_ALL.nii.gz
Mean brain shape=(300, 564, 40), spacing=(1.5199999809265137, 1.5199999809265137, 6.25)

============================================================
  Registering: 251118_huc-h2b-g8m_csn_10uM_fish1
  proj_ID:     huc-h2b-g8m_csn_120min
============================================================
Loading volume mean (moving)...
Raw HDF5 shape (Z, X, Y): (40, 280, 568)
Transposed shape (X, Y, Z): (280, 568, 40)
Rotated shape (X, Y, Z): (280, 568, 40)
ANTsImage (RAI)
	 Pixel Type : float (float32)
	 Components : 1
	 Dimensions : (280, 568, 40)
	 Spacing    : (1.52, 1.52, 6.25)
	 Origin     : (0.0, 0.0, 0.0)
	 Direction  : [1. 0. 0. 0. 1. 0. 0. 0. 1.]

  [atlas] spacing=(1.5199999809265137, 1.5199999809265137, 6.25) origin=(454.4799942970276, 855.7599892616272, 243.75)
  [mov  ] spacing=(1.52, 1.52, 6.25) origin=(424.08, 861.84, 243.75)
Resampling to (3.0, 3.0, 3.0) µm...
Running SyN...
antsRegistration -d 3 -r /resnick/scratch/yun/tmp_ants/tmpteajhuy2.mat -m MI[0x7f7b38632f28,0x7f7b38632fc8,1,32,regular,0.2] -t Rigid[0.25] -c 2100x1200x1200x0 -s 3x2x1x0 -f 4x2x2x1 -x [NA,NA] -m MI[0x7f7b38632f28,0x7f7b38632fc8,1,32,regular,0.2] -t Affine[0.25] -c 2100x1200x1200x0 -s 3x2x1x0 -f 4x2x2x1 -x [NA,NA] -m CC[0x7f7b38632f28,0x7f7b38632fc8,1,32] -t SyN[0.200000,3.000000,0.000000] -c [120x80x40x0,1e-7,8] -s 3x2x1x0 -f 8x4x2x1 -u 1 -z 1 -o [/resnick/scratch/yun/tmp_ants/tmpxl8_qs8m,0x7f7b38633008,0x7f7b38632fa8] -x [0x7f7b38633028,0x7f7b38633068] --float 1 --write-composite-transform 0 -v 1
SyN warp field saved: /resnick/groups/Proberlab/yun/lightsheet/analysis_output/registration/huc-h2b-g8m_csn_120min/251118_huc-h2b-g8m_csn_10uM_fish1/expt_to_mean_warp.nii.gz
SyN affine transform saved: /resnick/groups/Proberlab/yun/lightsheet/analysis_output/registration/huc-h2b-g8m_csn_120min/251118_huc-h2b-g8m_csn_10uM_fish1/expt_to_mean_affine.mat
Applying composite transform at full resolution...
['-d', '3', '-i', '0x7f7b38632fe8', '-o', '0x7f7b38633068', '-r', '0x7f7b38633048', '-n', 'welchWindowedSinc', '-t', '/resnick/groups/Proberlab/yun/lightsheet/analysis_output/registration/huc-h2b-g8m_csn_120min/251118_huc-h2b-g8m_csn_10uM_fish1/expt_to_mean_warp.nii.gz', '-t', '/resnick/groups/Proberlab/yun/lightsheet/analysis_output/registration/huc-h2b-g8m_csn_120min/251118_huc-h2b-g8m_csn_10uM_fish1/expt_to_mean_affine.mat']
✅ Registered image saved: /resnick/groups/Proberlab/yun/lightsheet/analysis_output/registration/huc-h2b-g8m_csn_120min/251118_huc-h2b-g8m_csn_10uM_fish1/expt_to_mean_registered_final.nii.gz
Saving QC overlay...
  ✅ QC overlay saved: /resnick/groups/Proberlab/yun/lightsheet/analysis_output/registration/huc-h2b-g8m_csn_120min/251118_huc-h2b-g8m_csn_10uM_fish1/qc_registration_overlay.pdf

=== Registration complete: 251118_huc-h2b-g8m_csn_10uM_fish1 ===
