 bad det -1 v 1 u -1
 bad det -1 v 1 u -1 new 1
All_Command_lines_OK
Using single precision for computations.
=============================================================================
The composite transform comprises the following transforms (in order): 
  1. /resnick/scratch/yun/tmp_ants/tmpiv5uzl0y.mat (type = AffineTransform)
=============================================================================
  Reading mask(s).
    Registration stage 0
      No fixed mask
      No moving mask
    Registration stage 1
      No fixed mask
      No moving mask
    Registration stage 2
      Fixed mask = 0x7f7b651140c8
      Moving mask = 0x7f7b65114108
  number of levels = 4
  number of levels = 4
  number of levels = 4
  fixed image: 0x7f7b65114088
  moving image: 0x7f7b65114048
  fixed image: 0x7f7b65114088
  moving image: 0x7f7b65114048
  fixed image: 0x7f7b65114088
  moving image: 0x7f7b65114048
Dimension = 3
Number of stages = 3
Use histogram matching = true
Winsorize image intensities = false
  Lower quantile = 0
  Upper quantile = 1


Stage 1 State
   Image metric = MattesMI
     Fixed image = Image (0x4a437f0)
  RTTI typeinfo:   itk::Image<float, 3u>
  Reference Count: 2
  Modified Time: 1713299
  Debug: Off
  Object Name: 
  Observers: 
    none
  Source: (none)
  Source output name: (none)
  Release Data: Off
  Data Released: False
  Global Release Data: Off
  PipelineMTime: 0
  UpdateMTime: 1713271
  RealTimeStamp: 0 seconds 
  LargestPossibleRegion: 
    Dimension: 3
    Index: [0, 0, 0]
    Size: [146, 288, 100]
  BufferedRegion: 
    Dimension: 3
    Index: [0, 0, 0]
    Size: [146, 288, 100]
  RequestedRegion: 
    Dimension: 3
    Index: [0, 0, 0]
    Size: [146, 288, 100]
  Spacing: [3, 3, 3]
  Origin: [436.24, 861.84, 292.5]
  Direction: 
-1 0 0
0 -1 0
0 0 -1

  IndexToPointMatrix: 
-3 0 0
0 -3 0
0 0 -3

  PointToIndexMatrix: 
-0.333333 0 0
0 -0.333333 0
0 0 -0.333333

  Inverse Direction: 
-1 0 0
0 -1 0
0 0 -1

  PixelContainer: 
    ImportImageContainer (0x4a17180)
      RTTI typeinfo:   itk::ImportImageContainer<unsigned long, float>
      Reference Count: 1
      Modified Time: 1713269
      Debug: Off
      Object Name: 
      Observers: 
        none
      Pointer: 0x153e77f0
      Container manages memory: true
      Size: 4204800
      Capacity: 4204800

     Moving image = Image (0x4a65300)
  RTTI typeinfo:   itk::Image<float, 3u>
  Reference Count: 2
  Modified Time: 1713300
  Debug: Off
  Object Name: 
  Observers: 
    none
  Source: (none)
  Source output name: (none)
  Release Data: Off
  Data Released: False
  Global Release Data: Off
  PipelineMTime: 0
  UpdateMTime: 1713297
  RealTimeStamp: 0 seconds 
  LargestPossibleRegion: 
    Dimension: 3
    Index: [0, 0, 0]
    Size: [142, 268, 83]
  BufferedRegion: 
    Dimension: 3
    Index: [0, 0, 0]
    Size: [142, 268, 83]
  RequestedRegion: 
    Dimension: 3
    Index: [0, 0, 0]
    Size: [142, 268, 83]
  Spacing: [3, 3, 3]
  Origin: [424.08, 801.04, 243.75]
  Direction: 
-1 0 0
0 -1 0
0 0 -1

  IndexToPointMatrix: 
-3 0 0
0 -3 0
0 0 -3

  PointToIndexMatrix: 
-0.333333 0 0
0 -0.333333 0
0 0 -0.333333

  Inverse Direction: 
-1 0 0
0 -1 0
0 0 -1

  PixelContainer: 
    ImportImageContainer (0x4a68e60)
      RTTI typeinfo:   itk::ImportImageContainer<unsigned long, float>
      Reference Count: 1
      Modified Time: 1713295
      Debug: Off
      Object Name: 
      Observers: 
        none
      Pointer: 0x163f1c00
      Container manages memory: true
      Size: 3158648
      Capacity: 3158648

     Weighting = 1
     Sampling strategy = regular
     Number of bins = 32
     Radius = 4
     Sampling percentage  = 0.2
   Transform = Rigid
     Gradient step = 0.25
     Update field sigma (voxel space) = 0
     Total field sigma (voxel space) = 0
     Update field time sigma = 0
     Total field time sigma  = 0
     Number of time indices = 0
     Number of time point samples = 0
Stage 2 State
   Image metric = MattesMI
     Fixed image = Image (0x4a63910)
  RTTI typeinfo:   itk::Image<float, 3u>
  Reference Count: 2
  Modified Time: 1713353
  Debug: Off
  Object Name: 
  Observers: 
    none
  Source: (none)
  Source output name: (none)
  Release Data: Off
  Data Released: False
  Global Release Data: Off
  PipelineMTime: 0
  UpdateMTime: 1713325
  RealTimeStamp: 0 seconds 
  LargestPossibleRegion: 
    Dimension: 3
    Index: [0, 0, 0]
    Size: [146, 288, 100]
  BufferedRegion: 
    Dimension: 3
    Index: [0, 0, 0]
    Size: [146, 288, 100]
  RequestedRegion: 
    Dimension: 3
    Index: [0, 0, 0]
    Size: [146, 288, 100]
  Spacing: [3, 3, 3]
  Origin: [436.24, 861.84, 292.5]
  Direction: 
-1 0 0
0 -1 0
0 0 -1

  IndexToPointMatrix: 
-3 0 0
0 -3 0
0 0 -3

  PointToIndexMatrix: 
-0.333333 0 0
0 -0.333333 0
0 0 -0.333333

  Inverse Direction: 
-1 0 0
0 -1 0
0 0 -1

  PixelContainer: 
    ImportImageContainer (0x4a31280)
      RTTI typeinfo:   itk::ImportImageContainer<unsigned long, float>
      Reference Count: 1
      Modified Time: 1713323
      Debug: Off
      Object Name: 
      Observers: 
        none
      Pointer: 0x16ffe5f0
      Container manages memory: true
      Size: 4204800
      Capacity: 4204800

     Moving image = Image (0x4a68ee0)
  RTTI typeinfo:   itk::Image<float, 3u>
  Reference Count: 2
  Modified Time: 1713354
  Debug: Off
  Object Name: 
  Observers: 
    none
  Source: (none)
  Source output name: (none)
  Release Data: Off
  Data Released: False
  Global Release Data: Off
  PipelineMTime: 0
  UpdateMTime: 1713351
  RealTimeStamp: 0 seconds 
  LargestPossibleRegion: 
    Dimension: 3
    Index: [0, 0, 0]
    Size: [142, 268, 83]
  BufferedRegion: 
    Dimension: 3
    Index: [0, 0, 0]
    Size: [142, 268, 83]
  RequestedRegion: 
    Dimension: 3
    Index: [0, 0, 0]
    Size: [142, 268, 83]
  Spacing: [3, 3, 3]
  Origin: [424.08, 801.04, 243.75]
  Direction: 
-1 0 0
0 -1 0
0 0 -1

  IndexToPointMatrix: 
-3 0 0
0 -3 0
0 0 -3

  PointToIndexMatrix: 
-0.333333 0 0
0 -0.333333 0
0 0 -0.333333

  Inverse Direction: 
-1 0 0
0 -1 0
0 0 -1

  PixelContainer: 
    ImportImageContainer (0x4a312e0)
      RTTI typeinfo:   itk::ImportImageContainer<unsigned long, float>
      Reference Count: 1
      Modified Time: 1713349
      Debug: Off
      Object Name: 
      Observers: 
        none
      Pointer: 0x18008a00
      Container manages memory: true
      Size: 3158648
      Capacity: 3158648

     Weighting = 1
     Sampling strategy = regular
     Number of bins = 32
     Radius = 4
     Sampling percentage  = 0.2
   Transform = Affine
     Gradient step = 0.25
     Update field sigma (voxel space) = 0
     Total field sigma (voxel space) = 0
     Update field time sigma = 0
     Total field time sigma  = 0
     Number of time indices = 0
     Number of time point samples = 0
Stage 3 State
   Image metric = CC
     Fixed image = Image (0x4a39a90)
  RTTI typeinfo:   itk::Image<float, 3u>
  Reference Count: 2
  Modified Time: 1713407
  Debug: Off
  Object Name: 
  Observers: 
    none
  Source: (none)
  Source output name: (none)
  Release Data: Off
  Data Released: False
  Global Release Data: Off
  PipelineMTime: 0
  UpdateMTime: 1713379
  RealTimeStamp: 0 seconds 
  LargestPossibleRegion: 
    Dimension: 3
    Index: [0, 0, 0]
    Size: [146, 288, 100]
  BufferedRegion: 
    Dimension: 3
    Index: [0, 0, 0]
    Size: [146, 288, 100]
  RequestedRegion: 
    Dimension: 3
    Index: [0, 0, 0]
    Size: [146, 288, 100]
  Spacing: [3, 3, 3]
  Origin: [436.24, 861.84, 292.5]
  Direction: 
-1 0 0
0 -1 0
0 0 -1

  IndexToPointMatrix: 
-3 0 0
0 -3 0
0 0 -3

  PointToIndexMatrix: 
-0.333333 0 0
0 -0.333333 0
0 0 -0.333333

  Inverse Direction: 
-1 0 0
0 -1 0
0 0 -1

  PixelContainer: 
    ImportImageContainer (0x4a39d20)
      RTTI typeinfo:   itk::ImportImageContainer<unsigned long, float>
      Reference Count: 1
      Modified Time: 1713377
      Debug: Off
      Object Name: 
      Observers: 
        none
      Pointer: 0x18c153f0
      Container manages memory: true
      Size: 4204800
      Capacity: 4204800

     Moving image = Image (0x49ee630)
  RTTI typeinfo:   itk::Image<float, 3u>
  Reference Count: 2
  Modified Time: 1713408
  Debug: Off
  Object Name: 
  Observers: 
    none
  Source: (none)
  Source output name: (none)
  Release Data: Off
  Data Released: False
  Global Release Data: Off
  PipelineMTime: 0
  UpdateMTime: 1713405
  RealTimeStamp: 0 seconds 
  LargestPossibleRegion: 
    Dimension: 3
    Index: [0, 0, 0]
    Size: [142, 268, 83]
  BufferedRegion: 
    Dimension: 3
    Index: [0, 0, 0]
    Size: [142, 268, 83]
  RequestedRegion: 
    Dimension: 3
    Index: [0, 0, 0]
    Size: [142, 268, 83]
  Spacing: [3, 3, 3]
  Origin: [424.08, 801.04, 243.75]
  Direction: 
-1 0 0
0 -1 0
0 0 -1

  IndexToPointMatrix: 
-3 0 0
0 -3 0
0 0 -3

  PointToIndexMatrix: 
-0.333333 0 0
0 -0.333333 0
0 0 -0.333333

  Inverse Direction: 
-1 0 0
0 -1 0
0 0 -1

  PixelContainer: 
    ImportImageContainer (0x49ee8c0)
      RTTI typeinfo:   itk::ImportImageContainer<unsigned long, float>
      Reference Count: 1
      Modified Time: 1713403
      Debug: Off
      Object Name: 
      Observers: 
        none
      Pointer: 0x19c1f800
      Container manages memory: true
      Size: 3158648
      Capacity: 3158648

     Weighting = 1
     Sampling strategy = none
     Number of bins = 32
     Radius = 32
     Sampling percentage  = 1
   Transform = SyN
     Gradient step = 0.2
     Update field sigma (voxel space) = 3
     Total field sigma (voxel space) = 0
     Update field time sigma = 0
     Total field time sigma  = 0
     Number of time indices = 0
     Number of time point samples = 0
Registration using 3 total stages.

Stage 0
  iterations = 2100x1200x1200x0
  convergence threshold = 1e-06
  convergence window size = 10
  number of levels = 4
  using the Mattes MI metric (number of bins = 32, weight = 1, use gradient filter = 0)
  preprocessing:  histogram matching the images
  Shrink factors (level 1 out of 4): [4, 4, 4]
  Shrink factors (level 2 out of 4): [2, 2, 2]
  Shrink factors (level 3 out of 4): [2, 2, 2]
  Shrink factors (level 4 out of 4): [1, 1, 1]
  smoothing sigmas per level: [3, 2, 1, 0]
  regular sampling (percentage = 0.2)

*** Running Euler3DTransform registration ***

DIAGNOSTIC,Iteration,metricValue,convergenceValue,ITERATION_TIME_INDEX,SINCE_LAST
 2DIAGNOSTIC,     1, -8.084032535553e-01, inf, 1.2189e-01, 1.2189e-01, 
 2DIAGNOSTIC,     2, -8.091702461243e-01, inf, 1.2847e-01, 6.5780e-03, 
 2DIAGNOSTIC,     3, -8.099391460419e-01, inf, 1.3466e-01, 6.1929e-03, 
 2DIAGNOSTIC,     4, -8.103638887405e-01, inf, 1.4074e-01, 6.0780e-03, 
 2DIAGNOSTIC,     5, -8.105400800705e-01, inf, 1.4724e-01, 6.4979e-03, 
 2DIAGNOSTIC,     6, -8.106011152267e-01, inf, 1.5365e-01, 6.4149e-03, 
 2DIAGNOSTIC,     7, -8.105077147484e-01, inf, 1.6001e-01, 6.3570e-03, 
 2DIAGNOSTIC,     8, -8.103615045547e-01, inf, 1.6553e-01, 5.5189e-03, 
 2DIAGNOSTIC,     9, -8.103675842285e-01, inf, 1.7170e-01, 6.1679e-03, 
 2DIAGNOSTIC,    10, -8.103639483452e-01, 1.217843018821e-04, 1.8193e-01, 1.0227e-02, 
 2DIAGNOSTIC,    11, -8.103943467140e-01, 5.070207407698e-05, 1.8926e-01, 7.3349e-03, 
 2DIAGNOSTIC,    12, -8.101822137833e-01, 3.026940021300e-06, 1.9741e-01, 8.1460e-03, 
DIAGNOSTIC,Iteration,metricValue,convergenceValue,ITERATION_TIME_INDEX,SINCE_LAST
 2DIAGNOSTIC,     1, -7.329075336456e-01, inf, 3.3865e-01, 1.4125e-01, 
 2DIAGNOSTIC,     2, -7.330886721611e-01, inf, 3.6272e-01, 2.4062e-02, 
 2DIAGNOSTIC,     3, -7.330535054207e-01, inf, 3.7838e-01, 1.5666e-02, 
 2DIAGNOSTIC,     4, -7.330518960953e-01, inf, 3.9634e-01, 1.7956e-02, 
 2DIAGNOSTIC,     5, -7.330334782600e-01, inf, 4.1427e-01, 1.7937e-02, 
 2DIAGNOSTIC,     6, -7.330092191696e-01, inf, 4.3025e-01, 1.5974e-02, 
 2DIAGNOSTIC,     7, -7.330257296562e-01, inf, 4.4869e-01, 1.8445e-02, 
 2DIAGNOSTIC,     8, -7.330405116081e-01, inf, 4.6490e-01, 1.6205e-02, 
 2DIAGNOSTIC,     9, -7.330395579338e-01, inf, 4.8270e-01, 1.7801e-02, 
 2DIAGNOSTIC,    10, -7.330507636070e-01, 6.088162081141e-06, 5.0112e-01, 1.8416e-02, 
 2DIAGNOSTIC,    11, -7.330533862114e-01, 1.470142137805e-06, 5.1796e-01, 1.6843e-02, 
 2DIAGNOSTIC,    12, -7.330801486969e-01, 4.482329131861e-06, 5.3639e-01, 1.8435e-02, 
 2DIAGNOSTIC,    13, -7.330873012543e-01, 5.987539680063e-06, 5.5290e-01, 1.6505e-02, 
 2DIAGNOSTIC,    14, -7.331167459488e-01, 7.743106834823e-06, 5.7156e-01, 1.8664e-02, 
 2DIAGNOSTIC,    15, -7.331157326698e-01, 8.278937457362e-06, 5.9298e-01, 2.1421e-02, 
 2DIAGNOSTIC,    16, -7.331167459488e-01, 7.619840744155e-06, 6.1359e-01, 2.0607e-02, 
 2DIAGNOSTIC,    17, -7.331187129021e-01, 6.934351404198e-06, 6.3218e-01, 1.8587e-02, 
 2DIAGNOSTIC,    18, -7.330994009972e-01, 5.755723577749e-06, 6.4908e-01, 1.6901e-02, 
 2DIAGNOSTIC,    19, -7.330986261368e-01, 4.300787622924e-06, 6.6765e-01, 1.8567e-02, 
 2DIAGNOSTIC,    20, -7.330988049507e-01, 2.969688921439e-06, 6.8597e-01, 1.8327e-02, 
 2DIAGNOSTIC,    21, -7.330952882767e-01, 1.610218873793e-06, 7.0271e-01, 1.6742e-02, 
DIAGNOSTIC,Iteration,metricValue,convergenceValue,ITERATION_TIME_INDEX,SINCE_LAST
 2DIAGNOSTIC,     1, -6.647468209267e-01, inf, 8.2208e-01, 1.1937e-01, 
 2DIAGNOSTIC,     2, -6.648696064949e-01, inf, 8.4167e-01, 1.9586e-02, 
 2DIAGNOSTIC,     3, -6.649295687675e-01, inf, 8.5798e-01, 1.6311e-02, 
 2DIAGNOSTIC,     4, -6.650838851929e-01, inf, 8.7589e-01, 1.7912e-02, 
 2DIAGNOSTIC,     5, -6.652169823647e-01, inf, 8.9373e-01, 1.7840e-02, 
 2DIAGNOSTIC,     6, -6.652682423592e-01, inf, 9.1154e-01, 1.7802e-02, 
 2DIAGNOSTIC,     7, -6.653014421463e-01, inf, 9.2852e-01, 1.6984e-02, 
 2DIAGNOSTIC,     8, -6.652887463570e-01, inf, 9.4830e-01, 1.9778e-02, 
 2DIAGNOSTIC,     9, -6.653401255608e-01, inf, 9.6766e-01, 1.9367e-02, 
 2DIAGNOSTIC,    10, -6.653397083282e-01, 6.155619485071e-05, 9.8723e-01, 1.9569e-02, 
 2DIAGNOSTIC,    11, -6.653404235840e-01, 4.360143066151e-05, 1.0046e+00, 1.7388e-02, 
 2DIAGNOSTIC,    12, -6.653403639793e-01, 2.944578045572e-05, 1.0229e+00, 1.8324e-02, 
 2DIAGNOSTIC,    13, -6.653370857239e-01, 1.684366543486e-05, 1.0407e+00, 1.7747e-02, 
 2DIAGNOSTIC,    14, -6.653372645378e-01, 9.346779734187e-06, 1.0565e+00, 1.5835e-02, 
 2DIAGNOSTIC,    15, -6.653371453285e-01, 5.948485977569e-06, 1.0787e+00, 2.2167e-02, 
 2DIAGNOSTIC,    16, -6.653411388397e-01, 4.090818947589e-06, 1.0998e+00, 2.1145e-02, 
 2DIAGNOSTIC,    17, -6.653413176537e-01, 3.119052962575e-06, 1.1178e+00, 1.8003e-02, 
 2DIAGNOSTIC,    18, -6.653411984444e-01, 1.803318014026e-06, 1.1379e+00, 2.0108e-02, 
 2DIAGNOSTIC,    19, -6.653409600258e-01, 1.774987822500e-06, 1.1575e+00, 1.9591e-02, 
 2DIAGNOSTIC,    20, -6.653409004211e-01, 1.728253891997e-06, 1.1751e+00, 1.7530e-02, 
 2DIAGNOSTIC,    21, -6.653409004211e-01, 1.685564257059e-06, 1.1953e+00, 2.0205e-02, 
 2DIAGNOSTIC,    22, -6.653406023979e-01, 1.625283289286e-06, 1.2133e+00, 1.8071e-02, 
 2DIAGNOSTIC,    23, -6.653406023979e-01, 1.493857325841e-06, 1.2315e+00, 1.8188e-02, 
 2DIAGNOSTIC,    24, -6.653407216072e-01, 1.369308733956e-06, 1.2496e+00, 1.8071e-02, 
 2DIAGNOSTIC,    25, -6.653406620026e-01, 1.245501152880e-06, 1.2671e+00, 1.7499e-02, 
 2DIAGNOSTIC,    26, -6.653409004211e-01, 1.203200781674e-06, 1.2851e+00, 1.7945e-02, 
 2DIAGNOSTIC,    27, -6.653410196304e-01, 1.170655536953e-06, 1.3031e+00, 1.8064e-02, 
 2DIAGNOSTIC,    28, -6.653410196304e-01, 1.139415871876e-06, 1.3214e+00, 1.8330e-02, 
DIAGNOSTIC,Iteration,metricValue,convergenceValue,ITERATION_TIME_INDEX,SINCE_LAST
 2DIAGNOSTIC,     1, -6.046398282051e-01, inf, 1.7202e+00, 3.9873e-01, 
  Elapsed time (stage 0): 2.1705e+00


Stage 1
  iterations = 2100x1200x1200x0
  convergence threshold = 1.0000e-06
  convergence window size = 10
  number of levels = 4
  using the Mattes MI metric (number of bins = 32, weight = 1.0000e+00, use gradient filter = 0)
  preprocessing:  histogram matching the images
  Shrink factors (level 1 out of 4): [4, 4, 4]
  Shrink factors (level 2 out of 4): [2, 2, 2]
  Shrink factors (level 3 out of 4): [2, 2, 2]
  Shrink factors (level 4 out of 4): [1, 1, 1]
  smoothing sigmas per level: [3, 2, 1, 0]
  regular sampling (percentage = 2.0000e-01)

*** Running AffineTransform registration ***

DIAGNOSTIC,Iteration,metricValue,convergenceValue,ITERATION_TIME_INDEX,SINCE_LAST
 2DIAGNOSTIC,     1, -8.073385357857e-01, inf, 8.7615e-02, 8.7615e-02, 
 2DIAGNOSTIC,     2, -8.077769279480e-01, inf, 9.3439e-02, 5.8241e-03, 
 2DIAGNOSTIC,     3, -8.084281086922e-01, inf, 1.0018e-01, 6.7420e-03, 
 2DIAGNOSTIC,     4, -8.088831901550e-01, inf, 1.0666e-01, 6.4790e-03, 
 2DIAGNOSTIC,     5, -8.090082406998e-01, inf, 1.1216e-01, 5.4960e-03, 
 2DIAGNOSTIC,     6, -8.089385628700e-01, inf, 1.1830e-01, 6.1400e-03, 
 2DIAGNOSTIC,     7, -8.089740872383e-01, inf, 1.2375e-01, 5.4519e-03, 
 2DIAGNOSTIC,     8, -8.091433644295e-01, inf, 1.2908e-01, 5.3270e-03, 
 2DIAGNOSTIC,     9, -8.091958165169e-01, inf, 1.3515e-01, 6.0720e-03, 
 2DIAGNOSTIC,    10, -8.092326521873e-01, 1.320482988376e-04, 1.4083e-01, 5.6860e-03, 
 2DIAGNOSTIC,    11, -8.094396591187e-01, 8.767947292654e-05, 1.4725e-01, 6.4161e-03, 
 2DIAGNOSTIC,    12, -8.096743822098e-01, 6.232783925952e-05, 1.5315e-01, 5.9011e-03, 
 2DIAGNOSTIC,    13, -8.091402649879e-01, 3.813233706751e-05, 1.6111e-01, 7.9639e-03, 
 2DIAGNOSTIC,    14, -8.091897964478e-01, 2.721843702602e-05, 1.6854e-01, 7.4232e-03, 
 2DIAGNOSTIC,    15, -8.091860413551e-01, 1.831395638874e-05, 1.7595e-01, 7.4170e-03, 
 2DIAGNOSTIC,    16, -8.090068101883e-01, 3.338873739267e-06, 1.8418e-01, 8.2290e-03, 
DIAGNOSTIC,Iteration,metricValue,convergenceValue,ITERATION_TIME_INDEX,SINCE_LAST
 2DIAGNOSTIC,     1, -7.319643497467e-01, inf, 3.1632e-01, 1.3214e-01, 
 2DIAGNOSTIC,     2, -7.322274446487e-01, inf, 3.3798e-01, 2.1658e-02, 
 2DIAGNOSTIC,     3, -7.323432564735e-01, inf, 3.6122e-01, 2.3236e-02, 
 2DIAGNOSTIC,     4, -7.323729991913e-01, inf, 3.8150e-01, 2.0281e-02, 
 2DIAGNOSTIC,     5, -7.323802709579e-01, inf, 3.9957e-01, 1.8072e-02, 
 2DIAGNOSTIC,     6, -7.324094176292e-01, inf, 4.2806e-01, 2.8494e-02, 
 2DIAGNOSTIC,     7, -7.324106693268e-01, inf, 4.5253e-01, 2.4467e-02, 
 2DIAGNOSTIC,     8, -7.324069142342e-01, inf, 4.7459e-01, 2.2062e-02, 
 2DIAGNOSTIC,     9, -7.324045300484e-01, inf, 4.9708e-01, 2.2487e-02, 
 2DIAGNOSTIC,    10, -7.324047684669e-01, 2.888091876230e-05, 5.1812e-01, 2.1044e-02, 
 2DIAGNOSTIC,    11, -7.324001193047e-01, 1.210702794197e-05, 5.3667e-01, 1.8544e-02, 
 2DIAGNOSTIC,    12, -7.324007749557e-01, 5.739906555391e-06, 5.5755e-01, 2.0887e-02, 
 2DIAGNOSTIC,    13, -7.323964238167e-01, 3.392140115466e-06, 5.7606e-01, 1.8502e-02, 
 2DIAGNOSTIC,    14, -7.323930263519e-01, 2.031822305071e-06, 5.9720e-01, 2.1144e-02, 
DIAGNOSTIC,Iteration,metricValue,convergenceValue,ITERATION_TIME_INDEX,SINCE_LAST
 2DIAGNOSTIC,     1, -6.635637879372e-01, inf, 7.2055e-01, 1.2335e-01, 
 2DIAGNOSTIC,     2, -6.637479066849e-01, inf, 7.4465e-01, 2.4097e-02, 
 2DIAGNOSTIC,     3, -6.639093160629e-01, inf, 7.6350e-01, 1.8856e-02, 
 2DIAGNOSTIC,     4, -6.640123128891e-01, inf, 7.8133e-01, 1.7824e-02, 
 2DIAGNOSTIC,     5, -6.642122268677e-01, inf, 8.0131e-01, 1.9983e-02, 
 2DIAGNOSTIC,     6, -6.642544865608e-01, inf, 8.2730e-01, 2.5989e-02, 
 2DIAGNOSTIC,     7, -6.642560362816e-01, inf, 8.4726e-01, 1.9960e-02, 
 2DIAGNOSTIC,     8, -6.642471551895e-01, inf, 8.6756e-01, 2.0299e-02, 
 2DIAGNOSTIC,     9, -6.642396450043e-01, inf, 8.8737e-01, 1.9811e-02, 
 2DIAGNOSTIC,    10, -6.642458438873e-01, 6.607745308429e-05, 9.0784e-01, 2.0470e-02, 
 2DIAGNOSTIC,    11, -6.642172336578e-01, 3.944543277612e-05, 9.2693e-01, 1.9088e-02, 
 2DIAGNOSTIC,    12, -6.642279624939e-01, 2.094203045999e-05, 9.4724e-01, 2.0309e-02, 
 2DIAGNOSTIC,    13, -6.642165184021e-01, 8.563623850932e-06, 9.6766e-01, 2.0427e-02, 
DIAGNOSTIC,Iteration,metricValue,convergenceValue,ITERATION_TIME_INDEX,SINCE_LAST
 2DIAGNOSTIC,     1, -6.045259237289e-01, inf, 1.3534e+00, 3.8575e-01, 
  Elapsed time (stage 1): 1.7661e+00


Stage 2
  iterations = 120x80x40x0
  convergence threshold = 1.0000e-07
  convergence window size = 8
  number of levels = 4
  using the CC metric (radius = 32, weight = 1.0000e+00, use gradient filter = 0)
  preprocessing:  histogram matching the images
  Shrink factors (level 1 out of 4): [8, 8, 8]
  Shrink factors (level 2 out of 4): [4, 4, 4]
  Shrink factors (level 3 out of 4): [2, 2, 2]
  Shrink factors (level 4 out of 4): [1, 1, 1]
  smoothing sigmas per level: [3, 2, 1, 0]
  Using default NONE metricSamplingStrategy 

*** Running SyN registration (varianceForUpdateField = 3.0000e+00, varianceForTotalField = 0.0000e+00) ***

XXDIAGNOSTIC,Iteration,metricValue,convergenceValue,ITERATION_TIME_INDEX,SINCE_LAST
 1DIAGNOSTIC,     1, -8.544921278954e-01, inf, 7.2211e-01, 7.2211e-01, 
 1DIAGNOSTIC,     2, -8.822311758995e-01, inf, 1.4192e+00, 6.9709e-01, 
 1DIAGNOSTIC,     3, -9.056590199471e-01, inf, 2.0873e+00, 6.6808e-01, 
 1DIAGNOSTIC,     4, -9.171253442764e-01, inf, 2.7574e+00, 6.7012e-01, 
 1DIAGNOSTIC,     5, -9.225465655327e-01, inf, 3.4292e+00, 6.7181e-01, 
 1DIAGNOSTIC,     6, -9.259006977081e-01, inf, 4.1075e+00, 6.7826e-01, 
 1DIAGNOSTIC,     7, -9.269766211510e-01, inf, 4.7833e+00, 6.7589e-01, 
 1DIAGNOSTIC,     8, -9.262197017670e-01, 5.870310124010e-03, 5.4573e+00, 6.7391e-01, 
 1DIAGNOSTIC,     9, -9.271392822266e-01, 2.926476066932e-03, 6.1247e+00, 6.6745e-01, 
 1DIAGNOSTIC,    10, -9.271503686905e-01, 1.238325261511e-03, 6.7941e+00, 6.6935e-01, 
 1DIAGNOSTIC,    11, -9.270986914635e-01, 5.036567454226e-04, 7.4639e+00, 6.6989e-01, 
 1DIAGNOSTIC,    12, -9.273479580879e-01, 1.975902996492e-04, 8.1350e+00, 6.7107e-01, 
 1DIAGNOSTIC,    13, -9.271443486214e-01, 6.364625733113e-05, 8.8027e+00, 6.6771e-01, 
 1DIAGNOSTIC,    14, -9.273630380630e-01, 3.727764851646e-05, 9.4694e+00, 6.6665e-01, 
 1DIAGNOSTIC,    15, -9.270173311234e-01, 2.889288953156e-05, 1.0140e+01, 6.7057e-01, 
 1DIAGNOSTIC,    16, -9.272512197495e-01, 5.087819772598e-06, 1.0810e+01, 6.6964e-01, 
 1DIAGNOSTIC,    17, -9.267590045929e-01, -6.873826805531e-06, 1.1478e+01, 6.6876e-01, 
XXDIAGNOSTIC,Iteration,metricValue,convergenceValue,ITERATION_TIME_INDEX,SINCE_LAST
 1DIAGNOSTIC,     1, -8.953344225883e-01, inf, 1.5203e+01, 3.7249e+00, 
 1DIAGNOSTIC,     2, -9.035466909409e-01, inf, 1.8870e+01, 3.6665e+00, 
 1DIAGNOSTIC,     3, -9.104107618332e-01, inf, 2.2538e+01, 3.6680e+00, 
 1DIAGNOSTIC,     4, -9.156699180603e-01, inf, 2.6218e+01, 3.6803e+00, 
 1DIAGNOSTIC,     5, -9.199505448341e-01, inf, 2.9905e+01, 3.6869e+00, 
 1DIAGNOSTIC,     6, -9.231293797493e-01, inf, 3.3626e+01, 3.7206e+00, 
 1DIAGNOSTIC,     7, -9.254289865494e-01, inf, 3.7284e+01, 3.6581e+00, 
 1DIAGNOSTIC,     8, -9.273007512093e-01, 2.795334672555e-03, 4.0937e+01, 3.6534e+00, 
 1DIAGNOSTIC,     9, -9.288773536682e-01, 1.941005815752e-03, 4.4578e+01, 3.6409e+00, 
 1DIAGNOSTIC,    10, -9.301940798759e-01, 1.356255146675e-03, 4.8130e+01, 3.5516e+00, 
 1DIAGNOSTIC,    11, -9.313175082207e-01, 9.679174982011e-04, 5.1343e+01, 3.2132e+00, 
 1DIAGNOSTIC,    12, -9.322973489761e-01, 7.075916510075e-04, 5.4566e+01, 3.2238e+00, 
 1DIAGNOSTIC,    13, -9.331191778183e-01, 5.373589228839e-04, 5.7769e+01, 3.2030e+00, 
 1DIAGNOSTIC,    14, -9.338495731354e-01, 4.218917456456e-04, 6.1095e+01, 3.3252e+00, 
 1DIAGNOSTIC,    15, -9.344815611839e-01, 3.363402502146e-04, 6.4307e+01, 3.2125e+00, 
 1DIAGNOSTIC,    16, -9.350317120552e-01, 2.711412089411e-04, 6.7785e+01, 3.4774e+00, 
 1DIAGNOSTIC,    17, -9.354957342148e-01, 2.205178461736e-04, 7.1458e+01, 3.6736e+00, 
 1DIAGNOSTIC,    18, -9.358997344971e-01, 1.802741026040e-04, 7.4952e+01, 3.4934e+00, 
 1DIAGNOSTIC,    19, -9.362605810165e-01, 1.480583305238e-04, 7.8229e+01, 3.2778e+00, 
 1DIAGNOSTIC,    20, -9.365534782410e-01, 1.219569239765e-04, 8.1600e+01, 3.3702e+00, 
 1DIAGNOSTIC,    21, -9.368225932121e-01, 1.005379454000e-04, 8.5017e+01, 3.4177e+00, 
 1DIAGNOSTIC,    22, -9.370502233505e-01, 8.313001308125e-05, 8.8422e+01, 3.4051e+00, 
 1DIAGNOSTIC,    23, -9.372570514679e-01, 6.911633681739e-05, 9.1931e+01, 3.5085e+00, 
 1DIAGNOSTIC,    24, -9.374130368233e-01, 5.750962009188e-05, 9.5474e+01, 3.5427e+00, 
 1DIAGNOSTIC,    25, -9.375718832016e-01, 4.804536365555e-05, 9.9032e+01, 3.5582e+00, 
 1DIAGNOSTIC,    26, -9.376890659332e-01, 4.002670902992e-05, 1.0236e+02, 3.3265e+00, 
 1DIAGNOSTIC,    27, -9.378169178963e-01, 3.376507447683e-05, 1.0609e+02, 3.7282e+00, 
 1DIAGNOSTIC,    28, -9.379188418388e-01, 2.849903466995e-05, 1.0970e+02, 3.6159e+00, 
 1DIAGNOSTIC,    29, -9.380215406418e-01, 2.443063021929e-05, 1.1302e+02, 3.3138e+00, 
 1DIAGNOSTIC,    30, -9.381093978882e-01, 2.117867552442e-05, 1.1680e+02, 3.7801e+00, 
 1DIAGNOSTIC,    31, -9.381704330444e-01, 1.845437873271e-05, 1.1991e+02, 3.1096e+00, 
 1DIAGNOSTIC,    32, -9.382190704346e-01, 1.576069735165e-05, 1.2299e+02, 3.0834e+00, 
 1DIAGNOSTIC,    33, -9.382737278938e-01, 1.351320224785e-05, 1.2624e+02, 3.2497e+00, 
 1DIAGNOSTIC,    34, -9.383265972137e-01, 1.144246652984e-05, 1.2974e+02, 3.4993e+00, 
 1DIAGNOSTIC,    35, -9.383645057678e-01, 9.747760486789e-06, 1.3315e+02, 3.4098e+00, 
 1DIAGNOSTIC,    36, -9.383980631828e-01, 8.284613613796e-06, 1.3669e+02, 3.5407e+00, 
 1DIAGNOSTIC,    37, -9.384416341782e-01, 7.311152330658e-06, 1.4029e+02, 3.5964e+00, 
 1DIAGNOSTIC,    38, -9.384571313858e-01, 6.474211204477e-06, 1.4367e+02, 3.3886e+00, 
 1DIAGNOSTIC,    39, -9.384928345680e-01, 5.808996320411e-06, 1.4705e+02, 3.3811e+00, 
 1DIAGNOSTIC,    40, -9.385220408440e-01, 5.188723207539e-06, 1.5038e+02, 3.3261e+00, 
 1DIAGNOSTIC,    41, -9.385507106781e-01, 4.730571617984e-06, 1.5368e+02, 3.2981e+00, 
 1DIAGNOSTIC,    42, -9.385729432106e-01, 4.405043000588e-06, 1.5672e+02, 3.0384e+00, 
 1DIAGNOSTIC,    43, -9.385962486267e-01, 4.112146143598e-06, 1.6001e+02, 3.2908e+00, 
 1DIAGNOSTIC,    44, -9.386054873466e-01, 3.713408887052e-06, 1.6328e+02, 3.2689e+00, 
 1DIAGNOSTIC,    45, -9.385984539986e-01, 3.219658765374e-06, 1.6658e+02, 3.3078e+00, 
 1DIAGNOSTIC,    46, -9.386150240898e-01, 2.658366611286e-06, 1.6984e+02, 3.2592e+00, 
 1DIAGNOSTIC,    47, -9.386265277863e-01, 2.221667500635e-06, 1.7333e+02, 3.4842e+00, 
 1DIAGNOSTIC,    48, -9.385917186737e-01, 1.552310550323e-06, 1.7640e+02, 3.0687e+00, 
 1DIAGNOSTIC,    49, -9.386037588120e-01, 1.121399009207e-06, 1.7949e+02, 3.0972e+00, 
 1DIAGNOSTIC,    50, -9.386071562767e-01, 8.388904575440e-07, 1.8295e+02, 3.4592e+00, 
 1DIAGNOSTIC,    51, -9.386145472527e-01, 7.812413969077e-07, 1.8660e+02, 3.6506e+00, 
 1DIAGNOSTIC,    52, -9.386216402054e-01, 8.507774964528e-07, 1.9019e+02, 3.5874e+00, 
 1DIAGNOSTIC,    53, -9.386272430420e-01, 8.902812851375e-07, 1.9329e+02, 3.1001e+00, 
 1DIAGNOSTIC,    54, -9.386231899261e-01, 9.846550028669e-07, 1.9646e+02, 3.1707e+00, 
 1DIAGNOSTIC,    55, -9.386240243912e-01, 1.126746838054e-06, 1.9972e+02, 3.2542e+00, 
 1DIAGNOSTIC,    56, -9.386219978333e-01, 9.519067134534e-07, 2.0332e+02, 3.6015e+00, 
 1DIAGNOSTIC,    57, -9.386290907860e-01, 8.708886980457e-07, 2.0675e+02, 3.4350e+00, 
 1DIAGNOSTIC,    58, -9.386323690414e-01, 8.075024311438e-07, 2.0992e+02, 3.1621e+00, 
 1DIAGNOSTIC,    59, -9.386366605759e-01, 8.006622920220e-07, 2.1330e+02, 3.3878e+00, 
 1DIAGNOSTIC,    60, -9.386481046677e-01, 8.878121207090e-07, 2.1655e+02, 3.2451e+00, 
 1DIAGNOSTIC,    61, -9.386459589005e-01, 9.564040510668e-07, 2.1989e+02, 3.3380e+00, 
 1DIAGNOSTIC,    62, -9.386516213417e-01, 9.859255669653e-07, 2.2318e+02, 3.2931e+00, 
 1DIAGNOSTIC,    63, -9.386547803879e-01, 9.843831776379e-07, 2.2621e+02, 3.0289e+00, 
 1DIAGNOSTIC,    64, -9.386562108994e-01, 9.230321325049e-07, 2.2932e+02, 3.1074e+00, 
 1DIAGNOSTIC,    65, -9.386593103409e-01, 8.760580385569e-07, 2.3245e+02, 3.1389e+00, 
 1DIAGNOSTIC,    66, -9.386548399925e-01, 7.824074828022e-07, 2.3568e+02, 3.2228e+00, 
 1DIAGNOSTIC,    67, -9.386545419693e-01, 6.839747470622e-07, 2.3928e+02, 3.5984e+00, 
 1DIAGNOSTIC,    68, -9.386616945267e-01, 6.755580557183e-07, 2.4255e+02, 3.2760e+00, 
 1DIAGNOSTIC,    69, -9.386627078056e-01, 6.444001314776e-07, 2.4589e+02, 3.3436e+00, 
 1DIAGNOSTIC,    70, -9.386649131775e-01, 6.454172876147e-07, 2.4904e+02, 3.1480e+00, 
 1DIAGNOSTIC,    71, -9.386711120605e-01, 6.824898264313e-07, 2.5239e+02, 3.3501e+00, 
 1DIAGNOSTIC,    72, -9.386675357819e-01, 6.850690397187e-07, 2.5579e+02, 3.4007e+00, 
 1DIAGNOSTIC,    73, -9.386628866196e-01, 6.592529189220e-07, 2.5900e+02, 3.2064e+00, 
 1DIAGNOSTIC,    74, -9.386622309685e-01, 5.898388621972e-07, 2.6244e+02, 3.4407e+00, 
 1DIAGNOSTIC,    75, -9.386526942253e-01, 4.617173772203e-07, 2.6567e+02, 3.2329e+00, 
 1DIAGNOSTIC,    76, -9.386545419693e-01, 3.911534065537e-07, 2.6902e+02, 3.3452e+00, 
 1DIAGNOSTIC,    77, -9.386486411095e-01, 3.165079078826e-07, 2.7244e+02, 3.4218e+00, 
 1DIAGNOSTIC,    78, -9.386430978775e-01, 2.557969480677e-07, 2.7574e+02, 3.3019e+00, 
 1DIAGNOSTIC,    79, -9.386377930641e-01, 2.379237997729e-07, 2.7886e+02, 3.1209e+00, 
 1DIAGNOSTIC,    80, -9.386327266693e-01, 2.180367175697e-07, 2.8210e+02, 3.2383e+00, 
XXDIAGNOSTIC,Iteration,metricValue,convergenceValue,ITERATION_TIME_INDEX,SINCE_LAST
 1DIAGNOSTIC,     1, -9.038051366806e-01, inf, 3.2245e+02, 4.0353e+01, 
 1DIAGNOSTIC,     2, -9.045256376266e-01, inf, 3.6267e+02, 4.0211e+01, 
 1DIAGNOSTIC,     3, -9.057157039642e-01, inf, 4.0262e+02, 3.9958e+01, 
 1DIAGNOSTIC,     4, -9.066594243050e-01, inf, 4.4206e+02, 3.9438e+01, 
 1DIAGNOSTIC,     5, -9.075697660446e-01, inf, 4.8191e+02, 3.9843e+01, 
 1DIAGNOSTIC,     6, -9.083755016327e-01, inf, 5.2163e+02, 3.9724e+01, 
 1DIAGNOSTIC,     7, -9.092396497726e-01, inf, 5.6160e+02, 3.9972e+01, 
 1DIAGNOSTIC,     8, -9.102376699448e-01, 5.870985914953e-04, 6.0209e+02, 4.0493e+01, 
 1DIAGNOSTIC,     9, -9.113809466362e-01, 5.299629992805e-04, 6.4142e+02, 3.9330e+01, 
 1DIAGNOSTIC,    10, -9.125767946243e-01, 4.857362946495e-04, 6.8076e+02, 3.9340e+01, 
 1DIAGNOSTIC,    11, -9.137746095657e-01, 4.663313447963e-04, 7.2072e+02, 3.9960e+01, 
 1DIAGNOSTIC,    12, -9.148839116096e-01, 4.511708975770e-04, 7.6018e+02, 3.9460e+01, 
 1DIAGNOSTIC,    13, -9.159172177315e-01, 4.327248025220e-04, 8.0033e+02, 4.0146e+01, 
 1DIAGNOSTIC,    14, -9.168521165848e-01, 4.038119514007e-04, 8.4037e+02, 4.0046e+01, 
 1DIAGNOSTIC,    15, -9.177135825157e-01, 3.658729838207e-04, 8.8027e+02, 3.9897e+01, 
 1DIAGNOSTIC,    16, -9.185196161270e-01, 3.240372752771e-04, 9.1954e+02, 3.9267e+01, 
 1DIAGNOSTIC,    17, -9.192693233490e-01, 2.837006759364e-04, 9.5936e+02, 3.9826e+01, 
 1DIAGNOSTIC,    18, -9.199861884117e-01, 2.480633265804e-04, 9.9927e+02, 3.9910e+01, 
 1DIAGNOSTIC,    19, -9.206825494766e-01, 2.188618818764e-04, 1.0390e+03, 3.9772e+01, 
 1DIAGNOSTIC,    20, -9.213526248932e-01, 1.952355814865e-04, 1.0793e+03, 4.0250e+01, 
 1DIAGNOSTIC,    21, -9.219906330109e-01, 1.762558677001e-04, 1.1188e+03, 3.9519e+01, 
 1DIAGNOSTIC,    22, -9.225715398788e-01, 1.599813404027e-04, 1.1590e+03, 4.0145e+01, 
 1DIAGNOSTIC,    23, -9.231753945351e-01, 1.464117376599e-04, 1.1992e+03, 4.0286e+01, 
 1DIAGNOSTIC,    24, -9.236671924591e-01, 1.334745902568e-04, 1.2394e+03, 4.0182e+01, 
 1DIAGNOSTIC,    25, -9.241181612015e-01, 1.206478991662e-04, 1.2804e+03, 4.0970e+01, 
 1DIAGNOSTIC,    26, -9.245468378067e-01, 1.081823356799e-04, 1.3217e+03, 4.1294e+01, 
 1DIAGNOSTIC,    27, -9.249707460403e-01, 9.679551294539e-05, 1.3615e+03, 3.9849e+01, 
 1DIAGNOSTIC,    28, -9.253550767899e-01, 8.656865247758e-05, 1.4020e+03, 4.0430e+01, 
 1DIAGNOSTIC,    29, -9.256936311722e-01, 7.738457497908e-05, 1.4431e+03, 4.1152e+01, 
 1DIAGNOSTIC,    30, -9.260104894638e-01, 6.900633161422e-05, 1.4835e+03, 4.0341e+01, 
 1DIAGNOSTIC,    31, -9.263070225716e-01, 6.224093522178e-05, 1.5234e+03, 3.9943e+01, 
 1DIAGNOSTIC,    32, -9.265714287758e-01, 5.589326610789e-05, 1.5632e+03, 3.9784e+01, 
 1DIAGNOSTIC,    33, -9.268341064453e-01, 5.009587039240e-05, 1.6030e+03, 3.9778e+01, 
 1DIAGNOSTIC,    34, -9.270693659782e-01, 4.483230441110e-05, 1.6434e+03, 4.0453e+01, 
 1DIAGNOSTIC,    35, -9.272934794426e-01, 4.044593515573e-05, 1.6836e+03, 4.0175e+01, 
 1DIAGNOSTIC,    36, -9.273993968964e-01, 3.565635051928e-05, 1.7235e+03, 3.9923e+01, 
 1DIAGNOSTIC,    37, -9.275156259537e-01, 3.068953083130e-05, 1.7630e+03, 3.9510e+01, 
 1DIAGNOSTIC,    38, -9.276989698410e-01, 2.657758159330e-05, 1.8030e+03, 3.9972e+01, 
 1DIAGNOSTIC,    39, -9.277929663658e-01, 2.266907540616e-05, 1.8434e+03, 4.0381e+01, 
 1DIAGNOSTIC,    40, -9.279686212540e-01, 1.994990998355e-05, 1.8831e+03, 3.9713e+01, 
  Elapsed time (stage 2): 1884


Total elapsed time: 1888
Using double precision for computations.
Input scalar image: 0x7f7b65114148
Could not create ImageIO for the input file, assuming dimension = 3 and scalar pixel type
Reference image: 0x7f7b65114228
=============================================================================
The composite transform comprises the following transforms (in order): 
  1. /resnick/groups/Proberlab/yun/lightsheet/analysis_output/registration/huc-h2b-g8m_csn_120min/251118_huc-h2b-g8m_csn_10uM_fish5/expt_to_mean_affine.mat (type = AffineTransform)
  2. /resnick/groups/Proberlab/yun/lightsheet/analysis_output/registration/huc-h2b-g8m_csn_120min/251118_huc-h2b-g8m_csn_10uM_fish5/expt_to_mean_warp.nii.gz (type = DisplacementFieldTransform)
=============================================================================
Default pixel value: 0
Interpolation type: WindowedSincInterpolateImageFunction
Output warped image: 0x7f7b651140e8
✅ TMPDIR=/resnick/scratch/yun/tmp_ants | ITK threads=30

Loading template brain: /resnick/home/ychiu/yun/lightsheet/hcrt-trpv1_huc-h2b-g8m_csn_120min_audio/zstack_template/template_mean_brain.nii.gz
Template shape=(288, 568, 40), spacing=(1.5199999809265137, 1.5199999809265137, 7.5)

============================================================
  Registering: 251118_huc-h2b-g8m_csn_10uM_fish5
  proj_ID:     huc-h2b-g8m_csn_120min
============================================================
Loading volume mean (moving)...
Raw HDF5 shape (Z, X, Y): (40, 280, 528)
Transposed shape (X, Y, Z): (280, 528, 40)
Rotated shape (X, Y, Z): (280, 528, 40)
ANTsImage (RAI)
	 Pixel Type : float (float32)
	 Components : 1
	 Dimensions : (280, 528, 40)
	 Spacing    : (1.52, 1.52, 6.25)
	 Origin     : (0.0, 0.0, 0.0)
	 Direction  : [1. 0. 0. 0. 1. 0. 0. 0. 1.]

  [atlas] spacing=(1.5199999809265137, 1.5199999809265137, 7.5) origin=(436.2399945259094, 861.8399891853333, 292.5)
  [mov  ] spacing=(1.52, 1.52, 6.25) origin=(424.08, 801.04, 243.75)
Resampling to (3.0, 3.0, 3.0) µm...
Running SyN...
antsRegistration -d 3 -r /resnick/scratch/yun/tmp_ants/tmpiv5uzl0y.mat -m MI[0x7f7b65114088,0x7f7b65114048,1,32,regular,0.2] -t Rigid[0.25] -c 2100x1200x1200x0 -s 3x2x1x0 -f 4x2x2x1 -x [NA,NA] -m MI[0x7f7b65114088,0x7f7b65114048,1,32,regular,0.2] -t Affine[0.25] -c 2100x1200x1200x0 -s 3x2x1x0 -f 4x2x2x1 -x [NA,NA] -m CC[0x7f7b65114088,0x7f7b65114048,1,32] -t SyN[0.200000,3.000000,0.000000] -c [120x80x40x0,1e-7,8] -s 3x2x1x0 -f 8x4x2x1 -u 1 -z 1 -o [/resnick/scratch/yun/tmp_ants/tmpm2tt0io9,0x7f7b651140a8,0x7f7b65114068] -x [0x7f7b651140c8,0x7f7b65114108] --float 1 --write-composite-transform 0 -v 1
SyN warp field saved: /resnick/groups/Proberlab/yun/lightsheet/analysis_output/registration/huc-h2b-g8m_csn_120min/251118_huc-h2b-g8m_csn_10uM_fish5/expt_to_mean_warp.nii.gz
SyN affine transform saved: /resnick/groups/Proberlab/yun/lightsheet/analysis_output/registration/huc-h2b-g8m_csn_120min/251118_huc-h2b-g8m_csn_10uM_fish5/expt_to_mean_affine.mat
Applying composite transform at full resolution...
['-d', '3', '-i', '0x7f7b65114148', '-o', '0x7f7b651140e8', '-r', '0x7f7b65114228', '-n', 'welchWindowedSinc', '-t', '/resnick/groups/Proberlab/yun/lightsheet/analysis_output/registration/huc-h2b-g8m_csn_120min/251118_huc-h2b-g8m_csn_10uM_fish5/expt_to_mean_warp.nii.gz', '-t', '/resnick/groups/Proberlab/yun/lightsheet/analysis_output/registration/huc-h2b-g8m_csn_120min/251118_huc-h2b-g8m_csn_10uM_fish5/expt_to_mean_affine.mat']
✅ Registered image saved: /resnick/groups/Proberlab/yun/lightsheet/analysis_output/registration/huc-h2b-g8m_csn_120min/251118_huc-h2b-g8m_csn_10uM_fish5/expt_to_mean_registered_final.nii.gz
Saving QC overlay...
  ✅ QC overlay saved: /resnick/groups/Proberlab/yun/lightsheet/analysis_output/registration/huc-h2b-g8m_csn_120min/251118_huc-h2b-g8m_csn_10uM_fish5/qc_registration_overlay.pdf

=== Registration complete: 251118_huc-h2b-g8m_csn_10uM_fish5 ===
