All_Command_lines_OK
Using single precision for computations.
=============================================================================
The composite transform comprises the following transforms (in order): 
  1. /resnick/scratch/yun/tmp_ants/tmpjqewxz82.mat (type = AffineTransform)
=============================================================================
  Reading mask(s).
    Registration stage 0
      No fixed mask
      No moving mask
    Registration stage 1
      No fixed mask
      No moving mask
    Registration stage 2
      Fixed mask = 0x7f9b574ea628
      Moving mask = 0x7f9b574ea668
  number of levels = 4
  number of levels = 4
  number of levels = 4
  fixed image: 0x7f9b574ea528
  moving image: 0x7f9b574ea5c8
  fixed image: 0x7f9b574ea528
  moving image: 0x7f9b574ea5c8
  fixed image: 0x7f9b574ea528
  moving image: 0x7f9b574ea5c8
Dimension = 3
Number of stages = 3
Use histogram matching = true
Winsorize image intensities = false
  Lower quantile = 0
  Upper quantile = 1


Stage 1 State
   Image metric = MattesMI
     Fixed image = Image (0x3ab4790)
  RTTI typeinfo:   itk::Image<float, 3u>
  Reference Count: 2
  Modified Time: 1332038
  Debug: Off
  Object Name: 
  Observers: 
    none
  Source: (none)
  Source output name: (none)
  Release Data: Off
  Data Released: False
  Global Release Data: Off
  PipelineMTime: 0
  UpdateMTime: 1332010
  RealTimeStamp: 0 seconds 
  LargestPossibleRegion: 
    Dimension: 3
    Index: [0, 0, 0]
    Size: [142, 276, 83]
  BufferedRegion: 
    Dimension: 3
    Index: [0, 0, 0]
    Size: [142, 276, 83]
  RequestedRegion: 
    Dimension: 3
    Index: [0, 0, 0]
    Size: [142, 276, 83]
  Spacing: [3, 3, 3]
  Origin: [424.08, 825.36, 243.75]
  Direction: 
-1 0 0
0 -1 0
0 0 -1

  IndexToPointMatrix: 
-3 0 0
0 -3 0
0 0 -3

  PointToIndexMatrix: 
-0.333333 0 0
0 -0.333333 0
0 0 -0.333333

  Inverse Direction: 
-1 0 0
0 -1 0
0 0 -1

  PixelContainer: 
    ImportImageContainer (0x3b65a40)
      RTTI typeinfo:   itk::ImportImageContainer<unsigned long, float>
      Reference Count: 1
      Modified Time: 1332008
      Debug: Off
      Object Name: 
      Observers: 
        none
      Pointer: 0x125cd240
      Container manages memory: true
      Size: 3252936
      Capacity: 3252936

     Moving image = Image (0x3b3c540)
  RTTI typeinfo:   itk::Image<float, 3u>
  Reference Count: 2
  Modified Time: 1332039
  Debug: Off
  Object Name: 
  Observers: 
    none
  Source: (none)
  Source output name: (none)
  Release Data: Off
  Data Released: False
  Global Release Data: Off
  PipelineMTime: 0
  UpdateMTime: 1332036
  RealTimeStamp: 0 seconds 
  LargestPossibleRegion: 
    Dimension: 3
    Index: [0, 0, 0]
    Size: [154, 286, 83]
  BufferedRegion: 
    Dimension: 3
    Index: [0, 0, 0]
    Size: [154, 286, 83]
  RequestedRegion: 
    Dimension: 3
    Index: [0, 0, 0]
    Size: [154, 286, 83]
  Spacing: [3, 3, 3]
  Origin: [460.56, 855.76, 243.75]
  Direction: 
-1 0 0
0 -1 0
0 0 -1

  IndexToPointMatrix: 
-3 0 0
0 -3 0
0 0 -3

  PointToIndexMatrix: 
-0.333333 0 0
0 -0.333333 0
0 0 -0.333333

  Inverse Direction: 
-1 0 0
0 -1 0
0 0 -1

  PixelContainer: 
    ImportImageContainer (0x3b48840)
      RTTI typeinfo:   itk::ImportImageContainer<unsigned long, float>
      Reference Count: 1
      Modified Time: 1332034
      Debug: Off
      Object Name: 
      Observers: 
        none
      Pointer: 0x13235d70
      Container manages memory: true
      Size: 3655652
      Capacity: 3655652

     Weighting = 1
     Sampling strategy = regular
     Number of bins = 32
     Radius = 4
     Sampling percentage  = 0.2
   Transform = Rigid
     Gradient step = 0.25
     Update field sigma (voxel space) = 0
     Total field sigma (voxel space) = 0
     Update field time sigma = 0
     Total field time sigma  = 0
     Number of time indices = 0
     Number of time point samples = 0
Stage 2 State
   Image metric = MattesMI
     Fixed image = Image (0x3b761f0)
  RTTI typeinfo:   itk::Image<float, 3u>
  Reference Count: 2
  Modified Time: 1332092
  Debug: Off
  Object Name: 
  Observers: 
    none
  Source: (none)
  Source output name: (none)
  Release Data: Off
  Data Released: False
  Global Release Data: Off
  PipelineMTime: 0
  UpdateMTime: 1332064
  RealTimeStamp: 0 seconds 
  LargestPossibleRegion: 
    Dimension: 3
    Index: [0, 0, 0]
    Size: [142, 276, 83]
  BufferedRegion: 
    Dimension: 3
    Index: [0, 0, 0]
    Size: [142, 276, 83]
  RequestedRegion: 
    Dimension: 3
    Index: [0, 0, 0]
    Size: [142, 276, 83]
  Spacing: [3, 3, 3]
  Origin: [424.08, 825.36, 243.75]
  Direction: 
-1 0 0
0 -1 0
0 0 -1

  IndexToPointMatrix: 
-3 0 0
0 -3 0
0 0 -3

  PointToIndexMatrix: 
-0.333333 0 0
0 -0.333333 0
0 0 -0.333333

  Inverse Direction: 
-1 0 0
0 -1 0
0 0 -1

  PixelContainer: 
    ImportImageContainer (0x3b60ab0)
      RTTI typeinfo:   itk::ImportImageContainer<unsigned long, float>
      Reference Count: 1
      Modified Time: 1332062
      Debug: Off
      Object Name: 
      Observers: 
        none
      Pointer: 0x14027d10
      Container manages memory: true
      Size: 3252936
      Capacity: 3252936

     Moving image = Image (0x3b71150)
  RTTI typeinfo:   itk::Image<float, 3u>
  Reference Count: 2
  Modified Time: 1332093
  Debug: Off
  Object Name: 
  Observers: 
    none
  Source: (none)
  Source output name: (none)
  Release Data: Off
  Data Released: False
  Global Release Data: Off
  PipelineMTime: 0
  UpdateMTime: 1332090
  RealTimeStamp: 0 seconds 
  LargestPossibleRegion: 
    Dimension: 3
    Index: [0, 0, 0]
    Size: [154, 286, 83]
  BufferedRegion: 
    Dimension: 3
    Index: [0, 0, 0]
    Size: [154, 286, 83]
  RequestedRegion: 
    Dimension: 3
    Index: [0, 0, 0]
    Size: [154, 286, 83]
  Spacing: [3, 3, 3]
  Origin: [460.56, 855.76, 243.75]
  Direction: 
-1 0 0
0 -1 0
0 0 -1

  IndexToPointMatrix: 
-3 0 0
0 -3 0
0 0 -3

  PointToIndexMatrix: 
-0.333333 0 0
0 -0.333333 0
0 0 -0.333333

  Inverse Direction: 
-1 0 0
0 -1 0
0 0 -1

  PixelContainer: 
    ImportImageContainer (0x3b3f8d0)
      RTTI typeinfo:   itk::ImportImageContainer<unsigned long, float>
      Reference Count: 1
      Modified Time: 1332088
      Debug: Off
      Object Name: 
      Observers: 
        none
      Pointer: 0x14c90840
      Container manages memory: true
      Size: 3655652
      Capacity: 3655652

     Weighting = 1
     Sampling strategy = regular
     Number of bins = 32
     Radius = 4
     Sampling percentage  = 0.2
   Transform = Affine
     Gradient step = 0.25
     Update field sigma (voxel space) = 0
     Total field sigma (voxel space) = 0
     Update field time sigma = 0
     Total field time sigma  = 0
     Number of time indices = 0
     Number of time point samples = 0
Stage 3 State
   Image metric = CC
     Fixed image = Image (0x3abb880)
  RTTI typeinfo:   itk::Image<float, 3u>
  Reference Count: 2
  Modified Time: 1332146
  Debug: Off
  Object Name: 
  Observers: 
    none
  Source: (none)
  Source output name: (none)
  Release Data: Off
  Data Released: False
  Global Release Data: Off
  PipelineMTime: 0
  UpdateMTime: 1332118
  RealTimeStamp: 0 seconds 
  LargestPossibleRegion: 
    Dimension: 3
    Index: [0, 0, 0]
    Size: [142, 276, 83]
  BufferedRegion: 
    Dimension: 3
    Index: [0, 0, 0]
    Size: [142, 276, 83]
  RequestedRegion: 
    Dimension: 3
    Index: [0, 0, 0]
    Size: [142, 276, 83]
  Spacing: [3, 3, 3]
  Origin: [424.08, 825.36, 243.75]
  Direction: 
-1 0 0
0 -1 0
0 0 -1

  IndexToPointMatrix: 
-3 0 0
0 -3 0
0 0 -3

  PointToIndexMatrix: 
-0.333333 0 0
0 -0.333333 0
0 0 -0.333333

  Inverse Direction: 
-1 0 0
0 -1 0
0 0 -1

  PixelContainer: 
    ImportImageContainer (0x3b3f930)
      RTTI typeinfo:   itk::ImportImageContainer<unsigned long, float>
      Reference Count: 1
      Modified Time: 1332116
      Debug: Off
      Object Name: 
      Observers: 
        none
      Pointer: 0x15a827e0
      Container manages memory: true
      Size: 3252936
      Capacity: 3252936

     Moving image = Image (0x3b715f0)
  RTTI typeinfo:   itk::Image<float, 3u>
  Reference Count: 2
  Modified Time: 1332147
  Debug: Off
  Object Name: 
  Observers: 
    none
  Source: (none)
  Source output name: (none)
  Release Data: Off
  Data Released: False
  Global Release Data: Off
  PipelineMTime: 0
  UpdateMTime: 1332144
  RealTimeStamp: 0 seconds 
  LargestPossibleRegion: 
    Dimension: 3
    Index: [0, 0, 0]
    Size: [154, 286, 83]
  BufferedRegion: 
    Dimension: 3
    Index: [0, 0, 0]
    Size: [154, 286, 83]
  RequestedRegion: 
    Dimension: 3
    Index: [0, 0, 0]
    Size: [154, 286, 83]
  Spacing: [3, 3, 3]
  Origin: [460.56, 855.76, 243.75]
  Direction: 
-1 0 0
0 -1 0
0 0 -1

  IndexToPointMatrix: 
-3 0 0
0 -3 0
0 0 -3

  PointToIndexMatrix: 
-0.333333 0 0
0 -0.333333 0
0 0 -0.333333

  Inverse Direction: 
-1 0 0
0 -1 0
0 0 -1

  PixelContainer: 
    ImportImageContainer (0x3b72730)
      RTTI typeinfo:   itk::ImportImageContainer<unsigned long, float>
      Reference Count: 1
      Modified Time: 1332142
      Debug: Off
      Object Name: 
      Observers: 
        none
      Pointer: 0x166eb310
      Container manages memory: true
      Size: 3655652
      Capacity: 3655652

     Weighting = 1
     Sampling strategy = none
     Number of bins = 32
     Radius = 32
     Sampling percentage  = 1
   Transform = SyN
     Gradient step = 0.2
     Update field sigma (voxel space) = 3
     Total field sigma (voxel space) = 0
     Update field time sigma = 0
     Total field time sigma  = 0
     Number of time indices = 0
     Number of time point samples = 0
Registration using 3 total stages.

Stage 0
  iterations = 2100x1200x1200x0
  convergence threshold = 1e-06
  convergence window size = 10
  number of levels = 4
  using the Mattes MI metric (number of bins = 32, weight = 1, use gradient filter = 0)
  preprocessing:  histogram matching the images
  Shrink factors (level 1 out of 4): [4, 4, 4]
  Shrink factors (level 2 out of 4): [2, 2, 2]
  Shrink factors (level 3 out of 4): [2, 2, 2]
  Shrink factors (level 4 out of 4): [1, 1, 1]
  smoothing sigmas per level: [3, 2, 1, 0]
  regular sampling (percentage = 0.2)

*** Running Euler3DTransform registration ***

DIAGNOSTIC,Iteration,metricValue,convergenceValue,ITERATION_TIME_INDEX,SINCE_LAST
 2DIAGNOSTIC,     1, -8.555976748466e-01, inf, 7.8009e-02, 7.8009e-02, 
 2DIAGNOSTIC,     2, -8.569633960724e-01, inf, 8.2198e-02, 4.1890e-03, 
 2DIAGNOSTIC,     3, -8.584016561508e-01, inf, 8.5666e-02, 3.4678e-03, 
 2DIAGNOSTIC,     4, -8.597232699394e-01, inf, 8.9038e-02, 3.3720e-03, 
 2DIAGNOSTIC,     5, -8.625972270966e-01, inf, 9.2494e-02, 3.4559e-03, 
 2DIAGNOSTIC,     6, -8.656239509583e-01, inf, 9.5959e-02, 3.4659e-03, 
 2DIAGNOSTIC,     7, -8.677245378494e-01, inf, 9.9511e-02, 3.5520e-03, 
 2DIAGNOSTIC,     8, -8.682921528816e-01, inf, 1.0334e-01, 3.8321e-03, 
 2DIAGNOSTIC,     9, -8.683640360832e-01, inf, 1.0713e-01, 3.7818e-03, 
 2DIAGNOSTIC,    10, -8.683938384056e-01, 1.120556495152e-03, 1.1323e-01, 6.1018e-03, 
 2DIAGNOSTIC,    11, -8.677310943604e-01, 8.576629334129e-04, 1.1730e-01, 4.0679e-03, 
 2DIAGNOSTIC,    12, -8.679860830307e-01, 6.063943728805e-04, 1.2085e-01, 3.5551e-03, 
 2DIAGNOSTIC,    13, -8.680166006088e-01, 3.769541508518e-04, 1.2626e-01, 5.4049e-03, 
 2DIAGNOSTIC,    14, -8.680229783058e-01, 1.770452072378e-04, 1.3007e-01, 3.8180e-03, 
 2DIAGNOSTIC,    15, -8.675593137741e-01, 3.974177889177e-05, 1.3375e-01, 3.6769e-03, 
DIAGNOSTIC,Iteration,metricValue,convergenceValue,ITERATION_TIME_INDEX,SINCE_LAST
 2DIAGNOSTIC,     1, -7.575253844261e-01, inf, 2.3723e-01, 1.0348e-01, 
 2DIAGNOSTIC,     2, -7.585611343384e-01, inf, 2.6335e-01, 2.6118e-02, 
 2DIAGNOSTIC,     3, -7.597899436951e-01, inf, 2.9069e-01, 2.7346e-02, 
 2DIAGNOSTIC,     4, -7.611904740334e-01, inf, 3.1716e-01, 2.6465e-02, 
 2DIAGNOSTIC,     5, -7.623769640923e-01, inf, 3.4431e-01, 2.7154e-02, 
 2DIAGNOSTIC,     6, -7.633333802223e-01, inf, 3.7041e-01, 2.6102e-02, 
 2DIAGNOSTIC,     7, -7.640991210938e-01, inf, 3.9786e-01, 2.7447e-02, 
 2DIAGNOSTIC,     8, -7.646155357361e-01, inf, 4.3491e-01, 3.7048e-02, 
 2DIAGNOSTIC,     9, -7.646529078484e-01, inf, 4.6583e-01, 3.0920e-02, 
 2DIAGNOSTIC,    10, -7.646701931953e-01, 6.510042585433e-04, 4.9511e-01, 2.9286e-02, 
 2DIAGNOSTIC,    11, -7.646822333336e-01, 4.769608494826e-04, 5.3116e-01, 3.6045e-02, 
 2DIAGNOSTIC,    12, -7.647053003311e-01, 3.218710771762e-04, 5.6168e-01, 3.0522e-02, 
 2DIAGNOSTIC,    13, -7.646985650063e-01, 1.962826499948e-04, 5.9487e-01, 3.3189e-02, 
 2DIAGNOSTIC,    14, -7.646996378899e-01, 1.080588772311e-04, 6.2689e-01, 3.2021e-02, 
 2DIAGNOSTIC,    15, -7.646932601929e-01, 5.102877548779e-05, 6.5599e-01, 2.9099e-02, 
 2DIAGNOSTIC,    16, -7.646911144257e-01, 1.851470187830e-05, 6.8479e-01, 2.8802e-02, 
 2DIAGNOSTIC,    17, -7.647026181221e-01, 5.022151981393e-06, 7.1518e-01, 3.0390e-02, 
 2DIAGNOSTIC,    18, -7.647007107735e-01, 3.361892368048e-06, 7.4505e-01, 2.9868e-02, 
 2DIAGNOSTIC,    19, -7.646912336349e-01, 2.280135277033e-06, 7.7762e-01, 3.2570e-02, 
DIAGNOSTIC,Iteration,metricValue,convergenceValue,ITERATION_TIME_INDEX,SINCE_LAST
 2DIAGNOSTIC,     1, -6.866816282272e-01, inf, 8.9426e-01, 1.1664e-01, 
 2DIAGNOSTIC,     2, -6.868062019348e-01, inf, 9.1988e-01, 2.5623e-02, 
 2DIAGNOSTIC,     3, -6.868250966072e-01, inf, 9.4806e-01, 2.8178e-02, 
 2DIAGNOSTIC,     4, -6.868185400963e-01, inf, 9.7951e-01, 3.1443e-02, 
 2DIAGNOSTIC,     5, -6.867991089821e-01, inf, 1.0054e+00, 2.5904e-02, 
 2DIAGNOSTIC,     6, -6.867874264717e-01, inf, 1.0317e+00, 2.6303e-02, 
 2DIAGNOSTIC,     7, -6.867491006851e-01, inf, 1.0617e+00, 2.9999e-02, 
 2DIAGNOSTIC,     8, -6.867442727089e-01, inf, 1.0886e+00, 2.6918e-02, 
 2DIAGNOSTIC,     9, -6.867455840111e-01, inf, 1.1157e+00, 2.7079e-02, 
DIAGNOSTIC,Iteration,metricValue,convergenceValue,ITERATION_TIME_INDEX,SINCE_LAST
 2DIAGNOSTIC,     1, -6.039679646492e-01, inf, 1.5223e+00, 4.0655e-01, 
  Elapsed time (stage 0): 2.1309e+00


Stage 1
  iterations = 2100x1200x1200x0
  convergence threshold = 1.0000e-06
  convergence window size = 10
  number of levels = 4
  using the Mattes MI metric (number of bins = 32, weight = 1.0000e+00, use gradient filter = 0)
  preprocessing:  histogram matching the images
  Shrink factors (level 1 out of 4): [4, 4, 4]
  Shrink factors (level 2 out of 4): [2, 2, 2]
  Shrink factors (level 3 out of 4): [2, 2, 2]
  Shrink factors (level 4 out of 4): [1, 1, 1]
  smoothing sigmas per level: [3, 2, 1, 0]
  regular sampling (percentage = 2.0000e-01)

*** Running AffineTransform registration ***

DIAGNOSTIC,Iteration,metricValue,convergenceValue,ITERATION_TIME_INDEX,SINCE_LAST
 2DIAGNOSTIC,     1, -8.619558811188e-01, inf, 6.7368e-02, 6.7367e-02, 
 2DIAGNOSTIC,     2, -8.626698851585e-01, inf, 7.2606e-02, 5.2378e-03, 
 2DIAGNOSTIC,     3, -8.626405000687e-01, inf, 7.7334e-02, 4.7281e-03, 
 2DIAGNOSTIC,     4, -8.635316491127e-01, inf, 8.2190e-02, 4.8561e-03, 
 2DIAGNOSTIC,     5, -8.651346564293e-01, inf, 8.6891e-02, 4.7011e-03, 
 2DIAGNOSTIC,     6, -8.670587539673e-01, inf, 9.1636e-02, 4.7450e-03, 
 2DIAGNOSTIC,     7, -8.699304461479e-01, inf, 9.6384e-02, 4.7479e-03, 
 2DIAGNOSTIC,     8, -8.727488517761e-01, inf, 1.0121e-01, 4.8261e-03, 
 2DIAGNOSTIC,     9, -8.774911165237e-01, inf, 1.0676e-01, 5.5470e-03, 
 2DIAGNOSTIC,    10, -8.792251348495e-01, 1.332814106718e-03, 1.1273e-01, 5.9769e-03, 
 2DIAGNOSTIC,    11, -8.793199062347e-01, 1.339545007795e-03, 1.1823e-01, 5.4939e-03, 
 2DIAGNOSTIC,    12, -8.789976239204e-01, 1.237933873199e-03, 1.2383e-01, 5.6031e-03, 
 2DIAGNOSTIC,    13, -8.791235685349e-01, 1.042759511620e-03, 1.2937e-01, 5.5389e-03, 
 2DIAGNOSTIC,    14, -8.793267607689e-01, 8.049351163208e-04, 1.3424e-01, 4.8718e-03, 
 2DIAGNOSTIC,    15, -8.796513080597e-01, 5.670463433489e-04, 1.4000e-01, 5.7600e-03, 
 2DIAGNOSTIC,    16, -8.797659277916e-01, 3.492261457723e-04, 1.4601e-01, 6.0091e-03, 
 2DIAGNOSTIC,    17, -8.797647356987e-01, 1.805186329875e-04, 1.5143e-01, 5.4219e-03, 
 2DIAGNOSTIC,    18, -8.797401189804e-01, 6.275598570937e-05, 1.5710e-01, 5.6701e-03, 
 2DIAGNOSTIC,    19, -8.795583248138e-01, 2.895385478041e-05, 1.6280e-01, 5.6980e-03, 
 2DIAGNOSTIC,    20, -8.795458674431e-01, 2.391364614596e-05, 1.6753e-01, 4.7288e-03, 
 2DIAGNOSTIC,    21, -8.795249462128e-01, 1.855650407379e-05, 1.7224e-01, 4.7071e-03, 
 2DIAGNOSTIC,    22, -8.796322941780e-01, 8.942864951678e-06, 1.7710e-01, 4.8680e-03, 
 2DIAGNOSTIC,    23, -8.798530697823e-01, 4.333219294494e-06, 1.8343e-01, 6.3241e-03, 
 2DIAGNOSTIC,    24, -8.801048398018e-01, 5.855771632923e-06, 1.8921e-01, 5.7781e-03, 
 2DIAGNOSTIC,    25, -8.800945878029e-01, 1.084270843421e-05, 1.9514e-01, 5.9292e-03, 
 2DIAGNOSTIC,    26, -8.800414800644e-01, 1.535906631034e-05, 2.0102e-01, 5.8870e-03, 
 2DIAGNOSTIC,    27, -8.800451755524e-01, 1.825362414820e-05, 2.0600e-01, 4.9810e-03, 
 2DIAGNOSTIC,    28, -8.799542784691e-01, 1.797701042960e-05, 2.1094e-01, 4.9319e-03, 
 2DIAGNOSTIC,    29, -8.799645304680e-01, 1.419444652129e-05, 2.1620e-01, 5.2590e-03, 
 2DIAGNOSTIC,    30, -8.796851634979e-01, 6.310135631793e-06, 2.2148e-01, 5.2831e-03, 
DIAGNOSTIC,Iteration,metricValue,convergenceValue,ITERATION_TIME_INDEX,SINCE_LAST
 2DIAGNOSTIC,     1, -7.698628306389e-01, inf, 3.4134e-01, 1.1986e-01, 
 2DIAGNOSTIC,     2, -7.706096768379e-01, inf, 3.7758e-01, 3.6248e-02, 
 2DIAGNOSTIC,     3, -7.716677784920e-01, inf, 4.1431e-01, 3.6729e-02, 
 2DIAGNOSTIC,     4, -7.731829881668e-01, inf, 4.5300e-01, 3.8683e-02, 
 2DIAGNOSTIC,     5, -7.752549052238e-01, inf, 4.8985e-01, 3.6855e-02, 
 2DIAGNOSTIC,     6, -7.782481908798e-01, inf, 5.2776e-01, 3.7913e-02, 
 2DIAGNOSTIC,     7, -7.825192809105e-01, inf, 5.6669e-01, 3.8922e-02, 
 2DIAGNOSTIC,     8, -7.872587442398e-01, inf, 6.0689e-01, 4.0203e-02, 
 2DIAGNOSTIC,     9, -7.899875044823e-01, inf, 6.5028e-01, 4.3396e-02, 
 2DIAGNOSTIC,    10, -7.907295823097e-01, 1.958718756214e-03, 7.2673e-01, 7.6449e-02, 
 2DIAGNOSTIC,    11, -7.907720804214e-01, 1.822198391892e-03, 7.7748e-01, 5.0747e-02, 
 2DIAGNOSTIC,    12, -7.907600998878e-01, 1.567247440107e-03, 8.3128e-01, 5.3803e-02, 
 2DIAGNOSTIC,    13, -7.907415628433e-01, 1.238163909875e-03, 8.7895e-01, 4.7664e-02, 
 2DIAGNOSTIC,    14, -7.907366156578e-01, 8.831488667056e-04, 9.2015e-01, 4.1199e-02, 
 2DIAGNOSTIC,    15, -7.907125949860e-01, 5.456287763081e-04, 9.6396e-01, 4.3811e-02, 
 2DIAGNOSTIC,    16, -7.907105684280e-01, 2.681721525732e-04, 1.0050e+00, 4.1045e-02, 
 2DIAGNOSTIC,    17, -7.907103896141e-01, 8.831040031509e-05, 1.0522e+00, 4.7195e-02, 
 2DIAGNOSTIC,    18, -7.907113432884e-01, 1.468628761359e-05, 1.1020e+00, 4.9820e-02, 
DIAGNOSTIC,Iteration,metricValue,convergenceValue,ITERATION_TIME_INDEX,SINCE_LAST
 2DIAGNOSTIC,     1, -7.091373801231e-01, inf, 1.2359e+00, 1.3391e-01, 
 2DIAGNOSTIC,     2, -7.093973755836e-01, inf, 1.2732e+00, 3.7307e-02, 
 2DIAGNOSTIC,     3, -7.096453905106e-01, inf, 1.3128e+00, 3.9533e-02, 
 2DIAGNOSTIC,     4, -7.101146578789e-01, inf, 1.3522e+00, 3.9456e-02, 
 2DIAGNOSTIC,     5, -7.106050848961e-01, inf, 1.3900e+00, 3.7810e-02, 
 2DIAGNOSTIC,     6, -7.113983631134e-01, inf, 1.4298e+00, 3.9811e-02, 
 2DIAGNOSTIC,     7, -7.120526432991e-01, inf, 1.4851e+00, 5.5219e-02, 
 2DIAGNOSTIC,     8, -7.121432423592e-01, inf, 1.5289e+00, 4.3845e-02, 
 2DIAGNOSTIC,     9, -7.122122049332e-01, inf, 1.5674e+00, 3.8506e-02, 
 2DIAGNOSTIC,    10, -7.123274803162e-01, 3.405517782085e-04, 1.6094e+00, 4.2030e-02, 
 2DIAGNOSTIC,    11, -7.123898267746e-01, 2.803086827043e-04, 1.6515e+00, 4.2066e-02, 
 2DIAGNOSTIC,    12, -7.125234007835e-01, 2.181215968449e-04, 1.6906e+00, 3.9054e-02, 
 2DIAGNOSTIC,    13, -7.125452160835e-01, 1.543589605717e-04, 1.7269e+00, 3.6360e-02, 
 2DIAGNOSTIC,    14, -7.125670313835e-01, 1.001168275252e-04, 1.7650e+00, 3.8053e-02, 
 2DIAGNOSTIC,    15, -7.127071022987e-01, 6.060476516723e-05, 1.8029e+00, 3.7878e-02, 
 2DIAGNOSTIC,    16, -7.129617333412e-01, 4.628987517208e-05, 1.8468e+00, 4.3915e-02, 
 2DIAGNOSTIC,    17, -7.129899263382e-01, 4.543695467873e-05, 1.8951e+00, 4.8346e-02, 
 2DIAGNOSTIC,    18, -7.130043506622e-01, 4.307416020310e-05, 1.9346e+00, 3.9468e-02, 
 2DIAGNOSTIC,    19, -7.130493521690e-01, 3.958547313232e-05, 1.9762e+00, 4.1630e-02, 
 2DIAGNOSTIC,    20, -7.130430340767e-01, 3.502165054670e-05, 2.0146e+00, 3.8379e-02, 
 2DIAGNOSTIC,    21, -7.130255699158e-01, 2.849609518307e-05, 2.0551e+00, 4.0501e-02, 
 2DIAGNOSTIC,    22, -7.130212783813e-01, 2.242063601443e-05, 2.0949e+00, 3.9821e-02, 
 2DIAGNOSTIC,    23, -7.130231857300e-01, 1.540206176287e-05, 2.1344e+00, 3.9527e-02, 
 2DIAGNOSTIC,    24, -7.130417823792e-01, 8.299661203637e-06, 2.1671e+00, 3.2709e-02, 
 2DIAGNOSTIC,    25, -7.130655646324e-01, 3.610845851654e-06, 2.2112e+00, 4.4081e-02, 
 2DIAGNOSTIC,    26, -7.130680680275e-01, 3.010631189682e-06, 2.2520e+00, 4.0742e-02, 
 2DIAGNOSTIC,    27, -7.131197452545e-01, 3.477246536931e-06, 2.2963e+00, 4.4370e-02, 
 2DIAGNOSTIC,    28, -7.131161689758e-01, 3.808526116700e-06, 2.3359e+00, 3.9546e-02, 
 2DIAGNOSTIC,    29, -7.131212353706e-01, 4.557147804007e-06, 2.3729e+00, 3.7003e-02, 
 2DIAGNOSTIC,    30, -7.131248712540e-01, 4.901782631350e-06, 2.4151e+00, 4.2176e-02, 
 2DIAGNOSTIC,    31, -7.131200432777e-01, 4.574013019010e-06, 2.4520e+00, 3.6912e-02, 
 2DIAGNOSTIC,    32, -7.131196260452e-01, 3.871407443512e-06, 2.4888e+00, 3.6797e-02, 
 2DIAGNOSTIC,    33, -7.131692767143e-01, 3.557776835805e-06, 2.5239e+00, 3.5149e-02, 
 2DIAGNOSTIC,    34, -7.132045030594e-01, 3.631628260337e-06, 2.5607e+00, 3.6742e-02, 
 2DIAGNOSTIC,    35, -7.132797241211e-01, 4.573821115628e-06, 2.6017e+00, 4.1038e-02, 
 2DIAGNOSTIC,    36, -7.132690548897e-01, 4.999316388421e-06, 2.6384e+00, 3.6739e-02, 
 2DIAGNOSTIC,    37, -7.133039832115e-01, 5.963851890556e-06, 2.6822e+00, 4.3754e-02, 
 2DIAGNOSTIC,    38, -7.133195996284e-01, 6.506912995974e-06, 2.7218e+00, 3.9556e-02, 
 2DIAGNOSTIC,    39, -7.133254408836e-01, 6.578732154594e-06, 2.7602e+00, 3.8478e-02, 
 2DIAGNOSTIC,    40, -7.133339643478e-01, 6.220413069968e-06, 2.8002e+00, 3.9949e-02, 
 2DIAGNOSTIC,    41, -7.133400440216e-01, 5.384186351876e-06, 2.8412e+00, 4.1022e-02, 
 2DIAGNOSTIC,    42, -7.133471965790e-01, 4.208467998978e-06, 2.8836e+00, 4.2408e-02, 
 2DIAGNOSTIC,    43, -7.133464813232e-01, 3.205414031981e-06, 2.9363e+00, 5.2726e-02, 
 2DIAGNOSTIC,    44, -7.133467793465e-01, 2.318999122508e-06, 2.9817e+00, 4.5395e-02, 
 2DIAGNOSTIC,    45, -7.133468389511e-01, 1.994584636122e-06, 3.0257e+00, 4.4017e-02, 
 2DIAGNOSTIC,    46, -7.133468985558e-01, 1.461445776840e-06, 3.0825e+00, 5.6793e-02, 
 2DIAGNOSTIC,    47, -7.133467197418e-01, 1.169062898043e-06, 3.1275e+00, 4.4980e-02, 
DIAGNOSTIC,Iteration,metricValue,convergenceValue,ITERATION_TIME_INDEX,SINCE_LAST
 2DIAGNOSTIC,     1, -6.046041846275e-01, inf, 3.5991e+00, 4.7157e-01, 
  Elapsed time (stage 1): 4.2289e+00


Stage 2
  iterations = 120x80x40x0
  convergence threshold = 1.0000e-07
  convergence window size = 8
  number of levels = 4
  using the CC metric (radius = 32, weight = 1.0000e+00, use gradient filter = 0)
  preprocessing:  histogram matching the images
  Shrink factors (level 1 out of 4): [8, 8, 8]
  Shrink factors (level 2 out of 4): [4, 4, 4]
  Shrink factors (level 3 out of 4): [2, 2, 2]
  Shrink factors (level 4 out of 4): [1, 1, 1]
  smoothing sigmas per level: [3, 2, 1, 0]
  Using default NONE metricSamplingStrategy 

*** Running SyN registration (varianceForUpdateField = 3.0000e+00, varianceForTotalField = 0.0000e+00) ***

XXDIAGNOSTIC,Iteration,metricValue,convergenceValue,ITERATION_TIME_INDEX,SINCE_LAST
 1DIAGNOSTIC,     1, -8.253213167191e-01, inf, 9.5984e-01, 9.5984e-01, 
 1DIAGNOSTIC,     2, -8.554177284241e-01, inf, 1.9317e+00, 9.7185e-01, 
 1DIAGNOSTIC,     3, -8.747292160988e-01, inf, 2.9146e+00, 9.8292e-01, 
 1DIAGNOSTIC,     4, -8.860471248627e-01, inf, 3.9153e+00, 1.0007e+00, 
 1DIAGNOSTIC,     5, -8.926197886467e-01, inf, 4.8250e+00, 9.0970e-01, 
 1DIAGNOSTIC,     6, -8.963214755058e-01, inf, 5.8651e+00, 1.0401e+00, 
 1DIAGNOSTIC,     7, -8.982529044151e-01, inf, 6.9107e+00, 1.0456e+00, 
 1DIAGNOSTIC,     8, -8.998719453812e-01, 6.176886614412e-03, 7.9396e+00, 1.0289e+00, 
 1DIAGNOSTIC,     9, -9.011539816856e-01, 3.289331682026e-03, 9.0537e+00, 1.1141e+00, 
 1DIAGNOSTIC,    10, -9.023179411888e-01, 1.776017132215e-03, 1.0117e+01, 1.0633e+00, 
 1DIAGNOSTIC,    11, -9.030012488365e-01, 1.015008427203e-03, 1.1106e+01, 9.8944e-01, 
 1DIAGNOSTIC,    12, -9.036916494370e-01, 6.359486724250e-04, 1.2221e+01, 1.1143e+00, 
 1DIAGNOSTIC,    13, -9.041597247124e-01, 4.397421434987e-04, 1.3270e+01, 1.0496e+00, 
 1DIAGNOSTIC,    14, -9.045252799988e-01, 3.244490071665e-04, 1.4282e+01, 1.0118e+00, 
 1DIAGNOSTIC,    15, -9.047803878784e-01, 2.362960658502e-04, 1.5422e+01, 1.1403e+00, 
 1DIAGNOSTIC,    16, -9.049078226089e-01, 1.687839394435e-04, 1.6423e+01, 1.0007e+00, 
 1DIAGNOSTIC,    17, -9.049823880196e-01, 1.166195143014e-04, 1.7499e+01, 1.0759e+00, 
 1DIAGNOSTIC,    18, -9.050394296646e-01, 8.048707968555e-05, 1.8578e+01, 1.0791e+00, 
 1DIAGNOSTIC,    19, -9.050612449646e-01, 5.135617902852e-05, 1.9529e+01, 9.5072e-01, 
 1DIAGNOSTIC,    20, -9.050712585449e-01, 3.174818266416e-05, 2.0531e+01, 1.0026e+00, 
 1DIAGNOSTIC,    21, -9.049848914146e-01, 1.680244531599e-05, 2.1649e+01, 1.1176e+00, 
 1DIAGNOSTIC,    22, -9.049885869026e-01, 7.611315595568e-06, 2.2675e+01, 1.0264e+00, 
 1DIAGNOSTIC,    23, -9.049830436707e-01, 2.569400749053e-06, 2.3783e+01, 1.1081e+00, 
 1DIAGNOSTIC,    24, -9.048905372620e-01, -1.606543833077e-06, 2.4812e+01, 1.0289e+00, 
XXDIAGNOSTIC,Iteration,metricValue,convergenceValue,ITERATION_TIME_INDEX,SINCE_LAST
 1DIAGNOSTIC,     1, -8.795495033264e-01, inf, 3.1200e+01, 6.3874e+00, 
 1DIAGNOSTIC,     2, -8.866431117058e-01, inf, 3.7542e+01, 6.3420e+00, 
 1DIAGNOSTIC,     3, -8.924134969711e-01, inf, 4.4011e+01, 6.4695e+00, 
 1DIAGNOSTIC,     4, -8.969340324402e-01, inf, 5.0284e+01, 6.2732e+00, 
 1DIAGNOSTIC,     5, -9.004298448563e-01, inf, 5.6592e+01, 6.3078e+00, 
 1DIAGNOSTIC,     6, -9.031707048416e-01, inf, 6.2901e+01, 6.3091e+00, 
 1DIAGNOSTIC,     7, -9.054323434830e-01, inf, 6.9215e+01, 6.3141e+00, 
 1DIAGNOSTIC,     8, -9.071730971336e-01, 2.452804008499e-03, 7.5540e+01, 6.3241e+00, 
 1DIAGNOSTIC,     9, -9.085863232613e-01, 1.722767949104e-03, 8.1869e+01, 6.3295e+00, 
 1DIAGNOSTIC,    10, -9.098671078682e-01, 1.229889690876e-03, 8.8188e+01, 6.3185e+00, 
 1DIAGNOSTIC,    11, -9.109808206558e-01, 9.003686136566e-04, 9.4498e+01, 6.3100e+00, 
 1DIAGNOSTIC,    12, -9.119147658348e-01, 6.772585329600e-04, 1.0083e+02, 6.3331e+00, 
 1DIAGNOSTIC,    13, -9.127563238144e-01, 5.233318661340e-04, 1.0715e+02, 6.3243e+00, 
 1DIAGNOSTIC,    14, -9.134860038757e-01, 4.137928481214e-04, 1.1345e+02, 6.2967e+00, 
 1DIAGNOSTIC,    15, -9.141116142273e-01, 3.349183534738e-04, 1.1977e+02, 6.3231e+00, 
 1DIAGNOSTIC,    16, -9.146664142609e-01, 2.739969640970e-04, 1.2609e+02, 6.3138e+00, 
 1DIAGNOSTIC,    17, -9.151750802994e-01, 2.249934768770e-04, 1.3242e+02, 6.3294e+00, 
 1DIAGNOSTIC,    18, -9.155266284943e-01, 1.843875215854e-04, 1.3874e+02, 6.3222e+00, 
 1DIAGNOSTIC,    19, -9.159268736839e-01, 1.525628758827e-04, 1.4510e+02, 6.3617e+00, 
 1DIAGNOSTIC,    20, -9.163214564323e-01, 1.277085975744e-04, 1.5145e+02, 6.3511e+00, 
 1DIAGNOSTIC,    21, -9.165197014809e-01, 1.060282083927e-04, 1.5779e+02, 6.3378e+00, 
 1DIAGNOSTIC,    22, -9.168456792831e-01, 8.974552474683e-05, 1.6410e+02, 6.3127e+00, 
 1DIAGNOSTIC,    23, -9.169799685478e-01, 7.471386925317e-05, 1.7043e+02, 6.3293e+00, 
 1DIAGNOSTIC,    24, -9.172346591949e-01, 6.324315472739e-05, 1.7677e+02, 6.3412e+00, 
 1DIAGNOSTIC,    25, -9.173605442047e-01, 5.345562385628e-05, 1.8308e+02, 6.3033e+00, 
 1DIAGNOSTIC,    26, -9.175881147385e-01, 4.540158624877e-05, 1.8938e+02, 6.3055e+00, 
 1DIAGNOSTIC,    27, -9.176741242409e-01, 3.837183248834e-05, 1.9569e+02, 6.3048e+00, 
 1DIAGNOSTIC,    28, -9.178793430328e-01, 3.471212403383e-05, 2.0201e+02, 6.3180e+00, 
 1DIAGNOSTIC,    29, -9.179183244705e-01, 2.947477514681e-05, 2.0832e+02, 6.3109e+00, 
 1DIAGNOSTIC,    30, -9.181045889854e-01, 2.705728002184e-05, 2.1462e+02, 6.2999e+00, 
 1DIAGNOSTIC,    31, -9.181315898895e-01, 2.293990655744e-05, 2.2095e+02, 6.3385e+00, 
 1DIAGNOSTIC,    32, -9.182282090187e-01, 2.013789526245e-05, 2.2729e+02, 6.3355e+00, 
 1DIAGNOSTIC,    33, -9.182716012001e-01, 1.664752198849e-05, 2.3362e+02, 6.3304e+00, 
 1DIAGNOSTIC,    34, -9.183933138847e-01, 1.503456223872e-05, 2.3993e+02, 6.3139e+00, 
 1DIAGNOSTIC,    35, -9.183732867241e-01, 1.214173698827e-05, 2.4629e+02, 6.3513e+00, 
 1DIAGNOSTIC,    36, -9.185130596161e-01, 1.151264132204e-05, 2.5263e+02, 6.3427e+00, 
 1DIAGNOSTIC,    37, -9.186006784439e-01, 1.062129649654e-05, 2.5895e+02, 6.3226e+00, 
 1DIAGNOSTIC,    38, -9.185279607773e-01, 9.515627425571e-06, 2.6531e+02, 6.3544e+00, 
 1DIAGNOSTIC,    39, -9.186441898346e-01, 8.653543773107e-06, 2.7165e+02, 6.3419e+00, 
 1DIAGNOSTIC,    40, -9.185642004013e-01, 6.811625098635e-06, 2.7796e+02, 6.3168e+00, 
 1DIAGNOSTIC,    41, -9.186820983887e-01, 5.698766926798e-06, 2.8430e+02, 6.3324e+00, 
 1DIAGNOSTIC,    42, -9.187303781509e-01, 5.502800377144e-06, 2.9063e+02, 6.3381e+00, 
 1DIAGNOSTIC,    43, -9.186975359917e-01, 4.153197096457e-06, 2.9697e+02, 6.3317e+00, 
 1DIAGNOSTIC,    44, -9.187471866608e-01, 4.039112809551e-06, 3.0329e+02, 6.3248e+00, 
 1DIAGNOSTIC,    45, -9.188290834427e-01, 4.901256943413e-06, 3.0949e+02, 6.2029e+00, 
 1DIAGNOSTIC,    46, -9.187471866608e-01, 3.792271854763e-06, 3.1582e+02, 6.3215e+00, 
 1DIAGNOSTIC,    47, -9.188625216484e-01, 4.251608061168e-06, 3.2217e+02, 6.3568e+00, 
 1DIAGNOSTIC,    48, -9.189310669899e-01, 4.041613465233e-06, 3.2852e+02, 6.3492e+00, 
 1DIAGNOSTIC,    49, -9.188858866692e-01, 3.911246949428e-06, 3.3486e+02, 6.3343e+00, 
 1DIAGNOSTIC,    50, -9.189194440842e-01, 3.998727606813e-06, 3.4119e+02, 6.3360e+00, 
 1DIAGNOSTIC,    51, -9.190132617950e-01, 4.034850462631e-06, 3.4754e+02, 6.3439e+00, 
 1DIAGNOSTIC,    52, -9.188908338547e-01, 3.001971663252e-06, 3.5386e+02, 6.3229e+00, 
 1DIAGNOSTIC,    53, -9.189488887787e-01, 2.755613422778e-06, 3.6020e+02, 6.3390e+00, 
 1DIAGNOSTIC,    54, -9.190323948860e-01, 2.191425437559e-06, 3.6654e+02, 6.3443e+00, 
 1DIAGNOSTIC,    55, -9.190614223480e-01, 2.399978029644e-06, 3.7291e+02, 6.3702e+00, 
 1DIAGNOSTIC,    56, -9.189942479134e-01, 2.401124675089e-06, 3.7925e+02, 6.3348e+00, 
 1DIAGNOSTIC,    57, -9.190326333046e-01, 2.116027189913e-06, 3.8557e+02, 6.3270e+00, 
 1DIAGNOSTIC,    58, -9.190843701363e-01, 2.130289431079e-06, 3.9189e+02, 6.3187e+00, 
 1DIAGNOSTIC,    59, -9.190267324448e-01, 2.179671582780e-06, 3.9823e+02, 6.3362e+00, 
 1DIAGNOSTIC,    60, -9.190641641617e-01, 1.490055183240e-06, 4.0455e+02, 6.3184e+00, 
 1DIAGNOSTIC,    61, -9.191427230835e-01, 1.530425038254e-06, 4.1095e+02, 6.4043e+00, 
 1DIAGNOSTIC,    62, -9.190757274628e-01, 1.513553456789e-06, 4.1751e+02, 6.5607e+00, 
 1DIAGNOSTIC,    63, -9.191268682480e-01, 1.892677005344e-06, 4.2403e+02, 6.5132e+00, 
 1DIAGNOSTIC,    64, -9.191760420799e-01, 1.944246378116e-06, 4.3060e+02, 6.5708e+00, 
 1DIAGNOSTIC,    65, -9.191121459007e-01, 1.620872239982e-06, 4.3704e+02, 6.4437e+00, 
 1DIAGNOSTIC,    66, -9.191386699677e-01, 1.643077325753e-06, 4.4337e+02, 6.3312e+00, 
 1DIAGNOSTIC,    67, -9.192095994949e-01, 1.570889139657e-06, 4.4971e+02, 6.3405e+00, 
 1DIAGNOSTIC,    68, -9.191116094589e-01, 9.843713542068e-07, 4.5603e+02, 6.3131e+00, 
 1DIAGNOSTIC,    69, -9.191748499870e-01, 1.181196125799e-06, 4.6235e+02, 6.3242e+00, 
 1DIAGNOSTIC,    70, -9.192074537277e-01, 1.070701500794e-06, 4.6867e+02, 6.3167e+00, 
 1DIAGNOSTIC,    71, -9.191949367523e-01, 1.076378566722e-06, 4.7497e+02, 6.3016e+00, 
 1DIAGNOSTIC,    72, -9.191941618919e-01, 1.288228759222e-06, 4.8127e+02, 6.3021e+00, 
 1DIAGNOSTIC,    73, -9.192383289337e-01, 1.275244699173e-06, 4.8756e+02, 6.2949e+00, 
 1DIAGNOSTIC,    74, -9.192057251930e-01, 1.092807565328e-06, 4.9391e+02, 6.3446e+00, 
 1DIAGNOSTIC,    75, -9.192478656769e-01, 1.433576244381e-06, 5.0024e+02, 6.3305e+00, 
 1DIAGNOSTIC,    76, -9.192578196526e-01, 1.175967895506e-06, 5.0657e+02, 6.3255e+00, 
 1DIAGNOSTIC,    77, -9.191701412201e-01, 6.982890567997e-07, 5.1290e+02, 6.3315e+00, 
 1DIAGNOSTIC,    78, -9.192688465118e-01, 8.616203786005e-07, 5.1925e+02, 6.3557e+00, 
 1DIAGNOSTIC,    79, -9.192993640900e-01, 1.034637989505e-06, 5.2559e+02, 6.3386e+00, 
 1DIAGNOSTIC,    80, -9.191731810570e-01, 5.152505195838e-07, 5.3194e+02, 6.3450e+00, 
XXDIAGNOSTIC,Iteration,metricValue,convergenceValue,ITERATION_TIME_INDEX,SINCE_LAST
 1DIAGNOSTIC,     1, -8.771452903748e-01, inf, 6.0653e+02, 7.4595e+01, 
 1DIAGNOSTIC,     2, -8.782886266708e-01, inf, 6.8041e+02, 7.3881e+01, 
 1DIAGNOSTIC,     3, -8.805987834930e-01, inf, 7.5452e+02, 7.4110e+01, 
 1DIAGNOSTIC,     4, -8.826215267181e-01, inf, 8.2908e+02, 7.4559e+01, 
 1DIAGNOSTIC,     5, -8.845002651215e-01, inf, 9.0377e+02, 7.4685e+01, 
 1DIAGNOSTIC,     6, -8.862981796265e-01, inf, 9.7830e+02, 7.4529e+01, 
 1DIAGNOSTIC,     7, -8.879446387291e-01, inf, 1.0549e+03, 7.6565e+01, 
 1DIAGNOSTIC,     8, -8.897404074669e-01, 1.207952387631e-03, 1.1327e+03, 7.7856e+01, 
 1DIAGNOSTIC,     9, -8.915976285934e-01, 1.074964180589e-03, 1.2103e+03, 7.7584e+01, 
 1DIAGNOSTIC,    10, -8.932147026062e-01, 9.305082494393e-04, 1.2872e+03, 7.6870e+01, 
 1DIAGNOSTIC,    11, -8.946614265442e-01, 8.189783548005e-04, 1.3637e+03, 7.6527e+01, 
 1DIAGNOSTIC,    12, -8.959944248199e-01, 7.223705179058e-04, 1.4395e+03, 7.5823e+01, 
 1DIAGNOSTIC,    13, -8.972111940384e-01, 6.330523756333e-04, 1.5152e+03, 7.5729e+01, 
 1DIAGNOSTIC,    14, -8.983681797981e-01, 5.505199660547e-04, 1.5902e+03, 7.4928e+01, 
 1DIAGNOSTIC,    15, -8.994991779327e-01, 4.740129515994e-04, 1.6654e+03, 7.5215e+01, 
 1DIAGNOSTIC,    16, -9.005622267723e-01, 4.098853387404e-04, 1.7401e+03, 7.4671e+01, 
 1DIAGNOSTIC,    17, -9.014681577682e-01, 3.586955717765e-04, 1.8142e+03, 7.4103e+01, 
 1DIAGNOSTIC,    18, -9.023344516754e-01, 3.160710039083e-04, 1.8884e+03, 7.4194e+01, 
 1DIAGNOSTIC,    19, -9.031531810760e-01, 2.793103922158e-04, 1.9627e+03, 7.4327e+01, 
 1DIAGNOSTIC,    20, -9.039114713669e-01, 2.470283652656e-04, 2.0367e+03, 7.4032e+01, 
 1DIAGNOSTIC,    21, -9.047133922577e-01, 2.199279697379e-04, 2.1110e+03, 7.4275e+01, 
 1DIAGNOSTIC,    22, -9.053270220757e-01, 1.950376026798e-04, 2.1854e+03, 7.4436e+01, 
 1DIAGNOSTIC,    23, -9.057965278625e-01, 1.713683304843e-04, 2.2597e+03, 7.4233e+01, 
 1DIAGNOSTIC,    24, -9.061983823776e-01, 1.487741537858e-04, 2.3339e+03, 7.4193e+01, 
 1DIAGNOSTIC,    25, -9.065595865250e-01, 1.262097066501e-04, 2.4084e+03, 7.4517e+01, 
 1DIAGNOSTIC,    26, -9.068689346313e-01, 1.047594778356e-04, 2.4838e+03, 7.5471e+01, 
 1DIAGNOSTIC,    27, -9.071407914162e-01, 8.556665125070e-05, 2.5594e+03, 7.5557e+01, 
 1DIAGNOSTIC,    28, -9.073913097382e-01, 6.942125037313e-05, 2.6350e+03, 7.5550e+01, 
 1DIAGNOSTIC,    29, -9.076031446457e-01, 5.798922575195e-05, 2.7102e+03, 7.5264e+01, 
 1DIAGNOSTIC,    30, -9.078039526939e-01, 4.955556505593e-05, 2.7857e+03, 7.5479e+01, 
 1DIAGNOSTIC,    31, -9.079645872116e-01, 4.246547541698e-05, 2.8612e+03, 7.5470e+01, 
 1DIAGNOSTIC,    32, -9.081535339355e-01, 3.692261088872e-05, 2.9364e+03, 7.5258e+01, 
 1DIAGNOSTIC,    33, -9.082707166672e-01, 3.207013287465e-05, 3.0115e+03, 7.5113e+01, 
 1DIAGNOSTIC,    34, -9.083416461945e-01, 2.729793050094e-05, 3.0868e+03, 7.5288e+01, 
 1DIAGNOSTIC,    35, -9.084972739220e-01, 2.368267450947e-05, 3.1617e+03, 7.4913e+01, 
 1DIAGNOSTIC,    36, -9.085814952850e-01, 2.050911825791e-05, 3.2355e+03, 7.3770e+01, 
 1DIAGNOSTIC,    37, -9.086782932281e-01, 1.788294866856e-05, 3.3107e+03, 7.5146e+01, 
 1DIAGNOSTIC,    38, -9.087568521500e-01, 1.577282091603e-05, 3.3871e+03, 7.6475e+01, 
 1DIAGNOSTIC,    39, -9.088317155838e-01, 1.390485886077e-05, 3.4642e+03, 7.7102e+01, 
 1DIAGNOSTIC,    40, -9.089126586914e-01, 1.282728953811e-05, 3.5423e+03, 7.8072e+01, 
  Elapsed time (stage 2): 3543


Total elapsed time: 3550
Using double precision for computations.
Input scalar image: 0x7f9b574ea5e8
Could not create ImageIO for the input file, assuming dimension = 3 and scalar pixel type
Reference image: 0x7f9b574ea648
=============================================================================
The composite transform comprises the following transforms (in order): 
  1. /resnick/groups/Proberlab/yun/lightsheet/analysis_output/registration/hcrt-trpv1_huc-h2b-g8m_csn_120min/251210_hcrt-trpv1_huc-h2b-g8m_csn_10uM_fish2/expt_to_mean_affine.mat (type = AffineTransform)
  2. /resnick/groups/Proberlab/yun/lightsheet/analysis_output/registration/hcrt-trpv1_huc-h2b-g8m_csn_120min/251210_hcrt-trpv1_huc-h2b-g8m_csn_10uM_fish2/expt_to_mean_warp.nii.gz (type = DisplacementFieldTransform)
=============================================================================
Default pixel value: 0
Interpolation type: WindowedSincInterpolateImageFunction
Output warped image: 0x7f9b574ea668
✅ TMPDIR=/resnick/scratch/yun/tmp_ants | ITK threads=14

Loading template brain: /resnick/groups/Proberlab/yun/lightsheet/analysis_output/registration/template_260514_hcrt-trpv1_csn_fish1.nii.gz
Template shape=(280, 544, 40), spacing=(1.5199999809265137, 1.5199999809265137, 6.25)

============================================================
  Registering: 251210_hcrt-trpv1_huc-h2b-g8m_csn_10uM_fish2
  proj_ID:     hcrt-trpv1_huc-h2b-g8m_csn_120min
============================================================
Loading volume mean (moving)...
Raw HDF5 shape (Z, X, Y): (40, 304, 564)
Transposed shape (X, Y, Z): (304, 564, 40)
Rotated shape (X, Y, Z): (304, 564, 40)
ANTsImage (RAI)
	 Pixel Type : float (float32)
	 Components : 1
	 Dimensions : (304, 564, 40)
	 Spacing    : (1.52, 1.52, 6.25)
	 Origin     : (0.0, 0.0, 0.0)
	 Direction  : [1. 0. 0. 0. 1. 0. 0. 0. 1.]

  [atlas] spacing=(1.5199999809265137, 1.5199999809265137, 6.25) origin=(424.0799946784973, 825.3599896430969, 243.75)
  [mov  ] spacing=(1.52, 1.52, 6.25) origin=(460.56, 855.76, 243.75)
Resampling to (3.0, 3.0, 3.0) µm...
Running SyN...
antsRegistration -d 3 -r /resnick/scratch/yun/tmp_ants/tmpjqewxz82.mat -m MI[0x7f9b574ea528,0x7f9b574ea5c8,1,32,regular,0.2] -t Rigid[0.25] -c 2100x1200x1200x0 -s 3x2x1x0 -f 4x2x2x1 -x [NA,NA] -m MI[0x7f9b574ea528,0x7f9b574ea5c8,1,32,regular,0.2] -t Affine[0.25] -c 2100x1200x1200x0 -s 3x2x1x0 -f 4x2x2x1 -x [NA,NA] -m CC[0x7f9b574ea528,0x7f9b574ea5c8,1,32] -t SyN[0.200000,3.000000,0.000000] -c [120x80x40x0,1e-7,8] -s 3x2x1x0 -f 8x4x2x1 -u 1 -z 1 -o [/resnick/scratch/yun/tmp_ants/tmptq3czud8,0x7f9b574ea608,0x7f9b574ea5a8] -x [0x7f9b574ea628,0x7f9b574ea668] --float 1 --write-composite-transform 0 -v 1
SyN warp field saved: /resnick/groups/Proberlab/yun/lightsheet/analysis_output/registration/hcrt-trpv1_huc-h2b-g8m_csn_120min/251210_hcrt-trpv1_huc-h2b-g8m_csn_10uM_fish2/expt_to_mean_warp.nii.gz
SyN affine transform saved: /resnick/groups/Proberlab/yun/lightsheet/analysis_output/registration/hcrt-trpv1_huc-h2b-g8m_csn_120min/251210_hcrt-trpv1_huc-h2b-g8m_csn_10uM_fish2/expt_to_mean_affine.mat
Applying composite transform at full resolution...
['-d', '3', '-i', '0x7f9b574ea5e8', '-o', '0x7f9b574ea668', '-r', '0x7f9b574ea648', '-n', 'welchWindowedSinc', '-t', '/resnick/groups/Proberlab/yun/lightsheet/analysis_output/registration/hcrt-trpv1_huc-h2b-g8m_csn_120min/251210_hcrt-trpv1_huc-h2b-g8m_csn_10uM_fish2/expt_to_mean_warp.nii.gz', '-t', '/resnick/groups/Proberlab/yun/lightsheet/analysis_output/registration/hcrt-trpv1_huc-h2b-g8m_csn_120min/251210_hcrt-trpv1_huc-h2b-g8m_csn_10uM_fish2/expt_to_mean_affine.mat']
✅ Registered image saved: /resnick/groups/Proberlab/yun/lightsheet/analysis_output/registration/hcrt-trpv1_huc-h2b-g8m_csn_120min/251210_hcrt-trpv1_huc-h2b-g8m_csn_10uM_fish2/expt_to_mean_registered_final.nii.gz
Saving QC overlay...
  ✅ QC overlay saved: /resnick/groups/Proberlab/yun/lightsheet/analysis_output/registration/hcrt-trpv1_huc-h2b-g8m_csn_120min/251210_hcrt-trpv1_huc-h2b-g8m_csn_10uM_fish2/qc_registration_overlay.pdf

=== Registration complete: 251210_hcrt-trpv1_huc-h2b-g8m_csn_10uM_fish2 ===
