 bad det -1 v 1 u -1
 bad det -1 v 1 u -1 new 1
All_Command_lines_OK
Using single precision for computations.
=============================================================================
The composite transform comprises the following transforms (in order): 
  1. /resnick/scratch/yun/tmp_ants/tmpg1b190us.mat (type = AffineTransform)
=============================================================================
  Reading mask(s).
    Registration stage 0
      No fixed mask
      No moving mask
    Registration stage 1
      No fixed mask
      No moving mask
    Registration stage 2
      Fixed mask = 0x7fe7cf3c3028
      Moving mask = 0x7fe7cf3c3068
  number of levels = 4
  number of levels = 4
  number of levels = 4
  fixed image: 0x7fe7cf3c2f28
  moving image: 0x7fe7cf3c2fc8
  fixed image: 0x7fe7cf3c2f28
  moving image: 0x7fe7cf3c2fc8
  fixed image: 0x7fe7cf3c2f28
  moving image: 0x7fe7cf3c2fc8
Dimension = 3
Number of stages = 3
Use histogram matching = true
Winsorize image intensities = false
  Lower quantile = 0
  Upper quantile = 1


Stage 1 State
   Image metric = MattesMI
     Fixed image = Image (0x3a49600)
  RTTI typeinfo:   itk::Image<float, 3u>
  Reference Count: 2
  Modified Time: 1467070
  Debug: Off
  Object Name: 
  Observers: 
    none
  Source: (none)
  Source output name: (none)
  Release Data: Off
  Data Released: False
  Global Release Data: Off
  PipelineMTime: 0
  UpdateMTime: 1467042
  RealTimeStamp: 0 seconds 
  LargestPossibleRegion: 
    Dimension: 3
    Index: [0, 0, 0]
    Size: [152, 286, 83]
  BufferedRegion: 
    Dimension: 3
    Index: [0, 0, 0]
    Size: [152, 286, 83]
  RequestedRegion: 
    Dimension: 3
    Index: [0, 0, 0]
    Size: [152, 286, 83]
  Spacing: [3, 3, 3]
  Origin: [454.48, 855.76, 243.75]
  Direction: 
-1 0 0
0 -1 0
0 0 -1

  IndexToPointMatrix: 
-3 0 0
0 -3 0
0 0 -3

  PointToIndexMatrix: 
-0.333333 0 0
0 -0.333333 0
0 0 -0.333333

  Inverse Direction: 
-1 0 0
0 -1 0
0 0 -1

  PixelContainer: 
    ImportImageContainer (0x7d4b790)
      RTTI typeinfo:   itk::ImportImageContainer<unsigned long, float>
      Reference Count: 1
      Modified Time: 1467040
      Debug: Off
      Object Name: 
      Observers: 
        none
      Pointer: 0x144037a0
      Container manages memory: true
      Size: 3608176
      Capacity: 3608176

     Moving image = Image (0x3a467c0)
  RTTI typeinfo:   itk::Image<float, 3u>
  Reference Count: 2
  Modified Time: 1467071
  Debug: Off
  Object Name: 
  Observers: 
    none
  Source: (none)
  Source output name: (none)
  Release Data: Off
  Data Released: False
  Global Release Data: Off
  PipelineMTime: 0
  UpdateMTime: 1467068
  RealTimeStamp: 0 seconds 
  LargestPossibleRegion: 
    Dimension: 3
    Index: [0, 0, 0]
    Size: [152, 286, 83]
  BufferedRegion: 
    Dimension: 3
    Index: [0, 0, 0]
    Size: [152, 286, 83]
  RequestedRegion: 
    Dimension: 3
    Index: [0, 0, 0]
    Size: [152, 286, 83]
  Spacing: [3, 3, 3]
  Origin: [454.48, 855.76, 243.75]
  Direction: 
-1 0 0
0 -1 0
0 0 -1

  IndexToPointMatrix: 
-3 0 0
0 -3 0
0 0 -3

  PointToIndexMatrix: 
-0.333333 0 0
0 -0.333333 0
0 0 -0.333333

  Inverse Direction: 
-1 0 0
0 -1 0
0 0 -1

  PixelContainer: 
    ImportImageContainer (0x3a8a680)
      RTTI typeinfo:   itk::ImportImageContainer<unsigned long, float>
      Reference Count: 1
      Modified Time: 1467066
      Debug: Off
      Object Name: 
      Observers: 
        none
      Pointer: 0x151c7170
      Container manages memory: true
      Size: 3608176
      Capacity: 3608176

     Weighting = 1
     Sampling strategy = regular
     Number of bins = 32
     Radius = 4
     Sampling percentage  = 0.2
   Transform = Rigid
     Gradient step = 0.25
     Update field sigma (voxel space) = 0
     Total field sigma (voxel space) = 0
     Update field time sigma = 0
     Total field time sigma  = 0
     Number of time indices = 0
     Number of time point samples = 0
Stage 2 State
   Image metric = MattesMI
     Fixed image = Image (0x3a51920)
  RTTI typeinfo:   itk::Image<float, 3u>
  Reference Count: 2
  Modified Time: 1467124
  Debug: Off
  Object Name: 
  Observers: 
    none
  Source: (none)
  Source output name: (none)
  Release Data: Off
  Data Released: False
  Global Release Data: Off
  PipelineMTime: 0
  UpdateMTime: 1467096
  RealTimeStamp: 0 seconds 
  LargestPossibleRegion: 
    Dimension: 3
    Index: [0, 0, 0]
    Size: [152, 286, 83]
  BufferedRegion: 
    Dimension: 3
    Index: [0, 0, 0]
    Size: [152, 286, 83]
  RequestedRegion: 
    Dimension: 3
    Index: [0, 0, 0]
    Size: [152, 286, 83]
  Spacing: [3, 3, 3]
  Origin: [454.48, 855.76, 243.75]
  Direction: 
-1 0 0
0 -1 0
0 0 -1

  IndexToPointMatrix: 
-3 0 0
0 -3 0
0 0 -3

  PointToIndexMatrix: 
-0.333333 0 0
0 -0.333333 0
0 0 -0.333333

  Inverse Direction: 
-1 0 0
0 -1 0
0 0 -1

  PixelContainer: 
    ImportImageContainer (0x3a45270)
      RTTI typeinfo:   itk::ImportImageContainer<unsigned long, float>
      Reference Count: 1
      Modified Time: 1467094
      Debug: Off
      Object Name: 
      Observers: 
        none
      Pointer: 0x15f8ab40
      Container manages memory: true
      Size: 3608176
      Capacity: 3608176

     Moving image = Image (0x3a33c00)
  RTTI typeinfo:   itk::Image<float, 3u>
  Reference Count: 2
  Modified Time: 1467125
  Debug: Off
  Object Name: 
  Observers: 
    none
  Source: (none)
  Source output name: (none)
  Release Data: Off
  Data Released: False
  Global Release Data: Off
  PipelineMTime: 0
  UpdateMTime: 1467122
  RealTimeStamp: 0 seconds 
  LargestPossibleRegion: 
    Dimension: 3
    Index: [0, 0, 0]
    Size: [152, 286, 83]
  BufferedRegion: 
    Dimension: 3
    Index: [0, 0, 0]
    Size: [152, 286, 83]
  RequestedRegion: 
    Dimension: 3
    Index: [0, 0, 0]
    Size: [152, 286, 83]
  Spacing: [3, 3, 3]
  Origin: [454.48, 855.76, 243.75]
  Direction: 
-1 0 0
0 -1 0
0 0 -1

  IndexToPointMatrix: 
-3 0 0
0 -3 0
0 0 -3

  PointToIndexMatrix: 
-0.333333 0 0
0 -0.333333 0
0 0 -0.333333

  Inverse Direction: 
-1 0 0
0 -1 0
0 0 -1

  PixelContainer: 
    ImportImageContainer (0x3a452d0)
      RTTI typeinfo:   itk::ImportImageContainer<unsigned long, float>
      Reference Count: 1
      Modified Time: 1467120
      Debug: Off
      Object Name: 
      Observers: 
        none
      Pointer: 0x16d4e510
      Container manages memory: true
      Size: 3608176
      Capacity: 3608176

     Weighting = 1
     Sampling strategy = regular
     Number of bins = 32
     Radius = 4
     Sampling percentage  = 0.2
   Transform = Affine
     Gradient step = 0.25
     Update field sigma (voxel space) = 0
     Total field sigma (voxel space) = 0
     Update field time sigma = 0
     Total field time sigma  = 0
     Number of time indices = 0
     Number of time point samples = 0
Stage 3 State
   Image metric = CC
     Fixed image = Image (0x6e9ae60)
  RTTI typeinfo:   itk::Image<float, 3u>
  Reference Count: 2
  Modified Time: 1467178
  Debug: Off
  Object Name: 
  Observers: 
    none
  Source: (none)
  Source output name: (none)
  Release Data: Off
  Data Released: False
  Global Release Data: Off
  PipelineMTime: 0
  UpdateMTime: 1467150
  RealTimeStamp: 0 seconds 
  LargestPossibleRegion: 
    Dimension: 3
    Index: [0, 0, 0]
    Size: [152, 286, 83]
  BufferedRegion: 
    Dimension: 3
    Index: [0, 0, 0]
    Size: [152, 286, 83]
  RequestedRegion: 
    Dimension: 3
    Index: [0, 0, 0]
    Size: [152, 286, 83]
  Spacing: [3, 3, 3]
  Origin: [454.48, 855.76, 243.75]
  Direction: 
-1 0 0
0 -1 0
0 0 -1

  IndexToPointMatrix: 
-3 0 0
0 -3 0
0 0 -3

  PointToIndexMatrix: 
-0.333333 0 0
0 -0.333333 0
0 0 -0.333333

  Inverse Direction: 
-1 0 0
0 -1 0
0 0 -1

  PixelContainer: 
    ImportImageContainer (0x3a8d3d0)
      RTTI typeinfo:   itk::ImportImageContainer<unsigned long, float>
      Reference Count: 1
      Modified Time: 1467148
      Debug: Off
      Object Name: 
      Observers: 
        none
      Pointer: 0x17b11ee0
      Container manages memory: true
      Size: 3608176
      Capacity: 3608176

     Moving image = Image (0x3ad6fe0)
  RTTI typeinfo:   itk::Image<float, 3u>
  Reference Count: 2
  Modified Time: 1467179
  Debug: Off
  Object Name: 
  Observers: 
    none
  Source: (none)
  Source output name: (none)
  Release Data: Off
  Data Released: False
  Global Release Data: Off
  PipelineMTime: 0
  UpdateMTime: 1467176
  RealTimeStamp: 0 seconds 
  LargestPossibleRegion: 
    Dimension: 3
    Index: [0, 0, 0]
    Size: [152, 286, 83]
  BufferedRegion: 
    Dimension: 3
    Index: [0, 0, 0]
    Size: [152, 286, 83]
  RequestedRegion: 
    Dimension: 3
    Index: [0, 0, 0]
    Size: [152, 286, 83]
  Spacing: [3, 3, 3]
  Origin: [454.48, 855.76, 243.75]
  Direction: 
-1 0 0
0 -1 0
0 0 -1

  IndexToPointMatrix: 
-3 0 0
0 -3 0
0 0 -3

  PointToIndexMatrix: 
-0.333333 0 0
0 -0.333333 0
0 0 -0.333333

  Inverse Direction: 
-1 0 0
0 -1 0
0 0 -1

  PixelContainer: 
    ImportImageContainer (0x3ad7270)
      RTTI typeinfo:   itk::ImportImageContainer<unsigned long, float>
      Reference Count: 1
      Modified Time: 1467174
      Debug: Off
      Object Name: 
      Observers: 
        none
      Pointer: 0x188d58b0
      Container manages memory: true
      Size: 3608176
      Capacity: 3608176

     Weighting = 1
     Sampling strategy = none
     Number of bins = 32
     Radius = 32
     Sampling percentage  = 1
   Transform = SyN
     Gradient step = 0.2
     Update field sigma (voxel space) = 3
     Total field sigma (voxel space) = 0
     Update field time sigma = 0
     Total field time sigma  = 0
     Number of time indices = 0
     Number of time point samples = 0
Registration using 3 total stages.

Stage 0
  iterations = 2100x1200x1200x0
  convergence threshold = 1e-06
  convergence window size = 10
  number of levels = 4
  using the Mattes MI metric (number of bins = 32, weight = 1, use gradient filter = 0)
  preprocessing:  histogram matching the images
  Shrink factors (level 1 out of 4): [4, 4, 4]
  Shrink factors (level 2 out of 4): [2, 2, 2]
  Shrink factors (level 3 out of 4): [2, 2, 2]
  Shrink factors (level 4 out of 4): [1, 1, 1]
  smoothing sigmas per level: [3, 2, 1, 0]
  regular sampling (percentage = 0.2)

*** Running Euler3DTransform registration ***

DIAGNOSTIC,Iteration,metricValue,convergenceValue,ITERATION_TIME_INDEX,SINCE_LAST
 2DIAGNOSTIC,     1, -1.056816697121e+00, inf, 1.2827e-01, 1.2827e-01, 
 2DIAGNOSTIC,     2, -1.061454892159e+00, inf, 1.3611e-01, 7.8418e-03, 
 2DIAGNOSTIC,     3, -1.068877577782e+00, inf, 1.4282e-01, 6.7101e-03, 
 2DIAGNOSTIC,     4, -1.079201102257e+00, inf, 1.4887e-01, 6.0511e-03, 
 2DIAGNOSTIC,     5, -1.091169357300e+00, inf, 1.5461e-01, 5.7359e-03, 
 2DIAGNOSTIC,     6, -1.103832840919e+00, inf, 1.6019e-01, 5.5878e-03, 
 2DIAGNOSTIC,     7, -1.118829011917e+00, inf, 1.6504e-01, 4.8442e-03, 
 2DIAGNOSTIC,     8, -1.146332979202e+00, inf, 1.7229e-01, 7.2539e-03, 
 2DIAGNOSTIC,     9, -1.153653860092e+00, inf, 1.7722e-01, 4.9300e-03, 
 2DIAGNOSTIC,    10, -1.153780698776e+00, 6.506680510938e-03, 1.8606e-01, 8.8391e-03, 
 2DIAGNOSTIC,    11, -1.153727531433e+00, 5.761642009020e-03, 1.9117e-01, 5.1098e-03, 
 2DIAGNOSTIC,    12, -1.153712153435e+00, 4.725647624582e-03, 1.9669e-01, 5.5199e-03, 
 2DIAGNOSTIC,    13, -1.153724312782e+00, 3.565512131900e-03, 2.0225e-01, 5.5559e-03, 
 2DIAGNOSTIC,    14, -1.153970241547e+00, 2.442369703203e-03, 2.0750e-01, 5.2500e-03, 
 2DIAGNOSTIC,    15, -1.154343128204e+00, 1.463805208914e-03, 2.1268e-01, 5.1839e-03, 
 2DIAGNOSTIC,    16, -1.154899716377e+00, 6.866961484775e-04, 2.1815e-01, 5.4660e-03, 
 2DIAGNOSTIC,    17, -1.155132412910e+00, 1.565347338328e-04, 2.2337e-01, 5.2240e-03, 
 2DIAGNOSTIC,    18, -1.155252814293e+00, 5.703122951672e-05, 2.2823e-01, 4.8580e-03, 
 2DIAGNOSTIC,    19, -1.155365467072e+00, 6.173932342790e-05, 2.3252e-01, 4.2920e-03, 
 2DIAGNOSTIC,    20, -1.155687928200e+00, 6.597664469155e-05, 2.3659e-01, 4.0720e-03, 
 2DIAGNOSTIC,    21, -1.156219363213e+00, 6.938321166672e-05, 2.4215e-01, 5.5580e-03, 
 2DIAGNOSTIC,    22, -1.156017422676e+00, 6.358286191244e-05, 2.4860e-01, 6.4449e-03, 
 2DIAGNOSTIC,    23, -1.156026363373e+00, 5.294728543959e-05, 2.5227e-01, 3.6759e-03, 
 2DIAGNOSTIC,    24, -1.156024336815e+00, 4.096018892596e-05, 2.5562e-01, 3.3519e-03, 
 2DIAGNOSTIC,    25, -1.156046390533e+00, 2.996950388479e-05, 2.5942e-01, 3.7920e-03, 
 2DIAGNOSTIC,    26, -1.156253814697e+00, 2.437323018967e-05, 2.6272e-01, 3.3021e-03, 
 2DIAGNOSTIC,    27, -1.156139850616e+00, 1.811147922126e-05, 2.6597e-01, 3.2542e-03, 
 2DIAGNOSTIC,    28, -1.156201124191e+00, 1.247601539944e-05, 2.6931e-01, 3.3329e-03, 
 2DIAGNOSTIC,    29, -1.156323790550e+00, 8.143286322593e-06, 2.7232e-01, 3.0179e-03, 
 2DIAGNOSTIC,    30, -1.156327605247e+00, 5.961952410871e-06, 2.7567e-01, 3.3422e-03, 
 2DIAGNOSTIC,    31, -1.156331658363e+00, 7.813969205017e-06, 2.7869e-01, 3.0239e-03, 
 2DIAGNOSTIC,    32, -1.156514286995e+00, 8.779197742115e-06, 2.8338e-01, 4.6928e-03, 
 2DIAGNOSTIC,    33, -1.156513929367e+00, 8.994585186883e-06, 2.8658e-01, 3.2029e-03, 
 2DIAGNOSTIC,    34, -1.156514763832e+00, 8.427435204794e-06, 2.9060e-01, 4.0169e-03, 
 2DIAGNOSTIC,    35, -1.156514406204e+00, 7.309395186894e-06, 2.9377e-01, 3.1731e-03, 
 2DIAGNOSTIC,    36, -1.156514048576e+00, 7.115968401195e-06, 2.9697e-01, 3.1950e-03, 
 2DIAGNOSTIC,    37, -1.156514406204e+00, 5.554745712288e-06, 3.0006e-01, 3.0911e-03, 
 2DIAGNOSTIC,    38, -1.156514406204e+00, 4.005210485047e-06, 3.0351e-01, 3.4442e-03, 
 2DIAGNOSTIC,    39, -1.156514048576e+00, 3.034120027223e-06, 3.0665e-01, 3.1471e-03, 
 2DIAGNOSTIC,    40, -1.156513690948e+00, 1.936187345564e-06, 3.0988e-01, 3.2299e-03, 
DIAGNOSTIC,Iteration,metricValue,convergenceValue,ITERATION_TIME_INDEX,SINCE_LAST
 2DIAGNOSTIC,     1, -1.075383901596e+00, inf, 4.2925e-01, 1.1937e-01, 
 2DIAGNOSTIC,     2, -1.076194524765e+00, inf, 4.4876e-01, 1.9513e-02, 
 2DIAGNOSTIC,     3, -1.076897859573e+00, inf, 4.6563e-01, 1.6868e-02, 
 2DIAGNOSTIC,     4, -1.077143669128e+00, inf, 4.8954e-01, 2.3909e-02, 
 2DIAGNOSTIC,     5, -1.077012896538e+00, inf, 5.0865e-01, 1.9108e-02, 
 2DIAGNOSTIC,     6, -1.076986193657e+00, inf, 5.2736e-01, 1.8712e-02, 
 2DIAGNOSTIC,     7, -1.076985478401e+00, inf, 5.5208e-01, 2.4716e-02, 
 2DIAGNOSTIC,     8, -1.076975822449e+00, inf, 5.7050e-01, 1.8420e-02, 
 2DIAGNOSTIC,     9, -1.076963663101e+00, inf, 5.8921e-01, 1.8712e-02, 
 2DIAGNOSTIC,    10, -1.076951861382e+00, 6.168205436552e-05, 6.0978e-01, 2.0569e-02, 
 2DIAGNOSTIC,    11, -1.076941967010e+00, 1.850788612501e-05, 6.2874e-01, 1.8968e-02, 
DIAGNOSTIC,Iteration,metricValue,convergenceValue,ITERATION_TIME_INDEX,SINCE_LAST
 2DIAGNOSTIC,     1, -1.020741224289e+00, inf, 7.5274e-01, 1.2400e-01, 
 2DIAGNOSTIC,     2, -1.021366834641e+00, inf, 7.7252e-01, 1.9777e-02, 
 2DIAGNOSTIC,     3, -1.021982669830e+00, inf, 7.8939e-01, 1.6874e-02, 
 2DIAGNOSTIC,     4, -1.022086262703e+00, inf, 8.1011e-01, 2.0720e-02, 
 2DIAGNOSTIC,     5, -1.022204995155e+00, inf, 8.3278e-01, 2.2670e-02, 
 2DIAGNOSTIC,     6, -1.022188186646e+00, inf, 8.5131e-01, 1.8525e-02, 
 2DIAGNOSTIC,     7, -1.022186517715e+00, inf, 8.6965e-01, 1.8344e-02, 
 2DIAGNOSTIC,     8, -1.022164463997e+00, inf, 8.9145e-01, 2.1794e-02, 
 2DIAGNOSTIC,     9, -1.022165298462e+00, inf, 9.1408e-01, 2.2635e-02, 
 2DIAGNOSTIC,    10, -1.022159695625e+00, 6.680332444375e-05, 9.3282e-01, 1.8741e-02, 
 2DIAGNOSTIC,    11, -1.022144794464e+00, 2.738892726484e-05, 9.4970e-01, 1.6877e-02, 
 2DIAGNOSTIC,    12, -1.022138237953e+00, 6.372263669618e-06, 9.6693e-01, 1.7232e-02, 
 2DIAGNOSTIC,    13, -1.022128224373e+00, 1.180839262815e-06, 9.8404e-01, 1.7108e-02, 
DIAGNOSTIC,Iteration,metricValue,convergenceValue,ITERATION_TIME_INDEX,SINCE_LAST
 2DIAGNOSTIC,     1, -9.654663801193e-01, inf, 1.3386e+00, 3.5460e-01, 
  Elapsed time (stage 0): 1.8350e+00


Stage 1
  iterations = 2100x1200x1200x0
  convergence threshold = 1.0000e-06
  convergence window size = 10
  number of levels = 4
  using the Mattes MI metric (number of bins = 32, weight = 1.0000e+00, use gradient filter = 0)
  preprocessing:  histogram matching the images
  Shrink factors (level 1 out of 4): [4, 4, 4]
  Shrink factors (level 2 out of 4): [2, 2, 2]
  Shrink factors (level 3 out of 4): [2, 2, 2]
  Shrink factors (level 4 out of 4): [1, 1, 1]
  smoothing sigmas per level: [3, 2, 1, 0]
  regular sampling (percentage = 2.0000e-01)

*** Running AffineTransform registration ***

DIAGNOSTIC,Iteration,metricValue,convergenceValue,ITERATION_TIME_INDEX,SINCE_LAST
 2DIAGNOSTIC,     1, -1.147810220718e+00, inf, 1.0715e-01, 1.0715e-01, 
 2DIAGNOSTIC,     2, -1.151203274727e+00, inf, 1.1458e-01, 7.4360e-03, 
 2DIAGNOSTIC,     3, -1.156469821930e+00, inf, 1.2142e-01, 6.8412e-03, 
 2DIAGNOSTIC,     4, -1.162638068199e+00, inf, 1.2721e-01, 5.7859e-03, 
 2DIAGNOSTIC,     5, -1.170277833939e+00, inf, 1.3274e-01, 5.5320e-03, 
 2DIAGNOSTIC,     6, -1.179816365242e+00, inf, 1.3761e-01, 4.8728e-03, 
 2DIAGNOSTIC,     7, -1.190137505531e+00, inf, 1.4245e-01, 4.8358e-03, 
 2DIAGNOSTIC,     8, -1.198434948921e+00, inf, 1.4778e-01, 5.3279e-03, 
 2DIAGNOSTIC,     9, -1.200199484825e+00, inf, 1.5193e-01, 4.1518e-03, 
 2DIAGNOSTIC,    10, -1.203999757767e+00, 3.455746453255e-03, 1.5786e-01, 5.9340e-03, 
 2DIAGNOSTIC,    11, -1.206054449081e+00, 3.018716117367e-03, 1.6211e-01, 4.2491e-03, 
 2DIAGNOSTIC,    12, -1.206283926964e+00, 2.455220790580e-03, 1.6633e-01, 4.2191e-03, 
 2DIAGNOSTIC,    13, -1.206737160683e+00, 1.864049700089e-03, 1.7137e-01, 5.0411e-03, 
 2DIAGNOSTIC,    14, -1.207169890404e+00, 1.303338096477e-03, 1.7546e-01, 4.0870e-03, 
 2DIAGNOSTIC,    15, -1.207250952721e+00, 8.218656294048e-04, 1.7997e-01, 4.5121e-03, 
 2DIAGNOSTIC,    16, -1.207355141640e+00, 4.676193930209e-04, 1.8455e-01, 4.5731e-03, 
 2DIAGNOSTIC,    17, -1.207512259483e+00, 2.579450083431e-04, 1.8942e-01, 4.8740e-03, 
 2DIAGNOSTIC,    18, -1.207452416420e+00, 1.578192022862e-04, 1.9385e-01, 4.4339e-03, 
 2DIAGNOSTIC,    19, -1.207635879517e+00, 7.734276732663e-05, 1.9770e-01, 3.8440e-03, 
 2DIAGNOSTIC,    20, -1.209473133087e+00, 6.456000119215e-05, 2.0159e-01, 3.8931e-03, 
 2DIAGNOSTIC,    21, -1.209933757782e+00, 7.515117613366e-05, 2.0551e-01, 3.9220e-03, 
 2DIAGNOSTIC,    22, -1.209975242615e+00, 8.085935405688e-05, 2.0937e-01, 3.8571e-03, 
 2DIAGNOSTIC,    23, -1.209593296051e+00, 7.963122334331e-05, 2.1278e-01, 3.4101e-03, 
 2DIAGNOSTIC,    24, -1.209557652473e+00, 7.521889347117e-05, 2.1604e-01, 3.2640e-03, 
 2DIAGNOSTIC,    25, -1.209290504456e+00, 6.209572893567e-05, 2.1968e-01, 3.6349e-03, 
 2DIAGNOSTIC,    26, -1.209311127663e+00, 4.527063720161e-05, 2.2331e-01, 3.6309e-03, 
 2DIAGNOSTIC,    27, -1.208654284477e+00, 2.141407640011e-05, 2.2647e-01, 3.1569e-03, 
DIAGNOSTIC,Iteration,metricValue,convergenceValue,ITERATION_TIME_INDEX,SINCE_LAST
 2DIAGNOSTIC,     1, -1.125042438507e+00, inf, 3.5300e-01, 1.2653e-01, 
 2DIAGNOSTIC,     2, -1.125568747520e+00, inf, 3.7622e-01, 2.3224e-02, 
 2DIAGNOSTIC,     3, -1.126036286354e+00, inf, 3.9945e-01, 2.3223e-02, 
 2DIAGNOSTIC,     4, -1.126197814941e+00, inf, 4.2234e-01, 2.2890e-02, 
 2DIAGNOSTIC,     5, -1.126219987869e+00, inf, 4.4320e-01, 2.0868e-02, 
 2DIAGNOSTIC,     6, -1.126249313354e+00, inf, 4.6535e-01, 2.2147e-02, 
 2DIAGNOSTIC,     7, -1.126239180565e+00, inf, 4.8634e-01, 2.0990e-02, 
 2DIAGNOSTIC,     8, -1.126244664192e+00, inf, 5.0904e-01, 2.2700e-02, 
 2DIAGNOSTIC,     9, -1.126298546791e+00, inf, 5.2882e-01, 1.9776e-02, 
 2DIAGNOSTIC,    10, -1.126284122467e+00, 5.491482079378e-05, 5.5173e-01, 2.2916e-02, 
 2DIAGNOSTIC,    11, -1.126327514648e+00, 2.711827619351e-05, 5.7229e-01, 2.0554e-02, 
 2DIAGNOSTIC,    12, -1.126322507858e+00, 1.250364675798e-05, 5.9490e-01, 2.2616e-02, 
 2DIAGNOSTIC,    13, -1.126361250877e+00, 9.005172614707e-06, 6.2680e-01, 3.1902e-02, 
 2DIAGNOSTIC,    14, -1.126357793808e+00, 8.228385013354e-06, 6.4927e-01, 2.2468e-02, 
 2DIAGNOSTIC,    15, -1.126359224319e+00, 7.399964488286e-06, 6.7047e-01, 2.1193e-02, 
 2DIAGNOSTIC,    16, -1.126353621483e+00, 6.582985861314e-06, 6.9429e-01, 2.3820e-02, 
 2DIAGNOSTIC,    17, -1.126355051994e+00, 5.312255780154e-06, 7.1504e-01, 2.0759e-02, 
 2DIAGNOSTIC,    18, -1.126349568367e+00, 3.840797489829e-06, 7.3640e-01, 2.1359e-02, 
 2DIAGNOSTIC,    19, -1.126347899437e+00, 3.036877387785e-06, 7.5875e-01, 2.2346e-02, 
 2DIAGNOSTIC,    20, -1.126363158226e+00, 2.188975940953e-06, 7.7869e-01, 1.9940e-02, 
 2DIAGNOSTIC,    21, -1.126364588737e+00, 1.905860472107e-06, 7.9931e-01, 2.0619e-02, 
 2DIAGNOSTIC,    22, -1.126382827759e+00, 1.752337084326e-06, 8.1949e-01, 2.0177e-02, 
 2DIAGNOSTIC,    23, -1.126424312592e+00, 2.462253178237e-06, 8.4631e-01, 2.6824e-02, 
 2DIAGNOSTIC,    24, -1.126428127289e+00, 3.004706059073e-06, 8.6934e-01, 2.3027e-02, 
 2DIAGNOSTIC,    25, -1.126427531242e+00, 3.359757783983e-06, 8.9317e-01, 2.3831e-02, 
 2DIAGNOSTIC,    26, -1.126451611519e+00, 3.674929530462e-06, 9.1664e-01, 2.3477e-02, 
 2DIAGNOSTIC,    27, -1.126468658447e+00, 3.901849140675e-06, 9.4197e-01, 2.5327e-02, 
 2DIAGNOSTIC,    28, -1.126474857330e+00, 3.855496743199e-06, 9.6551e-01, 2.3539e-02, 
 2DIAGNOSTIC,    29, -1.126475811005e+00, 3.550001338226e-06, 9.8585e-01, 2.0336e-02, 
 2DIAGNOSTIC,    30, -1.126482248306e+00, 3.224569809390e-06, 1.0085e+00, 2.2673e-02, 
 2DIAGNOSTIC,    31, -1.126501321793e+00, 2.878114628402e-06, 1.0321e+00, 2.3625e-02, 
 2DIAGNOSTIC,    32, -1.126506805420e+00, 2.549082637415e-06, 1.0546e+00, 2.2423e-02, 
 2DIAGNOSTIC,    33, -1.126508235931e+00, 2.422832722004e-06, 1.0798e+00, 2.5201e-02, 
 2DIAGNOSTIC,    34, -1.126507759094e+00, 2.196662762799e-06, 1.1052e+00, 2.5398e-02, 
 2DIAGNOSTIC,    35, -1.126508235931e+00, 1.859519898062e-06, 1.1259e+00, 2.0759e-02, 
 2DIAGNOSTIC,    36, -1.126507878304e+00, 1.611664856682e-06, 1.1494e+00, 2.3484e-02, 
 2DIAGNOSTIC,    37, -1.126508116722e+00, 1.424299512109e-06, 1.1722e+00, 2.2763e-02, 
 2DIAGNOSTIC,    38, -1.126507878304e+00, 1.234712613041e-06, 1.1957e+00, 2.3548e-02, 
 2DIAGNOSTIC,    39, -1.126508116722e+00, 1.025583628689e-06, 1.2193e+00, 2.3624e-02, 
DIAGNOSTIC,Iteration,metricValue,convergenceValue,ITERATION_TIME_INDEX,SINCE_LAST
 2DIAGNOSTIC,     1, -1.049816250801e+00, inf, 1.3458e+00, 1.2642e-01, 
 2DIAGNOSTIC,     2, -1.050971627235e+00, inf, 1.3672e+00, 2.1424e-02, 
 2DIAGNOSTIC,     3, -1.052054405212e+00, inf, 1.3875e+00, 2.0351e-02, 
 2DIAGNOSTIC,     4, -1.052911758423e+00, inf, 1.4087e+00, 2.1168e-02, 
 2DIAGNOSTIC,     5, -1.053967952728e+00, inf, 1.4288e+00, 2.0082e-02, 
 2DIAGNOSTIC,     6, -1.055388212204e+00, inf, 1.4493e+00, 2.0506e-02, 
 2DIAGNOSTIC,     7, -1.056032896042e+00, inf, 1.4792e+00, 2.9946e-02, 
 2DIAGNOSTIC,     8, -1.056187391281e+00, inf, 1.5047e+00, 2.5464e-02, 
 2DIAGNOSTIC,     9, -1.056225180626e+00, inf, 1.5249e+00, 2.0159e-02, 
 2DIAGNOSTIC,    10, -1.056240320206e+00, 4.240363487042e-04, 1.5505e+00, 2.5642e-02, 
 2DIAGNOSTIC,    11, -1.056250691414e+00, 3.069299273193e-04, 1.5718e+00, 2.1338e-02, 
 2DIAGNOSTIC,    12, -1.056239008904e+00, 2.073667565128e-04, 1.5953e+00, 2.3407e-02, 
 2DIAGNOSTIC,    13, -1.056248426437e+00, 1.274508686038e-04, 1.6163e+00, 2.1071e-02, 
 2DIAGNOSTIC,    14, -1.056288480759e+00, 6.481083255494e-05, 1.6395e+00, 2.3150e-02, 
 2DIAGNOSTIC,    15, -1.056343317032e+00, 2.420837154204e-05, 1.6631e+00, 2.3614e-02, 
 2DIAGNOSTIC,    16, -1.056385874748e+00, 1.100815097743e-05, 1.6843e+00, 2.1220e-02, 
 2DIAGNOSTIC,    17, -1.056441307068e+00, 9.572462658980e-06, 1.7101e+00, 2.5815e-02, 
 2DIAGNOSTIC,    18, -1.056430935860e+00, 9.724708434078e-06, 1.7332e+00, 2.3031e-02, 
 2DIAGNOSTIC,    19, -1.056434869766e+00, 9.718707588036e-06, 1.7539e+00, 2.0710e-02, 
 2DIAGNOSTIC,    20, -1.056425333023e+00, 9.029979082698e-06, 1.7773e+00, 2.3390e-02, 
 2DIAGNOSTIC,    21, -1.056437134743e+00, 8.000004527275e-06, 1.7982e+00, 2.0994e-02, 
 2DIAGNOSTIC,    22, -1.056450605392e+00, 6.476196176664e-06, 1.8188e+00, 2.0564e-02, 
 2DIAGNOSTIC,    23, -1.056434035301e+00, 4.528006684268e-06, 1.8435e+00, 2.4663e-02, 
 2DIAGNOSTIC,    24, -1.056427359581e+00, 2.829854793163e-06, 1.8694e+00, 2.5929e-02, 
 2DIAGNOSTIC,    25, -1.056428670883e+00, 1.726931941448e-06, 1.8953e+00, 2.5859e-02, 
 2DIAGNOSTIC,    26, -1.056429147720e+00, 1.088664248527e-06, 1.9188e+00, 2.3515e-02, 
DIAGNOSTIC,Iteration,metricValue,convergenceValue,ITERATION_TIME_INDEX,SINCE_LAST
 2DIAGNOSTIC,     1, -9.957370758057e-01, inf, 2.3079e+00, 3.8911e-01, 
  Elapsed time (stage 1): 2.7738e+00


Stage 2
  iterations = 120x80x40x0
  convergence threshold = 1.0000e-07
  convergence window size = 8
  number of levels = 4
  using the CC metric (radius = 32, weight = 1.0000e+00, use gradient filter = 0)
  preprocessing:  histogram matching the images
  Shrink factors (level 1 out of 4): [8, 8, 8]
  Shrink factors (level 2 out of 4): [4, 4, 4]
  Shrink factors (level 3 out of 4): [2, 2, 2]
  Shrink factors (level 4 out of 4): [1, 1, 1]
  smoothing sigmas per level: [3, 2, 1, 0]
  Using default NONE metricSamplingStrategy 

*** Running SyN registration (varianceForUpdateField = 3.0000e+00, varianceForTotalField = 0.0000e+00) ***

XXDIAGNOSTIC,Iteration,metricValue,convergenceValue,ITERATION_TIME_INDEX,SINCE_LAST
 1DIAGNOSTIC,     1, -9.615615010262e-01, inf, 6.9261e-01, 6.9261e-01, 
 1DIAGNOSTIC,     2, -9.701030850410e-01, inf, 1.2981e+00, 6.0546e-01, 
 1DIAGNOSTIC,     3, -9.735456109047e-01, inf, 1.9056e+00, 6.0749e-01, 
 1DIAGNOSTIC,     4, -9.748851060867e-01, inf, 2.5137e+00, 6.0814e-01, 
 1DIAGNOSTIC,     5, -9.731442928314e-01, inf, 3.1201e+00, 6.0636e-01, 
 1DIAGNOSTIC,     6, -9.755724072456e-01, inf, 3.7289e+00, 6.0881e-01, 
 1DIAGNOSTIC,     7, -9.744836688042e-01, inf, 4.3353e+00, 6.0641e-01, 
 1DIAGNOSTIC,     8, -9.755699634552e-01, 8.347564726137e-04, 4.9430e+00, 6.0775e-01, 
 1DIAGNOSTIC,     9, -9.751089811325e-01, 2.829199074768e-04, 5.5525e+00, 6.0943e-01, 
 1DIAGNOSTIC,    10, -9.754952192307e-01, 1.227107568411e-04, 6.1596e+00, 6.0718e-01, 
 1DIAGNOSTIC,    11, -9.753417968750e-01, 8.104264998110e-05, 6.7684e+00, 6.0878e-01, 
 1DIAGNOSTIC,    12, -9.754818677902e-01, 8.209168299800e-05, 7.3763e+00, 6.0784e-01, 
 1DIAGNOSTIC,    13, -9.754163622856e-01, 2.020622559940e-05, 7.8798e+00, 5.0353e-01, 
 1DIAGNOSTIC,    14, -9.753586649895e-01, 2.664920430107e-05, 8.3279e+00, 4.4807e-01, 
 1DIAGNOSTIC,    15, -9.753586053848e-01, 2.108214630425e-06, 8.7856e+00, 4.5772e-01, 
 1DIAGNOSTIC,    16, -9.751580953598e-01, 8.870806595951e-07, 9.2418e+00, 4.5622e-01, 
 1DIAGNOSTIC,    17, -9.753555059433e-01, -5.655943823513e-06, 9.6997e+00, 4.5793e-01, 
XXDIAGNOSTIC,Iteration,metricValue,convergenceValue,ITERATION_TIME_INDEX,SINCE_LAST
 1DIAGNOSTIC,     1, -9.658914208412e-01, inf, 1.4277e+01, 4.5777e+00, 
 1DIAGNOSTIC,     2, -9.699012041092e-01, inf, 1.8793e+01, 4.5160e+00, 
 1DIAGNOSTIC,     3, -9.722549915314e-01, inf, 2.3331e+01, 4.5374e+00, 
 1DIAGNOSTIC,     4, -9.738924503326e-01, inf, 2.7866e+01, 4.5355e+00, 
 1DIAGNOSTIC,     5, -9.749842882156e-01, inf, 3.2395e+01, 4.5284e+00, 
 1DIAGNOSTIC,     6, -9.758154153824e-01, inf, 3.6918e+01, 4.5229e+00, 
 1DIAGNOSTIC,     7, -9.764437675476e-01, inf, 4.1436e+01, 4.5185e+00, 
 1DIAGNOSTIC,     8, -9.769402742386e-01, 8.482737466693e-04, 4.5957e+01, 4.5210e+00, 
 1DIAGNOSTIC,     9, -9.773458242416e-01, 5.227201618254e-04, 5.0480e+01, 4.5225e+00, 
 1DIAGNOSTIC,    10, -9.776630401611e-01, 3.464737674221e-04, 5.5024e+01, 4.5443e+00, 
 1DIAGNOSTIC,    11, -9.779118895531e-01, 2.396096388111e-04, 5.9546e+01, 4.5222e+00, 
 1DIAGNOSTIC,    12, -9.781184196472e-01, 1.726805639919e-04, 6.4069e+01, 4.5229e+00, 
 1DIAGNOSTIC,    13, -9.782919287682e-01, 1.270696520805e-04, 6.8585e+01, 4.5161e+00, 
 1DIAGNOSTIC,    14, -9.784374833107e-01, 9.540469181957e-05, 7.3103e+01, 4.5177e+00, 
 1DIAGNOSTIC,    15, -9.785649776459e-01, 7.284069579327e-05, 7.7631e+01, 4.5278e+00, 
 1DIAGNOSTIC,    16, -9.786818027496e-01, 5.677922672476e-05, 8.2170e+01, 4.5391e+00, 
 1DIAGNOSTIC,    17, -9.787833690643e-01, 4.548218566924e-05, 8.6704e+01, 4.5340e+00, 
 1DIAGNOSTIC,    18, -9.788634181023e-01, 3.712285251822e-05, 9.1233e+01, 4.5288e+00, 
 1DIAGNOSTIC,    19, -9.789487123489e-01, 3.089099118370e-05, 9.5900e+01, 4.6679e+00, 
 1DIAGNOSTIC,    20, -9.790041446686e-01, 2.578140629339e-05, 1.0040e+02, 4.5024e+00, 
 1DIAGNOSTIC,    21, -9.790676832199e-01, 2.174186192860e-05, 1.0492e+02, 4.5193e+00, 
 1DIAGNOSTIC,    22, -9.791104793549e-01, 1.823571255954e-05, 1.0946e+02, 4.5408e+00, 
 1DIAGNOSTIC,    23, -9.791582226753e-01, 1.535789488116e-05, 1.1399e+02, 4.5291e+00, 
 1DIAGNOSTIC,    24, -9.791876673698e-01, 1.289928604820e-05, 1.1851e+02, 4.5223e+00, 
 1DIAGNOSTIC,    25, -9.792345762253e-01, 1.111644087359e-05, 1.2302e+02, 4.5067e+00, 
 1DIAGNOSTIC,    26, -9.792540669441e-01, 9.427460099687e-06, 1.2754e+02, 4.5172e+00, 
 1DIAGNOSTIC,    27, -9.792943596840e-01, 8.371698640985e-06, 1.3206e+02, 4.5170e+00, 
 1DIAGNOSTIC,    28, -9.793108701706e-01, 7.282859314728e-06, 1.3657e+02, 4.5164e+00, 
 1DIAGNOSTIC,    29, -9.793484807014e-01, 6.652594493062e-06, 1.4108e+02, 4.5129e+00, 
 1DIAGNOSTIC,    30, -9.793674945831e-01, 6.011729510647e-06, 1.4563e+02, 4.5435e+00, 
 1DIAGNOSTIC,    31, -9.793940782547e-01, 5.579446224147e-06, 1.5014e+02, 4.5165e+00, 
 1DIAGNOSTIC,    32, -9.794104695320e-01, 5.041849362897e-06, 1.5467e+02, 4.5288e+00, 
 1DIAGNOSTIC,    33, -9.794349074364e-01, 4.747518232762e-06, 1.5919e+02, 4.5204e+00, 
 1DIAGNOSTIC,    34, -9.794422388077e-01, 4.217911282467e-06, 1.6373e+02, 4.5364e+00, 
 1DIAGNOSTIC,    35, -9.794668555260e-01, 3.932929303119e-06, 1.6827e+02, 4.5403e+00, 
 1DIAGNOSTIC,    36, -9.794723391533e-01, 3.456845433902e-06, 1.7283e+02, 4.5565e+00, 
 1DIAGNOSTIC,    37, -9.794889092445e-01, 3.181026158927e-06, 1.7738e+02, 4.5528e+00, 
 1DIAGNOSTIC,    38, -9.794909954071e-01, 2.799332150971e-06, 1.8194e+02, 4.5586e+00, 
 1DIAGNOSTIC,    39, -9.795099496841e-01, 2.592406417534e-06, 1.8649e+02, 4.5501e+00, 
 1DIAGNOSTIC,    40, -9.795137643814e-01, 2.334070359211e-06, 1.9104e+02, 4.5515e+00, 
 1DIAGNOSTIC,    41, -9.795353412628e-01, 2.291708142366e-06, 1.9558e+02, 4.5447e+00, 
 1DIAGNOSTIC,    42, -9.795399308205e-01, 2.147993200197e-06, 2.0014e+02, 4.5562e+00, 
 1DIAGNOSTIC,    43, -9.795600771904e-01, 2.204084694313e-06, 2.0469e+02, 4.5527e+00, 
 1DIAGNOSTIC,    44, -9.795592427254e-01, 2.097512606269e-06, 2.0925e+02, 4.5550e+00, 
 1DIAGNOSTIC,    45, -9.795784950256e-01, 2.103003907905e-06, 2.1380e+02, 4.5521e+00, 
 1DIAGNOSTIC,    46, -9.795767068863e-01, 1.920662271004e-06, 2.1835e+02, 4.5537e+00, 
 1DIAGNOSTIC,    47, -9.795946478844e-01, 1.870187361419e-06, 2.2292e+02, 4.5608e+00, 
 1DIAGNOSTIC,    48, -9.795957803726e-01, 1.698809910522e-06, 2.2747e+02, 4.5500e+00, 
 1DIAGNOSTIC,    49, -9.796132445335e-01, 1.689385044301e-06, 2.3202e+02, 4.5527e+00, 
 1DIAGNOSTIC,    50, -9.796122312546e-01, 1.567956246618e-06, 2.3658e+02, 4.5583e+00, 
 1DIAGNOSTIC,    51, -9.796296358109e-01, 1.600020027581e-06, 2.4113e+02, 4.5555e+00, 
 1DIAGNOSTIC,    52, -9.796271920204e-01, 1.478152398704e-06, 2.4568e+02, 4.5462e+00, 
 1DIAGNOSTIC,    53, -9.796434044838e-01, 1.494445768913e-06, 2.5024e+02, 4.5593e+00, 
 1DIAGNOSTIC,    54, -9.796416163445e-01, 1.368747462038e-06, 2.5479e+02, 4.5539e+00, 
 1DIAGNOSTIC,    55, -9.796523451805e-01, 1.339578034276e-06, 2.5931e+02, 4.5155e+00, 
 1DIAGNOSTIC,    56, -9.796552062035e-01, 1.239142079612e-06, 2.6383e+02, 4.5265e+00, 
 1DIAGNOSTIC,    57, -9.796729087830e-01, 1.282830680793e-06, 2.6836e+02, 4.5240e+00, 
 1DIAGNOSTIC,    58, -9.796729683876e-01, 1.225722485287e-06, 2.7289e+02, 4.5282e+00, 
 1DIAGNOSTIC,    59, -9.796857833862e-01, 1.274165242648e-06, 2.7740e+02, 4.5156e+00, 
 1DIAGNOSTIC,    60, -9.796834588051e-01, 1.196712560159e-06, 2.8191e+02, 4.5126e+00, 
 1DIAGNOSTIC,    61, -9.796909689903e-01, 1.179823698294e-06, 2.8643e+02, 4.5163e+00, 
 1DIAGNOSTIC,    62, -9.796853065491e-01, 1.037439574247e-06, 2.9095e+02, 4.5169e+00, 
 1DIAGNOSTIC,    63, -9.796986579895e-01, 9.765961976882e-07, 2.9549e+02, 4.5445e+00, 
 1DIAGNOSTIC,    64, -9.796923995018e-01, 8.411774388151e-07, 3.0001e+02, 4.5201e+00, 
 1DIAGNOSTIC,    65, -9.797035455704e-01, 8.364910968339e-07, 3.0454e+02, 4.5268e+00, 
 1DIAGNOSTIC,    66, -9.796978831291e-01, 7.630521849933e-07, 3.0906e+02, 4.5172e+00, 
 1DIAGNOSTIC,    67, -9.797105193138e-01, 8.027230364860e-07, 3.1358e+02, 4.5199e+00, 
 1DIAGNOSTIC,    68, -9.797040820122e-01, 7.591598318868e-07, 3.1809e+02, 4.5193e+00, 
 1DIAGNOSTIC,    69, -9.797010421753e-01, 7.146194889174e-07, 3.2263e+02, 4.5327e+00, 
 1DIAGNOSTIC,    70, -9.797104597092e-01, 6.659371365458e-07, 3.2715e+02, 4.5267e+00, 
 1DIAGNOSTIC,    71, -9.797057509422e-01, 6.444290079344e-07, 3.3169e+02, 4.5357e+00, 
 1DIAGNOSTIC,    72, -9.797168970108e-01, 6.337530180645e-07, 3.3621e+02, 4.5202e+00, 
 1DIAGNOSTIC,    73, -9.797152876854e-01, 6.566460797330e-07, 3.4073e+02, 4.5217e+00, 
 1DIAGNOSTIC,    74, -9.797226190567e-01, 6.665746923318e-07, 3.4525e+02, 4.5193e+00, 
 1DIAGNOSTIC,    75, -9.797168970108e-01, 6.878234444230e-07, 3.4978e+02, 4.5242e+00, 
 1DIAGNOSTIC,    76, -9.797146916389e-01, 6.435174100261e-07, 3.5431e+02, 4.5356e+00, 
 1DIAGNOSTIC,    77, -9.797273874283e-01, 6.236525678105e-07, 3.5883e+02, 4.5170e+00, 
 1DIAGNOSTIC,    78, -9.797178506851e-01, 5.851878199792e-07, 3.6335e+02, 4.5258e+00, 
 1DIAGNOSTIC,    79, -9.797217249870e-01, 5.324283733898e-07, 3.6787e+02, 4.5207e+00, 
 1DIAGNOSTIC,    80, -9.797333478928e-01, 5.763401986769e-07, 3.7238e+02, 4.5079e+00, 
XXDIAGNOSTIC,Iteration,metricValue,convergenceValue,ITERATION_TIME_INDEX,SINCE_LAST
 1DIAGNOSTIC,     1, -9.611086845398e-01, inf, 4.2183e+02, 4.9447e+01, 
 1DIAGNOSTIC,     2, -9.619242548943e-01, inf, 4.7151e+02, 4.9685e+01, 
 1DIAGNOSTIC,     3, -9.627649188042e-01, inf, 5.2117e+02, 4.9658e+01, 
 1DIAGNOSTIC,     4, -9.634872078896e-01, inf, 5.7050e+02, 4.9328e+01, 
 1DIAGNOSTIC,     5, -9.640796184540e-01, inf, 6.2002e+02, 4.9525e+01, 
 1DIAGNOSTIC,     6, -9.645803570747e-01, inf, 6.6973e+02, 4.9709e+01, 
 1DIAGNOSTIC,     7, -9.650167226791e-01, inf, 7.1936e+02, 4.9630e+01, 
 1DIAGNOSTIC,     8, -9.653860926628e-01, 3.688176511787e-04, 7.6852e+02, 4.9161e+01, 
 1DIAGNOSTIC,     9, -9.656618833542e-01, 2.827618445735e-04, 8.1790e+02, 4.9371e+01, 
 1DIAGNOSTIC,    10, -9.659079313278e-01, 2.142234443454e-04, 8.6711e+02, 4.9211e+01, 
 1DIAGNOSTIC,    11, -9.661005735397e-01, 1.629984908504e-04, 9.1607e+02, 4.8960e+01, 
 1DIAGNOSTIC,    12, -9.662685990334e-01, 1.249026536243e-04, 9.6538e+02, 4.9318e+01, 
 1DIAGNOSTIC,    13, -9.664155244827e-01, 9.616371971788e-05, 1.0149e+03, 4.9545e+01, 
 1DIAGNOSTIC,    14, -9.665419459343e-01, 7.456176535925e-05, 1.0642e+03, 4.9270e+01, 
 1DIAGNOSTIC,    15, -9.666544795036e-01, 5.886396684218e-05, 1.1133e+03, 4.9100e+01, 
 1DIAGNOSTIC,    16, -9.667619466782e-01, 4.788331716554e-05, 1.1628e+03, 4.9462e+01, 
 1DIAGNOSTIC,    17, -9.668447375298e-01, 3.929540616809e-05, 1.2124e+03, 4.9640e+01, 
 1DIAGNOSTIC,    18, -9.669151306152e-01, 3.270278102718e-05, 1.2621e+03, 4.9663e+01, 
 1DIAGNOSTIC,    19, -9.669773578644e-01, 2.724673140619e-05, 1.3113e+03, 4.9270e+01, 
 1DIAGNOSTIC,    20, -9.670317173004e-01, 2.270309596497e-05, 1.3607e+03, 4.9342e+01, 
 1DIAGNOSTIC,    21, -9.670806527138e-01, 1.895344394143e-05, 1.4099e+03, 4.9245e+01, 
 1DIAGNOSTIC,    22, -9.671217799187e-01, 1.581485230417e-05, 1.4593e+03, 4.9339e+01, 
 1DIAGNOSTIC,    23, -9.671570658684e-01, 1.322240132140e-05, 1.5086e+03, 4.9336e+01, 
 1DIAGNOSTIC,    24, -9.671851396561e-01, 1.120317392633e-05, 1.5579e+03, 4.9292e+01, 
 1DIAGNOSTIC,    25, -9.672096967697e-01, 9.495569429419e-06, 1.6072e+03, 4.9274e+01, 
 1DIAGNOSTIC,    26, -9.672324657440e-01, 8.050177711993e-06, 1.6567e+03, 4.9579e+01, 
 1DIAGNOSTIC,    27, -9.672475457191e-01, 6.784221113776e-06, 1.7062e+03, 4.9508e+01, 
 1DIAGNOSTIC,    28, -9.672607779503e-01, 5.696718289983e-06, 1.7555e+03, 4.9259e+01, 
 1DIAGNOSTIC,    29, -9.672694802284e-01, 4.767830887431e-06, 1.8048e+03, 4.9279e+01, 
 1DIAGNOSTIC,    30, -9.672784805298e-01, 3.998537067673e-06, 1.8540e+03, 4.9176e+01, 
 1DIAGNOSTIC,    31, -9.672865867615e-01, 3.385757054275e-06, 1.9033e+03, 4.9366e+01, 
 1DIAGNOSTIC,    32, -9.672911763191e-01, 2.865426040444e-06, 1.9527e+03, 4.9357e+01, 
 1DIAGNOSTIC,    33, -9.672946929932e-01, 2.439785021124e-06, 2.0020e+03, 4.9302e+01, 
 1DIAGNOSTIC,    34, -9.672938585281e-01, 2.085167807309e-06, 2.0515e+03, 4.9483e+01, 
 1DIAGNOSTIC,    35, -9.672905802727e-01, 1.732284999889e-06, 2.1010e+03, 4.9514e+01, 
 1DIAGNOSTIC,    36, -9.672874212265e-01, 1.408055027241e-06, 2.1505e+03, 4.9486e+01, 
 1DIAGNOSTIC,    37, -9.672849774361e-01, 1.112956283578e-06, 2.1998e+03, 4.9376e+01, 
 1DIAGNOSTIC,    38, -9.672823548317e-01, 8.841044518704e-07, 2.2491e+03, 4.9301e+01, 
 1DIAGNOSTIC,    39, -9.672732949257e-01, 6.789235840188e-07, 2.2986e+03, 4.9402e+01, 
 1DIAGNOSTIC,    40, -9.672691822052e-01, 5.358019166124e-07, 2.3481e+03, 4.9566e+01, 
  Elapsed time (stage 2): 2349


Total elapsed time: 2354
Using double precision for computations.
Input scalar image: 0x7fe7cf3c2fe8
Could not create ImageIO for the input file, assuming dimension = 3 and scalar pixel type
Reference image: 0x7fe7cf3c3048
=============================================================================
The composite transform comprises the following transforms (in order): 
  1. /resnick/groups/Proberlab/yun/lightsheet/analysis_output/registration/hcrt-trpv1_huc-h2b-g8m_csn_120min/251210_hcrt-trpv1_huc-h2b-g8m_csn_10uM_fish3/expt_to_mean_affine.mat (type = AffineTransform)
  2. /resnick/groups/Proberlab/yun/lightsheet/analysis_output/registration/hcrt-trpv1_huc-h2b-g8m_csn_120min/251210_hcrt-trpv1_huc-h2b-g8m_csn_10uM_fish3/expt_to_mean_warp.nii.gz (type = DisplacementFieldTransform)
=============================================================================
Default pixel value: 0
Interpolation type: WindowedSincInterpolateImageFunction
Output warped image: 0x7fe7cf3c3068
✅ TMPDIR=/resnick/scratch/yun/tmp_ants | ITK threads=14

Loading mean brain: /resnick/groups/Proberlab/yun/lightsheet/analysis_output/registration/mean_brain_HCRT_TRPV1_YNT_ALL.nii.gz
Mean brain shape=(300, 564, 40), spacing=(1.5199999809265137, 1.5199999809265137, 6.25)

============================================================
  Registering: 251210_hcrt-trpv1_huc-h2b-g8m_csn_10uM_fish3
  proj_ID:     hcrt-trpv1_huc-h2b-g8m_csn_120min
============================================================
Loading volume mean (moving)...
Raw HDF5 shape (Z, X, Y): (40, 300, 564)
Transposed shape (X, Y, Z): (300, 564, 40)
Rotated shape (X, Y, Z): (300, 564, 40)
ANTsImage (RAI)
	 Pixel Type : float (float32)
	 Components : 1
	 Dimensions : (300, 564, 40)
	 Spacing    : (1.52, 1.52, 6.25)
	 Origin     : (0.0, 0.0, 0.0)
	 Direction  : [1. 0. 0. 0. 1. 0. 0. 0. 1.]

  [atlas] spacing=(1.5199999809265137, 1.5199999809265137, 6.25) origin=(454.4799942970276, 855.7599892616272, 243.75)
  [mov  ] spacing=(1.52, 1.52, 6.25) origin=(454.48, 855.76, 243.75)
Resampling to (3.0, 3.0, 3.0) µm...
Running SyN...
antsRegistration -d 3 -r /resnick/scratch/yun/tmp_ants/tmpg1b190us.mat -m MI[0x7fe7cf3c2f28,0x7fe7cf3c2fc8,1,32,regular,0.2] -t Rigid[0.25] -c 2100x1200x1200x0 -s 3x2x1x0 -f 4x2x2x1 -x [NA,NA] -m MI[0x7fe7cf3c2f28,0x7fe7cf3c2fc8,1,32,regular,0.2] -t Affine[0.25] -c 2100x1200x1200x0 -s 3x2x1x0 -f 4x2x2x1 -x [NA,NA] -m CC[0x7fe7cf3c2f28,0x7fe7cf3c2fc8,1,32] -t SyN[0.200000,3.000000,0.000000] -c [120x80x40x0,1e-7,8] -s 3x2x1x0 -f 8x4x2x1 -u 1 -z 1 -o [/resnick/scratch/yun/tmp_ants/tmp6luao0kb,0x7fe7cf3c3008,0x7fe7cf3c2fa8] -x [0x7fe7cf3c3028,0x7fe7cf3c3068] --float 1 --write-composite-transform 0 -v 1
SyN warp field saved: /resnick/groups/Proberlab/yun/lightsheet/analysis_output/registration/hcrt-trpv1_huc-h2b-g8m_csn_120min/251210_hcrt-trpv1_huc-h2b-g8m_csn_10uM_fish3/expt_to_mean_warp.nii.gz
SyN affine transform saved: /resnick/groups/Proberlab/yun/lightsheet/analysis_output/registration/hcrt-trpv1_huc-h2b-g8m_csn_120min/251210_hcrt-trpv1_huc-h2b-g8m_csn_10uM_fish3/expt_to_mean_affine.mat
Applying composite transform at full resolution...
['-d', '3', '-i', '0x7fe7cf3c2fe8', '-o', '0x7fe7cf3c3068', '-r', '0x7fe7cf3c3048', '-n', 'welchWindowedSinc', '-t', '/resnick/groups/Proberlab/yun/lightsheet/analysis_output/registration/hcrt-trpv1_huc-h2b-g8m_csn_120min/251210_hcrt-trpv1_huc-h2b-g8m_csn_10uM_fish3/expt_to_mean_warp.nii.gz', '-t', '/resnick/groups/Proberlab/yun/lightsheet/analysis_output/registration/hcrt-trpv1_huc-h2b-g8m_csn_120min/251210_hcrt-trpv1_huc-h2b-g8m_csn_10uM_fish3/expt_to_mean_affine.mat']
✅ Registered image saved: /resnick/groups/Proberlab/yun/lightsheet/analysis_output/registration/hcrt-trpv1_huc-h2b-g8m_csn_120min/251210_hcrt-trpv1_huc-h2b-g8m_csn_10uM_fish3/expt_to_mean_registered_final.nii.gz
Saving QC overlay...
  ✅ QC overlay saved: /resnick/groups/Proberlab/yun/lightsheet/analysis_output/registration/hcrt-trpv1_huc-h2b-g8m_csn_120min/251210_hcrt-trpv1_huc-h2b-g8m_csn_10uM_fish3/qc_registration_overlay.pdf

=== Registration complete: 251210_hcrt-trpv1_huc-h2b-g8m_csn_10uM_fish3 ===
