All_Command_lines_OK
Using single precision for computations.
=============================================================================
The composite transform comprises the following transforms (in order): 
  1. /resnick/scratch/yun/tmp_ants/tmptcrq3k8d.mat (type = AffineTransform)
=============================================================================
  Reading mask(s).
    Registration stage 0
      No fixed mask
      No moving mask
    Registration stage 1
      No fixed mask
      No moving mask
    Registration stage 2
      Fixed mask = 0x7ff43e652628
      Moving mask = 0x7ff43e652668
  number of levels = 4
  number of levels = 4
  number of levels = 4
  fixed image: 0x7ff43e652528
  moving image: 0x7ff43e6525c8
  fixed image: 0x7ff43e652528
  moving image: 0x7ff43e6525c8
  fixed image: 0x7ff43e652528
  moving image: 0x7ff43e6525c8
Dimension = 3
Number of stages = 3
Use histogram matching = true
Winsorize image intensities = false
  Lower quantile = 0
  Upper quantile = 1


Stage 1 State
   Image metric = MattesMI
     Fixed image = Image (0x4304c00)
  RTTI typeinfo:   itk::Image<float, 3u>
  Reference Count: 2
  Modified Time: 1330257
  Debug: Off
  Object Name: 
  Observers: 
    none
  Source: (none)
  Source output name: (none)
  Release Data: Off
  Data Released: False
  Global Release Data: Off
  PipelineMTime: 0
  UpdateMTime: 1330229
  RealTimeStamp: 0 seconds 
  LargestPossibleRegion: 
    Dimension: 3
    Index: [0, 0, 0]
    Size: [142, 276, 83]
  BufferedRegion: 
    Dimension: 3
    Index: [0, 0, 0]
    Size: [142, 276, 83]
  RequestedRegion: 
    Dimension: 3
    Index: [0, 0, 0]
    Size: [142, 276, 83]
  Spacing: [3, 3, 3]
  Origin: [424.08, 825.36, 243.75]
  Direction: 
-1 0 0
0 -1 0
0 0 -1

  IndexToPointMatrix: 
-3 0 0
0 -3 0
0 0 -3

  PointToIndexMatrix: 
-0.333333 0 0
0 -0.333333 0
0 0 -0.333333

  Inverse Direction: 
-1 0 0
0 -1 0
0 0 -1

  PixelContainer: 
    ImportImageContainer (0xff85240)
      RTTI typeinfo:   itk::ImportImageContainer<unsigned long, float>
      Reference Count: 1
      Modified Time: 1330227
      Debug: Off
      Object Name: 
      Observers: 
        none
      Pointer: 0x129f4830
      Container manages memory: true
      Size: 3252936
      Capacity: 3252936

     Moving image = Image (0x43933d0)
  RTTI typeinfo:   itk::Image<float, 3u>
  Reference Count: 2
  Modified Time: 1330258
  Debug: Off
  Object Name: 
  Observers: 
    none
  Source: (none)
  Source output name: (none)
  Release Data: Off
  Data Released: False
  Global Release Data: Off
  PipelineMTime: 0
  UpdateMTime: 1330255
  RealTimeStamp: 0 seconds 
  LargestPossibleRegion: 
    Dimension: 3
    Index: [0, 0, 0]
    Size: [152, 280, 83]
  BufferedRegion: 
    Dimension: 3
    Index: [0, 0, 0]
    Size: [152, 280, 83]
  RequestedRegion: 
    Dimension: 3
    Index: [0, 0, 0]
    Size: [152, 280, 83]
  Spacing: [3, 3, 3]
  Origin: [454.48, 837.52, 243.75]
  Direction: 
-1 0 0
0 -1 0
0 0 -1

  IndexToPointMatrix: 
-3 0 0
0 -3 0
0 0 -3

  PointToIndexMatrix: 
-0.333333 0 0
0 -0.333333 0
0 0 -0.333333

  Inverse Direction: 
-1 0 0
0 -1 0
0 0 -1

  PixelContainer: 
    ImportImageContainer (0x43066f0)
      RTTI typeinfo:   itk::ImportImageContainer<unsigned long, float>
      Reference Count: 1
      Modified Time: 1330253
      Debug: Off
      Object Name: 
      Observers: 
        none
      Pointer: 0x1365d360
      Container manages memory: true
      Size: 3532480
      Capacity: 3532480

     Weighting = 1
     Sampling strategy = regular
     Number of bins = 32
     Radius = 4
     Sampling percentage  = 0.2
   Transform = Rigid
     Gradient step = 0.25
     Update field sigma (voxel space) = 0
     Total field sigma (voxel space) = 0
     Update field time sigma = 0
     Total field time sigma  = 0
     Number of time indices = 0
     Number of time point samples = 0
Stage 2 State
   Image metric = MattesMI
     Fixed image = Image (0x438bc70)
  RTTI typeinfo:   itk::Image<float, 3u>
  Reference Count: 2
  Modified Time: 1330311
  Debug: Off
  Object Name: 
  Observers: 
    none
  Source: (none)
  Source output name: (none)
  Release Data: Off
  Data Released: False
  Global Release Data: Off
  PipelineMTime: 0
  UpdateMTime: 1330283
  RealTimeStamp: 0 seconds 
  LargestPossibleRegion: 
    Dimension: 3
    Index: [0, 0, 0]
    Size: [142, 276, 83]
  BufferedRegion: 
    Dimension: 3
    Index: [0, 0, 0]
    Size: [142, 276, 83]
  RequestedRegion: 
    Dimension: 3
    Index: [0, 0, 0]
    Size: [142, 276, 83]
  Spacing: [3, 3, 3]
  Origin: [424.08, 825.36, 243.75]
  Direction: 
-1 0 0
0 -1 0
0 0 -1

  IndexToPointMatrix: 
-3 0 0
0 -3 0
0 0 -3

  PointToIndexMatrix: 
-0.333333 0 0
0 -0.333333 0
0 0 -0.333333

  Inverse Direction: 
-1 0 0
0 -1 0
0 0 -1

  PixelContainer: 
    ImportImageContainer (0x438cde0)
      RTTI typeinfo:   itk::ImportImageContainer<unsigned long, float>
      Reference Count: 1
      Modified Time: 1330281
      Debug: Off
      Object Name: 
      Observers: 
        none
      Pointer: 0x143d6e70
      Container manages memory: true
      Size: 3252936
      Capacity: 3252936

     Moving image = Image (0x4303210)
  RTTI typeinfo:   itk::Image<float, 3u>
  Reference Count: 2
  Modified Time: 1330312
  Debug: Off
  Object Name: 
  Observers: 
    none
  Source: (none)
  Source output name: (none)
  Release Data: Off
  Data Released: False
  Global Release Data: Off
  PipelineMTime: 0
  UpdateMTime: 1330309
  RealTimeStamp: 0 seconds 
  LargestPossibleRegion: 
    Dimension: 3
    Index: [0, 0, 0]
    Size: [152, 280, 83]
  BufferedRegion: 
    Dimension: 3
    Index: [0, 0, 0]
    Size: [152, 280, 83]
  RequestedRegion: 
    Dimension: 3
    Index: [0, 0, 0]
    Size: [152, 280, 83]
  Spacing: [3, 3, 3]
  Origin: [454.48, 837.52, 243.75]
  Direction: 
-1 0 0
0 -1 0
0 0 -1

  IndexToPointMatrix: 
-3 0 0
0 -3 0
0 0 -3

  PointToIndexMatrix: 
-0.333333 0 0
0 -0.333333 0
0 0 -0.333333

  Inverse Direction: 
-1 0 0
0 -1 0
0 0 -1

  PixelContainer: 
    ImportImageContainer (0x438ce40)
      RTTI typeinfo:   itk::ImportImageContainer<unsigned long, float>
      Reference Count: 1
      Modified Time: 1330307
      Debug: Off
      Object Name: 
      Observers: 
        none
      Pointer: 0x1503f9a0
      Container manages memory: true
      Size: 3532480
      Capacity: 3532480

     Weighting = 1
     Sampling strategy = regular
     Number of bins = 32
     Radius = 4
     Sampling percentage  = 0.2
   Transform = Affine
     Gradient step = 0.25
     Update field sigma (voxel space) = 0
     Total field sigma (voxel space) = 0
     Update field time sigma = 0
     Total field time sigma  = 0
     Number of time indices = 0
     Number of time point samples = 0
Stage 3 State
   Image metric = CC
     Fixed image = Image (0x43bfe90)
  RTTI typeinfo:   itk::Image<float, 3u>
  Reference Count: 2
  Modified Time: 1330365
  Debug: Off
  Object Name: 
  Observers: 
    none
  Source: (none)
  Source output name: (none)
  Release Data: Off
  Data Released: False
  Global Release Data: Off
  PipelineMTime: 0
  UpdateMTime: 1330337
  RealTimeStamp: 0 seconds 
  LargestPossibleRegion: 
    Dimension: 3
    Index: [0, 0, 0]
    Size: [142, 276, 83]
  BufferedRegion: 
    Dimension: 3
    Index: [0, 0, 0]
    Size: [142, 276, 83]
  RequestedRegion: 
    Dimension: 3
    Index: [0, 0, 0]
    Size: [142, 276, 83]
  Spacing: [3, 3, 3]
  Origin: [424.08, 825.36, 243.75]
  Direction: 
-1 0 0
0 -1 0
0 0 -1

  IndexToPointMatrix: 
-3 0 0
0 -3 0
0 0 -3

  PointToIndexMatrix: 
-0.333333 0 0
0 -0.333333 0
0 0 -0.333333

  Inverse Direction: 
-1 0 0
0 -1 0
0 0 -1

  PixelContainer: 
    ImportImageContainer (0x43c0120)
      RTTI typeinfo:   itk::ImportImageContainer<unsigned long, float>
      Reference Count: 1
      Modified Time: 1330335
      Debug: Off
      Object Name: 
      Observers: 
        none
      Pointer: 0x15db94b0
      Container manages memory: true
      Size: 3252936
      Capacity: 3252936

     Moving image = Image (0x43c0180)
  RTTI typeinfo:   itk::Image<float, 3u>
  Reference Count: 2
  Modified Time: 1330366
  Debug: Off
  Object Name: 
  Observers: 
    none
  Source: (none)
  Source output name: (none)
  Release Data: Off
  Data Released: False
  Global Release Data: Off
  PipelineMTime: 0
  UpdateMTime: 1330363
  RealTimeStamp: 0 seconds 
  LargestPossibleRegion: 
    Dimension: 3
    Index: [0, 0, 0]
    Size: [152, 280, 83]
  BufferedRegion: 
    Dimension: 3
    Index: [0, 0, 0]
    Size: [152, 280, 83]
  RequestedRegion: 
    Dimension: 3
    Index: [0, 0, 0]
    Size: [152, 280, 83]
  Spacing: [3, 3, 3]
  Origin: [454.48, 837.52, 243.75]
  Direction: 
-1 0 0
0 -1 0
0 0 -1

  IndexToPointMatrix: 
-3 0 0
0 -3 0
0 0 -3

  PointToIndexMatrix: 
-0.333333 0 0
0 -0.333333 0
0 0 -0.333333

  Inverse Direction: 
-1 0 0
0 -1 0
0 0 -1

  PixelContainer: 
    ImportImageContainer (0x43c0410)
      RTTI typeinfo:   itk::ImportImageContainer<unsigned long, float>
      Reference Count: 1
      Modified Time: 1330361
      Debug: Off
      Object Name: 
      Observers: 
        none
      Pointer: 0x16a21fe0
      Container manages memory: true
      Size: 3532480
      Capacity: 3532480

     Weighting = 1
     Sampling strategy = none
     Number of bins = 32
     Radius = 32
     Sampling percentage  = 1
   Transform = SyN
     Gradient step = 0.2
     Update field sigma (voxel space) = 3
     Total field sigma (voxel space) = 0
     Update field time sigma = 0
     Total field time sigma  = 0
     Number of time indices = 0
     Number of time point samples = 0
Registration using 3 total stages.

Stage 0
  iterations = 2100x1200x1200x0
  convergence threshold = 1e-06
  convergence window size = 10
  number of levels = 4
  using the Mattes MI metric (number of bins = 32, weight = 1, use gradient filter = 0)
  preprocessing:  histogram matching the images
  Shrink factors (level 1 out of 4): [4, 4, 4]
  Shrink factors (level 2 out of 4): [2, 2, 2]
  Shrink factors (level 3 out of 4): [2, 2, 2]
  Shrink factors (level 4 out of 4): [1, 1, 1]
  smoothing sigmas per level: [3, 2, 1, 0]
  regular sampling (percentage = 0.2)

*** Running Euler3DTransform registration ***

DIAGNOSTIC,Iteration,metricValue,convergenceValue,ITERATION_TIME_INDEX,SINCE_LAST
 2DIAGNOSTIC,     1, -8.984807133675e-01, inf, 8.2884e-02, 8.2884e-02, 
 2DIAGNOSTIC,     2, -8.993707895279e-01, inf, 8.6591e-02, 3.7069e-03, 
 2DIAGNOSTIC,     3, -9.006229639053e-01, inf, 8.9894e-02, 3.3031e-03, 
 2DIAGNOSTIC,     4, -9.013054966927e-01, inf, 9.3131e-02, 3.2370e-03, 
 2DIAGNOSTIC,     5, -9.020454883575e-01, inf, 9.6776e-02, 3.6452e-03, 
 2DIAGNOSTIC,     6, -9.032266736031e-01, inf, 1.0036e-01, 3.5832e-03, 
 2DIAGNOSTIC,     7, -9.038501381874e-01, inf, 1.0389e-01, 3.5331e-03, 
 2DIAGNOSTIC,     8, -9.037978053093e-01, inf, 1.0700e-01, 3.1030e-03, 
 2DIAGNOSTIC,     9, -9.040969610214e-01, inf, 1.1092e-01, 3.9270e-03, 
 2DIAGNOSTIC,    10, -9.042227268219e-01, 4.279667336959e-04, 1.1927e-01, 8.3458e-03, 
 2DIAGNOSTIC,    11, -9.044065475464e-01, 3.196362813469e-04, 1.2259e-01, 3.3250e-03, 
 2DIAGNOSTIC,    12, -9.044869542122e-01, 2.257043961436e-04, 1.2676e-01, 4.1690e-03, 
 2DIAGNOSTIC,    13, -9.044946432114e-01, 1.568248553667e-04, 1.3083e-01, 4.0710e-03, 
 2DIAGNOSTIC,    14, -9.045671224594e-01, 1.007980608847e-04, 1.3614e-01, 5.3029e-03, 
 2DIAGNOSTIC,    15, -9.045716524124e-01, 5.821796730743e-05, 1.3986e-01, 3.7241e-03, 
 2DIAGNOSTIC,    16, -9.045411944389e-01, 3.813519288087e-05, 1.4355e-01, 3.6891e-03, 
 2DIAGNOSTIC,    17, -9.045137763023e-01, 2.825906813086e-05, 1.4680e-01, 3.2470e-03, 
 2DIAGNOSTIC,    18, -9.043894410133e-01, 1.388150394632e-05, 1.5008e-01, 3.2871e-03, 
 2DIAGNOSTIC,    19, -9.043764472008e-01, 4.659067599277e-06, 1.5376e-01, 3.6809e-03, 
DIAGNOSTIC,Iteration,metricValue,convergenceValue,ITERATION_TIME_INDEX,SINCE_LAST
 2DIAGNOSTIC,     1, -8.161919713020e-01, inf, 2.5242e-01, 9.8651e-02, 
 2DIAGNOSTIC,     2, -8.164104223251e-01, inf, 2.7341e-01, 2.0992e-02, 
 2DIAGNOSTIC,     3, -8.166772127151e-01, inf, 2.9433e-01, 2.0918e-02, 
 2DIAGNOSTIC,     4, -8.171709775925e-01, inf, 3.1510e-01, 2.0777e-02, 
 2DIAGNOSTIC,     5, -8.175621628761e-01, inf, 3.3517e-01, 2.0065e-02, 
 2DIAGNOSTIC,     6, -8.182561993599e-01, inf, 3.5615e-01, 2.0984e-02, 
 2DIAGNOSTIC,     7, -8.190717101097e-01, inf, 3.7964e-01, 2.3486e-02, 
 2DIAGNOSTIC,     8, -8.193401098251e-01, inf, 4.0330e-01, 2.3664e-02, 
 2DIAGNOSTIC,     9, -8.194846510887e-01, inf, 4.3652e-01, 3.3218e-02, 
 2DIAGNOSTIC,    10, -8.195316791534e-01, 3.123170463368e-04, 4.5938e-01, 2.2862e-02, 
 2DIAGNOSTIC,    11, -8.195246458054e-01, 2.617719292175e-04, 4.8261e-01, 2.3227e-02, 
 2DIAGNOSTIC,    12, -8.195303082466e-01, 2.026659349212e-04, 5.0796e-01, 2.5349e-02, 
 2DIAGNOSTIC,    13, -8.195226788521e-01, 1.413799473085e-04, 5.3071e-01, 2.2751e-02, 
 2DIAGNOSTIC,    14, -8.195195198059e-01, 8.858663932187e-05, 5.5071e-01, 2.0002e-02, 
 2DIAGNOSTIC,    15, -8.195068240166e-01, 4.356405770523e-05, 5.7602e-01, 2.5312e-02, 
 2DIAGNOSTIC,    16, -8.195062875748e-01, 1.504190640844e-05, 5.9819e-01, 2.2170e-02, 
 2DIAGNOSTIC,    17, -8.194945454597e-01, 4.982149221178e-06, 6.1857e-01, 2.0378e-02, 
 2DIAGNOSTIC,    18, -8.195052742958e-01, 1.071095766747e-06, 6.4166e-01, 2.3093e-02, 
DIAGNOSTIC,Iteration,metricValue,convergenceValue,ITERATION_TIME_INDEX,SINCE_LAST
 2DIAGNOSTIC,     1, -7.357856035233e-01, inf, 7.4709e-01, 1.0543e-01, 
 2DIAGNOSTIC,     2, -7.359398007393e-01, inf, 7.6789e-01, 2.0794e-02, 
 2DIAGNOSTIC,     3, -7.359995841980e-01, inf, 7.9106e-01, 2.3175e-02, 
 2DIAGNOSTIC,     4, -7.360537052155e-01, inf, 8.1419e-01, 2.3130e-02, 
 2DIAGNOSTIC,     5, -7.360602021217e-01, inf, 8.3454e-01, 2.0350e-02, 
 2DIAGNOSTIC,     6, -7.360899448395e-01, inf, 8.6314e-01, 2.8603e-02, 
 2DIAGNOSTIC,     7, -7.360928058624e-01, inf, 8.8636e-01, 2.3214e-02, 
 2DIAGNOSTIC,     8, -7.360742688179e-01, inf, 9.0919e-01, 2.2834e-02, 
 2DIAGNOSTIC,     9, -7.360523939133e-01, inf, 9.3230e-01, 2.3107e-02, 
 2DIAGNOSTIC,    10, -7.360358834267e-01, 1.956335654540e-05, 9.5792e-01, 2.5619e-02, 
 2DIAGNOSTIC,    11, -7.360439300537e-01, 7.875123628764e-06, 9.8116e-01, 2.3244e-02, 
 2DIAGNOSTIC,    12, -7.360274195671e-01, 2.059827465928e-06, 1.0046e+00, 2.3401e-02, 
DIAGNOSTIC,Iteration,metricValue,convergenceValue,ITERATION_TIME_INDEX,SINCE_LAST
 2DIAGNOSTIC,     1, -5.752454400063e-01, inf, 1.3445e+00, 3.3996e-01, 
  Elapsed time (stage 0): 1.9404e+00


Stage 1
  iterations = 2100x1200x1200x0
  convergence threshold = 1.0000e-06
  convergence window size = 10
  number of levels = 4
  using the Mattes MI metric (number of bins = 32, weight = 1.0000e+00, use gradient filter = 0)
  preprocessing:  histogram matching the images
  Shrink factors (level 1 out of 4): [4, 4, 4]
  Shrink factors (level 2 out of 4): [2, 2, 2]
  Shrink factors (level 3 out of 4): [2, 2, 2]
  Shrink factors (level 4 out of 4): [1, 1, 1]
  smoothing sigmas per level: [3, 2, 1, 0]
  regular sampling (percentage = 2.0000e-01)

*** Running AffineTransform registration ***

DIAGNOSTIC,Iteration,metricValue,convergenceValue,ITERATION_TIME_INDEX,SINCE_LAST
 2DIAGNOSTIC,     1, -8.940441012383e-01, inf, 6.0405e-02, 6.0404e-02, 
 2DIAGNOSTIC,     2, -8.947032094002e-01, inf, 6.4478e-02, 4.0731e-03, 
 2DIAGNOSTIC,     3, -8.954158425331e-01, inf, 6.8455e-02, 3.9771e-03, 
 2DIAGNOSTIC,     4, -8.964551091194e-01, inf, 7.2268e-02, 3.8130e-03, 
 2DIAGNOSTIC,     5, -8.973526954651e-01, inf, 7.6130e-02, 3.8619e-03, 
 2DIAGNOSTIC,     6, -8.987987637520e-01, inf, 7.9822e-02, 3.6919e-03, 
 2DIAGNOSTIC,     7, -8.998289108276e-01, inf, 8.3606e-02, 3.7839e-03, 
 2DIAGNOSTIC,     8, -9.007195830345e-01, inf, 8.7810e-02, 4.2040e-03, 
 2DIAGNOSTIC,     9, -9.012283086777e-01, inf, 9.2412e-02, 4.6020e-03, 
 2DIAGNOSTIC,    10, -9.015344977379e-01, 5.959228146821e-04, 9.6734e-02, 4.3221e-03, 
 2DIAGNOSTIC,    11, -9.016495943069e-01, 5.029067979194e-04, 1.0112e-01, 4.3859e-03, 
 2DIAGNOSTIC,    12, -9.015330076218e-01, 3.946472133975e-04, 1.0582e-01, 4.6971e-03, 
 2DIAGNOSTIC,    13, -9.014570713043e-01, 2.830392331816e-04, 1.1016e-01, 4.3440e-03, 
 2DIAGNOSTIC,    14, -9.014809727669e-01, 1.859021576820e-04, 1.1396e-01, 3.7951e-03, 
 2DIAGNOSTIC,    15, -9.013115167618e-01, 9.979557944462e-05, 1.1826e-01, 4.2989e-03, 
 2DIAGNOSTIC,    16, -9.014502167702e-01, 4.664028529078e-05, 1.2210e-01, 3.8440e-03, 
 2DIAGNOSTIC,    17, -9.014427661896e-01, 1.431364034943e-05, 1.2601e-01, 3.9101e-03, 
 2DIAGNOSTIC,    18, -9.015235304832e-01, 1.343577991975e-06, 1.3031e-01, 4.2970e-03, 
DIAGNOSTIC,Iteration,metricValue,convergenceValue,ITERATION_TIME_INDEX,SINCE_LAST
 2DIAGNOSTIC,     1, -8.173426985741e-01, inf, 2.3148e-01, 1.0118e-01, 
 2DIAGNOSTIC,     2, -8.179732561111e-01, inf, 2.5704e-01, 2.5556e-02, 
 2DIAGNOSTIC,     3, -8.189039826393e-01, inf, 2.8321e-01, 2.6165e-02, 
 2DIAGNOSTIC,     4, -8.199185132980e-01, inf, 3.0869e-01, 2.5484e-02, 
 2DIAGNOSTIC,     5, -8.212329745293e-01, inf, 3.3350e-01, 2.4814e-02, 
 2DIAGNOSTIC,     6, -8.224979043007e-01, inf, 3.5990e-01, 2.6396e-02, 
 2DIAGNOSTIC,     7, -8.234928846359e-01, inf, 3.8522e-01, 2.5321e-02, 
 2DIAGNOSTIC,     8, -8.240889310837e-01, inf, 4.1327e-01, 2.8051e-02, 
 2DIAGNOSTIC,     9, -8.241910338402e-01, inf, 4.5573e-01, 4.2455e-02, 
 2DIAGNOSTIC,    10, -8.242819905281e-01, 6.221703952178e-04, 4.8499e-01, 2.9262e-02, 
 2DIAGNOSTIC,    11, -8.242676258087e-01, 4.899889463559e-04, 5.1454e-01, 2.9547e-02, 
 2DIAGNOSTIC,    12, -8.242424130440e-01, 3.532918344717e-04, 5.4318e-01, 2.8648e-02, 
 2DIAGNOSTIC,    13, -8.242451548576e-01, 2.307278045919e-04, 5.7217e-01, 2.8985e-02, 
 2DIAGNOSTIC,    14, -8.242371082306e-01, 1.295620895689e-04, 5.9858e-01, 2.6412e-02, 
 2DIAGNOSTIC,    15, -8.242416381836e-01, 6.030642907717e-05, 6.2702e-01, 2.8437e-02, 
 2DIAGNOSTIC,    16, -8.242523670197e-01, 2.151382614102e-05, 6.5589e-01, 2.8872e-02, 
 2DIAGNOSTIC,    17, -8.242632746696e-01, 5.651058472722e-06, 6.8487e-01, 2.8983e-02, 
 2DIAGNOSTIC,    18, -8.242886066437e-01, 3.091392272836e-06, 7.1602e-01, 3.1144e-02, 
 2DIAGNOSTIC,    19, -8.242828845978e-01, 2.367911747569e-06, 7.4525e-01, 2.9237e-02, 
 2DIAGNOSTIC,    20, -8.242745399475e-01, 3.091796088484e-06, 7.7769e-01, 3.2438e-02, 
 2DIAGNOSTIC,    21, -8.242756128311e-01, 3.404360541026e-06, 8.0313e-01, 2.5440e-02, 
 2DIAGNOSTIC,    22, -8.242718577385e-01, 3.047415248147e-06, 8.3004e-01, 2.6906e-02, 
 2DIAGNOSTIC,    23, -8.242676854134e-01, 2.550437784521e-06, 8.6314e-01, 3.3100e-02, 
 2DIAGNOSTIC,    24, -8.242860436440e-01, 2.138396439477e-06, 8.9438e-01, 3.1240e-02, 
 2DIAGNOSTIC,    25, -8.242992162704e-01, 1.924368461914e-06, 9.2395e-01, 2.9571e-02, 
 2DIAGNOSTIC,    26, -8.242988586426e-01, 1.799463007046e-06, 9.5305e-01, 2.9098e-02, 
 2DIAGNOSTIC,    27, -8.242969512939e-01, 1.739847562021e-06, 9.8125e-01, 2.8202e-02, 
 2DIAGNOSTIC,    28, -8.242856264114e-01, 1.808829324546e-06, 1.0062e+00, 2.4987e-02, 
 2DIAGNOSTIC,    29, -8.242872953415e-01, 1.763097543517e-06, 1.0387e+00, 3.2487e-02, 
 2DIAGNOSTIC,    30, -8.242991566658e-01, 1.690544877420e-06, 1.0671e+00, 2.8333e-02, 
 2DIAGNOSTIC,    31, -8.242933750153e-01, 1.508674927209e-06, 1.0965e+00, 2.9456e-02, 
 2DIAGNOSTIC,    32, -8.242941498756e-01, 1.270860821023e-06, 1.1276e+00, 3.1078e-02, 
DIAGNOSTIC,Iteration,metricValue,convergenceValue,ITERATION_TIME_INDEX,SINCE_LAST
 2DIAGNOSTIC,     1, -7.523220181465e-01, inf, 1.2403e+00, 1.1269e-01, 
 2DIAGNOSTIC,     2, -7.525822520256e-01, inf, 1.2659e+00, 2.5607e-02, 
 2DIAGNOSTIC,     3, -7.527484297752e-01, inf, 1.2925e+00, 2.6626e-02, 
 2DIAGNOSTIC,     4, -7.530145645142e-01, inf, 1.3176e+00, 2.5090e-02, 
 2DIAGNOSTIC,     5, -7.532235383987e-01, inf, 1.3453e+00, 2.7658e-02, 
 2DIAGNOSTIC,     6, -7.533291578293e-01, inf, 1.3724e+00, 2.7170e-02, 
 2DIAGNOSTIC,     7, -7.533837556839e-01, inf, 1.3984e+00, 2.5964e-02, 
 2DIAGNOSTIC,     8, -7.534555792809e-01, inf, 1.4245e+00, 2.6089e-02, 
 2DIAGNOSTIC,     9, -7.536910176277e-01, inf, 1.4724e+00, 4.7869e-02, 
 2DIAGNOSTIC,    10, -7.536925077438e-01, 1.173495766125e-04, 1.5062e+00, 3.3815e-02, 
 2DIAGNOSTIC,    11, -7.536832690239e-01, 8.927192538977e-05, 1.5342e+00, 2.8063e-02, 
 2DIAGNOSTIC,    12, -7.536620497704e-01, 6.578547618119e-05, 1.5639e+00, 2.9639e-02, 
 2DIAGNOSTIC,    13, -7.536571025848e-01, 4.474344677874e-05, 1.5892e+00, 2.5288e-02, 
 2DIAGNOSTIC,    14, -7.536466121674e-01, 2.953213515866e-05, 1.6174e+00, 2.8216e-02, 
 2DIAGNOSTIC,    15, -7.536512613297e-01, 1.917956797115e-05, 1.6429e+00, 2.5524e-02, 
 2DIAGNOSTIC,    16, -7.536404132843e-01, 1.086353222490e-05, 1.6678e+00, 2.4935e-02, 
 2DIAGNOSTIC,    17, -7.536399364471e-01, 3.941564500565e-06, 1.6997e+00, 3.1886e-02, 
DIAGNOSTIC,Iteration,metricValue,convergenceValue,ITERATION_TIME_INDEX,SINCE_LAST
 2DIAGNOSTIC,     1, -5.805608630180e-01, inf, 2.3234e+00, 6.2373e-01, 
  Elapsed time (stage 1): 2.9269e+00


Stage 2
  iterations = 120x80x40x0
  convergence threshold = 1.0000e-07
  convergence window size = 8
  number of levels = 4
  using the CC metric (radius = 32, weight = 1.0000e+00, use gradient filter = 0)
  preprocessing:  histogram matching the images
  Shrink factors (level 1 out of 4): [8, 8, 8]
  Shrink factors (level 2 out of 4): [4, 4, 4]
  Shrink factors (level 3 out of 4): [2, 2, 2]
  Shrink factors (level 4 out of 4): [1, 1, 1]
  smoothing sigmas per level: [3, 2, 1, 0]
  Using default NONE metricSamplingStrategy 

*** Running SyN registration (varianceForUpdateField = 3.0000e+00, varianceForTotalField = 0.0000e+00) ***

XXDIAGNOSTIC,Iteration,metricValue,convergenceValue,ITERATION_TIME_INDEX,SINCE_LAST
 1DIAGNOSTIC,     1, -7.772673964500e-01, inf, 7.4786e-01, 7.4786e-01, 
 1DIAGNOSTIC,     2, -8.130852580070e-01, inf, 1.4285e+00, 6.8062e-01, 
 1DIAGNOSTIC,     3, -8.349320888519e-01, inf, 2.1138e+00, 6.8533e-01, 
 1DIAGNOSTIC,     4, -8.492417335510e-01, inf, 2.8011e+00, 6.8727e-01, 
 1DIAGNOSTIC,     5, -8.579612970352e-01, inf, 3.4884e+00, 6.8734e-01, 
 1DIAGNOSTIC,     6, -8.636219501495e-01, inf, 4.1687e+00, 6.8023e-01, 
 1DIAGNOSTIC,     7, -8.677965402603e-01, inf, 4.8521e+00, 6.8344e-01, 
 1DIAGNOSTIC,     8, -8.702037334442e-01, 8.150977082551e-03, 5.5357e+00, 6.8360e-01, 
 1DIAGNOSTIC,     9, -8.717803359032e-01, 4.599919077009e-03, 6.2199e+00, 6.8420e-01, 
 1DIAGNOSTIC,    10, -8.730468153954e-01, 2.677303273231e-03, 6.9086e+00, 6.8872e-01, 
 1DIAGNOSTIC,    11, -8.739019036293e-01, 1.590063911863e-03, 7.5928e+00, 6.8415e-01, 
 1DIAGNOSTIC,    12, -8.752894997597e-01, 1.003229641356e-03, 8.2807e+00, 6.8791e-01, 
 1DIAGNOSTIC,    13, -8.760113716125e-01, 6.652348092757e-04, 8.9651e+00, 6.8444e-01, 
 1DIAGNOSTIC,    14, -8.768211603165e-01, 4.716647090390e-04, 9.6556e+00, 6.9051e-01, 
 1DIAGNOSTIC,    15, -8.772633075714e-01, 3.631935978774e-04, 1.0339e+01, 6.8378e-01, 
 1DIAGNOSTIC,    16, -8.777049779892e-01, 2.893815108109e-04, 1.1021e+01, 6.8153e-01, 
 1DIAGNOSTIC,    17, -8.778255581856e-01, 2.237314329250e-04, 1.1716e+01, 6.9458e-01, 
 1DIAGNOSTIC,    18, -8.775939941406e-01, 1.573393674335e-04, 1.2412e+01, 6.9649e-01, 
 1DIAGNOSTIC,    19, -8.780225515366e-01, 1.029763006954e-04, 1.3103e+01, 6.9103e-01, 
 1DIAGNOSTIC,    20, -8.779754638672e-01, 6.645095709246e-05, 1.3791e+01, 6.8845e-01, 
 1DIAGNOSTIC,    21, -8.779500722885e-01, 3.767925591092e-05, 1.4480e+01, 6.8867e-01, 
 1DIAGNOSTIC,    22, -8.779614567757e-01, 2.165461955883e-05, 1.5170e+01, 6.8998e-01, 
 1DIAGNOSTIC,    23, -8.779919147491e-01, 1.218489433086e-05, 1.5858e+01, 6.8805e-01, 
 1DIAGNOSTIC,    24, -8.780100941658e-01, 9.633817171562e-06, 1.6544e+01, 6.8534e-01, 
 1DIAGNOSTIC,    25, -8.778645396233e-01, 5.972578037472e-06, 1.7227e+01, 6.8323e-01, 
 1DIAGNOSTIC,    26, -8.777008056641e-01, -4.285226168577e-06, 1.7918e+01, 6.9075e-01, 
XXDIAGNOSTIC,Iteration,metricValue,convergenceValue,ITERATION_TIME_INDEX,SINCE_LAST
 1DIAGNOSTIC,     1, -8.497426509857e-01, inf, 2.4130e+01, 6.2125e+00, 
 1DIAGNOSTIC,     2, -8.593714833260e-01, inf, 3.0272e+01, 6.1421e+00, 
 1DIAGNOSTIC,     3, -8.668886423111e-01, inf, 3.6447e+01, 6.1746e+00, 
 1DIAGNOSTIC,     4, -8.733832836151e-01, inf, 4.2587e+01, 6.1404e+00, 
 1DIAGNOSTIC,     5, -8.786872625351e-01, inf, 4.8737e+01, 6.1501e+00, 
 1DIAGNOSTIC,     6, -8.823925256729e-01, inf, 5.4924e+01, 6.1872e+00, 
 1DIAGNOSTIC,     7, -8.854995965958e-01, inf, 6.1097e+01, 6.1725e+00, 
 1DIAGNOSTIC,     8, -8.880513310432e-01, 3.515656571835e-03, 6.7257e+01, 6.1600e+00, 
 1DIAGNOSTIC,     9, -8.899418115616e-01, 2.489320235327e-03, 7.3410e+01, 6.1531e+00, 
 1DIAGNOSTIC,    10, -8.917155265808e-01, 1.785777974874e-03, 7.9589e+01, 6.1788e+00, 
 1DIAGNOSTIC,    11, -8.929991126060e-01, 1.283499528654e-03, 8.5781e+01, 6.1927e+00, 
 1DIAGNOSTIC,    12, -8.943320512772e-01, 9.462336311117e-04, 9.1946e+01, 6.1644e+00, 
 1DIAGNOSTIC,    13, -8.951497077942e-01, 7.158442167565e-04, 9.8095e+01, 6.1491e+00, 
 1DIAGNOSTIC,    14, -8.961150646210e-01, 5.502944695763e-04, 1.0427e+02, 6.1779e+00, 
 1DIAGNOSTIC,    15, -8.967301249504e-01, 4.272485093679e-04, 1.1044e+02, 6.1654e+00, 
 1DIAGNOSTIC,    16, -8.974383473396e-01, 3.398167900741e-04, 1.1661e+02, 6.1766e+00, 
 1DIAGNOSTIC,    17, -8.977674245834e-01, 2.658808080014e-04, 1.2280e+02, 6.1865e+00, 
 1DIAGNOSTIC,    18, -8.982595205307e-01, 2.121928409906e-04, 1.2892e+02, 6.1200e+00, 
 1DIAGNOSTIC,    19, -8.985906243324e-01, 1.672014186624e-04, 1.3510e+02, 6.1832e+00, 
 1DIAGNOSTIC,    20, -8.989769220352e-01, 1.368378871121e-04, 1.4128e+02, 6.1716e+00, 
 1DIAGNOSTIC,    21, -8.991973400116e-01, 1.092373786378e-04, 1.4745e+02, 6.1702e+00, 
 1DIAGNOSTIC,    22, -8.995457887650e-01, 9.215337195201e-05, 1.5360e+02, 6.1587e+00, 
 1DIAGNOSTIC,    23, -8.996872901917e-01, 7.618022209499e-05, 1.5976e+02, 6.1506e+00, 
 1DIAGNOSTIC,    24, -8.999570608139e-01, 6.680651131319e-05, 1.6599e+02, 6.2352e+00, 
 1DIAGNOSTIC,    25, -8.999234437943e-01, 5.322890501702e-05, 1.7225e+02, 6.2608e+00, 
 1DIAGNOSTIC,    26, -8.999342918396e-01, 4.080593862454e-05, 1.7844e+02, 6.1912e+00, 
 1DIAGNOSTIC,    27, -9.000320434570e-01, 2.972891161335e-05, 1.8468e+02, 6.2349e+00, 
 1DIAGNOSTIC,    28, -9.000324010849e-01, 2.068694266200e-05, 1.9091e+02, 6.2343e+00, 
 1DIAGNOSTIC,    29, -9.000355005264e-01, 1.248313128599e-05, 1.9711e+02, 6.1947e+00, 
 1DIAGNOSTIC,    30, -9.001607894897e-01, 9.448925084143e-06, 2.0334e+02, 6.2340e+00, 
 1DIAGNOSTIC,    31, -9.001646041870e-01, 7.125826869014e-06, 2.0956e+02, 6.2246e+00, 
 1DIAGNOSTIC,    32, -9.001591205597e-01, 7.376391749858e-06, 2.1578e+02, 6.2129e+00, 
 1DIAGNOSTIC,    33, -9.003063440323e-01, 8.084324690572e-06, 2.2198e+02, 6.2065e+00, 
 1DIAGNOSTIC,    34, -9.002923965454e-01, 7.608931355207e-06, 2.2819e+02, 6.2012e+00, 
 1DIAGNOSTIC,    35, -9.003460407257e-01, 7.947845006129e-06, 2.3439e+02, 6.2058e+00, 
 1DIAGNOSTIC,    36, -9.005000591278e-01, 8.961364983406e-06, 2.4059e+02, 6.1959e+00, 
 1DIAGNOSTIC,    37, -9.004482626915e-01, 8.162064659700e-06, 2.4684e+02, 6.2552e+00, 
 1DIAGNOSTIC,    38, -9.004454612732e-01, 7.668550097151e-06, 2.5303e+02, 6.1881e+00, 
 1DIAGNOSTIC,    39, -9.005640149117e-01, 7.459294465662e-06, 2.5926e+02, 6.2266e+00, 
 1DIAGNOSTIC,    40, -9.006645679474e-01, 7.146675216063e-06, 2.6549e+02, 6.2284e+00, 
 1DIAGNOSTIC,    41, -9.006396532059e-01, 7.142017693695e-06, 2.7172e+02, 6.2320e+00, 
 1DIAGNOSTIC,    42, -9.007671475410e-01, 7.332247605518e-06, 2.7792e+02, 6.2054e+00, 
 1DIAGNOSTIC,    43, -9.007351994514e-01, 6.671668870695e-06, 2.8412e+02, 6.1986e+00, 
 1DIAGNOSTIC,    44, -9.007147550583e-01, 6.392451723514e-06, 2.9036e+02, 6.2377e+00, 
 1DIAGNOSTIC,    45, -9.007182121277e-01, 4.916183570458e-06, 2.9656e+02, 6.2031e+00, 
 1DIAGNOSTIC,    46, -9.008820056915e-01, 4.242757768225e-06, 3.0277e+02, 6.2096e+00, 
 1DIAGNOSTIC,    47, -9.008852243423e-01, 4.070808245160e-06, 3.0899e+02, 6.2222e+00, 
 1DIAGNOSTIC,    48, -9.008997082710e-01, 4.426458417583e-06, 3.1520e+02, 6.2103e+00, 
 1DIAGNOSTIC,    49, -9.009072184563e-01, 4.064886979904e-06, 3.2145e+02, 6.2503e+00, 
 1DIAGNOSTIC,    50, -9.009168148041e-01, 4.273706963431e-06, 3.2771e+02, 6.2508e+00, 
 1DIAGNOSTIC,    51, -9.008768796921e-01, 3.406558107599e-06, 3.3391e+02, 6.2048e+00, 
 1DIAGNOSTIC,    52, -9.008888006210e-01, 2.149083911718e-06, 3.4016e+02, 6.2456e+00, 
 1DIAGNOSTIC,    53, -9.009136557579e-01, 9.084944849747e-07, 3.4638e+02, 6.2265e+00, 
 1DIAGNOSTIC,    54, -9.009038209915e-01, 8.019914616852e-07, 3.5261e+02, 6.2267e+00, 
 1DIAGNOSTIC,    55, -9.009397029877e-01, 9.774851150723e-07, 3.5876e+02, 6.1503e+00, 
 1DIAGNOSTIC,    56, -9.008823633194e-01, 7.998010573829e-07, 3.6497e+02, 6.2060e+00, 
 1DIAGNOSTIC,    57, -9.009435176849e-01, 1.084493419512e-06, 3.7123e+02, 6.2673e+00, 
 1DIAGNOSTIC,    58, -9.009643197060e-01, 1.496199502071e-06, 3.7743e+02, 6.1932e+00, 
 1DIAGNOSTIC,    59, -9.009963274002e-01, 1.721875378280e-06, 3.8367e+02, 6.2449e+00, 
 1DIAGNOSTIC,    60, -9.009602665901e-01, 1.629102257539e-06, 3.8990e+02, 6.2330e+00, 
 1DIAGNOSTIC,    61, -9.009887576103e-01, 1.740371658343e-06, 3.9613e+02, 6.2215e+00, 
 1DIAGNOSTIC,    62, -9.010063409805e-01, 1.707674186946e-06, 4.0239e+02, 6.2660e+00, 
 1DIAGNOSTIC,    63, -9.009840488434e-01, 1.611734433027e-06, 4.0857e+02, 6.1827e+00, 
 1DIAGNOSTIC,    64, -9.010143280029e-01, 1.212256165672e-06, 4.1485e+02, 6.2711e+00, 
 1DIAGNOSTIC,    65, -9.010764360428e-01, 1.466865455768e-06, 4.2111e+02, 6.2607e+00, 
 1DIAGNOSTIC,    66, -9.010553956032e-01, 1.569053324602e-06, 4.2727e+02, 6.1608e+00, 
 1DIAGNOSTIC,    67, -9.010947346687e-01, 1.959627070391e-06, 4.3344e+02, 6.1722e+00, 
 1DIAGNOSTIC,    68, -9.011490941048e-01, 2.225659045507e-06, 4.3961e+02, 6.1718e+00, 
 1DIAGNOSTIC,    69, -9.011217951775e-01, 2.229420260846e-06, 4.4575e+02, 6.1375e+00, 
 1DIAGNOSTIC,    70, -9.011599421501e-01, 2.314201310583e-06, 4.5184e+02, 6.0946e+00, 
 1DIAGNOSTIC,    71, -9.012470245361e-01, 2.482003310433e-06, 4.5806e+02, 6.2153e+00, 
 1DIAGNOSTIC,    72, -9.012097120285e-01, 2.297686478414e-06, 4.6421e+02, 6.1544e+00, 
 1DIAGNOSTIC,    73, -9.012562632561e-01, 2.462050133545e-06, 4.7037e+02, 6.1540e+00, 
 1DIAGNOSTIC,    74, -9.012925624847e-01, 2.402541667834e-06, 4.7653e+02, 6.1675e+00, 
 1DIAGNOSTIC,    75, -9.012627005577e-01, 2.095221134368e-06, 4.8265e+02, 6.1110e+00, 
 1DIAGNOSTIC,    76, -9.012742638588e-01, 1.917957888509e-06, 4.8875e+02, 6.1081e+00, 
 1DIAGNOSTIC,    77, -9.012780189514e-01, 1.411776224813e-06, 4.9492e+02, 6.1717e+00, 
 1DIAGNOSTIC,    78, -9.013200402260e-01, 1.167878167507e-06, 5.0105e+02, 6.1277e+00, 
 1DIAGNOSTIC,    79, -9.013105630875e-01, 1.222555511049e-06, 5.0720e+02, 6.1498e+00, 
 1DIAGNOSTIC,    80, -9.013317823410e-01, 1.092357706511e-06, 5.1331e+02, 6.1120e+00, 
XXDIAGNOSTIC,Iteration,metricValue,convergenceValue,ITERATION_TIME_INDEX,SINCE_LAST
 1DIAGNOSTIC,     1, -8.583322167397e-01, inf, 5.7051e+02, 5.7199e+01, 
 1DIAGNOSTIC,     2, -8.602550029755e-01, inf, 6.2790e+02, 5.7383e+01, 
 1DIAGNOSTIC,     3, -8.629922866821e-01, inf, 6.8514e+02, 5.7246e+01, 
 1DIAGNOSTIC,     4, -8.653434514999e-01, inf, 7.4253e+02, 5.7385e+01, 
 1DIAGNOSTIC,     5, -8.673872947693e-01, inf, 7.9970e+02, 5.7174e+01, 
 1DIAGNOSTIC,     6, -8.692624568939e-01, inf, 8.5700e+02, 5.7298e+01, 
 1DIAGNOSTIC,     7, -8.709817528725e-01, inf, 9.1476e+02, 5.7763e+01, 
 1DIAGNOSTIC,     8, -8.725173473358e-01, 1.375915016979e-03, 9.7214e+02, 5.7374e+01, 
 1DIAGNOSTIC,     9, -8.738751411438e-01, 1.133746816777e-03, 1.0297e+03, 5.7573e+01, 
 1DIAGNOSTIC,    10, -8.750767707825e-01, 9.110404062085e-04, 1.0873e+03, 5.7606e+01, 
 1DIAGNOSTIC,    11, -8.762133121490e-01, 7.450075354427e-04, 1.1450e+03, 5.7663e+01, 
 1DIAGNOSTIC,    12, -8.772429823875e-01, 6.164636579342e-04, 1.2023e+03, 5.7366e+01, 
 1DIAGNOSTIC,    13, -8.781570196152e-01, 5.129833007231e-04, 1.2597e+03, 5.7398e+01, 
 1DIAGNOSTIC,    14, -8.789802789688e-01, 4.296075785533e-04, 1.3173e+03, 5.7595e+01, 
 1DIAGNOSTIC,    15, -8.797457218170e-01, 3.631247964222e-04, 1.3747e+03, 5.7342e+01, 
 1DIAGNOSTIC,    16, -8.804711103439e-01, 3.101011097897e-04, 1.4322e+03, 5.7525e+01, 
 1DIAGNOSTIC,    17, -8.811640739441e-01, 2.675648720469e-04, 1.4897e+03, 5.7462e+01, 
 1DIAGNOSTIC,    18, -8.818048238754e-01, 2.325804671273e-04, 1.5469e+03, 5.7258e+01, 
 1DIAGNOSTIC,    19, -8.823692798615e-01, 2.038519887719e-04, 1.6047e+03, 5.7801e+01, 
 1DIAGNOSTIC,    20, -8.829093575478e-01, 1.801846083254e-04, 1.6619e+03, 5.7182e+01, 
 1DIAGNOSTIC,    21, -8.834272623062e-01, 1.601483236300e-04, 1.7195e+03, 5.7581e+01, 
 1DIAGNOSTIC,    22, -8.839188218117e-01, 1.427822862752e-04, 1.7769e+03, 5.7444e+01, 
 1DIAGNOSTIC,    23, -8.843720555305e-01, 1.275485265069e-04, 1.8347e+03, 5.7743e+01, 
 1DIAGNOSTIC,    24, -8.848739266396e-01, 1.156239595730e-04, 1.8920e+03, 5.7320e+01, 
 1DIAGNOSTIC,    25, -8.853845596313e-01, 1.071504229913e-04, 1.9489e+03, 5.6949e+01, 
 1DIAGNOSTIC,    26, -8.858090043068e-01, 1.001923810691e-04, 2.0063e+03, 5.7360e+01, 
 1DIAGNOSTIC,    27, -8.861966133118e-01, 9.335466165794e-05, 2.0633e+03, 5.7029e+01, 
 1DIAGNOSTIC,    28, -8.865628242493e-01, 8.638269355288e-05, 2.1204e+03, 5.7067e+01, 
 1DIAGNOSTIC,    29, -8.869057893753e-01, 7.917757466203e-05, 2.1775e+03, 5.7080e+01, 
 1DIAGNOSTIC,    30, -8.872029185295e-01, 7.147160795284e-05, 2.2344e+03, 5.6908e+01, 
 1DIAGNOSTIC,    31, -8.874613046646e-01, 6.306936120382e-05, 2.2915e+03, 5.7117e+01, 
 1DIAGNOSTIC,    32, -8.876625895500e-01, 5.479809988174e-05, 2.3484e+03, 5.6941e+01, 
 1DIAGNOSTIC,    33, -8.878247737885e-01, 4.722001176560e-05, 2.4052e+03, 5.6726e+01, 
 1DIAGNOSTIC,    34, -8.880101442337e-01, 4.041185457027e-05, 2.4625e+03, 5.7294e+01, 
 1DIAGNOSTIC,    35, -8.881596326828e-01, 3.427018600632e-05, 2.5193e+03, 5.6829e+01, 
 1DIAGNOSTIC,    36, -8.884027600288e-01, 3.029317304026e-05, 2.5765e+03, 5.7169e+01, 
 1DIAGNOSTIC,    37, -8.886048793793e-01, 2.804002542689e-05, 2.6334e+03, 5.6954e+01, 
 1DIAGNOSTIC,    38, -8.887785673141e-01, 2.682445301616e-05, 2.6902e+03, 5.6738e+01, 
 1DIAGNOSTIC,    39, -8.889372944832e-01, 2.609369039419e-05, 2.7474e+03, 5.7214e+01, 
 1DIAGNOSTIC,    40, -8.890880346298e-01, 2.515392225177e-05, 2.8043e+03, 5.6979e+01, 
  Elapsed time (stage 2): 2805


Total elapsed time: 2810
Using double precision for computations.
Input scalar image: 0x7ff43e6525e8
Could not create ImageIO for the input file, assuming dimension = 3 and scalar pixel type
Reference image: 0x7ff43e652648
=============================================================================
The composite transform comprises the following transforms (in order): 
  1. /resnick/groups/Proberlab/yun/lightsheet/analysis_output/registration/hcrt-trpv1_huc-h2b-g8m_csn_120min/251210_hcrt-trpv1_huc-h2b-g8m_csn_10uM_fish1/expt_to_mean_affine.mat (type = AffineTransform)
  2. /resnick/groups/Proberlab/yun/lightsheet/analysis_output/registration/hcrt-trpv1_huc-h2b-g8m_csn_120min/251210_hcrt-trpv1_huc-h2b-g8m_csn_10uM_fish1/expt_to_mean_warp.nii.gz (type = DisplacementFieldTransform)
=============================================================================
Default pixel value: 0
Interpolation type: WindowedSincInterpolateImageFunction
Output warped image: 0x7ff43e652668
✅ TMPDIR=/resnick/scratch/yun/tmp_ants | ITK threads=14

Loading template brain: /resnick/groups/Proberlab/yun/lightsheet/analysis_output/registration/template_260514_hcrt-trpv1_csn_fish1.nii.gz
Template shape=(280, 544, 40), spacing=(1.5199999809265137, 1.5199999809265137, 6.25)

============================================================
  Registering: 251210_hcrt-trpv1_huc-h2b-g8m_csn_10uM_fish1
  proj_ID:     hcrt-trpv1_huc-h2b-g8m_csn_120min
============================================================
Loading volume mean (moving)...
Raw HDF5 shape (Z, X, Y): (40, 300, 552)
Transposed shape (X, Y, Z): (300, 552, 40)
Rotated shape (X, Y, Z): (300, 552, 40)
ANTsImage (RAI)
	 Pixel Type : float (float32)
	 Components : 1
	 Dimensions : (300, 552, 40)
	 Spacing    : (1.52, 1.52, 6.25)
	 Origin     : (0.0, 0.0, 0.0)
	 Direction  : [1. 0. 0. 0. 1. 0. 0. 0. 1.]

  [atlas] spacing=(1.5199999809265137, 1.5199999809265137, 6.25) origin=(424.0799946784973, 825.3599896430969, 243.75)
  [mov  ] spacing=(1.52, 1.52, 6.25) origin=(454.48, 837.52, 243.75)
Resampling to (3.0, 3.0, 3.0) µm...
Running SyN...
antsRegistration -d 3 -r /resnick/scratch/yun/tmp_ants/tmptcrq3k8d.mat -m MI[0x7ff43e652528,0x7ff43e6525c8,1,32,regular,0.2] -t Rigid[0.25] -c 2100x1200x1200x0 -s 3x2x1x0 -f 4x2x2x1 -x [NA,NA] -m MI[0x7ff43e652528,0x7ff43e6525c8,1,32,regular,0.2] -t Affine[0.25] -c 2100x1200x1200x0 -s 3x2x1x0 -f 4x2x2x1 -x [NA,NA] -m CC[0x7ff43e652528,0x7ff43e6525c8,1,32] -t SyN[0.200000,3.000000,0.000000] -c [120x80x40x0,1e-7,8] -s 3x2x1x0 -f 8x4x2x1 -u 1 -z 1 -o [/resnick/scratch/yun/tmp_ants/tmply_gmwq0,0x7ff43e652608,0x7ff43e6525a8] -x [0x7ff43e652628,0x7ff43e652668] --float 1 --write-composite-transform 0 -v 1
SyN warp field saved: /resnick/groups/Proberlab/yun/lightsheet/analysis_output/registration/hcrt-trpv1_huc-h2b-g8m_csn_120min/251210_hcrt-trpv1_huc-h2b-g8m_csn_10uM_fish1/expt_to_mean_warp.nii.gz
SyN affine transform saved: /resnick/groups/Proberlab/yun/lightsheet/analysis_output/registration/hcrt-trpv1_huc-h2b-g8m_csn_120min/251210_hcrt-trpv1_huc-h2b-g8m_csn_10uM_fish1/expt_to_mean_affine.mat
Applying composite transform at full resolution...
['-d', '3', '-i', '0x7ff43e6525e8', '-o', '0x7ff43e652668', '-r', '0x7ff43e652648', '-n', 'welchWindowedSinc', '-t', '/resnick/groups/Proberlab/yun/lightsheet/analysis_output/registration/hcrt-trpv1_huc-h2b-g8m_csn_120min/251210_hcrt-trpv1_huc-h2b-g8m_csn_10uM_fish1/expt_to_mean_warp.nii.gz', '-t', '/resnick/groups/Proberlab/yun/lightsheet/analysis_output/registration/hcrt-trpv1_huc-h2b-g8m_csn_120min/251210_hcrt-trpv1_huc-h2b-g8m_csn_10uM_fish1/expt_to_mean_affine.mat']
✅ Registered image saved: /resnick/groups/Proberlab/yun/lightsheet/analysis_output/registration/hcrt-trpv1_huc-h2b-g8m_csn_120min/251210_hcrt-trpv1_huc-h2b-g8m_csn_10uM_fish1/expt_to_mean_registered_final.nii.gz
Saving QC overlay...
  ✅ QC overlay saved: /resnick/groups/Proberlab/yun/lightsheet/analysis_output/registration/hcrt-trpv1_huc-h2b-g8m_csn_120min/251210_hcrt-trpv1_huc-h2b-g8m_csn_10uM_fish1/qc_registration_overlay.pdf

=== Registration complete: 251210_hcrt-trpv1_huc-h2b-g8m_csn_10uM_fish1 ===
