 bad det -1 v 1 u -1
 bad det -1 v 1 u -1 new 1
All_Command_lines_OK
Using single precision for computations.
=============================================================================
The composite transform comprises the following transforms (in order): 
  1. /resnick/scratch/yun/tmp_ants/tmpnr2m5__b.mat (type = AffineTransform)
=============================================================================
  Reading mask(s).
    Registration stage 0
      No fixed mask
      No moving mask
    Registration stage 1
      No fixed mask
      No moving mask
    Registration stage 2
      Fixed mask = 0x7f6901924828
      Moving mask = 0x7f6901924868
  number of levels = 4
  number of levels = 4
  number of levels = 4
  fixed image: 0x7f6901924728
  moving image: 0x7f69019247c8
  fixed image: 0x7f6901924728
  moving image: 0x7f69019247c8
  fixed image: 0x7f6901924728
  moving image: 0x7f69019247c8
Dimension = 3
Number of stages = 3
Use histogram matching = true
Winsorize image intensities = false
  Lower quantile = 0
  Upper quantile = 1


Stage 1 State
   Image metric = MattesMI
     Fixed image = Image (0x5907660)
  RTTI typeinfo:   itk::Image<float, 3u>
  Reference Count: 2
  Modified Time: 1474173
  Debug: Off
  Object Name: 
  Observers: 
    none
  Source: (none)
  Source output name: (none)
  Release Data: Off
  Data Released: False
  Global Release Data: Off
  PipelineMTime: 0
  UpdateMTime: 1474145
  RealTimeStamp: 0 seconds 
  LargestPossibleRegion: 
    Dimension: 3
    Index: [0, 0, 0]
    Size: [152, 286, 83]
  BufferedRegion: 
    Dimension: 3
    Index: [0, 0, 0]
    Size: [152, 286, 83]
  RequestedRegion: 
    Dimension: 3
    Index: [0, 0, 0]
    Size: [152, 286, 83]
  Spacing: [3, 3, 3]
  Origin: [454.48, 855.76, 243.75]
  Direction: 
-1 0 0
0 -1 0
0 0 -1

  IndexToPointMatrix: 
-3 0 0
0 -3 0
0 0 -3

  PointToIndexMatrix: 
-0.333333 0 0
0 -0.333333 0
0 0 -0.333333

  Inverse Direction: 
-1 0 0
0 -1 0
0 0 -1

  PixelContainer: 
    ImportImageContainer (0x59c1190)
      RTTI typeinfo:   itk::ImportImageContainer<unsigned long, float>
      Reference Count: 1
      Modified Time: 1474143
      Debug: Off
      Object Name: 
      Observers: 
        none
      Pointer: 0x16453b70
      Container manages memory: true
      Size: 3608176
      Capacity: 3608176

     Moving image = Image (0x59151b0)
  RTTI typeinfo:   itk::Image<float, 3u>
  Reference Count: 2
  Modified Time: 1474174
  Debug: Off
  Object Name: 
  Observers: 
    none
  Source: (none)
  Source output name: (none)
  Release Data: Off
  Data Released: False
  Global Release Data: Off
  PipelineMTime: 0
  UpdateMTime: 1474171
  RealTimeStamp: 0 seconds 
  LargestPossibleRegion: 
    Dimension: 3
    Index: [0, 0, 0]
    Size: [144, 280, 83]
  BufferedRegion: 
    Dimension: 3
    Index: [0, 0, 0]
    Size: [144, 280, 83]
  RequestedRegion: 
    Dimension: 3
    Index: [0, 0, 0]
    Size: [144, 280, 83]
  Spacing: [3, 3, 3]
  Origin: [430.16, 837.52, 243.75]
  Direction: 
-1 0 0
0 -1 0
0 0 -1

  IndexToPointMatrix: 
-3 0 0
0 -3 0
0 0 -3

  PointToIndexMatrix: 
-0.333333 0 0
0 -0.333333 0
0 0 -0.333333

  Inverse Direction: 
-1 0 0
0 -1 0
0 0 -1

  PixelContainer: 
    ImportImageContainer (0x58f4d40)
      RTTI typeinfo:   itk::ImportImageContainer<unsigned long, float>
      Reference Count: 1
      Modified Time: 1474169
      Debug: Off
      Object Name: 
      Observers: 
        none
      Pointer: 0x17217540
      Container manages memory: true
      Size: 3346560
      Capacity: 3346560

     Weighting = 1
     Sampling strategy = regular
     Number of bins = 32
     Radius = 4
     Sampling percentage  = 0.2
   Transform = Rigid
     Gradient step = 0.25
     Update field sigma (voxel space) = 0
     Total field sigma (voxel space) = 0
     Update field time sigma = 0
     Total field time sigma  = 0
     Number of time indices = 0
     Number of time point samples = 0
Stage 2 State
   Image metric = MattesMI
     Fixed image = Image (0x58f70b0)
  RTTI typeinfo:   itk::Image<float, 3u>
  Reference Count: 2
  Modified Time: 1474227
  Debug: Off
  Object Name: 
  Observers: 
    none
  Source: (none)
  Source output name: (none)
  Release Data: Off
  Data Released: False
  Global Release Data: Off
  PipelineMTime: 0
  UpdateMTime: 1474199
  RealTimeStamp: 0 seconds 
  LargestPossibleRegion: 
    Dimension: 3
    Index: [0, 0, 0]
    Size: [152, 286, 83]
  BufferedRegion: 
    Dimension: 3
    Index: [0, 0, 0]
    Size: [152, 286, 83]
  RequestedRegion: 
    Dimension: 3
    Index: [0, 0, 0]
    Size: [152, 286, 83]
  Spacing: [3, 3, 3]
  Origin: [454.48, 855.76, 243.75]
  Direction: 
-1 0 0
0 -1 0
0 0 -1

  IndexToPointMatrix: 
-3 0 0
0 -3 0
0 0 -3

  PointToIndexMatrix: 
-0.333333 0 0
0 -0.333333 0
0 0 -0.333333

  Inverse Direction: 
-1 0 0
0 -1 0
0 0 -1

  PixelContainer: 
    ImportImageContainer (0x5650cb0)
      RTTI typeinfo:   itk::ImportImageContainer<unsigned long, float>
      Reference Count: 1
      Modified Time: 1474197
      Debug: Off
      Object Name: 
      Observers: 
        none
      Pointer: 0x17edb750
      Container manages memory: true
      Size: 3608176
      Capacity: 3608176

     Moving image = Image (0x58f3330)
  RTTI typeinfo:   itk::Image<float, 3u>
  Reference Count: 2
  Modified Time: 1474228
  Debug: Off
  Object Name: 
  Observers: 
    none
  Source: (none)
  Source output name: (none)
  Release Data: Off
  Data Released: False
  Global Release Data: Off
  PipelineMTime: 0
  UpdateMTime: 1474225
  RealTimeStamp: 0 seconds 
  LargestPossibleRegion: 
    Dimension: 3
    Index: [0, 0, 0]
    Size: [144, 280, 83]
  BufferedRegion: 
    Dimension: 3
    Index: [0, 0, 0]
    Size: [144, 280, 83]
  RequestedRegion: 
    Dimension: 3
    Index: [0, 0, 0]
    Size: [144, 280, 83]
  Spacing: [3, 3, 3]
  Origin: [430.16, 837.52, 243.75]
  Direction: 
-1 0 0
0 -1 0
0 0 -1

  IndexToPointMatrix: 
-3 0 0
0 -3 0
0 0 -3

  PointToIndexMatrix: 
-0.333333 0 0
0 -0.333333 0
0 0 -0.333333

  Inverse Direction: 
-1 0 0
0 -1 0
0 0 -1

  PixelContainer: 
    ImportImageContainer (0x58ec4a0)
      RTTI typeinfo:   itk::ImportImageContainer<unsigned long, float>
      Reference Count: 1
      Modified Time: 1474223
      Debug: Off
      Object Name: 
      Observers: 
        none
      Pointer: 0x18c9f120
      Container manages memory: true
      Size: 3346560
      Capacity: 3346560

     Weighting = 1
     Sampling strategy = regular
     Number of bins = 32
     Radius = 4
     Sampling percentage  = 0.2
   Transform = Affine
     Gradient step = 0.25
     Update field sigma (voxel space) = 0
     Total field sigma (voxel space) = 0
     Update field time sigma = 0
     Total field time sigma  = 0
     Number of time indices = 0
     Number of time point samples = 0
Stage 3 State
   Image metric = CC
     Fixed image = Image (0x59a0ac0)
  RTTI typeinfo:   itk::Image<float, 3u>
  Reference Count: 2
  Modified Time: 1474281
  Debug: Off
  Object Name: 
  Observers: 
    none
  Source: (none)
  Source output name: (none)
  Release Data: Off
  Data Released: False
  Global Release Data: Off
  PipelineMTime: 0
  UpdateMTime: 1474253
  RealTimeStamp: 0 seconds 
  LargestPossibleRegion: 
    Dimension: 3
    Index: [0, 0, 0]
    Size: [152, 286, 83]
  BufferedRegion: 
    Dimension: 3
    Index: [0, 0, 0]
    Size: [152, 286, 83]
  RequestedRegion: 
    Dimension: 3
    Index: [0, 0, 0]
    Size: [152, 286, 83]
  Spacing: [3, 3, 3]
  Origin: [454.48, 855.76, 243.75]
  Direction: 
-1 0 0
0 -1 0
0 0 -1

  IndexToPointMatrix: 
-3 0 0
0 -3 0
0 0 -3

  PointToIndexMatrix: 
-0.333333 0 0
0 -0.333333 0
0 0 -0.333333

  Inverse Direction: 
-1 0 0
0 -1 0
0 0 -1

  PixelContainer: 
    ImportImageContainer (0x5910040)
      RTTI typeinfo:   itk::ImportImageContainer<unsigned long, float>
      Reference Count: 1
      Modified Time: 1474251
      Debug: Off
      Object Name: 
      Observers: 
        none
      Pointer: 0x19963330
      Container manages memory: true
      Size: 3608176
      Capacity: 3608176

     Moving image = Image (0x59a0790)
  RTTI typeinfo:   itk::Image<float, 3u>
  Reference Count: 2
  Modified Time: 1474282
  Debug: Off
  Object Name: 
  Observers: 
    none
  Source: (none)
  Source output name: (none)
  Release Data: Off
  Data Released: False
  Global Release Data: Off
  PipelineMTime: 0
  UpdateMTime: 1474279
  RealTimeStamp: 0 seconds 
  LargestPossibleRegion: 
    Dimension: 3
    Index: [0, 0, 0]
    Size: [144, 280, 83]
  BufferedRegion: 
    Dimension: 3
    Index: [0, 0, 0]
    Size: [144, 280, 83]
  RequestedRegion: 
    Dimension: 3
    Index: [0, 0, 0]
    Size: [144, 280, 83]
  Spacing: [3, 3, 3]
  Origin: [430.16, 837.52, 243.75]
  Direction: 
-1 0 0
0 -1 0
0 0 -1

  IndexToPointMatrix: 
-3 0 0
0 -3 0
0 0 -3

  PointToIndexMatrix: 
-0.333333 0 0
0 -0.333333 0
0 0 -0.333333

  Inverse Direction: 
-1 0 0
0 -1 0
0 0 -1

  PixelContainer: 
    ImportImageContainer (0x59173a0)
      RTTI typeinfo:   itk::ImportImageContainer<unsigned long, float>
      Reference Count: 1
      Modified Time: 1474277
      Debug: Off
      Object Name: 
      Observers: 
        none
      Pointer: 0x1a726d00
      Container manages memory: true
      Size: 3346560
      Capacity: 3346560

     Weighting = 1
     Sampling strategy = none
     Number of bins = 32
     Radius = 32
     Sampling percentage  = 1
   Transform = SyN
     Gradient step = 0.2
     Update field sigma (voxel space) = 3
     Total field sigma (voxel space) = 0
     Update field time sigma = 0
     Total field time sigma  = 0
     Number of time indices = 0
     Number of time point samples = 0
Registration using 3 total stages.

Stage 0
  iterations = 2100x1200x1200x0
  convergence threshold = 1e-06
  convergence window size = 10
  number of levels = 4
  using the Mattes MI metric (number of bins = 32, weight = 1, use gradient filter = 0)
  preprocessing:  histogram matching the images
  Shrink factors (level 1 out of 4): [4, 4, 4]
  Shrink factors (level 2 out of 4): [2, 2, 2]
  Shrink factors (level 3 out of 4): [2, 2, 2]
  Shrink factors (level 4 out of 4): [1, 1, 1]
  smoothing sigmas per level: [3, 2, 1, 0]
  regular sampling (percentage = 0.2)

*** Running Euler3DTransform registration ***

DIAGNOSTIC,Iteration,metricValue,convergenceValue,ITERATION_TIME_INDEX,SINCE_LAST
 2DIAGNOSTIC,     1, -9.610664248466e-01, inf, 9.0776e-02, 9.0776e-02, 
 2DIAGNOSTIC,     2, -9.625697135925e-01, inf, 9.5323e-02, 4.5469e-03, 
 2DIAGNOSTIC,     3, -9.658212661743e-01, inf, 9.9615e-02, 4.2920e-03, 
 2DIAGNOSTIC,     4, -9.704620838165e-01, inf, 1.0439e-01, 4.7741e-03, 
 2DIAGNOSTIC,     5, -9.756773710251e-01, inf, 1.0864e-01, 4.2541e-03, 
 2DIAGNOSTIC,     6, -9.807815551758e-01, inf, 1.1287e-01, 4.2269e-03, 
 2DIAGNOSTIC,     7, -9.855898022652e-01, inf, 1.1759e-01, 4.7240e-03, 
 2DIAGNOSTIC,     8, -9.939365983009e-01, inf, 1.2179e-01, 4.1928e-03, 
 2DIAGNOSTIC,     9, -1.001527547836e+00, inf, 1.2605e-01, 4.2610e-03, 
 2DIAGNOSTIC,    10, -1.018404006958e+00, 3.449212061241e-03, 1.3556e-01, 9.5160e-03, 
 2DIAGNOSTIC,    11, -1.041769623756e+00, 4.093292634934e-03, 1.4141e-01, 5.8451e-03, 
 2DIAGNOSTIC,    12, -1.059415578842e+00, 4.699758253992e-03, 1.4695e-01, 5.5420e-03, 
 2DIAGNOSTIC,    13, -1.058809280396e+00, 4.840750247240e-03, 1.5127e-01, 4.3240e-03, 
 2DIAGNOSTIC,    14, -1.058309674263e+00, 4.614607430995e-03, 1.5756e-01, 6.2890e-03, 
 2DIAGNOSTIC,    15, -1.058294057846e+00, 4.097482189536e-03, 1.6225e-01, 4.6909e-03, 
 2DIAGNOSTIC,    16, -1.058296918869e+00, 3.355697728693e-03, 1.6713e-01, 4.8740e-03, 
 2DIAGNOSTIC,    17, -1.058203697205e+00, 2.470806706697e-03, 1.7173e-01, 4.6031e-03, 
 2DIAGNOSTIC,    18, -1.057885527611e+00, 1.590780680999e-03, 1.7682e-01, 5.0900e-03, 
 2DIAGNOSTIC,    19, -1.057358860970e+00, 7.656410452910e-04, 1.8150e-01, 4.6821e-03, 
 2DIAGNOSTIC,    20, -1.057375669479e+00, 1.844881480793e-04, 1.8620e-01, 4.6990e-03, 
DIAGNOSTIC,Iteration,metricValue,convergenceValue,ITERATION_TIME_INDEX,SINCE_LAST
 2DIAGNOSTIC,     1, -9.953154325485e-01, inf, 2.9998e-01, 1.1378e-01, 
 2DIAGNOSTIC,     2, -9.959748983383e-01, inf, 3.2754e-01, 2.7560e-02, 
 2DIAGNOSTIC,     3, -9.964070320129e-01, inf, 3.5914e-01, 3.1597e-02, 
 2DIAGNOSTIC,     4, -9.968162775040e-01, inf, 3.8815e-01, 2.9015e-02, 
 2DIAGNOSTIC,     5, -9.969429373741e-01, inf, 4.1638e-01, 2.8231e-02, 
 2DIAGNOSTIC,     6, -9.972658753395e-01, inf, 4.4772e-01, 3.1341e-02, 
 2DIAGNOSTIC,     7, -9.972093105316e-01, inf, 4.7881e-01, 3.1086e-02, 
 2DIAGNOSTIC,     8, -9.973365068436e-01, inf, 5.1892e-01, 4.0112e-02, 
 2DIAGNOSTIC,     9, -9.972745776176e-01, inf, 5.5344e-01, 3.4514e-02, 
 2DIAGNOSTIC,    10, -9.972767829895e-01, 1.168402304756e-04, 5.9082e-01, 3.7380e-02, 
 2DIAGNOSTIC,    11, -9.972769618034e-01, 6.919471343281e-05, 6.2268e-01, 3.1866e-02, 
 2DIAGNOSTIC,    12, -9.972771406174e-01, 3.905188350473e-05, 6.5640e-01, 3.3714e-02, 
 2DIAGNOSTIC,    13, -9.972757697105e-01, 1.956358028110e-05, 6.9118e-01, 3.4786e-02, 
 2DIAGNOSTIC,    14, -9.972755312920e-01, 9.633321496949e-06, 7.2282e-01, 3.1638e-02, 
 2DIAGNOSTIC,    15, -9.972755312920e-01, 2.616827487145e-06, 7.5468e-01, 3.1860e-02, 
 2DIAGNOSTIC,    16, -9.972750544548e-01, 2.215157110186e-06, 7.8732e-01, 3.2639e-02, 
DIAGNOSTIC,Iteration,metricValue,convergenceValue,ITERATION_TIME_INDEX,SINCE_LAST
 2DIAGNOSTIC,     1, -9.370232224464e-01, inf, 9.0965e-01, 1.2233e-01, 
 2DIAGNOSTIC,     2, -9.376163482666e-01, inf, 9.3792e-01, 2.8267e-02, 
 2DIAGNOSTIC,     3, -9.384835362434e-01, inf, 9.6500e-01, 2.7084e-02, 
 2DIAGNOSTIC,     4, -9.390903115273e-01, inf, 9.9399e-01, 2.8988e-02, 
 2DIAGNOSTIC,     5, -9.392927289009e-01, inf, 1.0230e+00, 2.9015e-02, 
 2DIAGNOSTIC,     6, -9.397181272507e-01, inf, 1.0657e+00, 4.2647e-02, 
 2DIAGNOSTIC,     7, -9.396744370461e-01, inf, 1.0958e+00, 3.0111e-02, 
 2DIAGNOSTIC,     8, -9.396834969521e-01, inf, 1.1247e+00, 2.8963e-02, 
 2DIAGNOSTIC,     9, -9.397290349007e-01, inf, 1.1569e+00, 3.2185e-02, 
 2DIAGNOSTIC,    10, -9.397785067558e-01, 1.783197949408e-04, 1.1855e+00, 2.8578e-02, 
 2DIAGNOSTIC,    11, -9.398013949394e-01, 1.112944009947e-04, 1.2202e+00, 3.4714e-02, 
 2DIAGNOSTIC,    12, -9.398097991943e-01, 6.053386823623e-05, 1.2488e+00, 2.8618e-02, 
 2DIAGNOSTIC,    13, -9.398882985115e-01, 3.420422945055e-05, 1.2830e+00, 3.4135e-02, 
 2DIAGNOSTIC,    14, -9.398930668831e-01, 2.188250982726e-05, 1.3149e+00, 3.1950e-02, 
 2DIAGNOSTIC,    15, -9.398937225342e-01, 1.325432549493e-05, 1.3506e+00, 3.5739e-02, 
 2DIAGNOSTIC,    16, -9.398936033249e-01, 1.278004492633e-05, 1.3846e+00, 3.3938e-02, 
 2DIAGNOSTIC,    17, -9.398932456970e-01, 1.059605347109e-05, 1.4165e+00, 3.1962e-02, 
 2DIAGNOSTIC,    18, -9.398926496506e-01, 7.962822564878e-06, 1.4488e+00, 3.2247e-02, 
 2DIAGNOSTIC,    19, -9.398924708366e-01, 5.733282250731e-06, 1.4815e+00, 3.2722e-02, 
 2DIAGNOSTIC,    20, -9.398937821388e-01, 4.128297405259e-06, 1.5122e+00, 3.0714e-02, 
 2DIAGNOSTIC,    21, -9.398932456970e-01, 2.772483412627e-06, 1.5437e+00, 3.1486e-02, 
 2DIAGNOSTIC,    22, -9.398933053017e-01, 1.509485400675e-06, 1.5759e+00, 3.2187e-02, 
 2DIAGNOSTIC,    23, -9.398936629295e-01, 1.386263761560e-06, 1.6039e+00, 2.7997e-02, 
 2DIAGNOSTIC,    24, -9.398952722549e-01, 1.352898493678e-06, 1.6338e+00, 2.9876e-02, 
 2DIAGNOSTIC,    25, -9.398964047432e-01, 1.340452058685e-06, 1.6614e+00, 2.7588e-02, 
 2DIAGNOSTIC,    26, -9.398977160454e-01, 1.336441073363e-06, 1.6935e+00, 3.2185e-02, 
 2DIAGNOSTIC,    27, -9.398998022079e-01, 1.341922597931e-06, 1.7298e+00, 3.6288e-02, 
 2DIAGNOSTIC,    28, -9.398989677429e-01, 1.315875351793e-06, 1.7649e+00, 3.5104e-02, 
 2DIAGNOSTIC,    29, -9.398757219315e-01, 1.030303565130e-06, 1.7954e+00, 3.0437e-02, 
DIAGNOSTIC,Iteration,metricValue,convergenceValue,ITERATION_TIME_INDEX,SINCE_LAST
 2DIAGNOSTIC,     1, -8.816433548927e-01, inf, 2.1993e+00, 4.0391e-01, 
  Elapsed time (stage 0): 2.8445e+00


Stage 1
  iterations = 2100x1200x1200x0
  convergence threshold = 1.0000e-06
  convergence window size = 10
  number of levels = 4
  using the Mattes MI metric (number of bins = 32, weight = 1.0000e+00, use gradient filter = 0)
  preprocessing:  histogram matching the images
  Shrink factors (level 1 out of 4): [4, 4, 4]
  Shrink factors (level 2 out of 4): [2, 2, 2]
  Shrink factors (level 3 out of 4): [2, 2, 2]
  Shrink factors (level 4 out of 4): [1, 1, 1]
  smoothing sigmas per level: [3, 2, 1, 0]
  regular sampling (percentage = 2.0000e-01)

*** Running AffineTransform registration ***

DIAGNOSTIC,Iteration,metricValue,convergenceValue,ITERATION_TIME_INDEX,SINCE_LAST
 2DIAGNOSTIC,     1, -1.048810601234e+00, inf, 6.5292e-02, 6.5292e-02, 
 2DIAGNOSTIC,     2, -1.049961209297e+00, inf, 7.0619e-02, 5.3270e-03, 
 2DIAGNOSTIC,     3, -1.052880764008e+00, inf, 7.5387e-02, 4.7679e-03, 
 2DIAGNOSTIC,     4, -1.057196855545e+00, inf, 8.0249e-02, 4.8621e-03, 
 2DIAGNOSTIC,     5, -1.063093304634e+00, inf, 8.5132e-02, 4.8831e-03, 
 2DIAGNOSTIC,     6, -1.071073293686e+00, inf, 9.0015e-02, 4.8831e-03, 
 2DIAGNOSTIC,     7, -1.083907246590e+00, inf, 9.4848e-02, 4.8330e-03, 
 2DIAGNOSTIC,     8, -1.097051858902e+00, inf, 9.9921e-02, 5.0728e-03, 
 2DIAGNOSTIC,     9, -1.106075048447e+00, inf, 1.0509e-01, 5.1682e-03, 
 2DIAGNOSTIC,    10, -1.115152001381e+00, 4.239504691213e-03, 1.1322e-01, 8.1348e-03, 
 2DIAGNOSTIC,    11, -1.116131305695e+00, 4.144867416471e-03, 1.1830e-01, 5.0809e-03, 
 2DIAGNOSTIC,    12, -1.119069695473e+00, 3.784835571423e-03, 1.2418e-01, 5.8799e-03, 
 2DIAGNOSTIC,    13, -1.120714664459e+00, 3.229962894693e-03, 1.3056e-01, 6.3729e-03, 
 2DIAGNOSTIC,    14, -1.123570442200e+00, 2.595989732072e-03, 1.3684e-01, 6.2852e-03, 
 2DIAGNOSTIC,    15, -1.124201774597e+00, 1.925186719745e-03, 1.4272e-01, 5.8761e-03, 
 2DIAGNOSTIC,    16, -1.125227808952e+00, 1.309798099101e-03, 1.4783e-01, 5.1060e-03, 
 2DIAGNOSTIC,    17, -1.125482797623e+00, 8.463213453069e-04, 1.5344e-01, 5.6169e-03, 
 2DIAGNOSTIC,    18, -1.124885201454e+00, 5.362398806028e-04, 1.5915e-01, 5.7080e-03, 
 2DIAGNOSTIC,    19, -1.124497056007e+00, 3.248744178563e-04, 1.6418e-01, 5.0280e-03, 
 2DIAGNOSTIC,    20, -1.125036716461e+00, 2.297475439264e-04, 1.6914e-01, 4.9591e-03, 
 2DIAGNOSTIC,    21, -1.125643491745e+00, 1.413303543814e-04, 1.7620e-01, 7.0632e-03, 
 2DIAGNOSTIC,    22, -1.125615954399e+00, 8.194312249543e-05, 1.8160e-01, 5.3961e-03, 
 2DIAGNOSTIC,    23, -1.125861167908e+00, 4.116152558709e-05, 1.8751e-01, 5.9121e-03, 
 2DIAGNOSTIC,    24, -1.125562191010e+00, 2.765418139461e-05, 1.9284e-01, 5.3320e-03, 
 2DIAGNOSTIC,    25, -1.125252366066e+00, 1.573128247401e-05, 1.9773e-01, 4.8869e-03, 
 2DIAGNOSTIC,    26, -1.125307798386e+00, 1.385021550959e-05, 2.0327e-01, 5.5420e-03, 
 2DIAGNOSTIC,    27, -1.125347137451e+00, 1.380598314427e-05, 2.0860e-01, 5.3329e-03, 
 2DIAGNOSTIC,    28, -1.124922513962e+00, 3.373833578735e-06, 2.1409e-01, 5.4841e-03, 
DIAGNOSTIC,Iteration,metricValue,convergenceValue,ITERATION_TIME_INDEX,SINCE_LAST
 2DIAGNOSTIC,     1, -1.070184707642e+00, inf, 3.3571e-01, 1.2162e-01, 
 2DIAGNOSTIC,     2, -1.070367455482e+00, inf, 3.7239e-01, 3.6688e-02, 
 2DIAGNOSTIC,     3, -1.070314168930e+00, inf, 4.0905e-01, 3.6652e-02, 
 2DIAGNOSTIC,     4, -1.070140123367e+00, inf, 4.4504e-01, 3.5990e-02, 
 2DIAGNOSTIC,     5, -1.070144295692e+00, inf, 4.8251e-01, 3.7477e-02, 
 2DIAGNOSTIC,     6, -1.070138454437e+00, inf, 5.1642e-01, 3.3906e-02, 
 2DIAGNOSTIC,     7, -1.070239305496e+00, inf, 5.5318e-01, 3.6757e-02, 
 2DIAGNOSTIC,     8, -1.070228576660e+00, inf, 5.8869e-01, 3.5517e-02, 
 2DIAGNOSTIC,     9, -1.070249557495e+00, inf, 6.2242e-01, 3.3727e-02, 
 2DIAGNOSTIC,    10, -1.070292472839e+00, 2.915002596637e-06, 6.6029e-01, 3.7871e-02, 
 2DIAGNOSTIC,    11, -1.070259928703e+00, 3.045883431696e-06, 6.9727e-01, 3.6975e-02, 
 2DIAGNOSTIC,    12, -1.070282459259e+00, 7.676129825995e-06, 7.4129e-01, 4.4019e-02, 
 2DIAGNOSTIC,    13, -1.070285081863e+00, 1.019383307721e-05, 7.7909e-01, 3.7808e-02, 
 2DIAGNOSTIC,    14, -1.070276141167e+00, 8.189532309189e-06, 8.1687e-01, 3.7781e-02, 
 2DIAGNOSTIC,    15, -1.070214152336e+00, 4.909706149192e-06, 8.5621e-01, 3.9331e-02, 
 2DIAGNOSTIC,    16, -1.070206642151e+00, 1.551386958454e-06, 8.9404e-01, 3.7839e-02, 
DIAGNOSTIC,Iteration,metricValue,convergenceValue,ITERATION_TIME_INDEX,SINCE_LAST
 2DIAGNOSTIC,     1, -9.755822420120e-01, inf, 1.0271e+00, 1.3301e-01, 
 2DIAGNOSTIC,     2, -9.768519401550e-01, inf, 1.0591e+00, 3.2094e-02, 
 2DIAGNOSTIC,     3, -9.783490896225e-01, inf, 1.0919e+00, 3.2768e-02, 
 2DIAGNOSTIC,     4, -9.798848032951e-01, inf, 1.1259e+00, 3.4027e-02, 
 2DIAGNOSTIC,     5, -9.816113710403e-01, inf, 1.1586e+00, 3.2611e-02, 
 2DIAGNOSTIC,     6, -9.842971563339e-01, inf, 1.1917e+00, 3.3195e-02, 
 2DIAGNOSTIC,     7, -9.861205220222e-01, inf, 1.2245e+00, 3.2736e-02, 
 2DIAGNOSTIC,     8, -9.880348443985e-01, inf, 1.2685e+00, 4.4062e-02, 
 2DIAGNOSTIC,     9, -9.887521862984e-01, inf, 1.3097e+00, 4.1204e-02, 
 2DIAGNOSTIC,    10, -9.886934161186e-01, 9.766395669430e-04, 1.3419e+00, 3.2194e-02, 
 2DIAGNOSTIC,    11, -9.892639517784e-01, 8.167066844180e-04, 1.3765e+00, 3.4574e-02, 
 2DIAGNOSTIC,    12, -9.893473982811e-01, 6.420155405067e-04, 1.4109e+00, 3.4433e-02, 
 2DIAGNOSTIC,    13, -9.894075393677e-01, 4.708265769295e-04, 1.4466e+00, 3.5639e-02, 
 2DIAGNOSTIC,    14, -9.893861413002e-01, 3.129490069114e-04, 1.4781e+00, 3.1552e-02, 
 2DIAGNOSTIC,    15, -9.894212484360e-01, 1.812691334635e-04, 1.5107e+00, 3.2566e-02, 
 2DIAGNOSTIC,    16, -9.894980192184e-01, 9.900426084641e-05, 1.5463e+00, 3.5561e-02, 
 2DIAGNOSTIC,    17, -9.895678758621e-01, 4.874304795521e-05, 1.5785e+00, 3.2252e-02, 
 2DIAGNOSTIC,    18, -9.897405505180e-01, 3.296801878605e-05, 1.6177e+00, 3.9205e-02, 
 2DIAGNOSTIC,    19, -9.897216558456e-01, 2.667360786290e-05, 1.6497e+00, 3.2024e-02, 
 2DIAGNOSTIC,    20, -9.897116422653e-01, 1.753318611009e-05, 1.6815e+00, 3.1711e-02, 
 2DIAGNOSTIC,    21, -9.898550510406e-01, 1.756653182383e-05, 1.7177e+00, 3.6234e-02, 
 2DIAGNOSTIC,    22, -9.897688031197e-01, 1.595674439159e-05, 1.7492e+00, 3.1495e-02, 
 2DIAGNOSTIC,    23, -9.900086522102e-01, 1.692751357041e-05, 1.8022e+00, 5.2976e-02, 
 2DIAGNOSTIC,    24, -9.899993538857e-01, 1.593470915395e-05, 1.8358e+00, 3.3668e-02, 
 2DIAGNOSTIC,    25, -9.899952411652e-01, 1.404080376233e-05, 1.8704e+00, 3.4603e-02, 
 2DIAGNOSTIC,    26, -9.899696111679e-01, 1.167707068817e-05, 1.9067e+00, 3.6288e-02, 
 2DIAGNOSTIC,    27, -9.899867773056e-01, 9.381489689986e-06, 1.9453e+00, 3.8593e-02, 
 2DIAGNOSTIC,    28, -9.899305701256e-01, 7.656064553885e-06, 1.9831e+00, 3.7805e-02, 
 2DIAGNOSTIC,    29, -9.899309277534e-01, 5.263204457151e-06, 2.0198e+00, 3.6651e-02, 
 2DIAGNOSTIC,    30, -9.899076223373e-01, 2.303088876943e-06, 2.0553e+00, 3.5560e-02, 
DIAGNOSTIC,Iteration,metricValue,convergenceValue,ITERATION_TIME_INDEX,SINCE_LAST
 2DIAGNOSTIC,     1, -9.477998614311e-01, inf, 2.4879e+00, 4.3254e-01, 
  Elapsed time (stage 1): 3.1355e+00


Stage 2
  iterations = 120x80x40x0
  convergence threshold = 1.0000e-07
  convergence window size = 8
  number of levels = 4
  using the CC metric (radius = 32, weight = 1.0000e+00, use gradient filter = 0)
  preprocessing:  histogram matching the images
  Shrink factors (level 1 out of 4): [8, 8, 8]
  Shrink factors (level 2 out of 4): [4, 4, 4]
  Shrink factors (level 3 out of 4): [2, 2, 2]
  Shrink factors (level 4 out of 4): [1, 1, 1]
  smoothing sigmas per level: [3, 2, 1, 0]
  Using default NONE metricSamplingStrategy 

*** Running SyN registration (varianceForUpdateField = 3.0000e+00, varianceForTotalField = 0.0000e+00) ***

XXDIAGNOSTIC,Iteration,metricValue,convergenceValue,ITERATION_TIME_INDEX,SINCE_LAST
 1DIAGNOSTIC,     1, -9.045557975769e-01, inf, 8.7796e-01, 8.7796e-01, 
 1DIAGNOSTIC,     2, -9.239160418510e-01, inf, 1.6977e+00, 8.1969e-01, 
 1DIAGNOSTIC,     3, -9.342908859253e-01, inf, 2.5131e+00, 8.1546e-01, 
 1DIAGNOSTIC,     4, -9.402540922165e-01, inf, 3.3265e+00, 8.1335e-01, 
 1DIAGNOSTIC,     5, -9.441032409668e-01, inf, 4.1442e+00, 8.1777e-01, 
 1DIAGNOSTIC,     6, -9.462927579880e-01, inf, 4.9566e+00, 8.1236e-01, 
 1DIAGNOSTIC,     7, -9.477958083153e-01, inf, 5.7789e+00, 8.2228e-01, 
 1DIAGNOSTIC,     8, -9.489485621452e-01, 3.366818884388e-03, 6.5796e+00, 8.0075e-01, 
 1DIAGNOSTIC,     9, -9.496501684189e-01, 1.775589422323e-03, 7.3933e+00, 8.1366e-01, 
 1DIAGNOSTIC,    10, -9.496951103210e-01, 9.848007466644e-04, 8.2061e+00, 8.1286e-01, 
 1DIAGNOSTIC,    11, -9.498629570007e-01, 5.597146810032e-04, 9.0245e+00, 8.1838e-01, 
 1DIAGNOSTIC,    12, -9.500460624695e-01, 3.179170016665e-04, 9.8528e+00, 8.2830e-01, 
 1DIAGNOSTIC,    13, -9.502258300781e-01, 1.842311030487e-04, 1.0679e+01, 8.2650e-01, 
 1DIAGNOSTIC,    14, -9.504507780075e-01, 1.083693423425e-04, 1.1503e+01, 8.2345e-01, 
 1DIAGNOSTIC,    15, -9.506118297577e-01, 6.874847895233e-05, 1.2329e+01, 8.2604e-01, 
 1DIAGNOSTIC,    16, -9.507750272751e-01, 5.491327101481e-05, 1.3156e+01, 8.2718e-01, 
 1DIAGNOSTIC,    17, -9.508958458900e-01, 5.316111128195e-05, 1.3957e+01, 8.0150e-01, 
 1DIAGNOSTIC,    18, -9.511245489120e-01, 4.989951776224e-05, 1.4776e+01, 8.1885e-01, 
 1DIAGNOSTIC,    19, -9.512470960617e-01, 4.570421879180e-05, 1.5587e+01, 8.1057e-01, 
 1DIAGNOSTIC,    20, -9.514359235764e-01, 4.255286330590e-05, 1.6424e+01, 8.3727e-01, 
 1DIAGNOSTIC,    21, -9.514917731285e-01, 3.792702773353e-05, 1.7247e+01, 8.2244e-01, 
 1DIAGNOSTIC,    22, -9.515638947487e-01, 3.347803431097e-05, 1.8069e+01, 8.2195e-01, 
 1DIAGNOSTIC,    23, -9.515839815140e-01, 2.768267040665e-05, 1.8898e+01, 8.2976e-01, 
 1DIAGNOSTIC,    24, -9.516458511353e-01, 2.206222416135e-05, 1.9725e+01, 8.2649e-01, 
 1DIAGNOSTIC,    25, -9.516218304634e-01, 1.530188819743e-05, 2.0545e+01, 8.2037e-01, 
 1DIAGNOSTIC,    26, -9.514766335487e-01, 8.281340342364e-06, 2.1342e+01, 7.9645e-01, 
 1DIAGNOSTIC,    27, -9.514966011047e-01, 2.736964233918e-06, 2.2175e+01, 8.3336e-01, 
 1DIAGNOSTIC,    28, -9.515839219093e-01, 9.849832167674e-07, 2.2996e+01, 8.2089e-01, 
 1DIAGNOSTIC,    29, -9.515569210052e-01, -2.354961736728e-07, 2.3814e+01, 8.1793e-01, 
XXDIAGNOSTIC,Iteration,metricValue,convergenceValue,ITERATION_TIME_INDEX,SINCE_LAST
 1DIAGNOSTIC,     1, -9.307686090469e-01, inf, 3.1534e+01, 7.7201e+00, 
 1DIAGNOSTIC,     2, -9.353351593018e-01, inf, 3.9269e+01, 7.7355e+00, 
 1DIAGNOSTIC,     3, -9.389813542366e-01, inf, 4.6904e+01, 7.6351e+00, 
 1DIAGNOSTIC,     4, -9.414693117142e-01, inf, 5.4559e+01, 7.6546e+00, 
 1DIAGNOSTIC,     5, -9.432840347290e-01, inf, 6.2239e+01, 7.6797e+00, 
 1DIAGNOSTIC,     6, -9.447419047356e-01, inf, 6.9936e+01, 7.6974e+00, 
 1DIAGNOSTIC,     7, -9.458343982697e-01, inf, 7.7674e+01, 7.7375e+00, 
 1DIAGNOSTIC,     8, -9.467674493790e-01, 1.326250727288e-03, 8.5413e+01, 7.7393e+00, 
 1DIAGNOSTIC,     9, -9.476075172424e-01, 8.947156602517e-04, 9.3114e+01, 7.7010e+00, 
 1DIAGNOSTIC,    10, -9.482560157776e-01, 6.207869155332e-04, 1.0083e+02, 7.7141e+00, 
 1DIAGNOSTIC,    11, -9.488255381584e-01, 4.534403560683e-04, 1.0850e+02, 7.6727e+00, 
 1DIAGNOSTIC,    12, -9.493126869202e-01, 3.430609649513e-04, 1.1608e+02, 7.5807e+00, 
 1DIAGNOSTIC,    13, -9.496257305145e-01, 2.623955660965e-04, 1.2366e+02, 7.5759e+00, 
 1DIAGNOSTIC,    14, -9.499158859253e-01, 2.028506714851e-04, 1.3127e+02, 7.6102e+00, 
 1DIAGNOSTIC,    15, -9.502326846123e-01, 1.575491332915e-04, 1.3892e+02, 7.6491e+00, 
 1DIAGNOSTIC,    16, -9.504584670067e-01, 1.224769512191e-04, 1.4676e+02, 7.8404e+00, 
 1DIAGNOSTIC,    17, -9.506094455719e-01, 9.594167931937e-05, 1.5443e+02, 7.6685e+00, 
 1DIAGNOSTIC,    18, -9.508103132248e-01, 7.634770008735e-05, 1.6216e+02, 7.7391e+00, 
 1DIAGNOSTIC,    19, -9.510115385056e-01, 6.299078086158e-05, 1.6988e+02, 7.7113e+00, 
 1DIAGNOSTIC,    20, -9.511573910713e-01, 5.383980897022e-05, 1.7754e+02, 7.6630e+00, 
 1DIAGNOSTIC,    21, -9.512977004051e-01, 4.606243601302e-05, 1.8517e+02, 7.6283e+00, 
 1DIAGNOSTIC,    22, -9.514471292496e-01, 3.990525510744e-05, 1.9311e+02, 7.9421e+00, 
 1DIAGNOSTIC,    23, -9.515587687492e-01, 3.555801595212e-05, 2.0077e+02, 7.6657e+00, 
 1DIAGNOSTIC,    24, -9.516777396202e-01, 3.195850877091e-05, 2.0844e+02, 7.6688e+00, 
 1DIAGNOSTIC,    25, -9.517763853073e-01, 2.789162863337e-05, 2.1610e+02, 7.6563e+00, 
 1DIAGNOSTIC,    26, -9.518213272095e-01, 2.374873838562e-05, 2.2378e+02, 7.6798e+00, 
 1DIAGNOSTIC,    27, -9.519129991531e-01, 2.066208435281e-05, 2.3146e+02, 7.6809e+00, 
 1DIAGNOSTIC,    28, -9.520579576492e-01, 1.878628063423e-05, 2.3910e+02, 7.6369e+00, 
 1DIAGNOSTIC,    29, -9.520730972290e-01, 1.643338873691e-05, 2.4680e+02, 7.7030e+00, 
 1DIAGNOSTIC,    30, -9.521215558052e-01, 1.449533374398e-05, 2.5447e+02, 7.6743e+00, 
 1DIAGNOSTIC,    31, -9.521474838257e-01, 1.235162471858e-05, 2.6212e+02, 7.6415e+00, 
 1DIAGNOSTIC,    32, -9.521931409836e-01, 1.056714881997e-05, 2.6985e+02, 7.7303e+00, 
 1DIAGNOSTIC,    33, -9.522866010666e-01, 9.672706255515e-06, 2.7753e+02, 7.6827e+00, 
 1DIAGNOSTIC,    34, -9.522920846939e-01, 8.127121873258e-06, 2.8545e+02, 7.9182e+00, 
 1DIAGNOSTIC,    35, -9.522925615311e-01, 6.604005193367e-06, 2.9327e+02, 7.8229e+00, 
 1DIAGNOSTIC,    36, -9.523372650146e-01, 6.297515028564e-06, 3.0113e+02, 7.8583e+00, 
 1DIAGNOSTIC,    37, -9.523823261261e-01, 5.803191470477e-06, 3.0875e+02, 7.6244e+00, 
 1DIAGNOSTIC,    38, -9.524165391922e-01, 5.442553629109e-06, 3.1633e+02, 7.5811e+00, 
 1DIAGNOSTIC,    39, -9.525079727173e-01, 5.574432634603e-06, 3.2407e+02, 7.7347e+00, 
 1DIAGNOSTIC,    40, -9.524913430214e-01, 5.257463726593e-06, 3.3171e+02, 7.6449e+00, 
 1DIAGNOSTIC,    41, -9.525177478790e-01, 5.410849553300e-06, 3.3934e+02, 7.6276e+00, 
 1DIAGNOSTIC,    42, -9.525440931320e-01, 5.169426458451e-06, 3.4706e+02, 7.7211e+00, 
 1DIAGNOSTIC,    43, -9.525753259659e-01, 4.565668405121e-06, 3.5470e+02, 7.6382e+00, 
 1DIAGNOSTIC,    44, -9.525748491287e-01, 3.821291102213e-06, 3.6229e+02, 7.5943e+00, 
 1DIAGNOSTIC,    45, -9.526613950729e-01, 3.765659585042e-06, 3.6993e+02, 7.6385e+00, 
 1DIAGNOSTIC,    46, -9.526750445366e-01, 3.630725359471e-06, 3.7759e+02, 7.6516e+00, 
 1DIAGNOSTIC,    47, -9.526935815811e-01, 3.965498763137e-06, 3.8525e+02, 7.6625e+00, 
 1DIAGNOSTIC,    48, -9.527139663696e-01, 3.850120720017e-06, 3.9299e+02, 7.7452e+00, 
 1DIAGNOSTIC,    49, -9.526925086975e-01, 3.310620286356e-06, 4.0065e+02, 7.6586e+00, 
 1DIAGNOSTIC,    50, -9.527192115784e-01, 2.809065108522e-06, 4.0844e+02, 7.7919e+00, 
 1DIAGNOSTIC,    51, -9.528062939644e-01, 2.884134346459e-06, 4.1613e+02, 7.6914e+00, 
 1DIAGNOSTIC,    52, -9.528144598007e-01, 2.675767063920e-06, 4.2392e+02, 7.7814e+00, 
 1DIAGNOSTIC,    53, -9.528096914291e-01, 2.775290795398e-06, 4.3163e+02, 7.7175e+00, 
 1DIAGNOSTIC,    54, -9.527769684792e-01, 2.435195256112e-06, 4.3934e+02, 7.7027e+00, 
 1DIAGNOSTIC,    55, -9.527485370636e-01, 1.767962999111e-06, 4.4708e+02, 7.7407e+00, 
 1DIAGNOSTIC,    56, -9.527500867844e-01, 1.114384417633e-06, 4.5476e+02, 7.6841e+00, 
 1DIAGNOSTIC,    57, -9.528285861015e-01, 7.961450592120e-07, 4.6232e+02, 7.5587e+00, 
 1DIAGNOSTIC,    58, -9.528133869171e-01, 5.325332494976e-07, 4.6994e+02, 7.6241e+00, 
 1DIAGNOSTIC,    59, -9.527853131294e-01, 6.829594099145e-07, 4.7758e+02, 7.6333e+00, 
 1DIAGNOSTIC,    60, -9.528029561043e-01, 9.794715651879e-07, 4.8521e+02, 7.6348e+00, 
 1DIAGNOSTIC,    61, -9.528195261955e-01, 1.269195649911e-06, 4.9289e+02, 7.6730e+00, 
 1DIAGNOSTIC,    62, -9.528328180313e-01, 1.346057274532e-06, 5.0057e+02, 7.6856e+00, 
 1DIAGNOSTIC,    63, -9.528968930244e-01, 1.537231810289e-06, 5.0828e+02, 7.7090e+00, 
 1DIAGNOSTIC,    64, -9.528501033783e-01, 1.306821332037e-06, 5.1590e+02, 7.6168e+00, 
 1DIAGNOSTIC,    65, -9.528518915176e-01, 1.442562165721e-06, 5.2359e+02, 7.6939e+00, 
 1DIAGNOSTIC,    66, -9.528681039810e-01, 1.450463514630e-06, 5.3122e+02, 7.6308e+00, 
 1DIAGNOSTIC,    67, -9.528818726540e-01, 1.240596134267e-06, 5.3882e+02, 7.5996e+00, 
 1DIAGNOSTIC,    68, -9.528906941414e-01, 1.088754174816e-06, 5.4641e+02, 7.5885e+00, 
 1DIAGNOSTIC,    69, -9.529237747192e-01, 1.136299601967e-06, 5.5406e+02, 7.6471e+00, 
 1DIAGNOSTIC,    70, -9.529228210449e-01, 1.145340434050e-06, 5.6170e+02, 7.6403e+00, 
 1DIAGNOSTIC,    71, -9.529237747192e-01, 1.409915512340e-06, 5.6940e+02, 7.7061e+00, 
 1DIAGNOSTIC,    72, -9.529306292534e-01, 1.334274315923e-06, 5.7703e+02, 7.6254e+00, 
 1DIAGNOSTIC,    73, -9.529399871826e-01, 1.193297862301e-06, 5.8464e+02, 7.6143e+00, 
 1DIAGNOSTIC,    74, -9.529106616974e-01, 8.918112825995e-07, 5.9228e+02, 7.6370e+00, 
 1DIAGNOSTIC,    75, -9.529761672020e-01, 9.391193884767e-07, 5.9993e+02, 7.6505e+00, 
 1DIAGNOSTIC,    76, -9.529712796211e-01, 9.280983590543e-07, 6.0773e+02, 7.8021e+00, 
 1DIAGNOSTIC,    77, -9.529666900635e-01, 9.979611377275e-07, 6.1562e+02, 7.8911e+00, 
 1DIAGNOSTIC,    78, -9.529706239700e-01, 1.010245796351e-06, 6.2334e+02, 7.7206e+00, 
 1DIAGNOSTIC,    79, -9.529452323914e-01, 8.233117796408e-07, 6.3103e+02, 7.6841e+00, 
 1DIAGNOSTIC,    80, -9.529374837875e-01, 5.863503247383e-07, 6.3868e+02, 7.6498e+00, 
XXDIAGNOSTIC,Iteration,metricValue,convergenceValue,ITERATION_TIME_INDEX,SINCE_LAST
 1DIAGNOSTIC,     1, -9.184316992760e-01, inf, 7.1584e+02, 7.7162e+01, 
 1DIAGNOSTIC,     2, -9.195220470428e-01, inf, 7.9355e+02, 7.7712e+01, 
 1DIAGNOSTIC,     3, -9.211557507515e-01, inf, 8.7021e+02, 7.6662e+01, 
 1DIAGNOSTIC,     4, -9.225523471832e-01, inf, 9.4713e+02, 7.6920e+01, 
 1DIAGNOSTIC,     5, -9.238097667694e-01, inf, 1.0237e+03, 7.6549e+01, 
 1DIAGNOSTIC,     6, -9.247945547104e-01, inf, 1.1007e+03, 7.6975e+01, 
 1DIAGNOSTIC,     7, -9.255872368813e-01, inf, 1.1786e+03, 7.7971e+01, 
 1DIAGNOSTIC,     8, -9.262641668320e-01, 7.269484340213e-04, 1.2564e+03, 7.7746e+01, 
 1DIAGNOSTIC,     9, -9.269343018532e-01, 5.776107427664e-04, 1.3341e+03, 7.7739e+01, 
 1DIAGNOSTIC,    10, -9.274990558624e-01, 4.420388140716e-04, 1.4108e+03, 7.6728e+01, 
 1DIAGNOSTIC,    11, -9.280104041100e-01, 3.443156310823e-04, 1.4873e+03, 7.6502e+01, 
 1DIAGNOSTIC,    12, -9.284762144089e-01, 2.739324118011e-04, 1.5641e+03, 7.6750e+01, 
 1DIAGNOSTIC,    13, -9.288592338562e-01, 2.239226887468e-04, 1.6412e+03, 7.7148e+01, 
 1DIAGNOSTIC,    14, -9.292260408401e-01, 1.862676581368e-04, 1.7199e+03, 7.8664e+01, 
 1DIAGNOSTIC,    15, -9.295279979706e-01, 1.551074528834e-04, 1.7976e+03, 7.7716e+01, 
 1DIAGNOSTIC,    16, -9.298152923584e-01, 1.287856430281e-04, 1.8746e+03, 7.6983e+01, 
 1DIAGNOSTIC,    17, -9.300650358200e-01, 1.078607310774e-04, 1.9518e+03, 7.7222e+01, 
 1DIAGNOSTIC,    18, -9.303081035614e-01, 9.099800809054e-05, 2.0281e+03, 7.6314e+01, 
 1DIAGNOSTIC,    19, -9.305014610291e-01, 7.705687312409e-05, 2.1055e+03, 7.7356e+01, 
 1DIAGNOSTIC,    20, -9.306750893593e-01, 6.572272104677e-05, 2.1821e+03, 7.6558e+01, 
 1DIAGNOSTIC,    21, -9.308377504349e-01, 5.599402356893e-05, 2.2564e+03, 7.4393e+01, 
 1DIAGNOSTIC,    22, -9.309909939766e-01, 4.817713852390e-05, 2.3308e+03, 7.4398e+01, 
 1DIAGNOSTIC,    23, -9.311205148697e-01, 4.134056143812e-05, 2.4045e+03, 7.3675e+01, 
 1DIAGNOSTIC,    24, -9.312413930893e-01, 3.570220724214e-05, 2.4789e+03, 7.4351e+01, 
 1DIAGNOSTIC,    25, -9.313607811928e-01, 3.107960947091e-05, 2.5527e+03, 7.3853e+01, 
 1DIAGNOSTIC,    26, -9.314626455307e-01, 2.747622966126e-05, 2.6265e+03, 7.3759e+01, 
 1DIAGNOSTIC,    27, -9.315518140793e-01, 2.427132494631e-05, 2.7004e+03, 7.3888e+01, 
 1DIAGNOSTIC,    28, -9.316343069077e-01, 2.138579657185e-05, 2.7740e+03, 7.3650e+01, 
 1DIAGNOSTIC,    29, -9.317132234573e-01, 1.888548831630e-05, 2.8477e+03, 7.3679e+01, 
 1DIAGNOSTIC,    30, -9.317724108696e-01, 1.663078182901e-05, 2.9215e+03, 7.3792e+01, 
 1DIAGNOSTIC,    31, -9.318442344666e-01, 1.470992810937e-05, 2.9950e+03, 7.3508e+01, 
 1DIAGNOSTIC,    32, -9.319046735764e-01, 1.304789202550e-05, 3.0689e+03, 7.3902e+01, 
 1DIAGNOSTIC,    33, -9.319629669189e-01, 1.176313890028e-05, 3.1428e+03, 7.3940e+01, 
 1DIAGNOSTIC,    34, -9.320073723793e-01, 1.060865452018e-05, 3.2162e+03, 7.3368e+01, 
 1DIAGNOSTIC,    35, -9.320555925369e-01, 9.595569281373e-06, 3.2896e+03, 7.3356e+01, 
