 bad det -1 v 1 u -1
 bad det -1 v 1 u -1 new 1
All_Command_lines_OK
Using single precision for computations.
=============================================================================
The composite transform comprises the following transforms (in order): 
  1. /resnick/scratch/yun/tmp_ants/tmpwdtta2ci.mat (type = AffineTransform)
=============================================================================
  Reading mask(s).
    Registration stage 0
      No fixed mask
      No moving mask
    Registration stage 1
      No fixed mask
      No moving mask
    Registration stage 2
      Fixed mask = 0x7fbba63a3048
      Moving mask = 0x7fbba63a3088
  number of levels = 4
  number of levels = 4
  number of levels = 4
  fixed image: 0x7fbba63a2f48
  moving image: 0x7fbba63a2fe8
  fixed image: 0x7fbba63a2f48
  moving image: 0x7fbba63a2fe8
  fixed image: 0x7fbba63a2f48
  moving image: 0x7fbba63a2fe8
Dimension = 3
Number of stages = 3
Use histogram matching = true
Winsorize image intensities = false
  Lower quantile = 0
  Upper quantile = 1


Stage 1 State
   Image metric = MattesMI
     Fixed image = Image (0x50c72b0)
  RTTI typeinfo:   itk::Image<float, 3u>
  Reference Count: 2
  Modified Time: 1713259
  Debug: Off
  Object Name: 
  Observers: 
    none
  Source: (none)
  Source output name: (none)
  Release Data: Off
  Data Released: False
  Global Release Data: Off
  PipelineMTime: 0
  UpdateMTime: 1713231
  RealTimeStamp: 0 seconds 
  LargestPossibleRegion: 
    Dimension: 3
    Index: [0, 0, 0]
    Size: [146, 288, 100]
  BufferedRegion: 
    Dimension: 3
    Index: [0, 0, 0]
    Size: [146, 288, 100]
  RequestedRegion: 
    Dimension: 3
    Index: [0, 0, 0]
    Size: [146, 288, 100]
  Spacing: [3, 3, 3]
  Origin: [436.24, 861.84, 292.5]
  Direction: 
-1 0 0
0 -1 0
0 0 -1

  IndexToPointMatrix: 
-3 0 0
0 -3 0
0 0 -3

  PointToIndexMatrix: 
-0.333333 0 0
0 -0.333333 0
0 0 -0.333333

  Inverse Direction: 
-1 0 0
0 -1 0
0 0 -1

  PixelContainer: 
    ImportImageContainer (0x5120900)
      RTTI typeinfo:   itk::ImportImageContainer<unsigned long, float>
      Reference Count: 1
      Modified Time: 1713229
      Debug: Off
      Object Name: 
      Observers: 
        none
      Pointer: 0x1653ea70
      Container manages memory: true
      Size: 4204800
      Capacity: 4204800

     Moving image = Image (0x510ca40)
  RTTI typeinfo:   itk::Image<float, 3u>
  Reference Count: 2
  Modified Time: 1713260
  Debug: Off
  Object Name: 
  Observers: 
    none
  Source: (none)
  Source output name: (none)
  Release Data: Off
  Data Released: False
  Global Release Data: Off
  PipelineMTime: 0
  UpdateMTime: 1713257
  RealTimeStamp: 0 seconds 
  LargestPossibleRegion: 
    Dimension: 3
    Index: [0, 0, 0]
    Size: [148, 278, 83]
  BufferedRegion: 
    Dimension: 3
    Index: [0, 0, 0]
    Size: [148, 278, 83]
  RequestedRegion: 
    Dimension: 3
    Index: [0, 0, 0]
    Size: [148, 278, 83]
  Spacing: [3, 3, 3]
  Origin: [442.32, 831.44, 243.75]
  Direction: 
-1 0 0
0 -1 0
0 0 -1

  IndexToPointMatrix: 
-3 0 0
0 -3 0
0 0 -3

  PointToIndexMatrix: 
-0.333333 0 0
0 -0.333333 0
0 0 -0.333333

  Inverse Direction: 
-1 0 0
0 -1 0
0 0 -1

  PixelContainer: 
    ImportImageContainer (0x5124f00)
      RTTI typeinfo:   itk::ImportImageContainer<unsigned long, float>
      Reference Count: 1
      Modified Time: 1713255
      Debug: Off
      Object Name: 
      Observers: 
        none
      Pointer: 0x17548e80
      Container manages memory: true
      Size: 3414952
      Capacity: 3414952

     Weighting = 1
     Sampling strategy = regular
     Number of bins = 32
     Radius = 4
     Sampling percentage  = 0.2
   Transform = Rigid
     Gradient step = 0.25
     Update field sigma (voxel space) = 0
     Total field sigma (voxel space) = 0
     Update field time sigma = 0
     Total field time sigma  = 0
     Number of time indices = 0
     Number of time point samples = 0
Stage 2 State
   Image metric = MattesMI
     Fixed image = Image (0x51529f0)
  RTTI typeinfo:   itk::Image<float, 3u>
  Reference Count: 2
  Modified Time: 1713313
  Debug: Off
  Object Name: 
  Observers: 
    none
  Source: (none)
  Source output name: (none)
  Release Data: Off
  Data Released: False
  Global Release Data: Off
  PipelineMTime: 0
  UpdateMTime: 1713285
  RealTimeStamp: 0 seconds 
  LargestPossibleRegion: 
    Dimension: 3
    Index: [0, 0, 0]
    Size: [146, 288, 100]
  BufferedRegion: 
    Dimension: 3
    Index: [0, 0, 0]
    Size: [146, 288, 100]
  RequestedRegion: 
    Dimension: 3
    Index: [0, 0, 0]
    Size: [146, 288, 100]
  Spacing: [3, 3, 3]
  Origin: [436.24, 861.84, 292.5]
  Direction: 
-1 0 0
0 -1 0
0 0 -1

  IndexToPointMatrix: 
-3 0 0
0 -3 0
0 0 -3

  PointToIndexMatrix: 
-0.333333 0 0
0 -0.333333 0
0 0 -0.333333

  Inverse Direction: 
-1 0 0
0 -1 0
0 0 -1

  PixelContainer: 
    ImportImageContainer (0x51231d0)
      RTTI typeinfo:   itk::ImportImageContainer<unsigned long, float>
      Reference Count: 1
      Modified Time: 1713283
      Debug: Off
      Object Name: 
      Observers: 
        none
      Pointer: 0x1824fd30
      Container manages memory: true
      Size: 4204800
      Capacity: 4204800

     Moving image = Image (0x51299e0)
  RTTI typeinfo:   itk::Image<float, 3u>
  Reference Count: 2
  Modified Time: 1713314
  Debug: Off
  Object Name: 
  Observers: 
    none
  Source: (none)
  Source output name: (none)
  Release Data: Off
  Data Released: False
  Global Release Data: Off
  PipelineMTime: 0
  UpdateMTime: 1713311
  RealTimeStamp: 0 seconds 
  LargestPossibleRegion: 
    Dimension: 3
    Index: [0, 0, 0]
    Size: [148, 278, 83]
  BufferedRegion: 
    Dimension: 3
    Index: [0, 0, 0]
    Size: [148, 278, 83]
  RequestedRegion: 
    Dimension: 3
    Index: [0, 0, 0]
    Size: [148, 278, 83]
  Spacing: [3, 3, 3]
  Origin: [442.32, 831.44, 243.75]
  Direction: 
-1 0 0
0 -1 0
0 0 -1

  IndexToPointMatrix: 
-3 0 0
0 -3 0
0 0 -3

  PointToIndexMatrix: 
-0.333333 0 0
0 -0.333333 0
0 0 -0.333333

  Inverse Direction: 
-1 0 0
0 -1 0
0 0 -1

  PixelContainer: 
    ImportImageContainer (0x50f5190)
      RTTI typeinfo:   itk::ImportImageContainer<unsigned long, float>
      Reference Count: 1
      Modified Time: 1713309
      Debug: Off
      Object Name: 
      Observers: 
        none
      Pointer: 0x1925a140
      Container manages memory: true
      Size: 3414952
      Capacity: 3414952

     Weighting = 1
     Sampling strategy = regular
     Number of bins = 32
     Radius = 4
     Sampling percentage  = 0.2
   Transform = Affine
     Gradient step = 0.25
     Update field sigma (voxel space) = 0
     Total field sigma (voxel space) = 0
     Update field time sigma = 0
     Total field time sigma  = 0
     Number of time indices = 0
     Number of time point samples = 0
Stage 3 State
   Image metric = CC
     Fixed image = Image (0x5123740)
  RTTI typeinfo:   itk::Image<float, 3u>
  Reference Count: 2
  Modified Time: 1713367
  Debug: Off
  Object Name: 
  Observers: 
    none
  Source: (none)
  Source output name: (none)
  Release Data: Off
  Data Released: False
  Global Release Data: Off
  PipelineMTime: 0
  UpdateMTime: 1713339
  RealTimeStamp: 0 seconds 
  LargestPossibleRegion: 
    Dimension: 3
    Index: [0, 0, 0]
    Size: [146, 288, 100]
  BufferedRegion: 
    Dimension: 3
    Index: [0, 0, 0]
    Size: [146, 288, 100]
  RequestedRegion: 
    Dimension: 3
    Index: [0, 0, 0]
    Size: [146, 288, 100]
  Spacing: [3, 3, 3]
  Origin: [436.24, 861.84, 292.5]
  Direction: 
-1 0 0
0 -1 0
0 0 -1

  IndexToPointMatrix: 
-3 0 0
0 -3 0
0 0 -3

  PointToIndexMatrix: 
-0.333333 0 0
0 -0.333333 0
0 0 -0.333333

  Inverse Direction: 
-1 0 0
0 -1 0
0 0 -1

  PixelContainer: 
    ImportImageContainer (0x512cb90)
      RTTI typeinfo:   itk::ImportImageContainer<unsigned long, float>
      Reference Count: 1
      Modified Time: 1713337
      Debug: Off
      Object Name: 
      Observers: 
        none
      Pointer: 0x19f60ff0
      Container manages memory: true
      Size: 4204800
      Capacity: 4204800

     Moving image = Image (0x96e8010)
  RTTI typeinfo:   itk::Image<float, 3u>
  Reference Count: 2
  Modified Time: 1713368
  Debug: Off
  Object Name: 
  Observers: 
    none
  Source: (none)
  Source output name: (none)
  Release Data: Off
  Data Released: False
  Global Release Data: Off
  PipelineMTime: 0
  UpdateMTime: 1713365
  RealTimeStamp: 0 seconds 
  LargestPossibleRegion: 
    Dimension: 3
    Index: [0, 0, 0]
    Size: [148, 278, 83]
  BufferedRegion: 
    Dimension: 3
    Index: [0, 0, 0]
    Size: [148, 278, 83]
  RequestedRegion: 
    Dimension: 3
    Index: [0, 0, 0]
    Size: [148, 278, 83]
  Spacing: [3, 3, 3]
  Origin: [442.32, 831.44, 243.75]
  Direction: 
-1 0 0
0 -1 0
0 0 -1

  IndexToPointMatrix: 
-3 0 0
0 -3 0
0 0 -3

  PointToIndexMatrix: 
-0.333333 0 0
0 -0.333333 0
0 0 -0.333333

  Inverse Direction: 
-1 0 0
0 -1 0
0 0 -1

  PixelContainer: 
    ImportImageContainer (0x96dc390)
      RTTI typeinfo:   itk::ImportImageContainer<unsigned long, float>
      Reference Count: 1
      Modified Time: 1713363
      Debug: Off
      Object Name: 
      Observers: 
        none
      Pointer: 0x1af6b400
      Container manages memory: true
      Size: 3414952
      Capacity: 3414952

     Weighting = 1
     Sampling strategy = none
     Number of bins = 32
     Radius = 32
     Sampling percentage  = 1
   Transform = SyN
     Gradient step = 0.2
     Update field sigma (voxel space) = 3
     Total field sigma (voxel space) = 0
     Update field time sigma = 0
     Total field time sigma  = 0
     Number of time indices = 0
     Number of time point samples = 0
Registration using 3 total stages.

Stage 0
  iterations = 2100x1200x1200x0
  convergence threshold = 1e-06
  convergence window size = 10
  number of levels = 4
  using the Mattes MI metric (number of bins = 32, weight = 1, use gradient filter = 0)
  preprocessing:  histogram matching the images
  Shrink factors (level 1 out of 4): [4, 4, 4]
  Shrink factors (level 2 out of 4): [2, 2, 2]
  Shrink factors (level 3 out of 4): [2, 2, 2]
  Shrink factors (level 4 out of 4): [1, 1, 1]
  smoothing sigmas per level: [3, 2, 1, 0]
  regular sampling (percentage = 0.2)

*** Running Euler3DTransform registration ***

DIAGNOSTIC,Iteration,metricValue,convergenceValue,ITERATION_TIME_INDEX,SINCE_LAST
 2DIAGNOSTIC,     1, -8.185145854950e-01, inf, 1.1522e-01, 1.1522e-01, 
 2DIAGNOSTIC,     2, -8.195613622665e-01, inf, 1.2151e-01, 6.2859e-03, 
 2DIAGNOSTIC,     3, -8.208560347557e-01, inf, 1.2837e-01, 6.8669e-03, 
 2DIAGNOSTIC,     4, -8.218084573746e-01, inf, 1.3433e-01, 5.9562e-03, 
 2DIAGNOSTIC,     5, -8.223124146461e-01, inf, 1.4010e-01, 5.7731e-03, 
 2DIAGNOSTIC,     6, -8.230801820755e-01, inf, 1.4580e-01, 5.6970e-03, 
 2DIAGNOSTIC,     7, -8.239923715591e-01, inf, 1.5227e-01, 6.4738e-03, 
 2DIAGNOSTIC,     8, -8.246459364891e-01, inf, 1.5774e-01, 5.4660e-03, 
 2DIAGNOSTIC,     9, -8.254498839378e-01, inf, 1.6579e-01, 8.0550e-03, 
 2DIAGNOSTIC,    10, -8.255695700645e-01, 5.562249571085e-04, 1.7433e-01, 8.5359e-03, 
 2DIAGNOSTIC,    11, -8.254914283752e-01, 4.376168071758e-04, 1.8163e-01, 7.2992e-03, 
 2DIAGNOSTIC,    12, -8.257098197937e-01, 3.356501110829e-04, 1.8891e-01, 7.2799e-03, 
 2DIAGNOSTIC,    13, -8.257123231888e-01, 2.529698540457e-04, 1.9571e-01, 6.8011e-03, 
 2DIAGNOSTIC,    14, -8.257554173470e-01, 1.837904128479e-04, 2.0275e-01, 7.0381e-03, 
 2DIAGNOSTIC,    15, -8.262435793877e-01, 1.300459261984e-04, 2.0958e-01, 6.8281e-03, 
 2DIAGNOSTIC,    16, -8.261476755142e-01, 8.539939881302e-05, 2.1726e-01, 7.6811e-03, 
 2DIAGNOSTIC,    17, -8.266459703445e-01, 6.693527393509e-05, 2.2559e-01, 8.3282e-03, 
 2DIAGNOSTIC,    18, -8.265250325203e-01, 5.412426253315e-05, 2.3293e-01, 7.3481e-03, 
 2DIAGNOSTIC,    19, -8.265187144279e-01, 5.237231380306e-05, 2.4019e-01, 7.2520e-03, 
 2DIAGNOSTIC,    20, -8.265610933304e-01, 4.894386074739e-05, 2.4665e-01, 6.4678e-03, 
 2DIAGNOSTIC,    21, -8.263913989067e-01, 3.718585867318e-05, 2.5295e-01, 6.2940e-03, 
 2DIAGNOSTIC,    22, -8.264771699905e-01, 2.802994640660e-05, 2.6076e-01, 7.8070e-03, 
 2DIAGNOSTIC,    23, -8.263342976570e-01, 1.507413526269e-05, 2.6871e-01, 7.9529e-03, 
 2DIAGNOSTIC,    24, -8.263048529625e-01, 2.051749561360e-06, 2.7570e-01, 6.9871e-03, 
DIAGNOSTIC,Iteration,metricValue,convergenceValue,ITERATION_TIME_INDEX,SINCE_LAST
 2DIAGNOSTIC,     1, -7.526952624321e-01, inf, 4.1140e-01, 1.3570e-01, 
 2DIAGNOSTIC,     2, -7.530141472816e-01, inf, 4.3264e-01, 2.1236e-02, 
 2DIAGNOSTIC,     3, -7.531471252441e-01, inf, 4.5152e-01, 1.8886e-02, 
 2DIAGNOSTIC,     4, -7.531505823135e-01, inf, 4.6799e-01, 1.6464e-02, 
 2DIAGNOSTIC,     5, -7.531473636627e-01, inf, 4.8665e-01, 1.8665e-02, 
 2DIAGNOSTIC,     6, -7.531831264496e-01, inf, 5.0424e-01, 1.7590e-02, 
 2DIAGNOSTIC,     7, -7.531188726425e-01, inf, 5.2228e-01, 1.8042e-02, 
 2DIAGNOSTIC,     8, -7.531314492226e-01, inf, 5.3891e-01, 1.6630e-02, 
 2DIAGNOSTIC,     9, -7.531414031982e-01, inf, 5.5993e-01, 2.1015e-02, 
 2DIAGNOSTIC,    10, -7.531542181969e-01, 2.394609145995e-05, 5.7948e-01, 1.9557e-02, 
 2DIAGNOSTIC,    11, -7.531114220619e-01, 5.601578777714e-06, 5.9951e-01, 2.0025e-02, 
DIAGNOSTIC,Iteration,metricValue,convergenceValue,ITERATION_TIME_INDEX,SINCE_LAST
 2DIAGNOSTIC,     1, -6.781946420670e-01, inf, 7.1966e-01, 1.2015e-01, 
 2DIAGNOSTIC,     2, -6.785672307014e-01, inf, 7.4110e-01, 2.1445e-02, 
 2DIAGNOSTIC,     3, -6.786701083183e-01, inf, 7.5849e-01, 1.7381e-02, 
 2DIAGNOSTIC,     4, -6.786479949951e-01, inf, 7.7753e-01, 1.9040e-02, 
 2DIAGNOSTIC,     5, -6.786481738091e-01, inf, 7.9406e-01, 1.6530e-02, 
 2DIAGNOSTIC,     6, -6.786373257637e-01, inf, 8.1067e-01, 1.6616e-02, 
 2DIAGNOSTIC,     7, -6.786831617355e-01, inf, 8.2884e-01, 1.8168e-02, 
 2DIAGNOSTIC,     8, -6.787411570549e-01, inf, 8.4964e-01, 2.0800e-02, 
 2DIAGNOSTIC,     9, -6.786909699440e-01, inf, 8.6913e-01, 1.9492e-02, 
 2DIAGNOSTIC,    10, -6.787617802620e-01, 3.416182153160e-05, 8.8675e-01, 1.7618e-02, 
 2DIAGNOSTIC,    11, -6.788355112076e-01, 1.924414209498e-05, 9.0643e-01, 1.9676e-02, 
 2DIAGNOSTIC,    12, -6.788553595543e-01, 1.882493234007e-05, 9.3283e-01, 2.6404e-02, 
 2DIAGNOSTIC,    13, -6.788916587830e-01, 2.152447268600e-05, 9.5510e-01, 2.2268e-02, 
 2DIAGNOSTIC,    14, -6.788926124573e-01, 2.151379521820e-05, 9.7365e-01, 1.8548e-02, 
 2DIAGNOSTIC,    15, -6.788665652275e-01, 1.906106990646e-05, 9.9352e-01, 1.9877e-02, 
 2DIAGNOSTIC,    16, -6.788598895073e-01, 1.485928169132e-05, 1.0139e+00, 2.0381e-02, 
 2DIAGNOSTIC,    17, -6.788504123688e-01, 1.081413302018e-05, 1.0354e+00, 2.1530e-02, 
 2DIAGNOSTIC,    18, -6.788495182991e-01, 7.780593477946e-06, 1.0557e+00, 2.0289e-02, 
 2DIAGNOSTIC,    19, -6.788478493690e-01, 3.342806166984e-06, 1.0758e+00, 2.0050e-02, 
DIAGNOSTIC,Iteration,metricValue,convergenceValue,ITERATION_TIME_INDEX,SINCE_LAST
 2DIAGNOSTIC,     1, -5.801784396172e-01, inf, 1.4648e+00, 3.8901e-01, 
  Elapsed time (stage 0): 1.9083e+00


Stage 1
  iterations = 2100x1200x1200x0
  convergence threshold = 1.0000e-06
  convergence window size = 10
  number of levels = 4
  using the Mattes MI metric (number of bins = 32, weight = 1.0000e+00, use gradient filter = 0)
  preprocessing:  histogram matching the images
  Shrink factors (level 1 out of 4): [4, 4, 4]
  Shrink factors (level 2 out of 4): [2, 2, 2]
  Shrink factors (level 3 out of 4): [2, 2, 2]
  Shrink factors (level 4 out of 4): [1, 1, 1]
  smoothing sigmas per level: [3, 2, 1, 0]
  regular sampling (percentage = 2.0000e-01)

*** Running AffineTransform registration ***

DIAGNOSTIC,Iteration,metricValue,convergenceValue,ITERATION_TIME_INDEX,SINCE_LAST
 2DIAGNOSTIC,     1, -8.274868130684e-01, inf, 8.4551e-02, 8.4551e-02, 
 2DIAGNOSTIC,     2, -8.280732035637e-01, inf, 9.0883e-02, 6.3319e-03, 
 2DIAGNOSTIC,     3, -8.286448717117e-01, inf, 9.7336e-02, 6.4530e-03, 
 2DIAGNOSTIC,     4, -8.292261958122e-01, inf, 1.0398e-01, 6.6459e-03, 
 2DIAGNOSTIC,     5, -8.293977975845e-01, inf, 1.1035e-01, 6.3660e-03, 
 2DIAGNOSTIC,     6, -8.291595578194e-01, inf, 1.1649e-01, 6.1409e-03, 
 2DIAGNOSTIC,     7, -8.288590908051e-01, inf, 1.2192e-01, 5.4340e-03, 
 2DIAGNOSTIC,     8, -8.291770219803e-01, inf, 1.2802e-01, 6.0990e-03, 
 2DIAGNOSTIC,     9, -8.291375637054e-01, inf, 1.3410e-01, 6.0749e-03, 
 2DIAGNOSTIC,    10, -8.292080163956e-01, 9.967335790861e-05, 1.3989e-01, 5.7979e-03, 
 2DIAGNOSTIC,    11, -8.291866779327e-01, 4.623511995305e-05, 1.4669e-01, 6.7921e-03, 
 2DIAGNOSTIC,    12, -8.292559385300e-01, 1.652537866903e-05, 1.5332e-01, 6.6292e-03, 
DIAGNOSTIC,Iteration,metricValue,convergenceValue,ITERATION_TIME_INDEX,SINCE_LAST
 2DIAGNOSTIC,     1, -7.538925409317e-01, inf, 2.8576e-01, 1.3245e-01, 
 2DIAGNOSTIC,     2, -7.540475130081e-01, inf, 3.0657e-01, 2.0802e-02, 
 2DIAGNOSTIC,     3, -7.541454434395e-01, inf, 3.2991e-01, 2.3339e-02, 
 2DIAGNOSTIC,     4, -7.542020678520e-01, inf, 3.5091e-01, 2.1006e-02, 
 2DIAGNOSTIC,     5, -7.541819214821e-01, inf, 3.6911e-01, 1.8202e-02, 
 2DIAGNOSTIC,     6, -7.541963458061e-01, inf, 3.8965e-01, 2.0540e-02, 
 2DIAGNOSTIC,     7, -7.541742324829e-01, inf, 4.1581e-01, 2.6158e-02, 
 2DIAGNOSTIC,     8, -7.541268467903e-01, inf, 4.3598e-01, 2.0172e-02, 
 2DIAGNOSTIC,     9, -7.541286945343e-01, inf, 4.5622e-01, 2.0236e-02, 
 2DIAGNOSTIC,    10, -7.541190385818e-01, 1.349793819827e-05, 4.7496e-01, 1.8738e-02, 
 2DIAGNOSTIC,    11, -7.541211247444e-01, 1.852377977229e-06, 4.9574e-01, 2.0785e-02, 
DIAGNOSTIC,Iteration,metricValue,convergenceValue,ITERATION_TIME_INDEX,SINCE_LAST
 2DIAGNOSTIC,     1, -6.790943145752e-01, inf, 6.2020e-01, 1.2446e-01, 
 2DIAGNOSTIC,     2, -6.792625188828e-01, inf, 6.4011e-01, 1.9912e-02, 
 2DIAGNOSTIC,     3, -6.793868541718e-01, inf, 6.6028e-01, 2.0172e-02, 
 2DIAGNOSTIC,     4, -6.794350147247e-01, inf, 6.8254e-01, 2.2255e-02, 
 2DIAGNOSTIC,     5, -6.793648600578e-01, inf, 7.0258e-01, 2.0042e-02, 
 2DIAGNOSTIC,     6, -6.794076561928e-01, inf, 7.2069e-01, 1.8107e-02, 
 2DIAGNOSTIC,     7, -6.794009208679e-01, inf, 7.4166e-01, 2.0976e-02, 
 2DIAGNOSTIC,     8, -6.794024705887e-01, inf, 7.6181e-01, 2.0144e-02, 
 2DIAGNOSTIC,     9, -6.794431805611e-01, inf, 7.8246e-01, 2.0648e-02, 
 2DIAGNOSTIC,    10, -6.794413328171e-01, 2.438969568175e-05, 8.0534e-01, 2.2886e-02, 
 2DIAGNOSTIC,    11, -6.794219017029e-01, 1.160667852673e-05, 8.2830e-01, 2.2960e-02, 
 2DIAGNOSTIC,    12, -6.794123649597e-01, 5.600305030384e-06, 8.4893e-01, 2.0629e-02, 
 2DIAGNOSTIC,    13, -6.794087290764e-01, 4.081970928382e-06, 8.7147e-01, 2.2541e-02, 
 2DIAGNOSTIC,    14, -6.794049143791e-01, 3.999170530733e-06, 8.9187e-01, 2.0401e-02, 
 2DIAGNOSTIC,    15, -6.794007420540e-01, 1.657171765146e-06, 9.1057e-01, 1.8702e-02, 
DIAGNOSTIC,Iteration,metricValue,convergenceValue,ITERATION_TIME_INDEX,SINCE_LAST
 2DIAGNOSTIC,     1, -5.815729498863e-01, inf, 1.2994e+00, 3.8880e-01, 
  Elapsed time (stage 1): 1.7239e+00


Stage 2
  iterations = 120x80x40x0
  convergence threshold = 1.0000e-07
  convergence window size = 8
  number of levels = 4
  using the CC metric (radius = 32, weight = 1.0000e+00, use gradient filter = 0)
  preprocessing:  histogram matching the images
  Shrink factors (level 1 out of 4): [8, 8, 8]
  Shrink factors (level 2 out of 4): [4, 4, 4]
  Shrink factors (level 3 out of 4): [2, 2, 2]
  Shrink factors (level 4 out of 4): [1, 1, 1]
  smoothing sigmas per level: [3, 2, 1, 0]
  Using default NONE metricSamplingStrategy 

*** Running SyN registration (varianceForUpdateField = 3.0000e+00, varianceForTotalField = 0.0000e+00) ***

XXDIAGNOSTIC,Iteration,metricValue,convergenceValue,ITERATION_TIME_INDEX,SINCE_LAST
 1DIAGNOSTIC,     1, -7.892234325409e-01, inf, 7.2362e-01, 7.2362e-01, 
 1DIAGNOSTIC,     2, -8.285263776779e-01, inf, 1.3956e+00, 6.7201e-01, 
 1DIAGNOSTIC,     3, -8.544206023216e-01, inf, 2.0650e+00, 6.6941e-01, 
 1DIAGNOSTIC,     4, -8.706325292587e-01, inf, 2.7476e+00, 6.8256e-01, 
 1DIAGNOSTIC,     5, -8.796947598457e-01, inf, 3.4126e+00, 6.6504e-01, 
 1DIAGNOSTIC,     6, -8.841190338135e-01, inf, 4.0747e+00, 6.6205e-01, 
 1DIAGNOSTIC,     7, -8.866987228394e-01, inf, 4.7357e+00, 6.6097e-01, 
 1DIAGNOSTIC,     8, -8.884284496307e-01, 8.474421687424e-03, 5.3957e+00, 6.6004e-01, 
 1DIAGNOSTIC,     9, -8.896174430847e-01, 4.486361984164e-03, 6.0601e+00, 6.6439e-01, 
 1DIAGNOSTIC,    10, -8.904372453690e-01, 2.321546664461e-03, 6.7319e+00, 6.7186e-01, 
 1DIAGNOSTIC,    11, -8.909769058228e-01, 1.205224893056e-03, 7.4104e+00, 6.7845e-01, 
 1DIAGNOSTIC,    12, -8.912194371223e-01, 6.609276169911e-04, 8.0821e+00, 6.7169e-01, 
 1DIAGNOSTIC,    13, -8.912903070450e-01, 3.910474770237e-04, 8.7487e+00, 6.6660e-01, 
 1DIAGNOSTIC,    14, -8.916010260582e-01, 2.408533182461e-04, 9.4176e+00, 6.6890e-01, 
 1DIAGNOSTIC,    15, -8.918657302856e-01, 1.527506683487e-04, 1.0093e+01, 6.7583e-01, 
 1DIAGNOSTIC,    16, -8.918619155884e-01, 9.751629113453e-05, 1.0760e+01, 6.6697e-01, 
 1DIAGNOSTIC,    17, -8.919572830200e-01, 6.556165317306e-05, 1.1423e+01, 6.6252e-01, 
 1DIAGNOSTIC,    18, -8.920547366142e-01, 4.818356319447e-05, 1.2088e+01, 6.6493e-01, 
 1DIAGNOSTIC,    19, -8.922420740128e-01, 4.111843009014e-05, 1.2752e+01, 6.6457e-01, 
 1DIAGNOSTIC,    20, -8.921695947647e-01, 3.263696271461e-05, 1.3418e+01, 6.6512e-01, 
 1DIAGNOSTIC,    21, -8.918449878693e-01, 1.581501237524e-05, 1.4079e+01, 6.6159e-01, 
 1DIAGNOSTIC,    22, -8.918409347534e-01, 4.009567419416e-06, 1.4744e+01, 6.6490e-01, 
 1DIAGNOSTIC,    23, -8.917993903160e-01, -3.398035232749e-06, 1.5410e+01, 6.6586e-01, 
XXDIAGNOSTIC,Iteration,metricValue,convergenceValue,ITERATION_TIME_INDEX,SINCE_LAST
 1DIAGNOSTIC,     1, -8.648535013199e-01, inf, 1.9080e+01, 3.6705e+00, 
 1DIAGNOSTIC,     2, -8.734073638916e-01, inf, 2.2691e+01, 3.6107e+00, 
 1DIAGNOSTIC,     3, -8.810473680496e-01, inf, 2.6703e+01, 4.0115e+00, 
 1DIAGNOSTIC,     4, -8.884966373444e-01, inf, 3.0187e+01, 3.4843e+00, 
 1DIAGNOSTIC,     5, -8.939349651337e-01, inf, 3.3687e+01, 3.5000e+00, 
 1DIAGNOSTIC,     6, -8.977667689323e-01, inf, 3.7125e+01, 3.4378e+00, 
 1DIAGNOSTIC,     7, -9.004211425781e-01, inf, 4.0734e+01, 3.6097e+00, 
 1DIAGNOSTIC,     8, -9.026366472244e-01, 3.503315150738e-03, 4.4337e+01, 3.6028e+00, 
 1DIAGNOSTIC,     9, -9.044682979584e-01, 2.481282455847e-03, 4.7922e+01, 3.5854e+00, 
 1DIAGNOSTIC,    10, -9.060255289078e-01, 1.724373316392e-03, 5.1360e+01, 3.4377e+00, 
 1DIAGNOSTIC,    11, -9.072170257568e-01, 1.182831241749e-03, 5.4840e+01, 3.4796e+00, 
 1DIAGNOSTIC,    12, -9.081953167915e-01, 8.424256811850e-04, 5.7977e+01, 3.1374e+00, 
 1DIAGNOSTIC,    13, -9.091017842293e-01, 6.273025064729e-04, 6.1469e+01, 3.4916e+00, 
 1DIAGNOSTIC,    14, -9.098181128502e-01, 4.815719148610e-04, 6.4528e+01, 3.0591e+00, 
 1DIAGNOSTIC,    15, -9.105677604675e-01, 3.758636885323e-04, 6.8005e+01, 3.4772e+00, 
 1DIAGNOSTIC,    16, -9.111951589584e-01, 2.993285888806e-04, 7.1343e+01, 3.3382e+00, 
 1DIAGNOSTIC,    17, -9.117799401283e-01, 2.445323916618e-04, 7.4912e+01, 3.5687e+00, 
 1DIAGNOSTIC,    18, -9.122699499130e-01, 2.052113559330e-04, 7.7989e+01, 3.0775e+00, 
 1DIAGNOSTIC,    19, -9.127745628357e-01, 1.754172699293e-04, 8.1070e+01, 3.0802e+00, 
 1DIAGNOSTIC,    20, -9.132879972458e-01, 1.523981190985e-04, 8.4670e+01, 3.6001e+00, 
 1DIAGNOSTIC,    21, -9.138278961182e-01, 1.364784839097e-04, 8.7797e+01, 3.1269e+00, 
 1DIAGNOSTIC,    22, -9.142546057701e-01, 1.225462910952e-04, 9.0865e+01, 3.0684e+00, 
 1DIAGNOSTIC,    23, -9.145960807800e-01, 1.106330091716e-04, 9.4092e+01, 3.2267e+00, 
 1DIAGNOSTIC,    24, -9.149731397629e-01, 9.998462337535e-05, 9.7570e+01, 3.4782e+00, 
 1DIAGNOSTIC,    25, -9.152202606201e-01, 8.862551476341e-05, 1.0066e+02, 3.0926e+00, 
 1DIAGNOSTIC,    26, -9.154728651047e-01, 7.646541780559e-05, 1.0412e+02, 3.4572e+00, 
 1DIAGNOSTIC,    27, -9.157142639160e-01, 6.490735540865e-05, 1.0723e+02, 3.1119e+00, 
 1DIAGNOSTIC,    28, -9.159740805626e-01, 5.548107219511e-05, 1.1027e+02, 3.0392e+00, 
 1DIAGNOSTIC,    29, -9.160256385803e-01, 4.661436105380e-05, 1.1374e+02, 3.4653e+00, 
 1DIAGNOSTIC,    30, -9.162695407867e-01, 4.036903555971e-05, 1.1686e+02, 3.1201e+00, 
 1DIAGNOSTIC,    31, -9.165272712708e-01, 3.613643275457e-05, 1.2031e+02, 3.4533e+00, 
 1DIAGNOSTIC,    32, -9.166607856750e-01, 3.316124275443e-05, 1.2374e+02, 3.4266e+00, 
 1DIAGNOSTIC,    33, -9.169418811798e-01, 3.189256676706e-05, 1.2680e+02, 3.0596e+00, 
 1DIAGNOSTIC,    34, -9.171171188354e-01, 3.096327782259e-05, 1.3023e+02, 3.4313e+00, 
 1DIAGNOSTIC,    35, -9.173596501350e-01, 3.095691863564e-05, 1.3372e+02, 3.4896e+00, 
 1DIAGNOSTIC,    36, -9.174984693527e-01, 3.083541014348e-05, 1.3733e+02, 3.6138e+00, 
 1DIAGNOSTIC,    37, -9.175832271576e-01, 2.772814877972e-05, 1.4062e+02, 3.2862e+00, 
 1DIAGNOSTIC,    38, -9.177862405777e-01, 2.533801489335e-05, 1.4367e+02, 3.0539e+00, 
 1DIAGNOSTIC,    39, -9.178962707520e-01, 2.307749855390e-05, 1.4699e+02, 3.3223e+00, 
 1DIAGNOSTIC,    40, -9.179657697678e-01, 1.960645931831e-05, 1.5035e+02, 3.3581e+00, 
 1DIAGNOSTIC,    41, -9.181110858917e-01, 1.757229802024e-05, 1.5342e+02, 3.0667e+00, 
 1DIAGNOSTIC,    42, -9.182065725327e-01, 1.559051270306e-05, 1.5692e+02, 3.4988e+00, 
 1DIAGNOSTIC,    43, -9.183318614960e-01, 1.480866649217e-05, 1.5999e+02, 3.0745e+00, 
 1DIAGNOSTIC,    44, -9.182809591293e-01, 1.278509989788e-05, 1.6302e+02, 3.0298e+00, 
 1DIAGNOSTIC,    45, -9.184659719467e-01, 1.138699826697e-05, 1.6605e+02, 3.0261e+00, 
 1DIAGNOSTIC,    46, -9.184312224388e-01, 9.835413038672e-06, 1.6967e+02, 3.6263e+00, 
 1DIAGNOSTIC,    47, -9.186323285103e-01, 9.595368283044e-06, 1.7307e+02, 3.4000e+00, 
 1DIAGNOSTIC,    48, -9.187090396881e-01, 9.207154107571e-06, 1.7611e+02, 3.0414e+00, 
 1DIAGNOSTIC,    49, -9.186074137688e-01, 7.929856110422e-06, 1.7918e+02, 3.0623e+00, 
 1DIAGNOSTIC,    50, -9.186733365059e-01, 6.893296813359e-06, 1.8225e+02, 3.0709e+00, 
 1DIAGNOSTIC,    51, -9.188443422318e-01, 7.195506441349e-06, 1.8530e+02, 3.0540e+00, 
 1DIAGNOSTIC,    52, -9.188838005066e-01, 6.388221663656e-06, 1.8834e+02, 3.0387e+00, 
 1DIAGNOSTIC,    53, -9.189404249191e-01, 6.607092473132e-06, 1.9180e+02, 3.4612e+00, 
 1DIAGNOSTIC,    54, -9.188582897186e-01, 5.086900273454e-06, 1.9537e+02, 3.5651e+00, 
 1DIAGNOSTIC,    55, -9.189647436142e-01, 5.082651114208e-06, 1.9885e+02, 3.4844e+00, 
 1DIAGNOSTIC,    56, -9.190387725830e-01, 5.450785465655e-06, 2.0236e+02, 3.5083e+00, 
 1DIAGNOSTIC,    57, -9.190937280655e-01, 4.800781425729e-06, 2.0599e+02, 3.6269e+00, 
 1DIAGNOSTIC,    58, -9.191898703575e-01, 4.637319761969e-06, 2.0959e+02, 3.6031e+00, 
 1DIAGNOSTIC,    59, -9.189538955688e-01, 3.449215682849e-06, 2.1299e+02, 3.4001e+00, 
 1DIAGNOSTIC,    60, -9.191645383835e-01, 3.495691998978e-06, 2.1649e+02, 3.5050e+00, 
 1DIAGNOSTIC,    61, -9.192143082619e-01, 3.742616854652e-06, 2.1986e+02, 3.3676e+00, 
 1DIAGNOSTIC,    62, -9.193189144135e-01, 3.666500106192e-06, 2.2350e+02, 3.6376e+00, 
 1DIAGNOSTIC,    63, -9.192956686020e-01, 3.678822395159e-06, 2.2694e+02, 3.4358e+00, 
 1DIAGNOSTIC,    64, -9.191496372223e-01, 2.795009322654e-06, 2.3028e+02, 3.3480e+00, 
 1DIAGNOSTIC,    65, -9.193630814552e-01, 3.157323362757e-06, 2.3391e+02, 3.6220e+00, 
 1DIAGNOSTIC,    66, -9.192407131195e-01, 2.970034074679e-06, 2.3720e+02, 3.2933e+00, 
 1DIAGNOSTIC,    67, -9.193967580795e-01, 2.005488340728e-06, 2.4065e+02, 3.4533e+00, 
 1DIAGNOSTIC,    68, -9.194540381432e-01, 2.365343334532e-06, 2.4426e+02, 3.6105e+00, 
 1DIAGNOSTIC,    69, -9.192863702774e-01, 1.762364263413e-06, 2.4725e+02, 2.9865e+00, 
 1DIAGNOSTIC,    70, -9.194726943970e-01, 2.615716084620e-06, 2.5024e+02, 2.9863e+00, 
 1DIAGNOSTIC,    71, -9.193936586380e-01, 2.565133172538e-06, 2.5319e+02, 2.9561e+00, 
 1DIAGNOSTIC,    72, -9.195957779884e-01, 2.500147274986e-06, 2.5619e+02, 2.9981e+00, 
 1DIAGNOSTIC,    73, -9.194843173027e-01, 2.704250164243e-06, 2.5981e+02, 3.6190e+00, 
 1DIAGNOSTIC,    74, -9.193762540817e-01, 1.387642328154e-06, 2.6340e+02, 3.5896e+00, 
 1DIAGNOSTIC,    75, -9.195163249969e-01, 1.471569021305e-06, 2.6639e+02, 2.9882e+00, 
 1DIAGNOSTIC,    76, -9.195077419281e-01, 1.641939206820e-06, 2.6939e+02, 3.0000e+00, 
 1DIAGNOSTIC,    77, -9.196925759315e-01, 1.729662699290e-06, 2.7236e+02, 2.9777e+00, 
 1DIAGNOSTIC,    78, -9.196040630341e-01, 2.139246134902e-06, 2.7535e+02, 2.9835e+00, 
 1DIAGNOSTIC,    79, -9.194959998131e-01, 1.366582637274e-06, 2.7831e+02, 2.9612e+00, 
 1DIAGNOSTIC,    80, -9.195287227631e-01, 1.604690510248e-06, 2.8128e+02, 2.9662e+00, 
XXDIAGNOSTIC,Iteration,metricValue,convergenceValue,ITERATION_TIME_INDEX,SINCE_LAST
 1DIAGNOSTIC,     1, -8.823843598366e-01, inf, 3.2032e+02, 3.9045e+01, 
 1DIAGNOSTIC,     2, -8.830386400223e-01, inf, 3.5870e+02, 3.8382e+01, 
 1DIAGNOSTIC,     3, -8.848456144333e-01, inf, 3.9707e+02, 3.8373e+01, 
 1DIAGNOSTIC,     4, -8.865352869034e-01, inf, 4.3528e+02, 3.8201e+01, 
 1DIAGNOSTIC,     5, -8.880523443222e-01, inf, 4.7367e+02, 3.8391e+01, 
 1DIAGNOSTIC,     6, -8.893382549286e-01, inf, 5.1287e+02, 3.9206e+01, 
 1DIAGNOSTIC,     7, -8.905603885651e-01, inf, 5.5229e+02, 3.9421e+01, 
 1DIAGNOSTIC,     8, -8.918204307556e-01, 9.217039332725e-04, 5.9087e+02, 3.8575e+01, 
 1DIAGNOSTIC,     9, -8.931020498276e-01, 8.123275474645e-04, 6.2927e+02, 3.8398e+01, 
 1DIAGNOSTIC,    10, -8.942474722862e-01, 6.847897311673e-04, 6.6802e+02, 3.8752e+01, 
 1DIAGNOSTIC,    11, -8.953886032104e-01, 5.916206282564e-04, 7.0661e+02, 3.8595e+01, 
 1DIAGNOSTIC,    12, -8.963697552681e-01, 5.191407399252e-04, 7.4479e+02, 3.8175e+01, 
 1DIAGNOSTIC,    13, -8.972797989845e-01, 4.585335555021e-04, 7.8341e+02, 3.8625e+01, 
 1DIAGNOSTIC,    14, -8.981093168259e-01, 4.014569858555e-04, 8.2188e+02, 3.8464e+01, 
 1DIAGNOSTIC,    15, -8.989177942276e-01, 3.483857726678e-04, 8.6061e+02, 3.8731e+01, 
 1DIAGNOSTIC,    16, -8.995864987373e-01, 2.997573756147e-04, 8.9935e+02, 3.8737e+01, 
 1DIAGNOSTIC,    17, -9.003831744194e-01, 2.621845051181e-04, 9.3766e+02, 3.8314e+01, 
 1DIAGNOSTIC,    18, -9.011154770851e-01, 2.321207139175e-04, 9.7628e+02, 3.8619e+01, 
 1DIAGNOSTIC,    19, -9.017934799194e-01, 2.094959781971e-04, 1.0151e+03, 3.8849e+01, 
 1DIAGNOSTIC,    20, -9.024081230164e-01, 1.903449447127e-04, 1.0537e+03, 3.8554e+01, 
 1DIAGNOSTIC,    21, -9.031138420105e-01, 1.757317804731e-04, 1.0922e+03, 3.8506e+01, 
 1DIAGNOSTIC,    22, -9.036525487900e-01, 1.613442000234e-04, 1.1307e+03, 3.8523e+01, 
 1DIAGNOSTIC,    23, -9.043880105019e-01, 1.512632152298e-04, 1.1697e+03, 3.9017e+01, 
 1DIAGNOSTIC,    24, -9.048510789871e-01, 1.385116484016e-04, 1.2082e+03, 3.8486e+01, 
 1DIAGNOSTIC,    25, -9.054663181305e-01, 1.288315979764e-04, 1.2465e+03, 3.8308e+01, 
 1DIAGNOSTIC,    26, -9.060786962509e-01, 1.213692739839e-04, 1.2851e+03, 3.8604e+01, 
 1DIAGNOSTIC,    27, -9.066676497459e-01, 1.151383330580e-04, 1.3239e+03, 3.8779e+01, 
 1DIAGNOSTIC,    28, -9.071193933487e-01, 1.074828178389e-04, 1.3622e+03, 3.8325e+01, 
 1DIAGNOSTIC,    29, -9.077103137970e-01, 1.022370488499e-04, 1.4008e+03, 3.8524e+01, 
 1DIAGNOSTIC,    30, -9.080464243889e-01, 9.369143663207e-05, 1.4392e+03, 3.8455e+01, 
 1DIAGNOSTIC,    31, -9.086195230484e-01, 8.858447108651e-05, 1.4775e+03, 3.8336e+01, 
 1DIAGNOSTIC,    32, -9.088186025620e-01, 7.890584674897e-05, 1.5164e+03, 3.8861e+01, 
 1DIAGNOSTIC,    33, -9.094432592392e-01, 7.300209836103e-05, 1.5550e+03, 3.8552e+01, 
 1DIAGNOSTIC,    34, -9.098137617111e-01, 6.796020898037e-05, 1.5936e+03, 3.8650e+01, 
 1DIAGNOSTIC,    35, -9.101857542992e-01, 6.404452142306e-05, 1.6320e+03, 3.8347e+01, 
 1DIAGNOSTIC,    36, -9.105900526047e-01, 6.026028131600e-05, 1.6702e+03, 3.8288e+01, 
 1DIAGNOSTIC,    37, -9.108966588974e-01, 5.731227429351e-05, 1.7096e+03, 3.9374e+01, 
 1DIAGNOSTIC,    38, -9.111884236336e-01, 5.252519986243e-05, 1.7481e+03, 3.8451e+01, 
 1DIAGNOSTIC,    39, -9.114498496056e-01, 4.873123180005e-05, 1.7871e+03, 3.8990e+01, 
 1DIAGNOSTIC,    40, -9.115305542946e-01, 4.068642374477e-05, 1.8255e+03, 3.8492e+01, 
  Elapsed time (stage 2): 1826


Total elapsed time: 1830
Using double precision for computations.
Input scalar image: 0x7fbba63a3008
Could not create ImageIO for the input file, assuming dimension = 3 and scalar pixel type
Reference image: 0x7fbba63a3068
=============================================================================
The composite transform comprises the following transforms (in order): 
  1. /resnick/groups/Proberlab/yun/lightsheet/analysis_output/registration/huc-h2b-g8m_ynt185_120min/260413_huc-h2b-g8m_ynt_10uM_fish2/expt_to_mean_affine.mat (type = AffineTransform)
  2. /resnick/groups/Proberlab/yun/lightsheet/analysis_output/registration/huc-h2b-g8m_ynt185_120min/260413_huc-h2b-g8m_ynt_10uM_fish2/expt_to_mean_warp.nii.gz (type = DisplacementFieldTransform)
=============================================================================
Default pixel value: 0
Interpolation type: WindowedSincInterpolateImageFunction
Output warped image: 0x7fbba63a3088
✅ TMPDIR=/resnick/scratch/yun/tmp_ants | ITK threads=30

Loading template brain: /resnick/home/ychiu/yun/lightsheet/hcrt-trpv1_huc-h2b-g8m_csn_120min_audio/zstack_template/template_mean_brain.nii.gz
Template shape=(288, 568, 40), spacing=(1.5199999809265137, 1.5199999809265137, 7.5)

============================================================
  Registering: 260413_huc-h2b-g8m_ynt_10uM_fish2
  proj_ID:     huc-h2b-g8m_ynt185_120min
============================================================
Loading volume mean (moving)...
Raw HDF5 shape (Z, X, Y): (40, 292, 548)
Transposed shape (X, Y, Z): (292, 548, 40)
Rotated shape (X, Y, Z): (292, 548, 40)
ANTsImage (RAI)
	 Pixel Type : float (float32)
	 Components : 1
	 Dimensions : (292, 548, 40)
	 Spacing    : (1.52, 1.52, 6.25)
	 Origin     : (0.0, 0.0, 0.0)
	 Direction  : [1. 0. 0. 0. 1. 0. 0. 0. 1.]

  [atlas] spacing=(1.5199999809265137, 1.5199999809265137, 7.5) origin=(436.2399945259094, 861.8399891853333, 292.5)
  [mov  ] spacing=(1.52, 1.52, 6.25) origin=(442.32, 831.44, 243.75)
Resampling to (3.0, 3.0, 3.0) µm...
Running SyN...
antsRegistration -d 3 -r /resnick/scratch/yun/tmp_ants/tmpwdtta2ci.mat -m MI[0x7fbba63a2f48,0x7fbba63a2fe8,1,32,regular,0.2] -t Rigid[0.25] -c 2100x1200x1200x0 -s 3x2x1x0 -f 4x2x2x1 -x [NA,NA] -m MI[0x7fbba63a2f48,0x7fbba63a2fe8,1,32,regular,0.2] -t Affine[0.25] -c 2100x1200x1200x0 -s 3x2x1x0 -f 4x2x2x1 -x [NA,NA] -m CC[0x7fbba63a2f48,0x7fbba63a2fe8,1,32] -t SyN[0.200000,3.000000,0.000000] -c [120x80x40x0,1e-7,8] -s 3x2x1x0 -f 8x4x2x1 -u 1 -z 1 -o [/resnick/scratch/yun/tmp_ants/tmpb_safavp,0x7fbba63a3028,0x7fbba63a2fc8] -x [0x7fbba63a3048,0x7fbba63a3088] --float 1 --write-composite-transform 0 -v 1
SyN warp field saved: /resnick/groups/Proberlab/yun/lightsheet/analysis_output/registration/huc-h2b-g8m_ynt185_120min/260413_huc-h2b-g8m_ynt_10uM_fish2/expt_to_mean_warp.nii.gz
SyN affine transform saved: /resnick/groups/Proberlab/yun/lightsheet/analysis_output/registration/huc-h2b-g8m_ynt185_120min/260413_huc-h2b-g8m_ynt_10uM_fish2/expt_to_mean_affine.mat
Applying composite transform at full resolution...
['-d', '3', '-i', '0x7fbba63a3008', '-o', '0x7fbba63a3088', '-r', '0x7fbba63a3068', '-n', 'welchWindowedSinc', '-t', '/resnick/groups/Proberlab/yun/lightsheet/analysis_output/registration/huc-h2b-g8m_ynt185_120min/260413_huc-h2b-g8m_ynt_10uM_fish2/expt_to_mean_warp.nii.gz', '-t', '/resnick/groups/Proberlab/yun/lightsheet/analysis_output/registration/huc-h2b-g8m_ynt185_120min/260413_huc-h2b-g8m_ynt_10uM_fish2/expt_to_mean_affine.mat']
✅ Registered image saved: /resnick/groups/Proberlab/yun/lightsheet/analysis_output/registration/huc-h2b-g8m_ynt185_120min/260413_huc-h2b-g8m_ynt_10uM_fish2/expt_to_mean_registered_final.nii.gz
Saving QC overlay...
  ✅ QC overlay saved: /resnick/groups/Proberlab/yun/lightsheet/analysis_output/registration/huc-h2b-g8m_ynt185_120min/260413_huc-h2b-g8m_ynt_10uM_fish2/qc_registration_overlay.pdf

=== Registration complete: 260413_huc-h2b-g8m_ynt_10uM_fish2 ===
