All_Command_lines_OK
Using single precision for computations.
=============================================================================
The composite transform comprises the following transforms (in order): 
  1. /resnick/scratch/yun/tmp_ants/tmpg_wcwkt3.mat (type = AffineTransform)
=============================================================================
  Reading mask(s).
    Registration stage 0
      No fixed mask
      No moving mask
    Registration stage 1
      No fixed mask
      No moving mask
    Registration stage 2
      Fixed mask = 0x7f794c12c828
      Moving mask = 0x7f794c12c868
  number of levels = 4
  number of levels = 4
  number of levels = 4
  fixed image: 0x7f794c12c728
  moving image: 0x7f794c12c7c8
  fixed image: 0x7f794c12c728
  moving image: 0x7f794c12c7c8
  fixed image: 0x7f794c12c728
  moving image: 0x7f794c12c7c8
Dimension = 3
Number of stages = 3
Use histogram matching = true
Winsorize image intensities = false
  Lower quantile = 0
  Upper quantile = 1


Stage 1 State
   Image metric = MattesMI
     Fixed image = Image (0x3a10c90)
  RTTI typeinfo:   itk::Image<float, 3u>
  Reference Count: 2
  Modified Time: 1474140
  Debug: Off
  Object Name: 
  Observers: 
    none
  Source: (none)
  Source output name: (none)
  Release Data: Off
  Data Released: False
  Global Release Data: Off
  PipelineMTime: 0
  UpdateMTime: 1474112
  RealTimeStamp: 0 seconds 
  LargestPossibleRegion: 
    Dimension: 3
    Index: [0, 0, 0]
    Size: [152, 286, 83]
  BufferedRegion: 
    Dimension: 3
    Index: [0, 0, 0]
    Size: [152, 286, 83]
  RequestedRegion: 
    Dimension: 3
    Index: [0, 0, 0]
    Size: [152, 286, 83]
  Spacing: [3, 3, 3]
  Origin: [454.48, 855.76, 243.75]
  Direction: 
-1 0 0
0 -1 0
0 0 -1

  IndexToPointMatrix: 
-3 0 0
0 -3 0
0 0 -3

  PointToIndexMatrix: 
-0.333333 0 0
0 -0.333333 0
0 0 -0.333333

  Inverse Direction: 
-1 0 0
0 -1 0
0 0 -1

  PixelContainer: 
    ImportImageContainer (0x39f4fb0)
      RTTI typeinfo:   itk::ImportImageContainer<unsigned long, float>
      Reference Count: 1
      Modified Time: 1474110
      Debug: Off
      Object Name: 
      Observers: 
        none
      Pointer: 0x1448f380
      Container manages memory: true
      Size: 3608176
      Capacity: 3608176

     Moving image = Image (0x3a0c730)
  RTTI typeinfo:   itk::Image<float, 3u>
  Reference Count: 2
  Modified Time: 1474141
  Debug: Off
  Object Name: 
  Observers: 
    none
  Source: (none)
  Source output name: (none)
  Release Data: Off
  Data Released: False
  Global Release Data: Off
  PipelineMTime: 0
  UpdateMTime: 1474138
  RealTimeStamp: 0 seconds 
  LargestPossibleRegion: 
    Dimension: 3
    Index: [0, 0, 0]
    Size: [144, 280, 83]
  BufferedRegion: 
    Dimension: 3
    Index: [0, 0, 0]
    Size: [144, 280, 83]
  RequestedRegion: 
    Dimension: 3
    Index: [0, 0, 0]
    Size: [144, 280, 83]
  Spacing: [3, 3, 3]
  Origin: [430.16, 837.52, 243.75]
  Direction: 
-1 0 0
0 -1 0
0 0 -1

  IndexToPointMatrix: 
-3 0 0
0 -3 0
0 0 -3

  PointToIndexMatrix: 
-0.333333 0 0
0 -0.333333 0
0 0 -0.333333

  Inverse Direction: 
-1 0 0
0 -1 0
0 0 -1

  PixelContainer: 
    ImportImageContainer (0x39ce380)
      RTTI typeinfo:   itk::ImportImageContainer<unsigned long, float>
      Reference Count: 1
      Modified Time: 1474136
      Debug: Off
      Object Name: 
      Observers: 
        none
      Pointer: 0x15252d50
      Container manages memory: true
      Size: 3346560
      Capacity: 3346560

     Weighting = 1
     Sampling strategy = regular
     Number of bins = 32
     Radius = 4
     Sampling percentage  = 0.2
   Transform = Rigid
     Gradient step = 0.25
     Update field sigma (voxel space) = 0
     Total field sigma (voxel space) = 0
     Update field time sigma = 0
     Total field time sigma  = 0
     Number of time indices = 0
     Number of time point samples = 0
Stage 2 State
   Image metric = MattesMI
     Fixed image = Image (0x39cc7e0)
  RTTI typeinfo:   itk::Image<float, 3u>
  Reference Count: 2
  Modified Time: 1474194
  Debug: Off
  Object Name: 
  Observers: 
    none
  Source: (none)
  Source output name: (none)
  Release Data: Off
  Data Released: False
  Global Release Data: Off
  PipelineMTime: 0
  UpdateMTime: 1474166
  RealTimeStamp: 0 seconds 
  LargestPossibleRegion: 
    Dimension: 3
    Index: [0, 0, 0]
    Size: [152, 286, 83]
  BufferedRegion: 
    Dimension: 3
    Index: [0, 0, 0]
    Size: [152, 286, 83]
  RequestedRegion: 
    Dimension: 3
    Index: [0, 0, 0]
    Size: [152, 286, 83]
  Spacing: [3, 3, 3]
  Origin: [454.48, 855.76, 243.75]
  Direction: 
-1 0 0
0 -1 0
0 0 -1

  IndexToPointMatrix: 
-3 0 0
0 -3 0
0 0 -3

  PointToIndexMatrix: 
-0.333333 0 0
0 -0.333333 0
0 0 -0.333333

  Inverse Direction: 
-1 0 0
0 -1 0
0 0 -1

  PixelContainer: 
    ImportImageContainer (0xb3f2f70)
      RTTI typeinfo:   itk::ImportImageContainer<unsigned long, float>
      Reference Count: 1
      Modified Time: 1474164
      Debug: Off
      Object Name: 
      Observers: 
        none
      Pointer: 0x15f16f60
      Container manages memory: true
      Size: 3608176
      Capacity: 3608176

     Moving image = Image (0x39da040)
  RTTI typeinfo:   itk::Image<float, 3u>
  Reference Count: 2
  Modified Time: 1474195
  Debug: Off
  Object Name: 
  Observers: 
    none
  Source: (none)
  Source output name: (none)
  Release Data: Off
  Data Released: False
  Global Release Data: Off
  PipelineMTime: 0
  UpdateMTime: 1474192
  RealTimeStamp: 0 seconds 
  LargestPossibleRegion: 
    Dimension: 3
    Index: [0, 0, 0]
    Size: [144, 280, 83]
  BufferedRegion: 
    Dimension: 3
    Index: [0, 0, 0]
    Size: [144, 280, 83]
  RequestedRegion: 
    Dimension: 3
    Index: [0, 0, 0]
    Size: [144, 280, 83]
  Spacing: [3, 3, 3]
  Origin: [430.16, 837.52, 243.75]
  Direction: 
-1 0 0
0 -1 0
0 0 -1

  IndexToPointMatrix: 
-3 0 0
0 -3 0
0 0 -3

  PointToIndexMatrix: 
-0.333333 0 0
0 -0.333333 0
0 0 -0.333333

  Inverse Direction: 
-1 0 0
0 -1 0
0 0 -1

  PixelContainer: 
    ImportImageContainer (0xb3ed240)
      RTTI typeinfo:   itk::ImportImageContainer<unsigned long, float>
      Reference Count: 1
      Modified Time: 1474190
      Debug: Off
      Object Name: 
      Observers: 
        none
      Pointer: 0x16cda930
      Container manages memory: true
      Size: 3346560
      Capacity: 3346560

     Weighting = 1
     Sampling strategy = regular
     Number of bins = 32
     Radius = 4
     Sampling percentage  = 0.2
   Transform = Affine
     Gradient step = 0.25
     Update field sigma (voxel space) = 0
     Total field sigma (voxel space) = 0
     Update field time sigma = 0
     Total field time sigma  = 0
     Number of time indices = 0
     Number of time point samples = 0
Stage 3 State
   Image metric = CC
     Fixed image = Image (0x39da2d0)
  RTTI typeinfo:   itk::Image<float, 3u>
  Reference Count: 2
  Modified Time: 1474248
  Debug: Off
  Object Name: 
  Observers: 
    none
  Source: (none)
  Source output name: (none)
  Release Data: Off
  Data Released: False
  Global Release Data: Off
  PipelineMTime: 0
  UpdateMTime: 1474220
  RealTimeStamp: 0 seconds 
  LargestPossibleRegion: 
    Dimension: 3
    Index: [0, 0, 0]
    Size: [152, 286, 83]
  BufferedRegion: 
    Dimension: 3
    Index: [0, 0, 0]
    Size: [152, 286, 83]
  RequestedRegion: 
    Dimension: 3
    Index: [0, 0, 0]
    Size: [152, 286, 83]
  Spacing: [3, 3, 3]
  Origin: [454.48, 855.76, 243.75]
  Direction: 
-1 0 0
0 -1 0
0 0 -1

  IndexToPointMatrix: 
-3 0 0
0 -3 0
0 0 -3

  PointToIndexMatrix: 
-0.333333 0 0
0 -0.333333 0
0 0 -0.333333

  Inverse Direction: 
-1 0 0
0 -1 0
0 0 -1

  PixelContainer: 
    ImportImageContainer (0x39d2fe0)
      RTTI typeinfo:   itk::ImportImageContainer<unsigned long, float>
      Reference Count: 1
      Modified Time: 1474218
      Debug: Off
      Object Name: 
      Observers: 
        none
      Pointer: 0x1799eb40
      Container manages memory: true
      Size: 3608176
      Capacity: 3608176

     Moving image = Image (0x39da560)
  RTTI typeinfo:   itk::Image<float, 3u>
  Reference Count: 2
  Modified Time: 1474249
  Debug: Off
  Object Name: 
  Observers: 
    none
  Source: (none)
  Source output name: (none)
  Release Data: Off
  Data Released: False
  Global Release Data: Off
  PipelineMTime: 0
  UpdateMTime: 1474246
  RealTimeStamp: 0 seconds 
  LargestPossibleRegion: 
    Dimension: 3
    Index: [0, 0, 0]
    Size: [144, 280, 83]
  BufferedRegion: 
    Dimension: 3
    Index: [0, 0, 0]
    Size: [144, 280, 83]
  RequestedRegion: 
    Dimension: 3
    Index: [0, 0, 0]
    Size: [144, 280, 83]
  Spacing: [3, 3, 3]
  Origin: [430.16, 837.52, 243.75]
  Direction: 
-1 0 0
0 -1 0
0 0 -1

  IndexToPointMatrix: 
-3 0 0
0 -3 0
0 0 -3

  PointToIndexMatrix: 
-0.333333 0 0
0 -0.333333 0
0 0 -0.333333

  Inverse Direction: 
-1 0 0
0 -1 0
0 0 -1

  PixelContainer: 
    ImportImageContainer (0x39f87c0)
      RTTI typeinfo:   itk::ImportImageContainer<unsigned long, float>
      Reference Count: 1
      Modified Time: 1474244
      Debug: Off
      Object Name: 
      Observers: 
        none
      Pointer: 0x18762510
      Container manages memory: true
      Size: 3346560
      Capacity: 3346560

     Weighting = 1
     Sampling strategy = none
     Number of bins = 32
     Radius = 32
     Sampling percentage  = 1
   Transform = SyN
     Gradient step = 0.2
     Update field sigma (voxel space) = 3
     Total field sigma (voxel space) = 0
     Update field time sigma = 0
     Total field time sigma  = 0
     Number of time indices = 0
     Number of time point samples = 0
Registration using 3 total stages.

Stage 0
  iterations = 2100x1200x1200x0
  convergence threshold = 1e-06
  convergence window size = 10
  number of levels = 4
  using the Mattes MI metric (number of bins = 32, weight = 1, use gradient filter = 0)
  preprocessing:  histogram matching the images
  Shrink factors (level 1 out of 4): [4, 4, 4]
  Shrink factors (level 2 out of 4): [2, 2, 2]
  Shrink factors (level 3 out of 4): [2, 2, 2]
  Shrink factors (level 4 out of 4): [1, 1, 1]
  smoothing sigmas per level: [3, 2, 1, 0]
  regular sampling (percentage = 0.2)

*** Running Euler3DTransform registration ***

DIAGNOSTIC,Iteration,metricValue,convergenceValue,ITERATION_TIME_INDEX,SINCE_LAST
 2DIAGNOSTIC,     1, -9.557368755341e-01, inf, 9.7344e-02, 9.7344e-02, 
 2DIAGNOSTIC,     2, -9.558563828468e-01, inf, 1.0419e-01, 6.8450e-03, 
 2DIAGNOSTIC,     3, -9.558848142624e-01, inf, 1.1071e-01, 6.5231e-03, 
 2DIAGNOSTIC,     4, -9.563392996788e-01, inf, 1.1720e-01, 6.4869e-03, 
 2DIAGNOSTIC,     5, -9.562821388245e-01, inf, 1.2369e-01, 6.4909e-03, 
 2DIAGNOSTIC,     6, -9.561293125153e-01, inf, 1.2928e-01, 5.5859e-03, 
 2DIAGNOSTIC,     7, -9.562771320343e-01, inf, 1.3636e-01, 7.0841e-03, 
 2DIAGNOSTIC,     8, -9.563171863556e-01, inf, 1.4205e-01, 5.6911e-03, 
 2DIAGNOSTIC,     9, -9.559705853462e-01, inf, 1.4830e-01, 6.2451e-03, 
 2DIAGNOSTIC,    10, -9.557994008064e-01, 1.541948222439e-05, 1.5927e-01, 1.0973e-02, 
DIAGNOSTIC,Iteration,metricValue,convergenceValue,ITERATION_TIME_INDEX,SINCE_LAST
 2DIAGNOSTIC,     1, -9.075996279716e-01, inf, 2.7579e-01, 1.1652e-01, 
 2DIAGNOSTIC,     2, -9.083481431007e-01, inf, 3.0668e-01, 3.0889e-02, 
 2DIAGNOSTIC,     3, -9.091306924820e-01, inf, 3.4129e-01, 3.4614e-02, 
 2DIAGNOSTIC,     4, -9.097738862038e-01, inf, 3.7546e-01, 3.4166e-02, 
 2DIAGNOSTIC,     5, -9.100713729858e-01, inf, 4.0618e-01, 3.0719e-02, 
 2DIAGNOSTIC,     6, -9.103536009789e-01, inf, 4.3652e-01, 3.0344e-02, 
 2DIAGNOSTIC,     7, -9.104291200638e-01, inf, 4.7558e-01, 3.9055e-02, 
 2DIAGNOSTIC,     8, -9.105784893036e-01, inf, 5.2979e-01, 5.4209e-02, 
 2DIAGNOSTIC,     9, -9.106011390686e-01, inf, 5.6470e-01, 3.4910e-02, 
 2DIAGNOSTIC,    10, -9.105788469315e-01, 2.005131827900e-04, 6.0020e-01, 3.5507e-02, 
 2DIAGNOSTIC,    11, -9.105718731880e-01, 1.255409442820e-04, 6.4320e-01, 4.2994e-02, 
 2DIAGNOSTIC,    12, -9.105620384216e-01, 7.098149944795e-05, 6.7808e-01, 3.4886e-02, 
 2DIAGNOSTIC,    13, -9.105609655380e-01, 3.710864257300e-05, 7.0907e-01, 3.0986e-02, 
 2DIAGNOSTIC,    14, -9.105609655380e-01, 1.916829205584e-05, 7.3997e-01, 3.0897e-02, 
 2DIAGNOSTIC,    15, -9.105304479599e-01, 7.541810191469e-06, 7.7145e-01, 3.1478e-02, 
 2DIAGNOSTIC,    16, -9.105378389359e-01, 2.546886889832e-06, 8.0635e-01, 3.4906e-02, 
DIAGNOSTIC,Iteration,metricValue,convergenceValue,ITERATION_TIME_INDEX,SINCE_LAST
 2DIAGNOSTIC,     1, -8.433056473732e-01, inf, 9.3340e-01, 1.2705e-01, 
 2DIAGNOSTIC,     2, -8.434777259827e-01, inf, 9.7343e-01, 4.0032e-02, 
 2DIAGNOSTIC,     3, -8.436691761017e-01, inf, 1.0056e+00, 3.2155e-02, 
 2DIAGNOSTIC,     4, -8.437994718552e-01, inf, 1.0412e+00, 3.5584e-02, 
 2DIAGNOSTIC,     5, -8.438899517059e-01, inf, 1.0772e+00, 3.6044e-02, 
 2DIAGNOSTIC,     6, -8.438195586205e-01, inf, 1.1092e+00, 3.1970e-02, 
 2DIAGNOSTIC,     7, -8.437316417694e-01, inf, 1.1450e+00, 3.5797e-02, 
 2DIAGNOSTIC,     8, -8.437728881836e-01, inf, 1.1812e+00, 3.6248e-02, 
 2DIAGNOSTIC,     9, -8.438801169395e-01, inf, 1.2212e+00, 3.9962e-02, 
 2DIAGNOSTIC,    10, -8.438659310341e-01, 3.488998481771e-05, 1.2657e+00, 4.4521e-02, 
 2DIAGNOSTIC,    11, -8.438815474510e-01, 2.013751691265e-05, 1.3260e+00, 6.0262e-02, 
 2DIAGNOSTIC,    12, -8.438832759857e-01, 1.118454019888e-05, 1.3619e+00, 3.5975e-02, 
 2DIAGNOSTIC,    13, -8.438770174980e-01, 7.516495770687e-06, 1.3950e+00, 3.3030e-02, 
 2DIAGNOSTIC,    14, -8.438709378242e-01, 6.748328814865e-06, 1.4325e+00, 3.7565e-02, 
 2DIAGNOSTIC,    15, -8.438646197319e-01, 7.598358934047e-06, 1.4646e+00, 3.2009e-02, 
 2DIAGNOSTIC,    16, -8.438282608986e-01, 5.688480541721e-06, 1.5087e+00, 4.4114e-02, 
 2DIAGNOSTIC,    17, -8.438289761543e-01, 1.948341150637e-06, 1.5409e+00, 3.2262e-02, 
DIAGNOSTIC,Iteration,metricValue,convergenceValue,ITERATION_TIME_INDEX,SINCE_LAST
 2DIAGNOSTIC,     1, -8.142670989037e-01, inf, 1.9686e+00, 4.2771e-01, 
  Elapsed time (stage 0): 2.6036e+00


Stage 1
  iterations = 2100x1200x1200x0
  convergence threshold = 1.0000e-06
  convergence window size = 10
  number of levels = 4
  using the Mattes MI metric (number of bins = 32, weight = 1.0000e+00, use gradient filter = 0)
  preprocessing:  histogram matching the images
  Shrink factors (level 1 out of 4): [4, 4, 4]
  Shrink factors (level 2 out of 4): [2, 2, 2]
  Shrink factors (level 3 out of 4): [2, 2, 2]
  Shrink factors (level 4 out of 4): [1, 1, 1]
  smoothing sigmas per level: [3, 2, 1, 0]
  regular sampling (percentage = 2.0000e-01)

*** Running AffineTransform registration ***

DIAGNOSTIC,Iteration,metricValue,convergenceValue,ITERATION_TIME_INDEX,SINCE_LAST
 2DIAGNOSTIC,     1, -9.654332995415e-01, inf, 7.0107e-02, 7.0106e-02, 
 2DIAGNOSTIC,     2, -9.669131040573e-01, inf, 7.6745e-02, 6.6378e-03, 
 2DIAGNOSTIC,     3, -9.690072536469e-01, inf, 8.3205e-02, 6.4600e-03, 
 2DIAGNOSTIC,     4, -9.727894663811e-01, inf, 8.9556e-02, 6.3510e-03, 
 2DIAGNOSTIC,     5, -9.777228236198e-01, inf, 9.5975e-02, 6.4189e-03, 
 2DIAGNOSTIC,     6, -9.866596460342e-01, inf, 1.0240e-01, 6.4220e-03, 
 2DIAGNOSTIC,     7, -9.980946183205e-01, inf, 1.0874e-01, 6.3410e-03, 
 2DIAGNOSTIC,     8, -1.014058351517e+00, inf, 1.1517e-01, 6.4361e-03, 
 2DIAGNOSTIC,     9, -1.027780056000e+00, inf, 1.2494e-01, 9.7651e-03, 
 2DIAGNOSTIC,    10, -1.029763698578e+00, 4.662232007831e-03, 1.3173e-01, 6.7921e-03, 
 2DIAGNOSTIC,    11, -1.032186746597e+00, 4.570191726089e-03, 1.3835e-01, 6.6199e-03, 
 2DIAGNOSTIC,    12, -1.040680885315e+00, 4.318481776863e-03, 1.4747e-01, 9.1188e-03, 
 2DIAGNOSTIC,    13, -1.044109344482e+00, 3.828331595287e-03, 1.5503e-01, 7.5579e-03, 
 2DIAGNOSTIC,    14, -1.044780015945e+00, 3.152214689180e-03, 1.6162e-01, 6.5899e-03, 
 2DIAGNOSTIC,    15, -1.045247912407e+00, 2.388166962191e-03, 1.6903e-01, 7.4151e-03, 
 2DIAGNOSTIC,    16, -1.045462369919e+00, 1.666615833528e-03, 1.7579e-01, 6.7611e-03, 
 2DIAGNOSTIC,    17, -1.046750545502e+00, 1.083048409782e-03, 1.8495e-01, 9.1591e-03, 
 2DIAGNOSTIC,    18, -1.047248959541e+00, 7.160207023844e-04, 1.9234e-01, 7.3860e-03, 
 2DIAGNOSTIC,    19, -1.047726511955e+00, 5.331339780241e-04, 1.9973e-01, 7.3941e-03, 
 2DIAGNOSTIC,    20, -1.048356771469e+00, 3.575402952265e-04, 2.0718e-01, 7.4461e-03, 
 2DIAGNOSTIC,    21, -1.048310041428e+00, 1.948734570760e-04, 2.1523e-01, 8.0519e-03, 
 2DIAGNOSTIC,    22, -1.048360109329e+00, 1.364098134218e-04, 2.2246e-01, 7.2279e-03, 
 2DIAGNOSTIC,    23, -1.048321723938e+00, 1.113578327931e-04, 2.2915e-01, 6.6960e-03, 
 2DIAGNOSTIC,    24, -1.048219084740e+00, 8.471578621538e-05, 2.3559e-01, 6.4330e-03, 
 2DIAGNOSTIC,    25, -1.048386573792e+00, 5.958722249488e-05, 2.4212e-01, 6.5370e-03, 
 2DIAGNOSTIC,    26, -1.048619985580e+00, 3.540047327988e-05, 2.4874e-01, 6.6142e-03, 
 2DIAGNOSTIC,    27, -1.049111008644e+00, 2.804070209095e-05, 2.5528e-01, 6.5441e-03, 
 2DIAGNOSTIC,    28, -1.049424409866e+00, 2.657344884938e-05, 2.6259e-01, 7.3061e-03, 
 2DIAGNOSTIC,    29, -1.050154566765e+00, 3.418184132897e-05, 2.6987e-01, 7.2808e-03, 
 2DIAGNOSTIC,    30, -1.050507187843e+00, 4.710324719781e-05, 2.7735e-01, 7.4821e-03, 
 2DIAGNOSTIC,    31, -1.050164580345e+00, 5.129607234267e-05, 2.8401e-01, 6.6559e-03, 
 2DIAGNOSTIC,    32, -1.050657272339e+00, 5.530212365557e-05, 2.9282e-01, 8.8160e-03, 
 2DIAGNOSTIC,    33, -1.050709962845e+00, 5.392044477048e-05, 2.9942e-01, 6.5930e-03, 
 2DIAGNOSTIC,    34, -1.050983667374e+00, 4.890498530585e-05, 3.0681e-01, 7.3900e-03, 
 2DIAGNOSTIC,    35, -1.051438450813e+00, 4.450951746549e-05, 3.1496e-01, 8.1570e-03, 
 2DIAGNOSTIC,    36, -1.051592826843e+00, 3.915173147107e-05, 3.2143e-01, 6.4621e-03, 
 2DIAGNOSTIC,    37, -1.051658034325e+00, 3.461780215730e-05, 3.2792e-01, 6.4988e-03, 
 2DIAGNOSTIC,    38, -1.051925063133e+00, 3.118249514955e-05, 3.3460e-01, 6.6769e-03, 
 2DIAGNOSTIC,    39, -1.051909685135e+00, 2.995757495228e-05, 3.4361e-01, 9.0089e-03, 
 2DIAGNOSTIC,    40, -1.052277565002e+00, 3.105271389359e-05, 3.5006e-01, 6.4480e-03, 
 2DIAGNOSTIC,    41, -1.052434563637e+00, 2.783084164548e-05, 3.5837e-01, 8.3101e-03, 
 2DIAGNOSTIC,    42, -1.052602529526e+00, 2.654506351973e-05, 3.6491e-01, 6.5372e-03, 
 2DIAGNOSTIC,    43, -1.052397131920e+00, 2.187436257373e-05, 3.7139e-01, 6.4831e-03, 
 2DIAGNOSTIC,    44, -1.052825450897e+00, 1.976859130082e-05, 3.7775e-01, 6.3648e-03, 
 2DIAGNOSTIC,    45, -1.052697777748e+00, 1.782280560292e-05, 3.8598e-01, 8.2309e-03, 
 2DIAGNOSTIC,    46, -1.053050994873e+00, 1.736425838317e-05, 3.9349e-01, 7.5009e-03, 
 2DIAGNOSTIC,    47, -1.052569985390e+00, 1.285238977289e-05, 4.0175e-01, 8.2638e-03, 
 2DIAGNOSTIC,    48, -1.052906155586e+00, 1.095102743420e-05, 4.0914e-01, 7.3900e-03, 
 2DIAGNOSTIC,    49, -1.052918076515e+00, 8.004139090190e-06, 4.1562e-01, 6.4790e-03, 
 2DIAGNOSTIC,    50, -1.052773356438e+00, 5.636639798468e-06, 4.2222e-01, 6.6059e-03, 
 2DIAGNOSTIC,    51, -1.052849411964e+00, 4.167193310423e-06, 4.2965e-01, 7.4248e-03, 
 2DIAGNOSTIC,    52, -1.052865624428e+00, 3.442354000072e-06, 4.3610e-01, 6.4471e-03, 
 2DIAGNOSTIC,    53, -1.052952170372e+00, 1.789103976080e-06, 4.4414e-01, 8.0471e-03, 
 2DIAGNOSTIC,    54, -1.052984476089e+00, 2.408963382550e-06, 4.5070e-01, 6.5520e-03, 
 2DIAGNOSTIC,    55, -1.053067445755e+00, 2.570098786236e-06, 4.5808e-01, 7.3891e-03, 
 2DIAGNOSTIC,    56, -1.053070306778e+00, 4.355164492154e-06, 4.6448e-01, 6.3980e-03, 
 2DIAGNOSTIC,    57, -1.053103923798e+00, 3.513438286973e-06, 4.7197e-01, 7.4830e-03, 
 2DIAGNOSTIC,    58, -1.053159713745e+00, 4.255312433088e-06, 4.7856e-01, 6.5942e-03, 
 2DIAGNOSTIC,    59, -1.053184270859e+00, 4.798914233106e-06, 4.8658e-01, 8.0240e-03, 
 2DIAGNOSTIC,    60, -1.053238630295e+00, 4.496453129832e-06, 4.9391e-01, 7.3299e-03, 
 2DIAGNOSTIC,    61, -1.053218841553e+00, 4.076332515979e-06, 5.0123e-01, 7.3171e-03, 
 2DIAGNOSTIC,    62, -1.053176164627e+00, 3.212345291104e-06, 5.0853e-01, 7.3030e-03, 
 2DIAGNOSTIC,    63, -1.053180575371e+00, 2.514754896765e-06, 5.1678e-01, 8.2481e-03, 
 2DIAGNOSTIC,    64, -1.053179860115e+00, 1.765767933648e-06, 5.2411e-01, 7.3271e-03, 
 2DIAGNOSTIC,    65, -1.053136348724e+00, 1.082838480215e-06, 5.3058e-01, 6.4671e-03, 
DIAGNOSTIC,Iteration,metricValue,convergenceValue,ITERATION_TIME_INDEX,SINCE_LAST
 2DIAGNOSTIC,     1, -9.849659800529e-01, inf, 6.5129e-01, 1.2072e-01, 
 2DIAGNOSTIC,     2, -9.853082299232e-01, inf, 6.8597e-01, 3.4683e-02, 
 2DIAGNOSTIC,     3, -9.856036305428e-01, inf, 7.2058e-01, 3.4607e-02, 
 2DIAGNOSTIC,     4, -9.858823418617e-01, inf, 7.5452e-01, 3.3938e-02, 
 2DIAGNOSTIC,     5, -9.861451387405e-01, inf, 7.9367e-01, 3.9152e-02, 
 2DIAGNOSTIC,     6, -9.862943291664e-01, inf, 8.4058e-01, 4.6911e-02, 
 2DIAGNOSTIC,     7, -9.862865805626e-01, inf, 8.7954e-01, 3.8961e-02, 
 2DIAGNOSTIC,     8, -9.862804412842e-01, inf, 9.1403e-01, 3.4486e-02, 
 2DIAGNOSTIC,     9, -9.862913489342e-01, inf, 9.5284e-01, 3.8811e-02, 
 2DIAGNOSTIC,    10, -9.862853884697e-01, 8.582197187934e-05, 9.8767e-01, 3.4825e-02, 
 2DIAGNOSTIC,    11, -9.862950444221e-01, 5.350623905542e-05, 1.0266e+00, 3.8889e-02, 
 2DIAGNOSTIC,    12, -9.863286018372e-01, 3.103333801846e-05, 1.0658e+00, 3.9276e-02, 
 2DIAGNOSTIC,    13, -9.863399863243e-01, 1.618658643565e-05, 1.1053e+00, 3.9480e-02, 
 2DIAGNOSTIC,    14, -9.863279461861e-01, 7.585095772811e-06, 1.1441e+00, 3.8811e-02, 
 2DIAGNOSTIC,    15, -9.863222241402e-01, 4.519805770542e-06, 1.1917e+00, 4.7583e-02, 
 2DIAGNOSTIC,    16, -9.863209128380e-01, 4.286448984203e-06, 1.2305e+00, 3.8845e-02, 
 2DIAGNOSTIC,    17, -9.863235950470e-01, 3.771885303649e-06, 1.2783e+00, 4.7732e-02, 
 2DIAGNOSTIC,    18, -9.863182306290e-01, 2.943787876575e-06, 1.3170e+00, 3.8679e-02, 
 2DIAGNOSTIC,    19, -9.863189458847e-01, 2.288103814863e-06, 1.3641e+00, 4.7134e-02, 
 2DIAGNOSTIC,    20, -9.863187670708e-01, 1.558552526149e-06, 1.4072e+00, 4.3110e-02, 
 2DIAGNOSTIC,    21, -9.863187074661e-01, 1.018629518512e-06, 1.4463e+00, 3.9108e-02, 
DIAGNOSTIC,Iteration,metricValue,convergenceValue,ITERATION_TIME_INDEX,SINCE_LAST
 2DIAGNOSTIC,     1, -9.267762899399e-01, inf, 1.5823e+00, 1.3603e-01, 
 2DIAGNOSTIC,     2, -9.266401529312e-01, inf, 1.6220e+00, 3.9616e-02, 
 2DIAGNOSTIC,     3, -9.266613721848e-01, inf, 1.6682e+00, 4.6219e-02, 
 2DIAGNOSTIC,     4, -9.266175031662e-01, inf, 1.7221e+00, 5.3923e-02, 
 2DIAGNOSTIC,     5, -9.266223907471e-01, inf, 1.7714e+00, 4.9338e-02, 
 2DIAGNOSTIC,     6, -9.266220927238e-01, inf, 1.8068e+00, 3.5380e-02, 
 2DIAGNOSTIC,     7, -9.266226887703e-01, inf, 1.8418e+00, 3.4964e-02, 
 2DIAGNOSTIC,     8, -9.266131520271e-01, inf, 1.8766e+00, 3.4855e-02, 
 2DIAGNOSTIC,     9, -9.266049861908e-01, inf, 1.9241e+00, 4.7500e-02, 
DIAGNOSTIC,Iteration,metricValue,convergenceValue,ITERATION_TIME_INDEX,SINCE_LAST
 2DIAGNOSTIC,     1, -8.709553480148e-01, inf, 2.3759e+00, 4.5178e-01, 
  Elapsed time (stage 1): 3.0252e+00


Stage 2
  iterations = 120x80x40x0
  convergence threshold = 1.0000e-07
  convergence window size = 8
  number of levels = 4
  using the CC metric (radius = 32, weight = 1.0000e+00, use gradient filter = 0)
  preprocessing:  histogram matching the images
  Shrink factors (level 1 out of 4): [8, 8, 8]
  Shrink factors (level 2 out of 4): [4, 4, 4]
  Shrink factors (level 3 out of 4): [2, 2, 2]
  Shrink factors (level 4 out of 4): [1, 1, 1]
  smoothing sigmas per level: [3, 2, 1, 0]
  Using default NONE metricSamplingStrategy 

*** Running SyN registration (varianceForUpdateField = 3.0000e+00, varianceForTotalField = 0.0000e+00) ***

XXDIAGNOSTIC,Iteration,metricValue,convergenceValue,ITERATION_TIME_INDEX,SINCE_LAST
 1DIAGNOSTIC,     1, -8.343645930290e-01, inf, 9.4011e-01, 9.4011e-01, 
 1DIAGNOSTIC,     2, -8.640910983086e-01, inf, 1.7928e+00, 8.5268e-01, 
 1DIAGNOSTIC,     3, -8.843523859978e-01, inf, 2.6450e+00, 8.5221e-01, 
 1DIAGNOSTIC,     4, -8.981589674950e-01, inf, 3.5197e+00, 8.7475e-01, 
 1DIAGNOSTIC,     5, -9.073185324669e-01, inf, 4.3745e+00, 8.5478e-01, 
 1DIAGNOSTIC,     6, -9.140329957008e-01, inf, 5.2261e+00, 8.5154e-01, 
 1DIAGNOSTIC,     7, -9.188240766525e-01, inf, 6.0767e+00, 8.5067e-01, 
 1DIAGNOSTIC,     8, -9.220578670502e-01, 7.460963446647e-03, 6.9337e+00, 8.5695e-01, 
 1DIAGNOSTIC,     9, -9.243330359459e-01, 4.554136656225e-03, 7.8158e+00, 8.8214e-01, 
 1DIAGNOSTIC,    10, -9.260556697845e-01, 2.842494752258e-03, 8.6667e+00, 8.5088e-01, 
 1DIAGNOSTIC,    11, -9.275093674660e-01, 1.821305020712e-03, 9.5038e+00, 8.3710e-01, 
 1DIAGNOSTIC,    12, -9.281918406487e-01, 1.187549205497e-03, 1.0342e+01, 8.3774e-01, 
 1DIAGNOSTIC,    13, -9.291231632233e-01, 7.867212407291e-04, 1.1182e+01, 8.4012e-01, 
 1DIAGNOSTIC,    14, -9.299021959305e-01, 5.391750601120e-04, 1.2011e+01, 8.2965e-01, 
 1DIAGNOSTIC,    15, -9.304799437523e-01, 3.864743048325e-04, 1.2848e+01, 8.3683e-01, 
 1DIAGNOSTIC,    16, -9.310314059258e-01, 2.894653007388e-04, 1.3672e+01, 8.2352e-01, 
 1DIAGNOSTIC,    17, -9.314996600151e-01, 2.247499069199e-04, 1.4475e+01, 8.0349e-01, 
 1DIAGNOSTIC,    18, -9.317742586136e-01, 1.775379787432e-04, 1.5290e+01, 8.1442e-01, 
 1DIAGNOSTIC,    19, -9.320792555809e-01, 1.456914760638e-04, 1.6092e+01, 8.0193e-01, 
 1DIAGNOSTIC,    20, -9.322319030762e-01, 1.121689419961e-04, 1.6908e+01, 8.1691e-01, 
 1DIAGNOSTIC,    21, -9.324296712875e-01, 8.639758016216e-05, 1.7741e+01, 8.3272e-01, 
 1DIAGNOSTIC,    22, -9.328805208206e-01, 7.205499423435e-05, 1.8546e+01, 8.0518e-01, 
 1DIAGNOSTIC,    23, -9.330339431763e-01, 6.075606506784e-05, 1.9357e+01, 8.1027e-01, 
 1DIAGNOSTIC,    24, -9.332239031792e-01, 5.365010656533e-05, 2.0180e+01, 8.2347e-01, 
 1DIAGNOSTIC,    25, -9.333844184875e-01, 4.909767812933e-05, 2.0993e+01, 8.1326e-01, 
 1DIAGNOSTIC,    26, -9.334149956703e-01, 4.226947930874e-05, 2.1799e+01, 8.0558e-01, 
 1DIAGNOSTIC,    27, -9.335595965385e-01, 3.636064138846e-05, 2.2602e+01, 8.0346e-01, 
 1DIAGNOSTIC,    28, -9.337121248245e-01, 2.992826557602e-05, 2.3404e+01, 8.0203e-01, 
 1DIAGNOSTIC,    29, -9.337263107300e-01, 2.244436291221e-05, 2.4204e+01, 7.9953e-01, 
 1DIAGNOSTIC,    30, -9.338064789772e-01, 1.915680149978e-05, 2.5003e+01, 7.9932e-01, 
 1DIAGNOSTIC,    31, -9.338913559914e-01, 1.633054671402e-05, 2.5806e+01, 8.0317e-01, 
 1DIAGNOSTIC,    32, -9.339104890823e-01, 1.388329019392e-05, 2.6608e+01, 8.0164e-01, 
 1DIAGNOSTIC,    33, -9.339444041252e-01, 1.200984206662e-05, 2.7417e+01, 8.0847e-01, 
 1DIAGNOSTIC,    34, -9.339743256569e-01, 9.316873729404e-06, 2.8281e+01, 8.6473e-01, 
 1DIAGNOSTIC,    35, -9.339939355850e-01, 7.309293323488e-06, 2.9137e+01, 8.5526e-01, 
 1DIAGNOSTIC,    36, -9.340105056763e-01, 6.298952484940e-06, 2.9990e+01, 8.5386e-01, 
 1DIAGNOSTIC,    37, -9.340353012085e-01, 4.972919214197e-06, 3.0848e+01, 8.5737e-01, 
 1DIAGNOSTIC,    38, -9.340514540672e-01, 4.080834514752e-06, 3.1702e+01, 8.5476e-01, 
 1DIAGNOSTIC,    39, -9.340658187866e-01, 3.750627001864e-06, 3.2589e+01, 8.8633e-01, 
 1DIAGNOSTIC,    40, -9.341689944267e-01, 4.186883415969e-06, 3.3433e+01, 8.4387e-01, 
 1DIAGNOSTIC,    41, -9.341747164726e-01, 4.472235104913e-06, 3.4278e+01, 8.4570e-01, 
 1DIAGNOSTIC,    42, -9.342193603516e-01, 4.912830718240e-06, 3.5122e+01, 8.4312e-01, 
 1DIAGNOSTIC,    43, -9.342359304428e-01, 5.054802841187e-06, 3.5971e+01, 8.4898e-01, 
 1DIAGNOSTIC,    44, -9.343768358231e-01, 5.912947017350e-06, 3.6828e+01, 8.5718e-01, 
 1DIAGNOSTIC,    45, -9.344339370728e-01, 6.657019184786e-06, 3.7678e+01, 8.4993e-01, 
 1DIAGNOSTIC,    46, -9.345358610153e-01, 7.508023372793e-06, 3.8523e+01, 8.4563e-01, 
 1DIAGNOSTIC,    47, -9.346010684967e-01, 7.953013664519e-06, 3.9372e+01, 8.4851e-01, 
 1DIAGNOSTIC,    48, -9.346020817757e-01, 8.131071808748e-06, 4.0227e+01, 8.5555e-01, 
 1DIAGNOSTIC,    49, -9.346020221710e-01, 7.255884611368e-06, 4.1053e+01, 8.2549e-01, 
 1DIAGNOSTIC,    50, -9.346017837524e-01, 5.795221113658e-06, 4.1920e+01, 8.6697e-01, 
 1DIAGNOSTIC,    51, -9.346041679382e-01, 3.765982228288e-06, 4.2770e+01, 8.5054e-01, 
 1DIAGNOSTIC,    52, -9.346005320549e-01, 2.375915528319e-06, 4.3617e+01, 8.4674e-01, 
 1DIAGNOSTIC,    53, -9.346011877060e-01, 1.207260424962e-06, 4.4494e+01, 8.7684e-01, 
 1DIAGNOSTIC,    54, -9.346009492874e-01, 7.144739129217e-07, 4.5365e+01, 8.7121e-01, 
 1DIAGNOSTIC,    55, -9.346314668655e-01, 8.976798540061e-07, 4.6237e+01, 8.7141e-01, 
 1DIAGNOSTIC,    56, -9.346584081650e-01, 1.231561100212e-06, 4.7114e+01, 8.7702e-01, 
 1DIAGNOSTIC,    57, -9.346505403519e-01, 1.423359890396e-06, 4.7991e+01, 8.7788e-01, 
 1DIAGNOSTIC,    58, -9.346926212311e-01, 1.774942688826e-06, 4.8848e+01, 8.5706e-01, 
 1DIAGNOSTIC,    59, -9.346926808357e-01, 1.955248080776e-06, 4.9711e+01, 8.6229e-01, 
 1DIAGNOSTIC,    60, -9.346912503242e-01, 1.906494503601e-06, 5.0585e+01, 8.7463e-01, 
 1DIAGNOSTIC,    61, -9.346302151680e-01, 1.304536908719e-06, 5.1480e+01, 8.9485e-01, 
 1DIAGNOSTIC,    62, -9.346616864204e-01, 8.133436608659e-07, 5.2353e+01, 8.7234e-01, 
 1DIAGNOSTIC,    63, -9.346901178360e-01, 6.470760354205e-07, 5.3232e+01, 8.7986e-01, 
 1DIAGNOSTIC,    64, -9.346606135368e-01, 4.750774849072e-07, 5.4099e+01, 8.6619e-01, 
 1DIAGNOSTIC,    65, -9.346629381180e-01, 3.080251360643e-07, 5.4950e+01, 8.5127e-01, 
 1DIAGNOSTIC,    66, -9.346913099289e-01, 5.830004283780e-07, 5.5830e+01, 8.8001e-01, 
 1DIAGNOSTIC,    67, -9.347192049026e-01, 9.934020681612e-07, 5.6690e+01, 8.5977e-01, 
 1DIAGNOSTIC,    68, -9.347429871559e-01, 1.469534367970e-06, 5.7548e+01, 8.5829e-01, 
 1DIAGNOSTIC,    69, -9.346653223038e-01, 1.041687710313e-06, 5.8419e+01, 8.7088e-01, 
 1DIAGNOSTIC,    70, -9.347232580185e-01, 1.036334424498e-06, 5.9296e+01, 8.7704e-01, 
 1DIAGNOSTIC,    71, -9.347224831581e-01, 1.090165369533e-06, 6.0155e+01, 8.5868e-01, 
 1DIAGNOSTIC,    72, -9.347192049026e-01, 8.973491389952e-07, 6.1032e+01, 8.7717e-01, 
 1DIAGNOSTIC,    73, -9.347186088562e-01, 6.768328262297e-07, 6.1893e+01, 8.6125e-01, 
 1DIAGNOSTIC,    74, -9.347186088562e-01, 5.776620923825e-07, 6.2751e+01, 8.5762e-01, 
 1DIAGNOSTIC,    75, -9.347183704376e-01, 6.009836965859e-07, 6.3620e+01, 8.6973e-01, 
 1DIAGNOSTIC,    76, -9.347377419472e-01, 8.396469297622e-07, 6.4493e+01, 8.7282e-01, 
 1DIAGNOSTIC,    77, -9.347388148308e-01, 6.415260713766e-07, 6.5370e+01, 8.7704e-01, 
 1DIAGNOSTIC,    78, -9.347376227379e-01, 7.040085847621e-07, 6.6229e+01, 8.5908e-01, 
 1DIAGNOSTIC,    79, -9.347375631332e-01, 7.307450573535e-07, 6.7087e+01, 8.5774e-01, 
 1DIAGNOSTIC,    80, -9.347066879272e-01, 5.580054676102e-07, 6.7953e+01, 8.6555e-01, 
 1DIAGNOSTIC,    81, -9.347071647644e-01, 3.807731445704e-07, 6.8835e+01, 8.8221e-01, 
 1DIAGNOSTIC,    82, -9.346934556961e-01, 1.587787039625e-07, 6.9698e+01, 8.6369e-01, 
 1DIAGNOSTIC,    83, -9.347080588341e-01, 5.436537975356e-08, 7.0564e+01, 8.6527e-01, 
XXDIAGNOSTIC,Iteration,metricValue,convergenceValue,ITERATION_TIME_INDEX,SINCE_LAST
 1DIAGNOSTIC,     1, -9.155507683754e-01, inf, 7.8623e+01, 8.0589e+00, 
 1DIAGNOSTIC,     2, -9.210203289986e-01, inf, 8.6613e+01, 7.9899e+00, 
 1DIAGNOSTIC,     3, -9.258300065994e-01, inf, 9.4805e+01, 8.1920e+00, 
 1DIAGNOSTIC,     4, -9.293804168701e-01, inf, 1.0294e+02, 8.1354e+00, 
 1DIAGNOSTIC,     5, -9.321401119232e-01, inf, 1.1117e+02, 8.2261e+00, 
 1DIAGNOSTIC,     6, -9.341883659363e-01, inf, 1.1926e+02, 8.0979e+00, 
 1DIAGNOSTIC,     7, -9.358779191971e-01, inf, 1.2748e+02, 8.2184e+00, 
 1DIAGNOSTIC,     8, -9.371916055679e-01, 1.859389361925e-03, 1.3565e+02, 8.1721e+00, 
 1DIAGNOSTIC,     9, -9.383145570755e-01, 1.296668779105e-03, 1.4383e+02, 8.1764e+00, 
 1DIAGNOSTIC,    10, -9.392288923264e-01, 9.094304987229e-04, 1.5208e+02, 8.2491e+00, 
 1DIAGNOSTIC,    11, -9.400096535683e-01, 6.581970374100e-04, 1.6032e+02, 8.2388e+00, 
 1DIAGNOSTIC,    12, -9.406860470772e-01, 4.895532620139e-04, 1.6857e+02, 8.2528e+00, 
 1DIAGNOSTIC,    13, -9.411829113960e-01, 3.724101115949e-04, 1.7688e+02, 8.3035e+00, 
 1DIAGNOSTIC,    14, -9.417706727982e-01, 2.902817504946e-04, 1.8503e+02, 8.1565e+00, 
 1DIAGNOSTIC,    15, -9.421947002411e-01, 2.308943221578e-04, 1.9327e+02, 8.2429e+00, 
 1DIAGNOSTIC,    16, -9.425519704819e-01, 1.854130387073e-04, 2.0145e+02, 8.1743e+00, 
 1DIAGNOSTIC,    17, -9.428637027740e-01, 1.506371918367e-04, 2.0963e+02, 8.1769e+00, 
 1DIAGNOSTIC,    18, -9.431607723236e-01, 1.234702504007e-04, 2.1786e+02, 8.2331e+00, 
 1DIAGNOSTIC,    19, -9.434053301811e-01, 1.017526155920e-04, 2.2609e+02, 8.2267e+00, 
 1DIAGNOSTIC,    20, -9.435520172119e-01, 8.321276982315e-05, 2.3423e+02, 8.1420e+00, 
 1DIAGNOSTIC,    21, -9.437071084976e-01, 6.621787179029e-05, 2.4240e+02, 8.1766e+00, 
 1DIAGNOSTIC,    22, -9.438896179199e-01, 5.443444024422e-05, 2.5067e+02, 8.2679e+00, 
 1DIAGNOSTIC,    23, -9.440839290619e-01, 4.600066677085e-05, 2.5892e+02, 8.2433e+00, 
 1DIAGNOSTIC,    24, -9.442035555840e-01, 3.922852920368e-05, 2.6711e+02, 8.1993e+00, 
 1DIAGNOSTIC,    25, -9.443659782410e-01, 3.458773790044e-05, 2.7542e+02, 8.3079e+00, 
 1DIAGNOSTIC,    26, -9.445323348045e-01, 3.205676694051e-05, 2.8369e+02, 8.2661e+00, 
 1DIAGNOSTIC,    27, -9.446806907654e-01, 3.063611802645e-05, 2.9164e+02, 7.9532e+00, 
 1DIAGNOSTIC,    28, -9.448233246803e-01, 2.889764073188e-05, 2.9907e+02, 7.4283e+00, 
 1DIAGNOSTIC,    29, -9.449150562286e-01, 2.640035199875e-05, 3.0671e+02, 7.6428e+00, 
 1DIAGNOSTIC,    30, -9.450477957726e-01, 2.427347135381e-05, 3.1454e+02, 7.8276e+00, 
 1DIAGNOSTIC,    31, -9.451472163200e-01, 2.241525726276e-05, 3.2244e+02, 7.9007e+00, 
 1DIAGNOSTIC,    32, -9.452487230301e-01, 2.012457662204e-05, 3.3048e+02, 8.0365e+00, 
 1DIAGNOSTIC,    33, -9.453300237656e-01, 1.792904186004e-05, 3.3852e+02, 8.0439e+00, 
 1DIAGNOSTIC,    34, -9.454058408737e-01, 1.603113742021e-05, 3.4656e+02, 8.0413e+00, 
 1DIAGNOSTIC,    35, -9.454909563065e-01, 1.450743366149e-05, 3.5444e+02, 7.8725e+00, 
 1DIAGNOSTIC,    36, -9.455662965775e-01, 1.333907948720e-05, 3.6251e+02, 8.0695e+00, 
 1DIAGNOSTIC,    37, -9.456392526627e-01, 1.206742490467e-05, 3.7063e+02, 8.1268e+00, 
 1DIAGNOSTIC,    38, -9.457108974457e-01, 1.122965295508e-05, 3.7873e+02, 8.0956e+00, 
 1DIAGNOSTIC,    39, -9.457801580429e-01, 1.052061907103e-05, 3.8689e+02, 8.1663e+00, 
 1DIAGNOSTIC,    40, -9.458512067795e-01, 1.003336637950e-05, 3.9511e+02, 8.2190e+00, 
 1DIAGNOSTIC,    41, -9.459205865860e-01, 9.588745342626e-06, 4.0319e+02, 8.0819e+00, 
 1DIAGNOSTIC,    42, -9.459878802299e-01, 9.143450370175e-06, 4.1133e+02, 8.1333e+00, 
 1DIAGNOSTIC,    43, -9.460333585739e-01, 8.622821951576e-06, 4.1951e+02, 8.1779e+00, 
 1DIAGNOSTIC,    44, -9.460715055466e-01, 7.935578651086e-06, 4.2756e+02, 8.0585e+00, 
 1DIAGNOSTIC,    45, -9.461190700531e-01, 7.220593488455e-06, 4.3565e+02, 8.0861e+00, 
 1DIAGNOSTIC,    46, -9.462525844574e-01, 7.241822459036e-06, 4.4372e+02, 8.0695e+00, 
 1DIAGNOSTIC,    47, -9.463679194450e-01, 7.756166269246e-06, 4.5184e+02, 8.1205e+00, 
 1DIAGNOSTIC,    48, -9.464764595032e-01, 8.614216312708e-06, 4.5995e+02, 8.1110e+00, 
 1DIAGNOSTIC,    49, -9.465684890747e-01, 9.497533937974e-06, 4.6809e+02, 8.1356e+00, 
 1DIAGNOSTIC,    50, -9.466671347618e-01, 1.026691552397e-05, 4.7620e+02, 8.1120e+00, 
 1DIAGNOSTIC,    51, -9.467588663101e-01, 1.057933241100e-05, 4.8433e+02, 8.1330e+00, 
 1DIAGNOSTIC,    52, -9.468380212784e-01, 1.025914843922e-05, 4.9246e+02, 8.1318e+00, 
 1DIAGNOSTIC,    53, -9.469047784805e-01, 9.328117812402e-06, 5.0062e+02, 8.1522e+00, 
 1DIAGNOSTIC,    54, -9.469665288925e-01, 8.486261322105e-06, 5.0884e+02, 8.2200e+00, 
 1DIAGNOSTIC,    55, -9.470188617706e-01, 7.639840987395e-06, 5.1701e+02, 8.1713e+00, 
 1DIAGNOSTIC,    56, -9.470725059509e-01, 6.861249403300e-06, 5.2511e+02, 8.1075e+00, 
 1DIAGNOSTIC,    57, -9.471287131310e-01, 6.150221906864e-06, 5.3324e+02, 8.1209e+00, 
 1DIAGNOSTIC,    58, -9.471784234047e-01, 5.591575700237e-06, 5.4102e+02, 7.7814e+00, 
 1DIAGNOSTIC,    59, -9.472318887711e-01, 5.227289420873e-06, 5.4830e+02, 7.2821e+00, 
 1DIAGNOSTIC,    60, -9.472683668137e-01, 4.903864464723e-06, 5.5608e+02, 7.7783e+00, 
 1DIAGNOSTIC,    61, -9.473120570183e-01, 4.624118901120e-06, 5.6397e+02, 7.8886e+00, 
 1DIAGNOSTIC,    62, -9.473971128464e-01, 4.632320269593e-06, 5.7207e+02, 8.0990e+00, 
 1DIAGNOSTIC,    63, -9.474400877953e-01, 4.595112386596e-06, 5.8015e+02, 8.0821e+00, 
 1DIAGNOSTIC,    64, -9.474762082100e-01, 4.488531430979e-06, 5.8823e+02, 8.0814e+00, 
 1DIAGNOSTIC,    65, -9.475142359734e-01, 4.341586645751e-06, 5.9626e+02, 8.0361e+00, 
 1DIAGNOSTIC,    66, -9.475573301315e-01, 4.149883352511e-06, 6.0415e+02, 7.8835e+00, 
 1DIAGNOSTIC,    67, -9.475886821747e-01, 3.898408067471e-06, 6.1232e+02, 8.1700e+00, 
 1DIAGNOSTIC,    68, -9.476206302643e-01, 3.536081976563e-06, 6.2051e+02, 8.1884e+00, 
 1DIAGNOSTIC,    69, -9.476416707039e-01, 3.082162265855e-06, 6.2872e+02, 8.2163e+00, 
 1DIAGNOSTIC,    70, -9.476800560951e-01, 2.915546019722e-06, 6.3688e+02, 8.1547e+00, 
 1DIAGNOSTIC,    71, -9.477011561394e-01, 2.731630502240e-06, 6.4504e+02, 8.1644e+00, 
 1DIAGNOSTIC,    72, -9.477344751358e-01, 2.584213461887e-06, 6.5331e+02, 8.2727e+00, 
 1DIAGNOSTIC,    73, -9.477503299713e-01, 2.405426812402e-06, 6.6167e+02, 8.3504e+00, 
 1DIAGNOSTIC,    74, -9.477800130844e-01, 2.314617859156e-06, 6.6992e+02, 8.2531e+00, 
 1DIAGNOSTIC,    75, -9.478118419647e-01, 2.267083345942e-06, 6.7838e+02, 8.4587e+00, 
 1DIAGNOSTIC,    76, -9.478352069855e-01, 2.228045559605e-06, 6.8668e+02, 8.3041e+00, 
 1DIAGNOSTIC,    77, -9.478507041931e-01, 2.107768295900e-06, 6.9500e+02, 8.3230e+00, 
 1DIAGNOSTIC,    78, -9.478724002838e-01, 2.035877287199e-06, 7.0332e+02, 8.3110e+00, 
 1DIAGNOSTIC,    79, -9.478959441185e-01, 1.940109996212e-06, 7.1164e+02, 8.3260e+00, 
 1DIAGNOSTIC,    80, -9.479190111160e-01, 1.890796511361e-06, 7.1992e+02, 8.2752e+00, 
XXDIAGNOSTIC,Iteration,metricValue,convergenceValue,ITERATION_TIME_INDEX,SINCE_LAST
 1DIAGNOSTIC,     1, -9.154525995255e-01, inf, 8.1106e+02, 9.1145e+01, 
 1DIAGNOSTIC,     2, -9.159840345383e-01, inf, 9.0197e+02, 9.0912e+01, 
 1DIAGNOSTIC,     3, -9.173060655594e-01, inf, 9.9789e+02, 9.5922e+01, 
 1DIAGNOSTIC,     4, -9.187951087952e-01, inf, 1.0903e+03, 9.2375e+01, 
 1DIAGNOSTIC,     5, -9.203252792358e-01, inf, 1.1822e+03, 9.1933e+01, 
 1DIAGNOSTIC,     6, -9.219846725464e-01, inf, 1.2749e+03, 9.2658e+01, 
 1DIAGNOSTIC,     7, -9.235864877701e-01, inf, 1.3676e+03, 9.2725e+01, 
 1DIAGNOSTIC,     8, -9.249011278152e-01, 8.980966522358e-04, 1.4582e+03, 9.0647e+01, 
 1DIAGNOSTIC,     9, -9.259239435196e-01, 8.221261086874e-04, 1.5525e+03, 9.4309e+01, 
 1DIAGNOSTIC,    10, -9.267284870148e-01, 6.998644676059e-04, 1.6423e+03, 8.9805e+01, 
 1DIAGNOSTIC,    11, -9.274176359177e-01, 5.726774106734e-04, 1.7332e+03, 9.0840e+01, 
 1DIAGNOSTIC,    12, -9.279754757881e-01, 4.519487556536e-04, 1.8275e+03, 9.4340e+01, 
 1DIAGNOSTIC,    13, -9.285391569138e-01, 3.478405997157e-04, 1.9149e+03, 8.7357e+01, 
 1DIAGNOSTIC,    14, -9.292044639587e-01, 2.726718666963e-04, 2.0052e+03, 9.0331e+01, 
 1DIAGNOSTIC,    15, -9.296404719353e-01, 2.204725169577e-04, 2.0993e+03, 9.4046e+01, 
 1DIAGNOSTIC,    16, -9.299388527870e-01, 1.819161261665e-04, 2.1868e+03, 8.7569e+01, 
 1DIAGNOSTIC,    17, -9.301474094391e-01, 1.495640899520e-04, 2.2622e+03, 7.5338e+01, 
 1DIAGNOSTIC,    18, -9.306335449219e-01, 1.266015315196e-04, 2.3498e+03, 8.7587e+01, 
 1DIAGNOSTIC,    19, -9.307888746262e-01, 1.047780460794e-04, 2.4438e+03, 9.4025e+01, 
 1DIAGNOSTIC,    20, -9.311137199402e-01, 8.717080345377e-05, 2.5222e+03, 7.8408e+01, 
 1DIAGNOSTIC,    21, -9.311728477478e-01, 6.999100878602e-05, 2.6032e+03, 8.1041e+01, 
 1DIAGNOSTIC,    22, -9.313963055611e-01, 5.967585821054e-05, 2.6981e+03, 9.4856e+01, 
 1DIAGNOSTIC,    23, -9.315059185028e-01, 5.071299528936e-05, 2.7837e+03, 8.5577e+01, 
 1DIAGNOSTIC,    24, -9.315732717514e-01, 4.117845310248e-05, 2.8594e+03, 7.5735e+01, 
 1DIAGNOSTIC,    25, -9.316177368164e-01, 3.039604234800e-05, 2.9516e+03, 9.2177e+01, 
 1DIAGNOSTIC,    26, -9.316589832306e-01, 2.390218105575e-05, 3.0483e+03, 9.6676e+01, 
 1DIAGNOSTIC,    27, -9.317365884781e-01, 1.777951365511e-05, 3.1240e+03, 7.5765e+01, 
 1DIAGNOSTIC,    28, -9.316623210907e-01, 1.311402593274e-05, 3.2091e+03, 8.5062e+01, 
 1DIAGNOSTIC,    29, -9.315983057022e-01, 6.999313882261e-06, 3.3038e+03, 9.4768e+01, 
