All_Command_lines_OK
Using single precision for computations.
=============================================================================
The composite transform comprises the following transforms (in order): 
  1. /resnick/scratch/yun/tmp_ants/tmpfm2trjhn.mat (type = AffineTransform)
=============================================================================
  Reading mask(s).
    Registration stage 0
      No fixed mask
      No moving mask
    Registration stage 1
      No fixed mask
      No moving mask
    Registration stage 2
      Fixed mask = 0x7f0fa03bf048
      Moving mask = 0x7f0fa03bf088
  number of levels = 4
  number of levels = 4
  number of levels = 4
  fixed image: 0x7f0fa03bef48
  moving image: 0x7f0fa03befe8
  fixed image: 0x7f0fa03bef48
  moving image: 0x7f0fa03befe8
  fixed image: 0x7f0fa03bef48
  moving image: 0x7f0fa03befe8
Dimension = 3
Number of stages = 3
Use histogram matching = true
Winsorize image intensities = false
  Lower quantile = 0
  Upper quantile = 1


Stage 1 State
   Image metric = MattesMI
     Fixed image = Image (0x500cdd0)
  RTTI typeinfo:   itk::Image<float, 3u>
  Reference Count: 2
  Modified Time: 1709442
  Debug: Off
  Object Name: 
  Observers: 
    none
  Source: (none)
  Source output name: (none)
  Release Data: Off
  Data Released: False
  Global Release Data: Off
  PipelineMTime: 0
  UpdateMTime: 1709414
  RealTimeStamp: 0 seconds 
  LargestPossibleRegion: 
    Dimension: 3
    Index: [0, 0, 0]
    Size: [146, 288, 100]
  BufferedRegion: 
    Dimension: 3
    Index: [0, 0, 0]
    Size: [146, 288, 100]
  RequestedRegion: 
    Dimension: 3
    Index: [0, 0, 0]
    Size: [146, 288, 100]
  Spacing: [3, 3, 3]
  Origin: [436.24, 861.84, 292.5]
  Direction: 
-1 0 0
0 -1 0
0 0 -1

  IndexToPointMatrix: 
-3 0 0
0 -3 0
0 0 -3

  PointToIndexMatrix: 
-0.333333 0 0
0 -0.333333 0
0 0 -0.333333

  Inverse Direction: 
-1 0 0
0 -1 0
0 0 -1

  PixelContainer: 
    ImportImageContainer (0x50535e0)
      RTTI typeinfo:   itk::ImportImageContainer<unsigned long, float>
      Reference Count: 1
      Modified Time: 1709412
      Debug: Off
      Object Name: 
      Observers: 
        none
      Pointer: 0x1591d0a0
      Container manages memory: true
      Size: 4204800
      Capacity: 4204800

     Moving image = Image (0x50040e0)
  RTTI typeinfo:   itk::Image<float, 3u>
  Reference Count: 2
  Modified Time: 1709443
  Debug: Off
  Object Name: 
  Observers: 
    none
  Source: (none)
  Source output name: (none)
  Release Data: Off
  Data Released: False
  Global Release Data: Off
  PipelineMTime: 0
  UpdateMTime: 1709440
  RealTimeStamp: 0 seconds 
  LargestPossibleRegion: 
    Dimension: 3
    Index: [0, 0, 0]
    Size: [140, 270, 83]
  BufferedRegion: 
    Dimension: 3
    Index: [0, 0, 0]
    Size: [140, 270, 83]
  RequestedRegion: 
    Dimension: 3
    Index: [0, 0, 0]
    Size: [140, 270, 83]
  Spacing: [3, 3, 3]
  Origin: [418, 807.12, 243.75]
  Direction: 
-1 0 0
0 -1 0
0 0 -1

  IndexToPointMatrix: 
-3 0 0
0 -3 0
0 0 -3

  PointToIndexMatrix: 
-0.333333 0 0
0 -0.333333 0
0 0 -0.333333

  Inverse Direction: 
-1 0 0
0 -1 0
0 0 -1

  PixelContainer: 
    ImportImageContainer (0xc42e9f0)
      RTTI typeinfo:   itk::ImportImageContainer<unsigned long, float>
      Reference Count: 1
      Modified Time: 1709438
      Debug: Off
      Object Name: 
      Observers: 
        none
      Pointer: 0x169274b0
      Container manages memory: true
      Size: 3137400
      Capacity: 3137400

     Weighting = 1
     Sampling strategy = regular
     Number of bins = 32
     Radius = 4
     Sampling percentage  = 0.2
   Transform = Rigid
     Gradient step = 0.25
     Update field sigma (voxel space) = 0
     Total field sigma (voxel space) = 0
     Update field time sigma = 0
     Total field time sigma  = 0
     Number of time indices = 0
     Number of time point samples = 0
Stage 2 State
   Image metric = MattesMI
     Fixed image = Image (0x502b410)
  RTTI typeinfo:   itk::Image<float, 3u>
  Reference Count: 2
  Modified Time: 1709496
  Debug: Off
  Object Name: 
  Observers: 
    none
  Source: (none)
  Source output name: (none)
  Release Data: Off
  Data Released: False
  Global Release Data: Off
  PipelineMTime: 0
  UpdateMTime: 1709468
  RealTimeStamp: 0 seconds 
  LargestPossibleRegion: 
    Dimension: 3
    Index: [0, 0, 0]
    Size: [146, 288, 100]
  BufferedRegion: 
    Dimension: 3
    Index: [0, 0, 0]
    Size: [146, 288, 100]
  RequestedRegion: 
    Dimension: 3
    Index: [0, 0, 0]
    Size: [146, 288, 100]
  Spacing: [3, 3, 3]
  Origin: [436.24, 861.84, 292.5]
  Direction: 
-1 0 0
0 -1 0
0 0 -1

  IndexToPointMatrix: 
-3 0 0
0 -3 0
0 0 -3

  PointToIndexMatrix: 
-0.333333 0 0
0 -0.333333 0
0 0 -0.333333

  Inverse Direction: 
-1 0 0
0 -1 0
0 0 -1

  PixelContainer: 
    ImportImageContainer (0x7a96a30)
      RTTI typeinfo:   itk::ImportImageContainer<unsigned long, float>
      Reference Count: 1
      Modified Time: 1709466
      Debug: Off
      Object Name: 
      Observers: 
        none
      Pointer: 0x1751f2a0
      Container manages memory: true
      Size: 4204800
      Capacity: 4204800

     Moving image = Image (0x4ff3e10)
  RTTI typeinfo:   itk::Image<float, 3u>
  Reference Count: 2
  Modified Time: 1709497
  Debug: Off
  Object Name: 
  Observers: 
    none
  Source: (none)
  Source output name: (none)
  Release Data: Off
  Data Released: False
  Global Release Data: Off
  PipelineMTime: 0
  UpdateMTime: 1709494
  RealTimeStamp: 0 seconds 
  LargestPossibleRegion: 
    Dimension: 3
    Index: [0, 0, 0]
    Size: [140, 270, 83]
  BufferedRegion: 
    Dimension: 3
    Index: [0, 0, 0]
    Size: [140, 270, 83]
  RequestedRegion: 
    Dimension: 3
    Index: [0, 0, 0]
    Size: [140, 270, 83]
  Spacing: [3, 3, 3]
  Origin: [418, 807.12, 243.75]
  Direction: 
-1 0 0
0 -1 0
0 0 -1

  IndexToPointMatrix: 
-3 0 0
0 -3 0
0 0 -3

  PointToIndexMatrix: 
-0.333333 0 0
0 -0.333333 0
0 0 -0.333333

  Inverse Direction: 
-1 0 0
0 -1 0
0 0 -1

  PixelContainer: 
    ImportImageContainer (0x4fc6a30)
      RTTI typeinfo:   itk::ImportImageContainer<unsigned long, float>
      Reference Count: 1
      Modified Time: 1709492
      Debug: Off
      Object Name: 
      Observers: 
        none
      Pointer: 0x185296b0
      Container manages memory: true
      Size: 3137400
      Capacity: 3137400

     Weighting = 1
     Sampling strategy = regular
     Number of bins = 32
     Radius = 4
     Sampling percentage  = 0.2
   Transform = Affine
     Gradient step = 0.25
     Update field sigma (voxel space) = 0
     Total field sigma (voxel space) = 0
     Update field time sigma = 0
     Total field time sigma  = 0
     Number of time indices = 0
     Number of time point samples = 0
Stage 3 State
   Image metric = CC
     Fixed image = Image (0x50578f0)
  RTTI typeinfo:   itk::Image<float, 3u>
  Reference Count: 2
  Modified Time: 1709550
  Debug: Off
  Object Name: 
  Observers: 
    none
  Source: (none)
  Source output name: (none)
  Release Data: Off
  Data Released: False
  Global Release Data: Off
  PipelineMTime: 0
  UpdateMTime: 1709522
  RealTimeStamp: 0 seconds 
  LargestPossibleRegion: 
    Dimension: 3
    Index: [0, 0, 0]
    Size: [146, 288, 100]
  BufferedRegion: 
    Dimension: 3
    Index: [0, 0, 0]
    Size: [146, 288, 100]
  RequestedRegion: 
    Dimension: 3
    Index: [0, 0, 0]
    Size: [146, 288, 100]
  Spacing: [3, 3, 3]
  Origin: [436.24, 861.84, 292.5]
  Direction: 
-1 0 0
0 -1 0
0 0 -1

  IndexToPointMatrix: 
-3 0 0
0 -3 0
0 0 -3

  PointToIndexMatrix: 
-0.333333 0 0
0 -0.333333 0
0 0 -0.333333

  Inverse Direction: 
-1 0 0
0 -1 0
0 0 -1

  PixelContainer: 
    ImportImageContainer (0xc432720)
      RTTI typeinfo:   itk::ImportImageContainer<unsigned long, float>
      Reference Count: 1
      Modified Time: 1709520
      Debug: Off
      Object Name: 
      Observers: 
        none
      Pointer: 0x191214a0
      Container manages memory: true
      Size: 4204800
      Capacity: 4204800

     Moving image = Image (0x5069a60)
  RTTI typeinfo:   itk::Image<float, 3u>
  Reference Count: 2
  Modified Time: 1709551
  Debug: Off
  Object Name: 
  Observers: 
    none
  Source: (none)
  Source output name: (none)
  Release Data: Off
  Data Released: False
  Global Release Data: Off
  PipelineMTime: 0
  UpdateMTime: 1709548
  RealTimeStamp: 0 seconds 
  LargestPossibleRegion: 
    Dimension: 3
    Index: [0, 0, 0]
    Size: [140, 270, 83]
  BufferedRegion: 
    Dimension: 3
    Index: [0, 0, 0]
    Size: [140, 270, 83]
  RequestedRegion: 
    Dimension: 3
    Index: [0, 0, 0]
    Size: [140, 270, 83]
  Spacing: [3, 3, 3]
  Origin: [418, 807.12, 243.75]
  Direction: 
-1 0 0
0 -1 0
0 0 -1

  IndexToPointMatrix: 
-3 0 0
0 -3 0
0 0 -3

  PointToIndexMatrix: 
-0.333333 0 0
0 -0.333333 0
0 0 -0.333333

  Inverse Direction: 
-1 0 0
0 -1 0
0 0 -1

  PixelContainer: 
    ImportImageContainer (0xc432780)
      RTTI typeinfo:   itk::ImportImageContainer<unsigned long, float>
      Reference Count: 1
      Modified Time: 1709546
      Debug: Off
      Object Name: 
      Observers: 
        none
      Pointer: 0x1a12b8b0
      Container manages memory: true
      Size: 3137400
      Capacity: 3137400

     Weighting = 1
     Sampling strategy = none
     Number of bins = 32
     Radius = 32
     Sampling percentage  = 1
   Transform = SyN
     Gradient step = 0.2
     Update field sigma (voxel space) = 3
     Total field sigma (voxel space) = 0
     Update field time sigma = 0
     Total field time sigma  = 0
     Number of time indices = 0
     Number of time point samples = 0
Registration using 3 total stages.

Stage 0
  iterations = 2100x1200x1200x0
  convergence threshold = 1e-06
  convergence window size = 10
  number of levels = 4
  using the Mattes MI metric (number of bins = 32, weight = 1, use gradient filter = 0)
  preprocessing:  histogram matching the images
  Shrink factors (level 1 out of 4): [4, 4, 4]
  Shrink factors (level 2 out of 4): [2, 2, 2]
  Shrink factors (level 3 out of 4): [2, 2, 2]
  Shrink factors (level 4 out of 4): [1, 1, 1]
  smoothing sigmas per level: [3, 2, 1, 0]
  regular sampling (percentage = 0.2)

*** Running Euler3DTransform registration ***

DIAGNOSTIC,Iteration,metricValue,convergenceValue,ITERATION_TIME_INDEX,SINCE_LAST
 2DIAGNOSTIC,     1, -7.316989302635e-01, inf, 9.0891e-02, 9.0890e-02, 
 2DIAGNOSTIC,     2, -7.320977449417e-01, inf, 9.8329e-02, 7.4379e-03, 
 2DIAGNOSTIC,     3, -7.323737740517e-01, inf, 1.0539e-01, 7.0589e-03, 
 2DIAGNOSTIC,     4, -7.325460910797e-01, inf, 1.1192e-01, 6.5272e-03, 
 2DIAGNOSTIC,     5, -7.331144213676e-01, inf, 1.1859e-01, 6.6700e-03, 
 2DIAGNOSTIC,     6, -7.336012125015e-01, inf, 1.2640e-01, 7.8142e-03, 
 2DIAGNOSTIC,     7, -7.339739799500e-01, inf, 1.3319e-01, 6.7899e-03, 
 2DIAGNOSTIC,     8, -7.343310713768e-01, inf, 1.4048e-01, 7.2861e-03, 
 2DIAGNOSTIC,     9, -7.348858714104e-01, inf, 1.4791e-01, 7.4310e-03, 
 2DIAGNOSTIC,    10, -7.348898053169e-01, 3.034482069779e-04, 1.5875e-01, 1.0844e-02, 
 2DIAGNOSTIC,    11, -7.349808812141e-01, 2.619214646984e-04, 1.6721e-01, 8.4600e-03, 
 2DIAGNOSTIC,    12, -7.349971532822e-01, 2.175222616643e-04, 1.7545e-01, 8.2359e-03, 
 2DIAGNOSTIC,    13, -7.350529432297e-01, 1.704844034975e-04, 1.8445e-01, 9.0079e-03, 
 2DIAGNOSTIC,    14, -7.351288199425e-01, 1.213679279317e-04, 1.9325e-01, 8.8000e-03, 
 2DIAGNOSTIC,    15, -7.351511716843e-01, 8.299892942887e-05, 2.0288e-01, 9.6290e-03, 
 2DIAGNOSTIC,    16, -7.353034019470e-01, 5.753586447099e-05, 2.1463e-01, 1.1746e-02, 
 2DIAGNOSTIC,    17, -7.353076934814e-01, 3.838458724204e-05, 2.2345e-01, 8.8210e-03, 
 2DIAGNOSTIC,    18, -7.351641058922e-01, 2.229191341030e-05, 2.3132e-01, 7.8690e-03, 
 2DIAGNOSTIC,    19, -7.351584434509e-01, 1.731060001475e-05, 2.4022e-01, 8.8980e-03, 
 2DIAGNOSTIC,    20, -7.351506352425e-01, 1.121832519857e-05, 2.4835e-01, 8.1310e-03, 
 2DIAGNOSTIC,    21, -7.351364493370e-01, 6.164647402329e-06, 2.5611e-01, 7.7589e-03, 
 2DIAGNOSTIC,    22, -7.352907657623e-01, 4.134255050303e-06, 2.6606e-01, 9.9530e-03, 
 2DIAGNOSTIC,    23, -7.352886795998e-01, 2.904195298470e-06, 2.7455e-01, 8.4929e-03, 
 2DIAGNOSTIC,    24, -7.352824807167e-01, 2.816175992848e-06, 2.8357e-01, 9.0129e-03, 
 2DIAGNOSTIC,    25, -7.352675795555e-01, 2.652158627825e-06, 2.9169e-01, 8.1191e-03, 
 2DIAGNOSTIC,    26, -7.352691292763e-01, 4.630924649973e-06, 3.0079e-01, 9.1090e-03, 
 2DIAGNOSTIC,    27, -7.352744936943e-01, 6.295661478362e-06, 3.0807e-01, 7.2720e-03, 
 2DIAGNOSTIC,    28, -7.352748513222e-01, 5.364863682189e-06, 3.1793e-01, 9.8679e-03, 
 2DIAGNOSTIC,    29, -7.352792620659e-01, 4.119960976823e-06, 3.2602e-01, 8.0869e-03, 
 2DIAGNOSTIC,    30, -7.352787852287e-01, 2.597375214464e-06, 3.3738e-01, 1.1357e-02, 
DIAGNOSTIC,Iteration,metricValue,convergenceValue,ITERATION_TIME_INDEX,SINCE_LAST
 2DIAGNOSTIC,     1, -6.796451210976e-01, inf, 4.6914e-01, 1.3176e-01, 
 2DIAGNOSTIC,     2, -6.800171732903e-01, inf, 4.9020e-01, 2.1065e-02, 
 2DIAGNOSTIC,     3, -6.802837252617e-01, inf, 5.1006e-01, 1.9861e-02, 
 2DIAGNOSTIC,     4, -6.803840398788e-01, inf, 5.2831e-01, 1.8241e-02, 
 2DIAGNOSTIC,     5, -6.803593039513e-01, inf, 5.4585e-01, 1.7547e-02, 
 2DIAGNOSTIC,     6, -6.802975535393e-01, inf, 5.6340e-01, 1.7551e-02, 
 2DIAGNOSTIC,     7, -6.803081035614e-01, inf, 5.7931e-01, 1.5909e-02, 
 2DIAGNOSTIC,     8, -6.802673339844e-01, inf, 5.9736e-01, 1.8051e-02, 
 2DIAGNOSTIC,     9, -6.802746057510e-01, inf, 6.1280e-01, 1.5441e-02, 
 2DIAGNOSTIC,    10, -6.802875995636e-01, 3.703321999637e-05, 6.3146e-01, 1.8661e-02, 
 2DIAGNOSTIC,    11, -6.803089380264e-01, 9.619622687751e-06, 6.5031e-01, 1.8841e-02, 
DIAGNOSTIC,Iteration,metricValue,convergenceValue,ITERATION_TIME_INDEX,SINCE_LAST
 2DIAGNOSTIC,     1, -6.221110224724e-01, inf, 7.6903e-01, 1.1873e-01, 
 2DIAGNOSTIC,     2, -6.223508715630e-01, inf, 7.8861e-01, 1.9574e-02, 
 2DIAGNOSTIC,     3, -6.224358081818e-01, inf, 8.0733e-01, 1.8728e-02, 
 2DIAGNOSTIC,     4, -6.226297616959e-01, inf, 8.2492e-01, 1.7590e-02, 
 2DIAGNOSTIC,     5, -6.225743293762e-01, inf, 8.4230e-01, 1.7372e-02, 
 2DIAGNOSTIC,     6, -6.225973963737e-01, inf, 8.5989e-01, 1.7596e-02, 
 2DIAGNOSTIC,     7, -6.225104928017e-01, inf, 8.7757e-01, 1.7674e-02, 
 2DIAGNOSTIC,     8, -6.225750446320e-01, inf, 8.9513e-01, 1.7563e-02, 
 2DIAGNOSTIC,     9, -6.225755810738e-01, inf, 9.1031e-01, 1.5183e-02, 
 2DIAGNOSTIC,    10, -6.226281523705e-01, 3.785065200645e-05, 9.3048e-01, 2.0166e-02, 
 2DIAGNOSTIC,    11, -6.227082610130e-01, 2.253680395370e-05, 9.4821e-01, 1.7734e-02, 
 2DIAGNOSTIC,    12, -6.227166056633e-01, 1.739945764712e-05, 9.6593e-01, 1.7723e-02, 
 2DIAGNOSTIC,    13, -6.227027773857e-01, 1.404145496053e-05, 9.8212e-01, 1.6180e-02, 
 2DIAGNOSTIC,    14, -6.227355599403e-01, 1.756243364071e-05, 9.9999e-01, 1.7871e-02, 
 2DIAGNOSTIC,    15, -6.227630972862e-01, 1.828327185649e-05, 1.0236e+00, 2.3656e-02, 
 2DIAGNOSTIC,    16, -6.227465867996e-01, 1.764988701325e-05, 1.0411e+00, 1.7452e-02, 
 2DIAGNOSTIC,    17, -6.227288246155e-01, 1.283770598093e-05, 1.0571e+00, 1.6025e-02, 
 2DIAGNOSTIC,    18, -6.227169632912e-01, 8.953584256233e-06, 1.0732e+00, 1.6129e-02, 
 2DIAGNOSTIC,    19, -6.227067708969e-01, 4.552787686407e-06, 1.0911e+00, 1.7897e-02, 
 2DIAGNOSTIC,    20, -6.226917505264e-01, 1.111260303333e-06, 1.1074e+00, 1.6220e-02, 
DIAGNOSTIC,Iteration,metricValue,convergenceValue,ITERATION_TIME_INDEX,SINCE_LAST
 2DIAGNOSTIC,     1, -5.663985013962e-01, inf, 1.4673e+00, 3.5990e-01, 
  Elapsed time (stage 0): 1.8994e+00


Stage 1
  iterations = 2100x1200x1200x0
  convergence threshold = 1.0000e-06
  convergence window size = 10
  number of levels = 4
  using the Mattes MI metric (number of bins = 32, weight = 1.0000e+00, use gradient filter = 0)
  preprocessing:  histogram matching the images
  Shrink factors (level 1 out of 4): [4, 4, 4]
  Shrink factors (level 2 out of 4): [2, 2, 2]
  Shrink factors (level 3 out of 4): [2, 2, 2]
  Shrink factors (level 4 out of 4): [1, 1, 1]
  smoothing sigmas per level: [3, 2, 1, 0]
  regular sampling (percentage = 2.0000e-01)

*** Running AffineTransform registration ***

DIAGNOSTIC,Iteration,metricValue,convergenceValue,ITERATION_TIME_INDEX,SINCE_LAST
 2DIAGNOSTIC,     1, -7.367202639580e-01, inf, 8.4551e-02, 8.4551e-02, 
 2DIAGNOSTIC,     2, -7.374829649925e-01, inf, 9.1665e-02, 7.1139e-03, 
 2DIAGNOSTIC,     3, -7.386118769646e-01, inf, 9.9060e-02, 7.3950e-03, 
 2DIAGNOSTIC,     4, -7.405948042870e-01, inf, 1.0571e-01, 6.6500e-03, 
 2DIAGNOSTIC,     5, -7.429551482201e-01, inf, 1.1231e-01, 6.5958e-03, 
 2DIAGNOSTIC,     6, -7.462739348412e-01, inf, 1.1924e-01, 6.9389e-03, 
 2DIAGNOSTIC,     7, -7.510781288147e-01, inf, 1.2633e-01, 7.0891e-03, 
 2DIAGNOSTIC,     8, -7.568195462227e-01, inf, 1.3353e-01, 7.1969e-03, 
 2DIAGNOSTIC,     9, -7.622285485268e-01, inf, 1.4281e-01, 9.2781e-03, 
 2DIAGNOSTIC,    10, -7.661582231522e-01, 2.635995857418e-03, 1.5410e-01, 1.1294e-02, 
 2DIAGNOSTIC,    11, -7.671527862549e-01, 2.628874499351e-03, 1.6251e-01, 8.4059e-03, 
 2DIAGNOSTIC,    12, -7.682980895042e-01, 2.448515268043e-03, 1.7137e-01, 8.8611e-03, 
 2DIAGNOSTIC,    13, -7.711931467056e-01, 2.190366154537e-03, 1.8028e-01, 8.9140e-03, 
 2DIAGNOSTIC,    14, -7.732544541359e-01, 1.876578899100e-03, 1.9267e-01, 1.2388e-02, 
 2DIAGNOSTIC,    15, -7.754584550858e-01, 1.547977211885e-03, 2.0205e-01, 9.3739e-03, 
 2DIAGNOSTIC,    16, -7.772899866104e-01, 1.240456127562e-03, 2.1104e-01, 8.9951e-03, 
 2DIAGNOSTIC,    17, -7.859308123589e-01, 1.150533207692e-03, 2.2080e-01, 9.7601e-03, 
 2DIAGNOSTIC,    18, -7.973139286041e-01, 1.312529202551e-03, 2.3810e-01, 1.7298e-02, 
 2DIAGNOSTIC,    19, -7.975791692734e-01, 1.440376043320e-03, 2.4629e-01, 8.1911e-03, 
 2DIAGNOSTIC,    20, -7.984467744827e-01, 1.515256240964e-03, 2.5521e-01, 8.9240e-03, 
 2DIAGNOSTIC,    21, -8.000296950340e-01, 1.489639631473e-03, 2.6416e-01, 8.9471e-03, 
 2DIAGNOSTIC,    22, -8.015748262405e-01, 1.368755707517e-03, 2.7381e-01, 9.6500e-03, 
 2DIAGNOSTIC,    23, -8.022192120552e-01, 1.184113207273e-03, 2.8366e-01, 9.8460e-03, 
 2DIAGNOSTIC,    24, -8.022788167000e-01, 9.385622106493e-04, 2.9255e-01, 8.8961e-03, 
 2DIAGNOSTIC,    25, -8.028770685196e-01, 6.704500410706e-04, 3.0230e-01, 9.7470e-03, 
 2DIAGNOSTIC,    26, -8.032929897308e-01, 3.905920602847e-04, 3.1187e-01, 9.5701e-03, 
 2DIAGNOSTIC,    27, -8.032343387604e-01, 2.075711236103e-04, 3.2174e-01, 9.8691e-03, 
 2DIAGNOSTIC,    28, -8.028209805489e-01, 1.626390585443e-04, 3.3150e-01, 9.7580e-03, 
 2DIAGNOSTIC,    29, -8.026180267334e-01, 1.068680430762e-04, 3.4079e-01, 9.2909e-03, 
 2DIAGNOSTIC,    30, -8.023689389229e-01, 5.214668999542e-05, 3.4987e-01, 9.0799e-03, 
 2DIAGNOSTIC,    31, -8.025218844414e-01, 1.614582470211e-05, 3.5966e-01, 9.7950e-03, 
 2DIAGNOSTIC,    32, -8.028700351715e-01, 2.426835180813e-06, 3.6836e-01, 8.6930e-03, 
DIAGNOSTIC,Iteration,metricValue,convergenceValue,ITERATION_TIME_INDEX,SINCE_LAST
 2DIAGNOSTIC,     1, -7.337050437927e-01, inf, 5.1187e-01, 1.4352e-01, 
 2DIAGNOSTIC,     2, -7.339546084404e-01, inf, 5.3498e-01, 2.3108e-02, 
 2DIAGNOSTIC,     3, -7.342659235001e-01, inf, 5.5825e-01, 2.3272e-02, 
 2DIAGNOSTIC,     4, -7.343682646751e-01, inf, 5.8072e-01, 2.2470e-02, 
 2DIAGNOSTIC,     5, -7.343705892563e-01, inf, 6.0273e-01, 2.2006e-02, 
 2DIAGNOSTIC,     6, -7.343522310257e-01, inf, 6.2277e-01, 2.0043e-02, 
 2DIAGNOSTIC,     7, -7.342687845230e-01, inf, 6.4084e-01, 1.8070e-02, 
 2DIAGNOSTIC,     8, -7.342922091484e-01, inf, 6.6079e-01, 1.9951e-02, 
 2DIAGNOSTIC,     9, -7.343372702599e-01, inf, 6.7908e-01, 1.8290e-02, 
 2DIAGNOSTIC,    10, -7.344125509262e-01, 4.230641570757e-05, 7.0010e-01, 2.1016e-02, 
 2DIAGNOSTIC,    11, -7.344294786453e-01, 2.157058042940e-05, 7.2083e-01, 2.0733e-02, 
 2DIAGNOSTIC,    12, -7.344373464584e-01, 1.075550608221e-05, 7.4287e-01, 2.2039e-02, 
 2DIAGNOSTIC,    13, -7.343779206276e-01, 8.305734809255e-06, 7.6671e-01, 2.3840e-02, 
 2DIAGNOSTIC,    14, -7.343064546585e-01, 6.507962098112e-06, 7.8766e-01, 2.0950e-02, 
 2DIAGNOSTIC,    15, -7.342834472656e-01, 4.025834641652e-06, 8.0881e-01, 2.1148e-02, 
DIAGNOSTIC,Iteration,metricValue,convergenceValue,ITERATION_TIME_INDEX,SINCE_LAST
 2DIAGNOSTIC,     1, -6.591927409172e-01, inf, 9.3961e-01, 1.3080e-01, 
 2DIAGNOSTIC,     2, -6.592530608177e-01, inf, 9.6390e-01, 2.4296e-02, 
 2DIAGNOSTIC,     3, -6.592407822609e-01, inf, 9.8618e-01, 2.2281e-02, 
 2DIAGNOSTIC,     4, -6.592204570770e-01, inf, 1.0064e+00, 2.0180e-02, 
 2DIAGNOSTIC,     5, -6.592063307762e-01, inf, 1.0265e+00, 2.0183e-02, 
 2DIAGNOSTIC,     6, -6.591410040855e-01, inf, 1.0444e+00, 1.7840e-02, 
 2DIAGNOSTIC,     7, -6.591293215752e-01, inf, 1.0646e+00, 2.0227e-02, 
 2DIAGNOSTIC,     8, -6.591451168060e-01, inf, 1.0848e+00, 2.0137e-02, 
 2DIAGNOSTIC,     9, -6.591477394104e-01, inf, 1.1048e+00, 2.0080e-02, 
DIAGNOSTIC,Iteration,metricValue,convergenceValue,ITERATION_TIME_INDEX,SINCE_LAST
 2DIAGNOSTIC,     1, -5.924900770187e-01, inf, 1.5371e+00, 4.3222e-01, 
  Elapsed time (stage 1): 1.9508e+00


Stage 2
  iterations = 120x80x40x0
  convergence threshold = 1.0000e-07
  convergence window size = 8
  number of levels = 4
  using the CC metric (radius = 32, weight = 1.0000e+00, use gradient filter = 0)
  preprocessing:  histogram matching the images
  Shrink factors (level 1 out of 4): [8, 8, 8]
  Shrink factors (level 2 out of 4): [4, 4, 4]
  Shrink factors (level 3 out of 4): [2, 2, 2]
  Shrink factors (level 4 out of 4): [1, 1, 1]
  smoothing sigmas per level: [3, 2, 1, 0]
  Using default NONE metricSamplingStrategy 

*** Running SyN registration (varianceForUpdateField = 3.0000e+00, varianceForTotalField = 0.0000e+00) ***

XXDIAGNOSTIC,Iteration,metricValue,convergenceValue,ITERATION_TIME_INDEX,SINCE_LAST
 1DIAGNOSTIC,     1, -7.740373611450e-01, inf, 7.3032e-01, 7.3032e-01, 
 1DIAGNOSTIC,     2, -8.150804638863e-01, inf, 1.4093e+00, 6.7897e-01, 
 1DIAGNOSTIC,     3, -8.470913171768e-01, inf, 2.0902e+00, 6.8087e-01, 
 1DIAGNOSTIC,     4, -8.706663846970e-01, inf, 2.7686e+00, 6.7842e-01, 
 1DIAGNOSTIC,     5, -8.875165581703e-01, inf, 3.4450e+00, 6.7643e-01, 
 1DIAGNOSTIC,     6, -9.001561999321e-01, inf, 4.1212e+00, 6.7623e-01, 
 1DIAGNOSTIC,     7, -9.087776541710e-01, inf, 4.8003e+00, 6.7910e-01, 
 1DIAGNOSTIC,     8, -9.151459336281e-01, 1.280583534390e-02, 5.4773e+00, 6.7699e-01, 
 1DIAGNOSTIC,     9, -9.195300936699e-01, 8.291438221931e-03, 6.1556e+00, 6.7823e-01, 
 1DIAGNOSTIC,    10, -9.224534630775e-01, 5.344522185624e-03, 6.8316e+00, 6.7607e-01, 
 1DIAGNOSTIC,    11, -9.248389601707e-01, 3.461529733613e-03, 7.5111e+00, 6.7952e-01, 
 1DIAGNOSTIC,    12, -9.264323115349e-01, 2.253232058138e-03, 8.1900e+00, 6.7884e-01, 
 1DIAGNOSTIC,    13, -9.275928139687e-01, 1.467991154641e-03, 8.8665e+00, 6.7652e-01, 
 1DIAGNOSTIC,    14, -9.284476041794e-01, 9.709449368529e-04, 9.5443e+00, 6.7786e-01, 
 1DIAGNOSTIC,    15, -9.289536476135e-01, 6.430029752664e-04, 1.0221e+01, 6.7656e-01, 
 1DIAGNOSTIC,    16, -9.292920827866e-01, 4.296396509744e-04, 1.0897e+01, 6.7611e-01, 
 1DIAGNOSTIC,    17, -9.296670556068e-01, 2.901473490056e-04, 1.1580e+01, 6.8267e-01, 
 1DIAGNOSTIC,    18, -9.298717379570e-01, 1.926102413563e-04, 1.2258e+01, 6.7784e-01, 
 1DIAGNOSTIC,    19, -9.297181963921e-01, 1.238198165083e-04, 1.2933e+01, 6.7520e-01, 
 1DIAGNOSTIC,    20, -9.297801256180e-01, 7.667831232538e-05, 1.3610e+01, 6.7681e-01, 
 1DIAGNOSTIC,    21, -9.298363327980e-01, 4.549611185212e-05, 1.4289e+01, 6.7920e-01, 
 1DIAGNOSTIC,    22, -9.299470186234e-01, 2.779492569971e-05, 1.4968e+01, 6.7942e-01, 
 1DIAGNOSTIC,    23, -9.298897385597e-01, 1.554926348035e-05, 1.5645e+01, 6.7639e-01, 
 1DIAGNOSTIC,    24, -9.299483299255e-01, 8.729673936614e-06, 1.6321e+01, 6.7682e-01, 
 1DIAGNOSTIC,    25, -9.300030469894e-01, 7.892992471170e-06, 1.7000e+01, 6.7832e-01, 
 1DIAGNOSTIC,    26, -9.300333857536e-01, 9.712065548229e-06, 1.7677e+01, 6.7777e-01, 
 1DIAGNOSTIC,    27, -9.300703406334e-01, 8.571592843509e-06, 1.8355e+01, 6.7713e-01, 
 1DIAGNOSTIC,    28, -9.301438331604e-01, 8.337904546352e-06, 1.9030e+01, 6.7529e-01, 
 1DIAGNOSTIC,    29, -9.301656484604e-01, 8.071699994616e-06, 1.9707e+01, 6.7731e-01, 
 1DIAGNOSTIC,    30, -9.301949739456e-01, 8.671348041389e-06, 2.0385e+01, 6.7772e-01, 
 1DIAGNOSTIC,    31, -9.301959872246e-01, 7.447336429323e-06, 2.1061e+01, 6.7620e-01, 
 1DIAGNOSTIC,    32, -9.301160573959e-01, 5.121245067130e-06, 2.1740e+01, 6.7932e-01, 
 1DIAGNOSTIC,    33, -9.300193786621e-01, 1.894366164379e-06, 2.2418e+01, 6.7724e-01, 
 1DIAGNOSTIC,    34, -9.300856590271e-01, -1.517150138852e-07, 2.3095e+01, 6.7779e-01, 
XXDIAGNOSTIC,Iteration,metricValue,convergenceValue,ITERATION_TIME_INDEX,SINCE_LAST
 1DIAGNOSTIC,     1, -8.973025083542e-01, inf, 2.6892e+01, 3.7970e+00, 
 1DIAGNOSTIC,     2, -9.033889770508e-01, inf, 3.0533e+01, 3.6400e+00, 
 1DIAGNOSTIC,     3, -9.092910289764e-01, inf, 3.3799e+01, 3.2667e+00, 
 1DIAGNOSTIC,     4, -9.140772819519e-01, inf, 3.7166e+01, 3.3673e+00, 
 1DIAGNOSTIC,     5, -9.179129600525e-01, inf, 4.0684e+01, 3.5180e+00, 
 1DIAGNOSTIC,     6, -9.211867451668e-01, inf, 4.3576e+01, 2.8915e+00, 
 1DIAGNOSTIC,     7, -9.239660501480e-01, inf, 4.6464e+01, 2.8886e+00, 
 1DIAGNOSTIC,     8, -9.261981844902e-01, 2.572162775323e-03, 4.9348e+01, 2.8838e+00, 
 1DIAGNOSTIC,     9, -9.282680749893e-01, 1.928350888193e-03, 5.2250e+01, 2.9014e+00, 
 1DIAGNOSTIC,    10, -9.303773641586e-01, 1.462720800191e-03, 5.5559e+01, 3.3091e+00, 
 1DIAGNOSTIC,    11, -9.321610927582e-01, 1.146096154116e-03, 5.8898e+01, 3.3392e+00, 
 1DIAGNOSTIC,    12, -9.338589906693e-01, 9.287992143072e-04, 6.2175e+01, 3.2772e+00, 
 1DIAGNOSTIC,    13, -9.353582859039e-01, 7.708243210800e-04, 6.5416e+01, 3.2410e+00, 
 1DIAGNOSTIC,    14, -9.367656111717e-01, 6.535319262184e-04, 6.8429e+01, 3.0129e+00, 
 1DIAGNOSTIC,    15, -9.379326105118e-01, 5.591065273620e-04, 7.1362e+01, 2.9333e+00, 
 1DIAGNOSTIC,    16, -9.389014244080e-01, 4.729044449050e-04, 7.4434e+01, 3.0715e+00, 
 1DIAGNOSTIC,    17, -9.399667978287e-01, 3.991133999079e-04, 7.7383e+01, 2.9491e+00, 
 1DIAGNOSTIC,    18, -9.408410191536e-01, 3.389760386199e-04, 8.1025e+01, 3.6415e+00, 
 1DIAGNOSTIC,    19, -9.415945410728e-01, 2.870193275157e-04, 8.4031e+01, 3.0067e+00, 
 1DIAGNOSTIC,    20, -9.422239065170e-01, 2.429935702821e-04, 8.6954e+01, 2.9231e+00, 
 1DIAGNOSTIC,    21, -9.427087306976e-01, 2.037156518782e-04, 9.0303e+01, 3.3483e+00, 
 1DIAGNOSTIC,    22, -9.431045055389e-01, 1.694876409601e-04, 9.3580e+01, 3.2771e+00, 
 1DIAGNOSTIC,    23, -9.434442520142e-01, 1.385094947182e-04, 9.6503e+01, 2.9230e+00, 
 1DIAGNOSTIC,    24, -9.437386989594e-01, 1.099009823520e-04, 9.9506e+01, 3.0037e+00, 
 1DIAGNOSTIC,    25, -9.439687132835e-01, 8.722686470719e-05, 1.0250e+02, 2.9932e+00, 
 1DIAGNOSTIC,    26, -9.441714882851e-01, 6.931545067346e-05, 1.0558e+02, 3.0787e+00, 
 1DIAGNOSTIC,    27, -9.443145990372e-01, 5.522908031708e-05, 1.0855e+02, 2.9711e+00, 
 1DIAGNOSTIC,    28, -9.444298744202e-01, 4.422197525855e-05, 1.1154e+02, 2.9933e+00, 
 1DIAGNOSTIC,    29, -9.445148706436e-01, 3.504145570332e-05, 1.1461e+02, 3.0685e+00, 
 1DIAGNOSTIC,    30, -9.445805549622e-01, 2.727344326559e-05, 1.1763e+02, 3.0147e+00, 
 1DIAGNOSTIC,    31, -9.446608424187e-01, 2.125034552591e-05, 1.2071e+02, 3.0829e+00, 
 1DIAGNOSTIC,    32, -9.447840452194e-01, 1.753865217324e-05, 1.2369e+02, 2.9798e+00, 
 1DIAGNOSTIC,    33, -9.448913931847e-01, 1.545465420350e-05, 1.2668e+02, 2.9959e+00, 
 1DIAGNOSTIC,    34, -9.449363946915e-01, 1.411839548382e-05, 1.3009e+02, 3.4092e+00, 
 1DIAGNOSTIC,    35, -9.449751973152e-01, 1.289133069804e-05, 1.3351e+02, 3.4176e+00, 
 1DIAGNOSTIC,    36, -9.450411796570e-01, 1.185338987852e-05, 1.3651e+02, 2.9997e+00, 
 1DIAGNOSTIC,    37, -9.450786709785e-01, 1.049916409102e-05, 1.3946e+02, 2.9474e+00, 
 1DIAGNOSTIC,    38, -9.451442956924e-01, 9.127596058534e-06, 1.4245e+02, 2.9946e+00, 
 1DIAGNOSTIC,    39, -9.451689720154e-01, 7.627812465216e-06, 1.4587e+02, 3.4138e+00, 
 1DIAGNOSTIC,    40, -9.450647830963e-01, 5.388342287915e-06, 1.4952e+02, 3.6561e+00, 
 1DIAGNOSTIC,    41, -9.451380372047e-01, 4.268088105164e-06, 1.5294e+02, 3.4203e+00, 
 1DIAGNOSTIC,    42, -9.452323913574e-01, 3.909852694051e-06, 1.5587e+02, 2.9279e+00, 
 1DIAGNOSTIC,    43, -9.452747702599e-01, 3.824657596851e-06, 1.5935e+02, 3.4837e+00, 
 1DIAGNOSTIC,    44, -9.453200101852e-01, 4.298471594666e-06, 1.6283e+02, 3.4781e+00, 
 1DIAGNOSTIC,    45, -9.453727006912e-01, 4.974684998160e-06, 1.6576e+02, 2.9259e+00, 
 1DIAGNOSTIC,    46, -9.453977942467e-01, 5.705984222004e-06, 1.6881e+02, 3.0521e+00, 
 1DIAGNOSTIC,    47, -9.452818036079e-01, 4.986316980649e-06, 1.7179e+02, 2.9794e+00, 
 1DIAGNOSTIC,    48, -9.453198313713e-01, 3.184337629136e-06, 1.7479e+02, 3.0034e+00, 
 1DIAGNOSTIC,    49, -9.453562498093e-01, 1.897683318930e-06, 1.7785e+02, 3.0577e+00, 
 1DIAGNOSTIC,    50, -9.453639388084e-01, 1.260147655557e-06, 1.8084e+02, 2.9937e+00, 
 1DIAGNOSTIC,    51, -9.453719258308e-01, 9.753955509950e-07, 1.8393e+02, 3.0880e+00, 
 1DIAGNOSTIC,    52, -9.453723430634e-01, 9.885723102343e-07, 1.8692e+02, 2.9892e+00, 
 1DIAGNOSTIC,    53, -9.453625679016e-01, 1.239875018655e-06, 1.8993e+02, 3.0040e+00, 
 1DIAGNOSTIC,    54, -9.452466964722e-01, 8.006411462702e-07, 1.9294e+02, 3.0090e+00, 
 1DIAGNOSTIC,    55, -9.452679157257e-01, -2.642951528742e-07, 1.9593e+02, 2.9983e+00, 
XXDIAGNOSTIC,Iteration,metricValue,convergenceValue,ITERATION_TIME_INDEX,SINCE_LAST
 1DIAGNOSTIC,     1, -9.075067043304e-01, inf, 2.3505e+02, 3.9117e+01, 
 1DIAGNOSTIC,     2, -9.078596234322e-01, inf, 2.7425e+02, 3.9196e+01, 
 1DIAGNOSTIC,     3, -9.096449613571e-01, inf, 3.1325e+02, 3.9002e+01, 
 1DIAGNOSTIC,     4, -9.114121198654e-01, inf, 3.5218e+02, 3.8929e+01, 
 1DIAGNOSTIC,     5, -9.131295681000e-01, inf, 3.9096e+02, 3.8778e+01, 
 1DIAGNOSTIC,     6, -9.146273136139e-01, inf, 4.3018e+02, 3.9225e+01, 
 1DIAGNOSTIC,     7, -9.159083962440e-01, inf, 4.6934e+02, 3.9156e+01, 
 1DIAGNOSTIC,     8, -9.170398712158e-01, 9.377168025821e-04, 5.0830e+02, 3.8960e+01, 
 1DIAGNOSTIC,     9, -9.181016087532e-01, 8.260869653895e-04, 5.4719e+02, 3.8893e+01, 
 1DIAGNOSTIC,    10, -9.190441966057e-01, 6.735497154295e-04, 5.8615e+02, 3.8956e+01, 
 1DIAGNOSTIC,    11, -9.198268651962e-01, 5.454199272208e-04, 6.2520e+02, 3.9056e+01, 
 1DIAGNOSTIC,    12, -9.205920696259e-01, 4.436805029400e-04, 6.6432e+02, 3.9117e+01, 
 1DIAGNOSTIC,    13, -9.212790727615e-01, 3.662137023639e-04, 7.0341e+02, 3.9090e+01, 
 1DIAGNOSTIC,    14, -9.218779206276e-01, 3.055838169530e-04, 7.4265e+02, 3.9242e+01, 
 1DIAGNOSTIC,    15, -9.224020242691e-01, 2.559660060797e-04, 7.8192e+02, 3.9266e+01, 
 1DIAGNOSTIC,    16, -9.229011535645e-01, 2.152125089196e-04, 8.2122e+02, 3.9297e+01, 
 1DIAGNOSTIC,    17, -9.233477711678e-01, 1.825032813940e-04, 8.6044e+02, 3.9229e+01, 
 1DIAGNOSTIC,    18, -9.236788749695e-01, 1.544846018078e-04, 8.9960e+02, 3.9160e+01, 
 1DIAGNOSTIC,    19, -9.239652752876e-01, 1.288875791943e-04, 9.3861e+02, 3.9003e+01, 
 1DIAGNOSTIC,    20, -9.242053031921e-01, 1.066011318471e-04, 9.7751e+02, 3.8899e+01, 
 1DIAGNOSTIC,    21, -9.244799613953e-01, 8.865762356436e-05, 1.0169e+03, 3.9369e+01, 
 1DIAGNOSTIC,    22, -9.247354269028e-01, 7.449473196175e-05, 1.0560e+03, 3.9111e+01, 
 1DIAGNOSTIC,    23, -9.250006675720e-01, 6.403154839063e-05, 1.0952e+03, 3.9180e+01, 
 1DIAGNOSTIC,    24, -9.251800775528e-01, 5.607216735370e-05, 1.1341e+03, 3.8936e+01, 
 1DIAGNOSTIC,    25, -9.254868030548e-01, 5.225035056355e-05, 1.1731e+03, 3.8948e+01, 
 1DIAGNOSTIC,    26, -9.258050918579e-01, 5.073144711787e-05, 1.2125e+03, 3.9426e+01, 
 1DIAGNOSTIC,    27, -9.260548949242e-01, 4.964902109350e-05, 1.2516e+03, 3.9117e+01, 
 1DIAGNOSTIC,    28, -9.262675642967e-01, 4.773935143021e-05, 1.2909e+03, 3.9281e+01, 
 1DIAGNOSTIC,    29, -9.264292120934e-01, 4.484397504712e-05, 1.3299e+03, 3.9039e+01, 
 1DIAGNOSTIC,    30, -9.265869259834e-01, 4.091922528460e-05, 1.3688e+03, 3.8896e+01, 
 1DIAGNOSTIC,    31, -9.267258644104e-01, 3.637424742919e-05, 1.4080e+03, 3.9142e+01, 
 1DIAGNOSTIC,    32, -9.268717765808e-01, 3.079349335167e-05, 1.4472e+03, 3.9254e+01, 
 1DIAGNOSTIC,    33, -9.270009994507e-01, 2.618543840072e-05, 1.4862e+03, 3.8995e+01, 
 1DIAGNOSTIC,    34, -9.271336793900e-01, 2.318202496099e-05, 1.5251e+03, 3.8938e+01, 
 1DIAGNOSTIC,    35, -9.272354245186e-01, 2.088862311211e-05, 1.5640e+03, 3.8907e+01, 
 1DIAGNOSTIC,    36, -9.273093342781e-01, 1.881390926428e-05, 1.6030e+03, 3.8909e+01, 
 1DIAGNOSTIC,    37, -9.273983240128e-01, 1.678937769611e-05, 1.6418e+03, 3.8875e+01, 
 1DIAGNOSTIC,    38, -9.274880886078e-01, 1.499771497038e-05, 1.6808e+03, 3.8971e+01, 
 1DIAGNOSTIC,    39, -9.275680184364e-01, 1.334753142146e-05, 1.7199e+03, 3.9143e+01, 
 1DIAGNOSTIC,    40, -9.275105595589e-01, 1.078994500858e-05, 1.7591e+03, 3.9199e+01, 
  Elapsed time (stage 2): 1760


Total elapsed time: 1764
Using double precision for computations.
Input scalar image: 0x7f0fa03bf008
Could not create ImageIO for the input file, assuming dimension = 3 and scalar pixel type
Reference image: 0x7f0fa03bf068
=============================================================================
The composite transform comprises the following transforms (in order): 
  1. /resnick/groups/Proberlab/yun/lightsheet/analysis_output/registration/huc-h2b-g8m_ynt185_120min/260414_huc-h2b-g8m_ynt_10uM_fish1/expt_to_mean_affine.mat (type = AffineTransform)
  2. /resnick/groups/Proberlab/yun/lightsheet/analysis_output/registration/huc-h2b-g8m_ynt185_120min/260414_huc-h2b-g8m_ynt_10uM_fish1/expt_to_mean_warp.nii.gz (type = DisplacementFieldTransform)
=============================================================================
Default pixel value: 0
Interpolation type: WindowedSincInterpolateImageFunction
Output warped image: 0x7f0fa03bf088
✅ TMPDIR=/resnick/scratch/yun/tmp_ants | ITK threads=30

Loading template brain: /resnick/home/ychiu/yun/lightsheet/hcrt-trpv1_huc-h2b-g8m_csn_120min_audio/zstack_template/template_mean_brain.nii.gz
Template shape=(288, 568, 40), spacing=(1.5199999809265137, 1.5199999809265137, 7.5)

============================================================
  Registering: 260414_huc-h2b-g8m_ynt_10uM_fish1
  proj_ID:     huc-h2b-g8m_ynt185_120min
============================================================
Loading volume mean (moving)...
Raw HDF5 shape (Z, X, Y): (40, 276, 532)
Transposed shape (X, Y, Z): (276, 532, 40)
Rotated shape (X, Y, Z): (276, 532, 40)
ANTsImage (RAI)
	 Pixel Type : float (float32)
	 Components : 1
	 Dimensions : (276, 532, 40)
	 Spacing    : (1.52, 1.52, 6.25)
	 Origin     : (0.0, 0.0, 0.0)
	 Direction  : [1. 0. 0. 0. 1. 0. 0. 0. 1.]

  [atlas] spacing=(1.5199999809265137, 1.5199999809265137, 7.5) origin=(436.2399945259094, 861.8399891853333, 292.5)
  [mov  ] spacing=(1.52, 1.52, 6.25) origin=(418.0, 807.12, 243.75)
Resampling to (3.0, 3.0, 3.0) µm...
Running SyN...
antsRegistration -d 3 -r /resnick/scratch/yun/tmp_ants/tmpfm2trjhn.mat -m MI[0x7f0fa03bef48,0x7f0fa03befe8,1,32,regular,0.2] -t Rigid[0.25] -c 2100x1200x1200x0 -s 3x2x1x0 -f 4x2x2x1 -x [NA,NA] -m MI[0x7f0fa03bef48,0x7f0fa03befe8,1,32,regular,0.2] -t Affine[0.25] -c 2100x1200x1200x0 -s 3x2x1x0 -f 4x2x2x1 -x [NA,NA] -m CC[0x7f0fa03bef48,0x7f0fa03befe8,1,32] -t SyN[0.200000,3.000000,0.000000] -c [120x80x40x0,1e-7,8] -s 3x2x1x0 -f 8x4x2x1 -u 1 -z 1 -o [/resnick/scratch/yun/tmp_ants/tmp53gmeig0,0x7f0fa03bf028,0x7f0fa03befc8] -x [0x7f0fa03bf048,0x7f0fa03bf088] --float 1 --write-composite-transform 0 -v 1
SyN warp field saved: /resnick/groups/Proberlab/yun/lightsheet/analysis_output/registration/huc-h2b-g8m_ynt185_120min/260414_huc-h2b-g8m_ynt_10uM_fish1/expt_to_mean_warp.nii.gz
SyN affine transform saved: /resnick/groups/Proberlab/yun/lightsheet/analysis_output/registration/huc-h2b-g8m_ynt185_120min/260414_huc-h2b-g8m_ynt_10uM_fish1/expt_to_mean_affine.mat
Applying composite transform at full resolution...
['-d', '3', '-i', '0x7f0fa03bf008', '-o', '0x7f0fa03bf088', '-r', '0x7f0fa03bf068', '-n', 'welchWindowedSinc', '-t', '/resnick/groups/Proberlab/yun/lightsheet/analysis_output/registration/huc-h2b-g8m_ynt185_120min/260414_huc-h2b-g8m_ynt_10uM_fish1/expt_to_mean_warp.nii.gz', '-t', '/resnick/groups/Proberlab/yun/lightsheet/analysis_output/registration/huc-h2b-g8m_ynt185_120min/260414_huc-h2b-g8m_ynt_10uM_fish1/expt_to_mean_affine.mat']
✅ Registered image saved: /resnick/groups/Proberlab/yun/lightsheet/analysis_output/registration/huc-h2b-g8m_ynt185_120min/260414_huc-h2b-g8m_ynt_10uM_fish1/expt_to_mean_registered_final.nii.gz
Saving QC overlay...
  ✅ QC overlay saved: /resnick/groups/Proberlab/yun/lightsheet/analysis_output/registration/huc-h2b-g8m_ynt185_120min/260414_huc-h2b-g8m_ynt_10uM_fish1/qc_registration_overlay.pdf

=== Registration complete: 260414_huc-h2b-g8m_ynt_10uM_fish1 ===
