 bad det -1 v 1 u -1
 bad det -1 v 1 u -1 new 1
All_Command_lines_OK
Using single precision for computations.
=============================================================================
The composite transform comprises the following transforms (in order): 
  1. /resnick/scratch/yun/tmp_ants/tmpsl834lma.mat (type = AffineTransform)
=============================================================================
  Reading mask(s).
    Registration stage 0
      No fixed mask
      No moving mask
    Registration stage 1
      No fixed mask
      No moving mask
    Registration stage 2
      Fixed mask = 0x7fe4b6463048
      Moving mask = 0x7fe4b6463088
  number of levels = 4
  number of levels = 4
  number of levels = 4
  fixed image: 0x7fe4b6462f48
  moving image: 0x7fe4b6462fe8
  fixed image: 0x7fe4b6462f48
  moving image: 0x7fe4b6462fe8
  fixed image: 0x7fe4b6462f48
  moving image: 0x7fe4b6462fe8
Dimension = 3
Number of stages = 3
Use histogram matching = true
Winsorize image intensities = false
  Lower quantile = 0
  Upper quantile = 1


Stage 1 State
   Image metric = MattesMI
     Fixed image = Image (0x3c8b580)
  RTTI typeinfo:   itk::Image<float, 3u>
  Reference Count: 2
  Modified Time: 1713359
  Debug: Off
  Object Name: 
  Observers: 
    none
  Source: (none)
  Source output name: (none)
  Release Data: Off
  Data Released: False
  Global Release Data: Off
  PipelineMTime: 0
  UpdateMTime: 1713331
  RealTimeStamp: 0 seconds 
  LargestPossibleRegion: 
    Dimension: 3
    Index: [0, 0, 0]
    Size: [146, 288, 100]
  BufferedRegion: 
    Dimension: 3
    Index: [0, 0, 0]
    Size: [146, 288, 100]
  RequestedRegion: 
    Dimension: 3
    Index: [0, 0, 0]
    Size: [146, 288, 100]
  Spacing: [3, 3, 3]
  Origin: [436.24, 861.84, 292.5]
  Direction: 
-1 0 0
0 -1 0
0 0 -1

  IndexToPointMatrix: 
-3 0 0
0 -3 0
0 0 -3

  PointToIndexMatrix: 
-0.333333 0 0
0 -0.333333 0
0 0 -0.333333

  Inverse Direction: 
-1 0 0
0 -1 0
0 0 -1

  PixelContainer: 
    ImportImageContainer (0x3c6b550)
      RTTI typeinfo:   itk::ImportImageContainer<unsigned long, float>
      Reference Count: 1
      Modified Time: 1713329
      Debug: Off
      Object Name: 
      Observers: 
        none
      Pointer: 0x13598830
      Container manages memory: true
      Size: 4204800
      Capacity: 4204800

     Moving image = Image (0x3ca4330)
  RTTI typeinfo:   itk::Image<float, 3u>
  Reference Count: 2
  Modified Time: 1713360
  Debug: Off
  Object Name: 
  Observers: 
    none
  Source: (none)
  Source output name: (none)
  Release Data: Off
  Data Released: False
  Global Release Data: Off
  PipelineMTime: 0
  UpdateMTime: 1713357
  RealTimeStamp: 0 seconds 
  LargestPossibleRegion: 
    Dimension: 3
    Index: [0, 0, 0]
    Size: [164, 290, 83]
  BufferedRegion: 
    Dimension: 3
    Index: [0, 0, 0]
    Size: [164, 290, 83]
  RequestedRegion: 
    Dimension: 3
    Index: [0, 0, 0]
    Size: [164, 290, 83]
  Spacing: [3, 3, 3]
  Origin: [490.96, 867.92, 243.75]
  Direction: 
-1 0 0
0 -1 0
0 0 -1

  IndexToPointMatrix: 
-3 0 0
0 -3 0
0 0 -3

  PointToIndexMatrix: 
-0.333333 0 0
0 -0.333333 0
0 0 -0.333333

  Inverse Direction: 
-1 0 0
0 -1 0
0 0 -1

  PixelContainer: 
    ImportImageContainer (0x3caaed0)
      RTTI typeinfo:   itk::ImportImageContainer<unsigned long, float>
      Reference Count: 1
      Modified Time: 1713355
      Debug: Off
      Object Name: 
      Observers: 
        none
      Pointer: 0x1516ba40
      Container manages memory: true
      Size: 3947480
      Capacity: 3947480

     Weighting = 1
     Sampling strategy = regular
     Number of bins = 32
     Radius = 4
     Sampling percentage  = 0.2
   Transform = Rigid
     Gradient step = 0.25
     Update field sigma (voxel space) = 0
     Total field sigma (voxel space) = 0
     Update field time sigma = 0
     Total field time sigma  = 0
     Number of time indices = 0
     Number of time point samples = 0
Stage 2 State
   Image metric = MattesMI
     Fixed image = Image (0x3c984d0)
  RTTI typeinfo:   itk::Image<float, 3u>
  Reference Count: 2
  Modified Time: 1713413
  Debug: Off
  Object Name: 
  Observers: 
    none
  Source: (none)
  Source output name: (none)
  Release Data: Off
  Data Released: False
  Global Release Data: Off
  PipelineMTime: 0
  UpdateMTime: 1713385
  RealTimeStamp: 0 seconds 
  LargestPossibleRegion: 
    Dimension: 3
    Index: [0, 0, 0]
    Size: [146, 288, 100]
  BufferedRegion: 
    Dimension: 3
    Index: [0, 0, 0]
    Size: [146, 288, 100]
  RequestedRegion: 
    Dimension: 3
    Index: [0, 0, 0]
    Size: [146, 288, 100]
  Spacing: [3, 3, 3]
  Origin: [436.24, 861.84, 292.5]
  Direction: 
-1 0 0
0 -1 0
0 0 -1

  IndexToPointMatrix: 
-3 0 0
0 -3 0
0 0 -3

  PointToIndexMatrix: 
-0.333333 0 0
0 -0.333333 0
0 0 -0.333333

  Inverse Direction: 
-1 0 0
0 -1 0
0 0 -1

  PixelContainer: 
    ImportImageContainer (0x3c82620)
      RTTI typeinfo:   itk::ImportImageContainer<unsigned long, float>
      Reference Count: 1
      Modified Time: 1713383
      Debug: Off
      Object Name: 
      Observers: 
        none
      Pointer: 0x1607a9b0
      Container manages memory: true
      Size: 4204800
      Capacity: 4204800

     Moving image = Image (0x3c9b3d0)
  RTTI typeinfo:   itk::Image<float, 3u>
  Reference Count: 2
  Modified Time: 1713414
  Debug: Off
  Object Name: 
  Observers: 
    none
  Source: (none)
  Source output name: (none)
  Release Data: Off
  Data Released: False
  Global Release Data: Off
  PipelineMTime: 0
  UpdateMTime: 1713411
  RealTimeStamp: 0 seconds 
  LargestPossibleRegion: 
    Dimension: 3
    Index: [0, 0, 0]
    Size: [164, 290, 83]
  BufferedRegion: 
    Dimension: 3
    Index: [0, 0, 0]
    Size: [164, 290, 83]
  RequestedRegion: 
    Dimension: 3
    Index: [0, 0, 0]
    Size: [164, 290, 83]
  Spacing: [3, 3, 3]
  Origin: [490.96, 867.92, 243.75]
  Direction: 
-1 0 0
0 -1 0
0 0 -1

  IndexToPointMatrix: 
-3 0 0
0 -3 0
0 0 -3

  PointToIndexMatrix: 
-0.333333 0 0
0 -0.333333 0
0 0 -0.333333

  Inverse Direction: 
-1 0 0
0 -1 0
0 0 -1

  PixelContainer: 
    ImportImageContainer (0x3c82680)
      RTTI typeinfo:   itk::ImportImageContainer<unsigned long, float>
      Reference Count: 1
      Modified Time: 1713409
      Debug: Off
      Object Name: 
      Observers: 
        none
      Pointer: 0x17084dc0
      Container manages memory: true
      Size: 3947480
      Capacity: 3947480

     Weighting = 1
     Sampling strategy = regular
     Number of bins = 32
     Radius = 4
     Sampling percentage  = 0.2
   Transform = Affine
     Gradient step = 0.25
     Update field sigma (voxel space) = 0
     Total field sigma (voxel space) = 0
     Update field time sigma = 0
     Total field time sigma  = 0
     Number of time indices = 0
     Number of time point samples = 0
Stage 3 State
   Image metric = CC
     Fixed image = Image (0x3c99660)
  RTTI typeinfo:   itk::Image<float, 3u>
  Reference Count: 2
  Modified Time: 1713467
  Debug: Off
  Object Name: 
  Observers: 
    none
  Source: (none)
  Source output name: (none)
  Release Data: Off
  Data Released: False
  Global Release Data: Off
  PipelineMTime: 0
  UpdateMTime: 1713439
  RealTimeStamp: 0 seconds 
  LargestPossibleRegion: 
    Dimension: 3
    Index: [0, 0, 0]
    Size: [146, 288, 100]
  BufferedRegion: 
    Dimension: 3
    Index: [0, 0, 0]
    Size: [146, 288, 100]
  RequestedRegion: 
    Dimension: 3
    Index: [0, 0, 0]
    Size: [146, 288, 100]
  Spacing: [3, 3, 3]
  Origin: [436.24, 861.84, 292.5]
  Direction: 
-1 0 0
0 -1 0
0 0 -1

  IndexToPointMatrix: 
-3 0 0
0 -3 0
0 0 -3

  PointToIndexMatrix: 
-0.333333 0 0
0 -0.333333 0
0 0 -0.333333

  Inverse Direction: 
-1 0 0
0 -1 0
0 0 -1

  PixelContainer: 
    ImportImageContainer (0x3c0f4d0)
      RTTI typeinfo:   itk::ImportImageContainer<unsigned long, float>
      Reference Count: 1
      Modified Time: 1713437
      Debug: Off
      Object Name: 
      Observers: 
        none
      Pointer: 0x17f93d30
      Container manages memory: true
      Size: 4204800
      Capacity: 4204800

     Moving image = Image (0x3c9f760)
  RTTI typeinfo:   itk::Image<float, 3u>
  Reference Count: 2
  Modified Time: 1713468
  Debug: Off
  Object Name: 
  Observers: 
    none
  Source: (none)
  Source output name: (none)
  Release Data: Off
  Data Released: False
  Global Release Data: Off
  PipelineMTime: 0
  UpdateMTime: 1713465
  RealTimeStamp: 0 seconds 
  LargestPossibleRegion: 
    Dimension: 3
    Index: [0, 0, 0]
    Size: [164, 290, 83]
  BufferedRegion: 
    Dimension: 3
    Index: [0, 0, 0]
    Size: [164, 290, 83]
  RequestedRegion: 
    Dimension: 3
    Index: [0, 0, 0]
    Size: [164, 290, 83]
  Spacing: [3, 3, 3]
  Origin: [490.96, 867.92, 243.75]
  Direction: 
-1 0 0
0 -1 0
0 0 -1

  IndexToPointMatrix: 
-3 0 0
0 -3 0
0 0 -3

  PointToIndexMatrix: 
-0.333333 0 0
0 -0.333333 0
0 0 -0.333333

  Inverse Direction: 
-1 0 0
0 -1 0
0 0 -1

  PixelContainer: 
    ImportImageContainer (0x3c9f9f0)
      RTTI typeinfo:   itk::ImportImageContainer<unsigned long, float>
      Reference Count: 1
      Modified Time: 1713463
      Debug: Off
      Object Name: 
      Observers: 
        none
      Pointer: 0x18f9e140
      Container manages memory: true
      Size: 3947480
      Capacity: 3947480

     Weighting = 1
     Sampling strategy = none
     Number of bins = 32
     Radius = 32
     Sampling percentage  = 1
   Transform = SyN
     Gradient step = 0.2
     Update field sigma (voxel space) = 3
     Total field sigma (voxel space) = 0
     Update field time sigma = 0
     Total field time sigma  = 0
     Number of time indices = 0
     Number of time point samples = 0
Registration using 3 total stages.

Stage 0
  iterations = 2100x1200x1200x0
  convergence threshold = 1e-06
  convergence window size = 10
  number of levels = 4
  using the Mattes MI metric (number of bins = 32, weight = 1, use gradient filter = 0)
  preprocessing:  histogram matching the images
  Shrink factors (level 1 out of 4): [4, 4, 4]
  Shrink factors (level 2 out of 4): [2, 2, 2]
  Shrink factors (level 3 out of 4): [2, 2, 2]
  Shrink factors (level 4 out of 4): [1, 1, 1]
  smoothing sigmas per level: [3, 2, 1, 0]
  regular sampling (percentage = 0.2)

*** Running Euler3DTransform registration ***

DIAGNOSTIC,Iteration,metricValue,convergenceValue,ITERATION_TIME_INDEX,SINCE_LAST
 2DIAGNOSTIC,     1, -7.166960239410e-01, inf, 1.3904e-01, 1.3904e-01, 
 2DIAGNOSTIC,     2, -7.184480428696e-01, inf, 1.4615e-01, 7.1061e-03, 
 2DIAGNOSTIC,     3, -7.209949493408e-01, inf, 1.5345e-01, 7.2980e-03, 
 2DIAGNOSTIC,     4, -7.246477007866e-01, inf, 1.6167e-01, 8.2250e-03, 
 2DIAGNOSTIC,     5, -7.292659878731e-01, inf, 1.6921e-01, 7.5340e-03, 
 2DIAGNOSTIC,     6, -7.353205680847e-01, inf, 1.7671e-01, 7.5030e-03, 
 2DIAGNOSTIC,     7, -7.420145869255e-01, inf, 1.8439e-01, 7.6859e-03, 
 2DIAGNOSTIC,     8, -7.481714487076e-01, inf, 1.9174e-01, 7.3459e-03, 
 2DIAGNOSTIC,     9, -7.528014779091e-01, inf, 1.9920e-01, 7.4592e-03, 
 2DIAGNOSTIC,    10, -7.561754584312e-01, 3.783077234402e-03, 2.1441e-01, 1.5210e-02, 
 2DIAGNOSTIC,    11, -7.569475769997e-01, 3.473580582067e-03, 2.2783e-01, 1.3417e-02, 
 2DIAGNOSTIC,    12, -7.577176690102e-01, 2.986569423229e-03, 2.3575e-01, 7.9210e-03, 
 2DIAGNOSTIC,    13, -7.573541402817e-01, 2.370436675847e-03, 2.4501e-01, 9.2580e-03, 
 2DIAGNOSTIC,    14, -7.577531933784e-01, 1.739618950523e-03, 2.5365e-01, 8.6460e-03, 
 2DIAGNOSTIC,    15, -7.578971385956e-01, 1.156019046903e-03, 2.6243e-01, 8.7771e-03, 
 2DIAGNOSTIC,    16, -7.576718926430e-01, 6.786821759306e-04, 2.7226e-01, 9.8350e-03, 
 2DIAGNOSTIC,    17, -7.575340270996e-01, 3.421723376960e-04, 2.8126e-01, 8.9910e-03, 
 2DIAGNOSTIC,    18, -7.575272321701e-01, 1.411133853253e-04, 2.9088e-01, 9.6300e-03, 
 2DIAGNOSTIC,    19, -7.574409246445e-01, 3.812331488007e-05, 2.9869e-01, 7.8058e-03, 
 2DIAGNOSTIC,    20, -7.571960687637e-01, 1.402180373589e-06, 3.0709e-01, 8.4028e-03, 
DIAGNOSTIC,Iteration,metricValue,convergenceValue,ITERATION_TIME_INDEX,SINCE_LAST
 2DIAGNOSTIC,     1, -6.836138963699e-01, inf, 4.6164e-01, 1.5454e-01, 
 2DIAGNOSTIC,     2, -6.834722757339e-01, inf, 4.8424e-01, 2.2604e-02, 
 2DIAGNOSTIC,     3, -6.834930181503e-01, inf, 5.0149e-01, 1.7248e-02, 
 2DIAGNOSTIC,     4, -6.834796071053e-01, inf, 5.1845e-01, 1.6964e-02, 
 2DIAGNOSTIC,     5, -6.833902597427e-01, inf, 5.3571e-01, 1.7255e-02, 
 2DIAGNOSTIC,     6, -6.834344267845e-01, inf, 5.5290e-01, 1.7197e-02, 
 2DIAGNOSTIC,     7, -6.834028959274e-01, inf, 5.7194e-01, 1.9035e-02, 
 2DIAGNOSTIC,     8, -6.833737492561e-01, inf, 5.8895e-01, 1.7007e-02, 
 2DIAGNOSTIC,     9, -6.832695603371e-01, inf, 6.0595e-01, 1.7007e-02, 
DIAGNOSTIC,Iteration,metricValue,convergenceValue,ITERATION_TIME_INDEX,SINCE_LAST
 2DIAGNOSTIC,     1, -6.092026829720e-01, inf, 7.3250e-01, 1.2654e-01, 
 2DIAGNOSTIC,     2, -6.089091300964e-01, inf, 7.5525e-01, 2.2756e-02, 
 2DIAGNOSTIC,     3, -6.088178157806e-01, inf, 7.7505e-01, 1.9802e-02, 
 2DIAGNOSTIC,     4, -6.088120341301e-01, inf, 7.9896e-01, 2.3908e-02, 
 2DIAGNOSTIC,     5, -6.088160872459e-01, inf, 8.1659e-01, 1.7623e-02, 
 2DIAGNOSTIC,     6, -6.087659001350e-01, inf, 8.3419e-01, 1.7607e-02, 
 2DIAGNOSTIC,     7, -6.087366342545e-01, inf, 8.4995e-01, 1.5754e-02, 
 2DIAGNOSTIC,     8, -6.087300181389e-01, inf, 8.6582e-01, 1.5878e-02, 
 2DIAGNOSTIC,     9, -6.086865067482e-01, inf, 8.8149e-01, 1.5669e-02, 
DIAGNOSTIC,Iteration,metricValue,convergenceValue,ITERATION_TIME_INDEX,SINCE_LAST
 2DIAGNOSTIC,     1, -5.500802397728e-01, inf, 1.2352e+00, 3.5371e-01, 
  Elapsed time (stage 0): 1.7562e+00


Stage 1
  iterations = 2100x1200x1200x0
  convergence threshold = 1.0000e-06
  convergence window size = 10
  number of levels = 4
  using the Mattes MI metric (number of bins = 32, weight = 1.0000e+00, use gradient filter = 0)
  preprocessing:  histogram matching the images
  Shrink factors (level 1 out of 4): [4, 4, 4]
  Shrink factors (level 2 out of 4): [2, 2, 2]
  Shrink factors (level 3 out of 4): [2, 2, 2]
  Shrink factors (level 4 out of 4): [1, 1, 1]
  smoothing sigmas per level: [3, 2, 1, 0]
  regular sampling (percentage = 2.0000e-01)

*** Running AffineTransform registration ***

DIAGNOSTIC,Iteration,metricValue,convergenceValue,ITERATION_TIME_INDEX,SINCE_LAST
 2DIAGNOSTIC,     1, -7.550993561745e-01, inf, 1.0081e-01, 1.0081e-01, 
 2DIAGNOSTIC,     2, -7.552893757820e-01, inf, 1.0801e-01, 7.1959e-03, 
 2DIAGNOSTIC,     3, -7.555254697800e-01, inf, 1.1465e-01, 6.6421e-03, 
 2DIAGNOSTIC,     4, -7.561183571815e-01, inf, 1.2131e-01, 6.6578e-03, 
 2DIAGNOSTIC,     5, -7.572462558746e-01, inf, 1.2938e-01, 8.0750e-03, 
 2DIAGNOSTIC,     6, -7.579329013824e-01, inf, 1.3833e-01, 8.9450e-03, 
 2DIAGNOSTIC,     7, -7.583099007607e-01, inf, 1.5030e-01, 1.1971e-02, 
 2DIAGNOSTIC,     8, -7.584321498871e-01, inf, 1.5836e-01, 8.0590e-03, 
 2DIAGNOSTIC,     9, -7.582790255547e-01, inf, 1.6582e-01, 7.4620e-03, 
 2DIAGNOSTIC,    10, -7.582967281342e-01, 3.405520692468e-04, 1.7489e-01, 9.0721e-03, 
 2DIAGNOSTIC,    11, -7.580375075340e-01, 2.520765119698e-04, 1.8493e-01, 1.0035e-02, 
 2DIAGNOSTIC,    12, -7.579333186150e-01, 1.591627660673e-04, 1.9423e-01, 9.3019e-03, 
 2DIAGNOSTIC,    13, -7.579278349876e-01, 7.322907913476e-05, 2.0274e-01, 8.5120e-03, 
DIAGNOSTIC,Iteration,metricValue,convergenceValue,ITERATION_TIME_INDEX,SINCE_LAST
 2DIAGNOSTIC,     1, -6.866008043289e-01, inf, 3.4876e-01, 1.4602e-01, 
 2DIAGNOSTIC,     2, -6.868264079094e-01, inf, 3.7002e-01, 2.1255e-02, 
 2DIAGNOSTIC,     3, -6.867361664772e-01, inf, 3.9665e-01, 2.6631e-02, 
 2DIAGNOSTIC,     4, -6.866647005081e-01, inf, 4.1684e-01, 2.0189e-02, 
 2DIAGNOSTIC,     5, -6.866669654846e-01, inf, 4.3735e-01, 2.0512e-02, 
 2DIAGNOSTIC,     6, -6.866456270218e-01, inf, 4.5546e-01, 1.8111e-02, 
 2DIAGNOSTIC,     7, -6.866340637207e-01, inf, 4.7586e-01, 2.0396e-02, 
 2DIAGNOSTIC,     8, -6.865736246109e-01, inf, 4.9729e-01, 2.1430e-02, 
 2DIAGNOSTIC,     9, -6.865473389626e-01, inf, 5.1832e-01, 2.1029e-02, 
DIAGNOSTIC,Iteration,metricValue,convergenceValue,ITERATION_TIME_INDEX,SINCE_LAST
 2DIAGNOSTIC,     1, -6.108416318893e-01, inf, 6.6232e-01, 1.4400e-01, 
 2DIAGNOSTIC,     2, -6.108663678169e-01, inf, 6.8748e-01, 2.5156e-02, 
 2DIAGNOSTIC,     3, -6.107724308968e-01, inf, 7.1090e-01, 2.3420e-02, 
 2DIAGNOSTIC,     4, -6.107895970345e-01, inf, 7.3671e-01, 2.5812e-02, 
 2DIAGNOSTIC,     5, -6.107365489006e-01, inf, 7.6035e-01, 2.3637e-02, 
 2DIAGNOSTIC,     6, -6.106680035591e-01, inf, 7.8292e-01, 2.2573e-02, 
 2DIAGNOSTIC,     7, -6.106916666031e-01, inf, 8.1256e-01, 2.9641e-02, 
 2DIAGNOSTIC,     8, -6.106774806976e-01, inf, 8.3617e-01, 2.3608e-02, 
 2DIAGNOSTIC,     9, -6.106269359589e-01, inf, 8.5969e-01, 2.3519e-02, 
DIAGNOSTIC,Iteration,metricValue,convergenceValue,ITERATION_TIME_INDEX,SINCE_LAST
 2DIAGNOSTIC,     1, -5.527550578117e-01, inf, 1.2461e+00, 3.8637e-01, 
  Elapsed time (stage 1): 1.7139e+00


Stage 2
  iterations = 120x80x40x0
  convergence threshold = 1.0000e-07
  convergence window size = 8
  number of levels = 4
  using the CC metric (radius = 32, weight = 1.0000e+00, use gradient filter = 0)
  preprocessing:  histogram matching the images
  Shrink factors (level 1 out of 4): [8, 8, 8]
  Shrink factors (level 2 out of 4): [4, 4, 4]
  Shrink factors (level 3 out of 4): [2, 2, 2]
  Shrink factors (level 4 out of 4): [1, 1, 1]
  smoothing sigmas per level: [3, 2, 1, 0]
  Using default NONE metricSamplingStrategy 

*** Running SyN registration (varianceForUpdateField = 3.0000e+00, varianceForTotalField = 0.0000e+00) ***

XXDIAGNOSTIC,Iteration,metricValue,convergenceValue,ITERATION_TIME_INDEX,SINCE_LAST
 1DIAGNOSTIC,     1, -7.939912080765e-01, inf, 7.6348e-01, 7.6348e-01, 
 1DIAGNOSTIC,     2, -8.416390419006e-01, inf, 1.4467e+00, 6.8325e-01, 
 1DIAGNOSTIC,     3, -8.739624619484e-01, inf, 2.1221e+00, 6.7533e-01, 
 1DIAGNOSTIC,     4, -8.930861353874e-01, inf, 2.8021e+00, 6.8007e-01, 
 1DIAGNOSTIC,     5, -9.054915904999e-01, inf, 3.4835e+00, 6.8141e-01, 
 1DIAGNOSTIC,     6, -9.141241908073e-01, inf, 4.1642e+00, 6.8066e-01, 
 1DIAGNOSTIC,     7, -9.183921813965e-01, inf, 4.8415e+00, 6.7725e-01, 
 1DIAGNOSTIC,     8, -9.187002778053e-01, 1.062456425279e-02, 5.5188e+00, 6.7739e-01, 
 1DIAGNOSTIC,     9, -9.205786585808e-01, 5.815326236188e-03, 6.1994e+00, 6.8057e-01, 
 1DIAGNOSTIC,    10, -9.222975969315e-01, 3.136379178613e-03, 6.8753e+00, 6.7586e-01, 
 1DIAGNOSTIC,    11, -9.215144515038e-01, 1.648367615417e-03, 7.5511e+00, 6.7589e-01, 
 1DIAGNOSTIC,    12, -9.220263957977e-01, 8.279356989078e-04, 8.2354e+00, 6.8421e-01, 
 1DIAGNOSTIC,    13, -9.222252964973e-01, 3.961120091844e-04, 8.9338e+00, 6.9846e-01, 
 1DIAGNOSTIC,    14, -9.221458435059e-01, 2.071243507089e-04, 9.6142e+00, 6.8038e-01, 
 1DIAGNOSTIC,    15, -9.230388998985e-01, 1.504335959908e-04, 1.0306e+01, 6.9202e-01, 
 1DIAGNOSTIC,    16, -9.238027930260e-01, 1.053969172062e-04, 1.0985e+01, 6.7904e-01, 
 1DIAGNOSTIC,    17, -9.233390092850e-01, 8.225443889387e-05, 1.1665e+01, 6.8004e-01, 
 1DIAGNOSTIC,    18, -9.224475622177e-01, 6.927682989044e-05, 1.2343e+01, 6.7778e-01, 
 1DIAGNOSTIC,    19, -9.233552217484e-01, 5.013435657020e-05, 1.3035e+01, 6.9222e-01, 
 1DIAGNOSTIC,    20, -9.235650300980e-01, 3.874358662870e-05, 1.3712e+01, 6.7688e-01, 
 1DIAGNOSTIC,    21, -9.235857725143e-01, 2.814893923642e-05, 1.4400e+01, 6.8818e-01, 
 1DIAGNOSTIC,    22, -9.222249984741e-01, -9.981696166506e-06, 1.5082e+01, 6.8128e-01, 
XXDIAGNOSTIC,Iteration,metricValue,convergenceValue,ITERATION_TIME_INDEX,SINCE_LAST
 1DIAGNOSTIC,     1, -8.860133886337e-01, inf, 1.8775e+01, 3.6930e+00, 
 1DIAGNOSTIC,     2, -8.939204812050e-01, inf, 2.2381e+01, 3.6067e+00, 
 1DIAGNOSTIC,     3, -9.018799066544e-01, inf, 2.5949e+01, 3.5675e+00, 
 1DIAGNOSTIC,     4, -9.093270301819e-01, inf, 2.9456e+01, 3.5067e+00, 
 1DIAGNOSTIC,     5, -9.155439138412e-01, inf, 3.2854e+01, 3.3981e+00, 
 1DIAGNOSTIC,     6, -9.203542470932e-01, inf, 3.6019e+01, 3.1649e+00, 
 1DIAGNOSTIC,     7, -9.246962070465e-01, inf, 3.9388e+01, 3.3694e+00, 
 1DIAGNOSTIC,     8, -9.281938672066e-01, 3.836174029857e-03, 4.2132e+01, 2.7437e+00, 
 1DIAGNOSTIC,     9, -9.312919378281e-01, 2.949293470010e-03, 4.4858e+01, 2.7258e+00, 
 1DIAGNOSTIC,    10, -9.337998628616e-01, 2.237573731691e-03, 4.8226e+01, 3.3684e+00, 
 1DIAGNOSTIC,    11, -9.358525276184e-01, 1.695214305073e-03, 5.1572e+01, 3.3460e+00, 
 1DIAGNOSTIC,    12, -9.376010298729e-01, 1.300058444031e-03, 5.4993e+01, 3.4212e+00, 
 1DIAGNOSTIC,    13, -9.388979077339e-01, 1.004098216072e-03, 5.8196e+01, 3.2033e+00, 
 1DIAGNOSTIC,    14, -9.397910833359e-01, 7.640462717973e-04, 6.1763e+01, 3.5663e+00, 
 1DIAGNOSTIC,    15, -9.402573108673e-01, 5.698800086975e-04, 6.4484e+01, 2.7209e+00, 
 1DIAGNOSTIC,    16, -9.402375221252e-01, 4.015486920252e-04, 6.8099e+01, 3.6152e+00, 
 1DIAGNOSTIC,    17, -9.392024278641e-01, 2.419855300104e-04, 7.1710e+01, 3.6115e+00, 
 1DIAGNOSTIC,    18, -9.400817155838e-01, 1.372763217660e-04, 7.5171e+01, 3.4601e+00, 
 1DIAGNOSTIC,    19, -9.397047162056e-01, 5.662534749717e-05, 7.8790e+01, 3.6197e+00, 
 1DIAGNOSTIC,    20, -9.399362802505e-01, 1.417223757016e-05, 8.1528e+01, 2.7376e+00, 
 1DIAGNOSTIC,    21, -9.396046400070e-01, -8.448636435787e-06, 8.5154e+01, 3.6265e+00, 
XXDIAGNOSTIC,Iteration,metricValue,convergenceValue,ITERATION_TIME_INDEX,SINCE_LAST
 1DIAGNOSTIC,     1, -8.905955553055e-01, inf, 1.2110e+02, 3.5942e+01, 
 1DIAGNOSTIC,     2, -8.905063271523e-01, inf, 1.5698e+02, 3.5880e+01, 
 1DIAGNOSTIC,     3, -8.915892243385e-01, inf, 1.9284e+02, 3.5863e+01, 
 1DIAGNOSTIC,     4, -8.923453092575e-01, inf, 2.2947e+02, 3.6627e+01, 
 1DIAGNOSTIC,     5, -8.930760622025e-01, inf, 2.6530e+02, 3.5835e+01, 
 1DIAGNOSTIC,     6, -8.936020135880e-01, inf, 3.0122e+02, 3.5921e+01, 
 1DIAGNOSTIC,     7, -8.940933942795e-01, inf, 3.3672e+02, 3.5500e+01, 
 1DIAGNOSTIC,     8, -8.943759799004e-01, 4.005543305539e-04, 3.7218e+02, 3.5456e+01, 
 1DIAGNOSTIC,     9, -8.946689367294e-01, 3.351323539391e-04, 4.0802e+02, 3.5839e+01, 
 1DIAGNOSTIC,    10, -8.949362039566e-01, 2.440999815008e-04, 4.4353e+02, 3.5513e+01, 
 1DIAGNOSTIC,    11, -8.951596021652e-01, 1.828223757911e-04, 4.7932e+02, 3.5794e+01, 
 1DIAGNOSTIC,    12, -8.953407406807e-01, 1.372650149278e-04, 5.1534e+02, 3.6017e+01, 
 1DIAGNOSTIC,    13, -8.955127000809e-01, 1.070657017408e-04, 5.5135e+02, 3.6009e+01, 
 1DIAGNOSTIC,    14, -8.956109881401e-01, 8.377438643947e-05, 5.8703e+02, 3.5680e+01, 
 1DIAGNOSTIC,    15, -8.957331180573e-01, 6.810324703110e-05, 6.2298e+02, 3.5947e+01, 
 1DIAGNOSTIC,    16, -8.957895040512e-01, 5.328912811819e-05, 6.5918e+02, 3.6200e+01, 
 1DIAGNOSTIC,    17, -8.958702087402e-01, 4.151766916038e-05, 6.9478e+02, 3.5606e+01, 
 1DIAGNOSTIC,    18, -8.958930373192e-01, 3.169327828800e-05, 7.3026e+02, 3.5480e+01, 
 1DIAGNOSTIC,    19, -8.959048986435e-01, 2.348996895307e-05, 7.6626e+02, 3.5997e+01, 
 1DIAGNOSTIC,    20, -8.959168195724e-01, 1.675867861195e-05, 8.0156e+02, 3.5297e+01, 
 1DIAGNOSTIC,    21, -8.959592580795e-01, 1.250755667570e-05, 8.3678e+02, 3.5225e+01, 
 1DIAGNOSTIC,    22, -8.959569931030e-01, 8.773400622886e-06, 8.7228e+02, 3.5502e+01, 
 1DIAGNOSTIC,    23, -8.960048556328e-01, 7.267172804859e-06, 9.0816e+02, 3.5875e+01, 
 1DIAGNOSTIC,    24, -8.960132002831e-01, 6.095602657297e-06, 9.4408e+02, 3.5921e+01, 
 1DIAGNOSTIC,    25, -8.959527015686e-01, 4.678131062974e-06, 9.7985e+02, 3.5772e+01, 
 1DIAGNOSTIC,    26, -8.959031105042e-01, 2.532661483201e-06, 1.0156e+03, 3.5762e+01, 
 1DIAGNOSTIC,    27, -8.958363533020e-01, -4.152865358265e-07, 1.0514e+03, 3.5746e+01, 
  Elapsed time (stage 2): 1052


Total elapsed time: 1056
Using double precision for computations.
Input scalar image: 0x7fe4b6463008
Could not create ImageIO for the input file, assuming dimension = 3 and scalar pixel type
Reference image: 0x7fe4b6463068
=============================================================================
The composite transform comprises the following transforms (in order): 
  1. /resnick/groups/Proberlab/yun/lightsheet/analysis_output/registration/huc-h2b-g8m_ynt185_120min/260413_huc-h2b-g8m_ynt_10uM_fish3/expt_to_mean_affine.mat (type = AffineTransform)
  2. /resnick/groups/Proberlab/yun/lightsheet/analysis_output/registration/huc-h2b-g8m_ynt185_120min/260413_huc-h2b-g8m_ynt_10uM_fish3/expt_to_mean_warp.nii.gz (type = DisplacementFieldTransform)
=============================================================================
Default pixel value: 0
Interpolation type: WindowedSincInterpolateImageFunction
Output warped image: 0x7fe4b6463088
✅ TMPDIR=/resnick/scratch/yun/tmp_ants | ITK threads=30

Loading template brain: /resnick/home/ychiu/yun/lightsheet/hcrt-trpv1_huc-h2b-g8m_csn_120min_audio/zstack_template/template_mean_brain.nii.gz
Template shape=(288, 568, 40), spacing=(1.5199999809265137, 1.5199999809265137, 7.5)

============================================================
  Registering: 260413_huc-h2b-g8m_ynt_10uM_fish3
  proj_ID:     huc-h2b-g8m_ynt185_120min
============================================================
Loading volume mean (moving)...
Raw HDF5 shape (Z, X, Y): (40, 324, 572)
Transposed shape (X, Y, Z): (324, 572, 40)
Rotated shape (X, Y, Z): (324, 572, 40)
ANTsImage (RAI)
	 Pixel Type : float (float32)
	 Components : 1
	 Dimensions : (324, 572, 40)
	 Spacing    : (1.52, 1.52, 6.25)
	 Origin     : (0.0, 0.0, 0.0)
	 Direction  : [1. 0. 0. 0. 1. 0. 0. 0. 1.]

  [atlas] spacing=(1.5199999809265137, 1.5199999809265137, 7.5) origin=(436.2399945259094, 861.8399891853333, 292.5)
  [mov  ] spacing=(1.52, 1.52, 6.25) origin=(490.96, 867.92, 243.75)
Resampling to (3.0, 3.0, 3.0) µm...
Running SyN...
antsRegistration -d 3 -r /resnick/scratch/yun/tmp_ants/tmpsl834lma.mat -m MI[0x7fe4b6462f48,0x7fe4b6462fe8,1,32,regular,0.2] -t Rigid[0.25] -c 2100x1200x1200x0 -s 3x2x1x0 -f 4x2x2x1 -x [NA,NA] -m MI[0x7fe4b6462f48,0x7fe4b6462fe8,1,32,regular,0.2] -t Affine[0.25] -c 2100x1200x1200x0 -s 3x2x1x0 -f 4x2x2x1 -x [NA,NA] -m CC[0x7fe4b6462f48,0x7fe4b6462fe8,1,32] -t SyN[0.200000,3.000000,0.000000] -c [120x80x40x0,1e-7,8] -s 3x2x1x0 -f 8x4x2x1 -u 1 -z 1 -o [/resnick/scratch/yun/tmp_ants/tmp5ekerba3,0x7fe4b6463028,0x7fe4b6462fc8] -x [0x7fe4b6463048,0x7fe4b6463088] --float 1 --write-composite-transform 0 -v 1
SyN warp field saved: /resnick/groups/Proberlab/yun/lightsheet/analysis_output/registration/huc-h2b-g8m_ynt185_120min/260413_huc-h2b-g8m_ynt_10uM_fish3/expt_to_mean_warp.nii.gz
SyN affine transform saved: /resnick/groups/Proberlab/yun/lightsheet/analysis_output/registration/huc-h2b-g8m_ynt185_120min/260413_huc-h2b-g8m_ynt_10uM_fish3/expt_to_mean_affine.mat
Applying composite transform at full resolution...
['-d', '3', '-i', '0x7fe4b6463008', '-o', '0x7fe4b6463088', '-r', '0x7fe4b6463068', '-n', 'welchWindowedSinc', '-t', '/resnick/groups/Proberlab/yun/lightsheet/analysis_output/registration/huc-h2b-g8m_ynt185_120min/260413_huc-h2b-g8m_ynt_10uM_fish3/expt_to_mean_warp.nii.gz', '-t', '/resnick/groups/Proberlab/yun/lightsheet/analysis_output/registration/huc-h2b-g8m_ynt185_120min/260413_huc-h2b-g8m_ynt_10uM_fish3/expt_to_mean_affine.mat']
✅ Registered image saved: /resnick/groups/Proberlab/yun/lightsheet/analysis_output/registration/huc-h2b-g8m_ynt185_120min/260413_huc-h2b-g8m_ynt_10uM_fish3/expt_to_mean_registered_final.nii.gz
Saving QC overlay...
  ✅ QC overlay saved: /resnick/groups/Proberlab/yun/lightsheet/analysis_output/registration/huc-h2b-g8m_ynt185_120min/260413_huc-h2b-g8m_ynt_10uM_fish3/qc_registration_overlay.pdf

=== Registration complete: 260413_huc-h2b-g8m_ynt_10uM_fish3 ===
