 bad det -1 v 1 u -1
 bad det -1 v 1 u -1 new 1
All_Command_lines_OK
Using single precision for computations.
=============================================================================
The composite transform comprises the following transforms (in order): 
  1. /resnick/scratch/yun/tmp_ants/tmpyclsl7in.mat (type = AffineTransform)
=============================================================================
  Reading mask(s).
    Registration stage 0
      No fixed mask
      No moving mask
    Registration stage 1
      No fixed mask
      No moving mask
    Registration stage 2
      Fixed mask = 0x7ff232c3f048
      Moving mask = 0x7ff232c3f088
  number of levels = 4
  number of levels = 4
  number of levels = 4
  fixed image: 0x7ff232c3ef48
  moving image: 0x7ff232c3efe8
  fixed image: 0x7ff232c3ef48
  moving image: 0x7ff232c3efe8
  fixed image: 0x7ff232c3ef48
  moving image: 0x7ff232c3efe8
Dimension = 3
Number of stages = 3
Use histogram matching = true
Winsorize image intensities = false
  Lower quantile = 0
  Upper quantile = 1


Stage 1 State
   Image metric = MattesMI
     Fixed image = Image (0x4b93db0)
  RTTI typeinfo:   itk::Image<float, 3u>
  Reference Count: 2
  Modified Time: 1713304
  Debug: Off
  Object Name: 
  Observers: 
    none
  Source: (none)
  Source output name: (none)
  Release Data: Off
  Data Released: False
  Global Release Data: Off
  PipelineMTime: 0
  UpdateMTime: 1713276
  RealTimeStamp: 0 seconds 
  LargestPossibleRegion: 
    Dimension: 3
    Index: [0, 0, 0]
    Size: [146, 288, 100]
  BufferedRegion: 
    Dimension: 3
    Index: [0, 0, 0]
    Size: [146, 288, 100]
  RequestedRegion: 
    Dimension: 3
    Index: [0, 0, 0]
    Size: [146, 288, 100]
  Spacing: [3, 3, 3]
  Origin: [436.24, 861.84, 292.5]
  Direction: 
-1 0 0
0 -1 0
0 0 -1

  IndexToPointMatrix: 
-3 0 0
0 -3 0
0 0 -3

  PointToIndexMatrix: 
-0.333333 0 0
0 -0.333333 0
0 0 -0.333333

  Inverse Direction: 
-1 0 0
0 -1 0
0 0 -1

  PixelContainer: 
    ImportImageContainer (0x4ba15d0)
      RTTI typeinfo:   itk::ImportImageContainer<unsigned long, float>
      Reference Count: 1
      Modified Time: 1713274
      Debug: Off
      Object Name: 
      Observers: 
        none
      Pointer: 0x151dfba0
      Container manages memory: true
      Size: 4204800
      Capacity: 4204800

     Moving image = Image (0x4bacee0)
  RTTI typeinfo:   itk::Image<float, 3u>
  Reference Count: 2
  Modified Time: 1713305
  Debug: Off
  Object Name: 
  Observers: 
    none
  Source: (none)
  Source output name: (none)
  Release Data: Off
  Data Released: False
  Global Release Data: Off
  PipelineMTime: 0
  UpdateMTime: 1713302
  RealTimeStamp: 0 seconds 
  LargestPossibleRegion: 
    Dimension: 3
    Index: [0, 0, 0]
    Size: [138, 268, 83]
  BufferedRegion: 
    Dimension: 3
    Index: [0, 0, 0]
    Size: [138, 268, 83]
  RequestedRegion: 
    Dimension: 3
    Index: [0, 0, 0]
    Size: [138, 268, 83]
  Spacing: [3, 3, 3]
  Origin: [411.92, 801.04, 243.75]
  Direction: 
-1 0 0
0 -1 0
0 0 -1

  IndexToPointMatrix: 
-3 0 0
0 -3 0
0 0 -3

  PointToIndexMatrix: 
-0.333333 0 0
0 -0.333333 0
0 0 -0.333333

  Inverse Direction: 
-1 0 0
0 -1 0
0 0 -1

  PixelContainer: 
    ImportImageContainer (0x4bc27f0)
      RTTI typeinfo:   itk::ImportImageContainer<unsigned long, float>
      Reference Count: 1
      Modified Time: 1713300
      Debug: Off
      Object Name: 
      Observers: 
        none
      Pointer: 0x161e9fb0
      Container manages memory: true
      Size: 3069672
      Capacity: 3069672

     Weighting = 1
     Sampling strategy = regular
     Number of bins = 32
     Radius = 4
     Sampling percentage  = 0.2
   Transform = Rigid
     Gradient step = 0.25
     Update field sigma (voxel space) = 0
     Total field sigma (voxel space) = 0
     Update field time sigma = 0
     Total field time sigma  = 0
     Number of time indices = 0
     Number of time point samples = 0
Stage 2 State
   Image metric = MattesMI
     Fixed image = Image (0x4b876b0)
  RTTI typeinfo:   itk::Image<float, 3u>
  Reference Count: 2
  Modified Time: 1713358
  Debug: Off
  Object Name: 
  Observers: 
    none
  Source: (none)
  Source output name: (none)
  Release Data: Off
  Data Released: False
  Global Release Data: Off
  PipelineMTime: 0
  UpdateMTime: 1713330
  RealTimeStamp: 0 seconds 
  LargestPossibleRegion: 
    Dimension: 3
    Index: [0, 0, 0]
    Size: [146, 288, 100]
  BufferedRegion: 
    Dimension: 3
    Index: [0, 0, 0]
    Size: [146, 288, 100]
  RequestedRegion: 
    Dimension: 3
    Index: [0, 0, 0]
    Size: [146, 288, 100]
  Spacing: [3, 3, 3]
  Origin: [436.24, 861.84, 292.5]
  Direction: 
-1 0 0
0 -1 0
0 0 -1

  IndexToPointMatrix: 
-3 0 0
0 -3 0
0 0 -3

  PointToIndexMatrix: 
-0.333333 0 0
0 -0.333333 0
0 0 -0.333333

  Inverse Direction: 
-1 0 0
0 -1 0
0 0 -1

  PixelContainer: 
    ImportImageContainer (0x4bc35a0)
      RTTI typeinfo:   itk::ImportImageContainer<unsigned long, float>
      Reference Count: 1
      Modified Time: 1713328
      Debug: Off
      Object Name: 
      Observers: 
        none
      Pointer: 0x16d9fb60
      Container manages memory: true
      Size: 4204800
      Capacity: 4204800

     Moving image = Image (0x4b89320)
  RTTI typeinfo:   itk::Image<float, 3u>
  Reference Count: 2
  Modified Time: 1713359
  Debug: Off
  Object Name: 
  Observers: 
    none
  Source: (none)
  Source output name: (none)
  Release Data: Off
  Data Released: False
  Global Release Data: Off
  PipelineMTime: 0
  UpdateMTime: 1713356
  RealTimeStamp: 0 seconds 
  LargestPossibleRegion: 
    Dimension: 3
    Index: [0, 0, 0]
    Size: [138, 268, 83]
  BufferedRegion: 
    Dimension: 3
    Index: [0, 0, 0]
    Size: [138, 268, 83]
  RequestedRegion: 
    Dimension: 3
    Index: [0, 0, 0]
    Size: [138, 268, 83]
  Spacing: [3, 3, 3]
  Origin: [411.92, 801.04, 243.75]
  Direction: 
-1 0 0
0 -1 0
0 0 -1

  IndexToPointMatrix: 
-3 0 0
0 -3 0
0 0 -3

  PointToIndexMatrix: 
-0.333333 0 0
0 -0.333333 0
0 0 -0.333333

  Inverse Direction: 
-1 0 0
0 -1 0
0 0 -1

  PixelContainer: 
    ImportImageContainer (0x4bcadd0)
      RTTI typeinfo:   itk::ImportImageContainer<unsigned long, float>
      Reference Count: 1
      Modified Time: 1713354
      Debug: Off
      Object Name: 
      Observers: 
        none
      Pointer: 0x17da9f70
      Container manages memory: true
      Size: 3069672
      Capacity: 3069672

     Weighting = 1
     Sampling strategy = regular
     Number of bins = 32
     Radius = 4
     Sampling percentage  = 0.2
   Transform = Affine
     Gradient step = 0.25
     Update field sigma (voxel space) = 0
     Total field sigma (voxel space) = 0
     Update field time sigma = 0
     Total field time sigma  = 0
     Number of time indices = 0
     Number of time point samples = 0
Stage 3 State
   Image metric = CC
     Fixed image = Image (0x4beaca0)
  RTTI typeinfo:   itk::Image<float, 3u>
  Reference Count: 2
  Modified Time: 1713412
  Debug: Off
  Object Name: 
  Observers: 
    none
  Source: (none)
  Source output name: (none)
  Release Data: Off
  Data Released: False
  Global Release Data: Off
  PipelineMTime: 0
  UpdateMTime: 1713384
  RealTimeStamp: 0 seconds 
  LargestPossibleRegion: 
    Dimension: 3
    Index: [0, 0, 0]
    Size: [146, 288, 100]
  BufferedRegion: 
    Dimension: 3
    Index: [0, 0, 0]
    Size: [146, 288, 100]
  RequestedRegion: 
    Dimension: 3
    Index: [0, 0, 0]
    Size: [146, 288, 100]
  Spacing: [3, 3, 3]
  Origin: [436.24, 861.84, 292.5]
  Direction: 
-1 0 0
0 -1 0
0 0 -1

  IndexToPointMatrix: 
-3 0 0
0 -3 0
0 0 -3

  PointToIndexMatrix: 
-0.333333 0 0
0 -0.333333 0
0 0 -0.333333

  Inverse Direction: 
-1 0 0
0 -1 0
0 0 -1

  PixelContainer: 
    ImportImageContainer (0x4bcd5e0)
      RTTI typeinfo:   itk::ImportImageContainer<unsigned long, float>
      Reference Count: 1
      Modified Time: 1713382
      Debug: Off
      Object Name: 
      Observers: 
        none
      Pointer: 0x1895fb20
      Container manages memory: true
      Size: 4204800
      Capacity: 4204800

     Moving image = Image (0x4be7490)
  RTTI typeinfo:   itk::Image<float, 3u>
  Reference Count: 2
  Modified Time: 1713413
  Debug: Off
  Object Name: 
  Observers: 
    none
  Source: (none)
  Source output name: (none)
  Release Data: Off
  Data Released: False
  Global Release Data: Off
  PipelineMTime: 0
  UpdateMTime: 1713410
  RealTimeStamp: 0 seconds 
  LargestPossibleRegion: 
    Dimension: 3
    Index: [0, 0, 0]
    Size: [138, 268, 83]
  BufferedRegion: 
    Dimension: 3
    Index: [0, 0, 0]
    Size: [138, 268, 83]
  RequestedRegion: 
    Dimension: 3
    Index: [0, 0, 0]
    Size: [138, 268, 83]
  Spacing: [3, 3, 3]
  Origin: [411.92, 801.04, 243.75]
  Direction: 
-1 0 0
0 -1 0
0 0 -1

  IndexToPointMatrix: 
-3 0 0
0 -3 0
0 0 -3

  PointToIndexMatrix: 
-0.333333 0 0
0 -0.333333 0
0 0 -0.333333

  Inverse Direction: 
-1 0 0
0 -1 0
0 0 -1

  PixelContainer: 
    ImportImageContainer (0x49b5f10)
      RTTI typeinfo:   itk::ImportImageContainer<unsigned long, float>
      Reference Count: 1
      Modified Time: 1713408
      Debug: Off
      Object Name: 
      Observers: 
        none
      Pointer: 0x19969f30
      Container manages memory: true
      Size: 3069672
      Capacity: 3069672

     Weighting = 1
     Sampling strategy = none
     Number of bins = 32
     Radius = 32
     Sampling percentage  = 1
   Transform = SyN
     Gradient step = 0.2
     Update field sigma (voxel space) = 3
     Total field sigma (voxel space) = 0
     Update field time sigma = 0
     Total field time sigma  = 0
     Number of time indices = 0
     Number of time point samples = 0
Registration using 3 total stages.

Stage 0
  iterations = 2100x1200x1200x0
  convergence threshold = 1e-06
  convergence window size = 10
  number of levels = 4
  using the Mattes MI metric (number of bins = 32, weight = 1, use gradient filter = 0)
  preprocessing:  histogram matching the images
  Shrink factors (level 1 out of 4): [4, 4, 4]
  Shrink factors (level 2 out of 4): [2, 2, 2]
  Shrink factors (level 3 out of 4): [2, 2, 2]
  Shrink factors (level 4 out of 4): [1, 1, 1]
  smoothing sigmas per level: [3, 2, 1, 0]
  regular sampling (percentage = 0.2)

*** Running Euler3DTransform registration ***

DIAGNOSTIC,Iteration,metricValue,convergenceValue,ITERATION_TIME_INDEX,SINCE_LAST
 2DIAGNOSTIC,     1, -8.259205818176e-01, inf, 1.2437e-01, 1.2437e-01, 
 2DIAGNOSTIC,     2, -8.275352716446e-01, inf, 1.3131e-01, 6.9439e-03, 
 2DIAGNOSTIC,     3, -8.290473818779e-01, inf, 1.3761e-01, 6.3000e-03, 
 2DIAGNOSTIC,     4, -8.301406502724e-01, inf, 1.4395e-01, 6.3400e-03, 
 2DIAGNOSTIC,     5, -8.312302231789e-01, inf, 1.5116e-01, 7.2062e-03, 
 2DIAGNOSTIC,     6, -8.323904275894e-01, inf, 1.6179e-01, 1.0625e-02, 
 2DIAGNOSTIC,     7, -8.326216936111e-01, inf, 1.6933e-01, 7.5469e-03, 
 2DIAGNOSTIC,     8, -8.322156667709e-01, inf, 1.7737e-01, 8.0390e-03, 
 2DIAGNOSTIC,     9, -8.321765065193e-01, inf, 1.8681e-01, 9.4349e-03, 
 2DIAGNOSTIC,    10, -8.319451808929e-01, 4.704184830189e-04, 1.9986e-01, 1.3050e-02, 
 2DIAGNOSTIC,    11, -8.317819833755e-01, 2.736967871897e-04, 2.0792e-01, 8.0600e-03, 
 2DIAGNOSTIC,    12, -8.314784169197e-01, 1.223990693688e-04, 2.1567e-01, 7.7510e-03, 
 2DIAGNOSTIC,    13, -8.315753936768e-01, 2.618824146339e-05, 2.2312e-01, 7.4480e-03, 
DIAGNOSTIC,Iteration,metricValue,convergenceValue,ITERATION_TIME_INDEX,SINCE_LAST
 2DIAGNOSTIC,     1, -7.414984107018e-01, inf, 3.6142e-01, 1.3830e-01, 
 2DIAGNOSTIC,     2, -7.417327761650e-01, inf, 3.8505e-01, 2.3628e-02, 
 2DIAGNOSTIC,     3, -7.418235540390e-01, inf, 4.1383e-01, 2.8778e-02, 
 2DIAGNOSTIC,     4, -7.418398261070e-01, inf, 4.3151e-01, 1.7689e-02, 
 2DIAGNOSTIC,     5, -7.417653799057e-01, inf, 4.4859e-01, 1.7071e-02, 
 2DIAGNOSTIC,     6, -7.417765855789e-01, inf, 4.6586e-01, 1.7278e-02, 
 2DIAGNOSTIC,     7, -7.417771816254e-01, inf, 4.8316e-01, 1.7298e-02, 
 2DIAGNOSTIC,     8, -7.417646646500e-01, inf, 5.0108e-01, 1.7921e-02, 
 2DIAGNOSTIC,     9, -7.417165637016e-01, inf, 5.1675e-01, 1.5665e-02, 
 2DIAGNOSTIC,    10, -7.416666746140e-01, 6.452039997384e-06, 5.3416e-01, 1.7414e-02, 
DIAGNOSTIC,Iteration,metricValue,convergenceValue,ITERATION_TIME_INDEX,SINCE_LAST
 2DIAGNOSTIC,     1, -6.500706672668e-01, inf, 6.5509e-01, 1.2093e-01, 
 2DIAGNOSTIC,     2, -6.504448056221e-01, inf, 6.7837e-01, 2.3279e-02, 
 2DIAGNOSTIC,     3, -6.505325436592e-01, inf, 6.9624e-01, 1.7868e-02, 
 2DIAGNOSTIC,     4, -6.507687568665e-01, inf, 7.1323e-01, 1.6993e-02, 
 2DIAGNOSTIC,     5, -6.511600017548e-01, inf, 7.3234e-01, 1.9104e-02, 
 2DIAGNOSTIC,     6, -6.512968540192e-01, inf, 7.4991e-01, 1.7576e-02, 
 2DIAGNOSTIC,     7, -6.514136195183e-01, inf, 7.6781e-01, 1.7899e-02, 
 2DIAGNOSTIC,     8, -6.514157056808e-01, inf, 7.8510e-01, 1.7292e-02, 
 2DIAGNOSTIC,     9, -6.515827178955e-01, inf, 8.0469e-01, 1.9585e-02, 
 2DIAGNOSTIC,    10, -6.514694690704e-01, 1.488463312853e-04, 8.2470e-01, 2.0013e-02, 
 2DIAGNOSTIC,    11, -6.513785123825e-01, 1.006157035590e-04, 8.4288e-01, 1.8184e-02, 
 2DIAGNOSTIC,    12, -6.513932943344e-01, 6.611068965867e-05, 8.6079e-01, 1.7906e-02, 
 2DIAGNOSTIC,    13, -6.513634324074e-01, 3.298636875115e-05, 8.8088e-01, 2.0092e-02, 
 2DIAGNOSTIC,    14, -6.513583064079e-01, 8.699304999027e-06, 9.0093e-01, 2.0051e-02, 
DIAGNOSTIC,Iteration,metricValue,convergenceValue,ITERATION_TIME_INDEX,SINCE_LAST
 2DIAGNOSTIC,     1, -5.715624690056e-01, inf, 1.2624e+00, 3.6144e-01, 
  Elapsed time (stage 0): 1.6864e+00


Stage 1
  iterations = 2100x1200x1200x0
  convergence threshold = 1.0000e-06
  convergence window size = 10
  number of levels = 4
  using the Mattes MI metric (number of bins = 32, weight = 1.0000e+00, use gradient filter = 0)
  preprocessing:  histogram matching the images
  Shrink factors (level 1 out of 4): [4, 4, 4]
  Shrink factors (level 2 out of 4): [2, 2, 2]
  Shrink factors (level 3 out of 4): [2, 2, 2]
  Shrink factors (level 4 out of 4): [1, 1, 1]
  smoothing sigmas per level: [3, 2, 1, 0]
  regular sampling (percentage = 2.0000e-01)

*** Running AffineTransform registration ***

DIAGNOSTIC,Iteration,metricValue,convergenceValue,ITERATION_TIME_INDEX,SINCE_LAST
 2DIAGNOSTIC,     1, -8.281653523445e-01, inf, 8.9148e-02, 8.9147e-02, 
 2DIAGNOSTIC,     2, -8.283066153526e-01, inf, 9.7050e-02, 7.9021e-03, 
 2DIAGNOSTIC,     3, -8.285326957703e-01, inf, 1.0485e-01, 7.8030e-03, 
 2DIAGNOSTIC,     4, -8.288757801056e-01, inf, 1.1164e-01, 6.7868e-03, 
 2DIAGNOSTIC,     5, -8.290185928345e-01, inf, 1.1845e-01, 6.8119e-03, 
 2DIAGNOSTIC,     6, -8.290832638741e-01, inf, 1.2536e-01, 6.9129e-03, 
 2DIAGNOSTIC,     7, -8.308072686195e-01, inf, 1.3237e-01, 7.0081e-03, 
 2DIAGNOSTIC,     8, -8.347895145416e-01, inf, 1.4084e-01, 8.4629e-03, 
 2DIAGNOSTIC,     9, -8.353374004364e-01, inf, 1.5209e-01, 1.1259e-02, 
 2DIAGNOSTIC,    10, -8.355099558830e-01, 6.460220902227e-04, 1.6126e-01, 9.1660e-03, 
 2DIAGNOSTIC,    11, -8.354205489159e-01, 6.470694788732e-04, 1.7077e-01, 9.5060e-03, 
 2DIAGNOSTIC,    12, -8.352635502815e-01, 5.888920859434e-04, 1.8034e-01, 9.5770e-03, 
 2DIAGNOSTIC,    13, -8.348891735077e-01, 4.808964440599e-04, 1.8904e-01, 8.7001e-03, 
 2DIAGNOSTIC,    14, -8.346706628799e-01, 3.481606836431e-04, 1.9869e-01, 9.6490e-03, 
 2DIAGNOSTIC,    15, -8.348251581192e-01, 2.101566933561e-04, 2.0700e-01, 8.3039e-03, 
 2DIAGNOSTIC,    16, -8.356307744980e-01, 8.885682473192e-05, 2.1758e-01, 1.0579e-02, 
 2DIAGNOSTIC,    17, -8.359054327011e-01, 1.150176558440e-05, 2.2790e-01, 1.0324e-02, 
 2DIAGNOSTIC,    18, -8.358443975449e-01, 1.616937697690e-05, 2.3615e-01, 8.2471e-03, 
 2DIAGNOSTIC,    19, -8.356937766075e-01, 2.639780905156e-05, 2.4495e-01, 8.8019e-03, 
 2DIAGNOSTIC,    20, -8.359310030937e-01, 4.025502130389e-05, 2.5577e-01, 1.0821e-02, 
 2DIAGNOSTIC,    21, -8.360608816147e-01, 4.938353959005e-05, 2.6560e-01, 9.8259e-03, 
 2DIAGNOSTIC,    22, -8.356829285622e-01, 4.491806248552e-05, 2.7425e-01, 8.6589e-03, 
 2DIAGNOSTIC,    23, -8.355496525764e-01, 2.981381658174e-05, 2.8288e-01, 8.6291e-03, 
 2DIAGNOSTIC,    24, -8.357591032982e-01, 1.336272634944e-05, 2.9167e-01, 8.7841e-03, 
DIAGNOSTIC,Iteration,metricValue,convergenceValue,ITERATION_TIME_INDEX,SINCE_LAST
 2DIAGNOSTIC,     1, -7.416602969170e-01, inf, 4.3693e-01, 1.4526e-01, 
 2DIAGNOSTIC,     2, -7.422877550125e-01, inf, 4.6223e-01, 2.5303e-02, 
 2DIAGNOSTIC,     3, -7.431768178940e-01, inf, 4.8177e-01, 1.9538e-02, 
 2DIAGNOSTIC,     4, -7.441993951797e-01, inf, 5.0067e-01, 1.8902e-02, 
 2DIAGNOSTIC,     5, -7.452620863914e-01, inf, 5.1909e-01, 1.8424e-02, 
 2DIAGNOSTIC,     6, -7.458328008652e-01, inf, 5.3775e-01, 1.8653e-02, 
 2DIAGNOSTIC,     7, -7.465916872025e-01, inf, 5.5835e-01, 2.0602e-02, 
 2DIAGNOSTIC,     8, -7.472408413887e-01, inf, 5.7708e-01, 1.8730e-02, 
 2DIAGNOSTIC,     9, -7.474274039268e-01, inf, 5.9931e-01, 2.2231e-02, 
 2DIAGNOSTIC,    10, -7.476712465286e-01, 5.587418563664e-04, 6.2069e-01, 2.1380e-02, 
 2DIAGNOSTIC,    11, -7.474278807640e-01, 4.321187443566e-04, 6.4338e-01, 2.2690e-02, 
 2DIAGNOSTIC,    12, -7.475554943085e-01, 3.121510380879e-04, 6.7063e-01, 2.7248e-02, 
 2DIAGNOSTIC,    13, -7.475427985191e-01, 2.077288081637e-04, 6.9433e-01, 2.3704e-02, 
 2DIAGNOSTIC,    14, -7.475388646126e-01, 1.268053747481e-04, 7.1299e-01, 1.8654e-02, 
 2DIAGNOSTIC,    15, -7.474712133408e-01, 7.064200326568e-05, 7.3396e-01, 2.0972e-02, 
 2DIAGNOSTIC,    16, -7.474504709244e-01, 2.817060521920e-05, 7.5907e-01, 2.5116e-02, 
 2DIAGNOSTIC,    17, -7.474440932274e-01, 4.846145657211e-06, 7.8823e-01, 2.9161e-02, 
DIAGNOSTIC,Iteration,metricValue,convergenceValue,ITERATION_TIME_INDEX,SINCE_LAST
 2DIAGNOSTIC,     1, -6.563286781311e-01, inf, 9.0889e-01, 1.2065e-01, 
 2DIAGNOSTIC,     2, -6.565487980843e-01, inf, 9.3078e-01, 2.1895e-02, 
 2DIAGNOSTIC,     3, -6.568934321404e-01, inf, 9.4969e-01, 1.8906e-02, 
 2DIAGNOSTIC,     4, -6.572081446648e-01, inf, 9.7100e-01, 2.1309e-02, 
 2DIAGNOSTIC,     5, -6.573725938797e-01, inf, 9.8945e-01, 1.8454e-02, 
 2DIAGNOSTIC,     6, -6.574262380600e-01, inf, 1.0126e+00, 2.3120e-02, 
 2DIAGNOSTIC,     7, -6.577042341232e-01, inf, 1.0336e+00, 2.1027e-02, 
 2DIAGNOSTIC,     8, -6.578361988068e-01, inf, 1.0536e+00, 1.9971e-02, 
 2DIAGNOSTIC,     9, -6.576782464981e-01, inf, 1.0736e+00, 2.0026e-02, 
 2DIAGNOSTIC,    10, -6.577149033546e-01, 1.448095426895e-04, 1.1008e+00, 2.7205e-02, 
 2DIAGNOSTIC,    11, -6.576673984528e-01, 9.835734090302e-05, 1.1223e+00, 2.1475e-02, 
 2DIAGNOSTIC,    12, -6.576077938080e-01, 5.653100379277e-05, 1.1429e+00, 2.0642e-02, 
 2DIAGNOSTIC,    13, -6.575834751129e-01, 2.669395689736e-05, 1.1643e+00, 2.1408e-02, 
 2DIAGNOSTIC,    14, -6.575181484222e-01, 6.672617928416e-06, 1.1848e+00, 2.0465e-02, 
DIAGNOSTIC,Iteration,metricValue,convergenceValue,ITERATION_TIME_INDEX,SINCE_LAST
 2DIAGNOSTIC,     1, -5.815110802650e-01, inf, 1.5618e+00, 3.7703e-01, 
  Elapsed time (stage 1): 1.9579e+00


Stage 2
  iterations = 120x80x40x0
  convergence threshold = 1.0000e-07
  convergence window size = 8
  number of levels = 4
  using the CC metric (radius = 32, weight = 1.0000e+00, use gradient filter = 0)
  preprocessing:  histogram matching the images
  Shrink factors (level 1 out of 4): [8, 8, 8]
  Shrink factors (level 2 out of 4): [4, 4, 4]
  Shrink factors (level 3 out of 4): [2, 2, 2]
  Shrink factors (level 4 out of 4): [1, 1, 1]
  smoothing sigmas per level: [3, 2, 1, 0]
  Using default NONE metricSamplingStrategy 

*** Running SyN registration (varianceForUpdateField = 3.0000e+00, varianceForTotalField = 0.0000e+00) ***

XXDIAGNOSTIC,Iteration,metricValue,convergenceValue,ITERATION_TIME_INDEX,SINCE_LAST
 1DIAGNOSTIC,     1, -7.908837795258e-01, inf, 7.3567e-01, 7.3567e-01, 
 1DIAGNOSTIC,     2, -8.265633583069e-01, inf, 1.4117e+00, 6.7606e-01, 
 1DIAGNOSTIC,     3, -8.530410528183e-01, inf, 2.0900e+00, 6.7830e-01, 
 1DIAGNOSTIC,     4, -8.719954490662e-01, inf, 2.7699e+00, 6.7989e-01, 
 1DIAGNOSTIC,     5, -8.864239454269e-01, inf, 3.4534e+00, 6.8352e-01, 
 1DIAGNOSTIC,     6, -8.971138596535e-01, inf, 4.1377e+00, 6.8430e-01, 
 1DIAGNOSTIC,     7, -9.062296152115e-01, inf, 4.8222e+00, 6.8442e-01, 
 1DIAGNOSTIC,     8, -9.130721092224e-01, 1.092893350869e-02, 5.5022e+00, 6.8004e-01, 
 1DIAGNOSTIC,     9, -9.170240163803e-01, 7.228697184473e-03, 6.1836e+00, 6.8137e-01, 
 1DIAGNOSTIC,    10, -9.199321866035e-01, 4.848386161029e-03, 6.8661e+00, 6.8254e-01, 
 1DIAGNOSTIC,    11, -9.219464063644e-01, 3.274497343227e-03, 7.5457e+00, 6.7957e-01, 
 1DIAGNOSTIC,    12, -9.241039156914e-01, 2.210599835962e-03, 8.2271e+00, 6.8140e-01, 
 1DIAGNOSTIC,    13, -9.248248934746e-01, 1.465669134632e-03, 8.9131e+00, 6.8604e-01, 
 1DIAGNOSTIC,    14, -9.250652194023e-01, 9.312310139649e-04, 9.5993e+00, 6.8615e-01, 
 1DIAGNOSTIC,    15, -9.226833581924e-01, 5.135982064530e-04, 1.0291e+01, 6.9208e-01, 
 1DIAGNOSTIC,    16, -9.239767193794e-01, 2.758164773695e-04, 1.0980e+01, 6.8821e-01, 
 1DIAGNOSTIC,    17, -9.205932021141e-01, 3.858669515466e-05, 1.1666e+01, 6.8628e-01, 
 1DIAGNOSTIC,    18, -9.223026037216e-01, -7.465296948794e-05, 1.2348e+01, 6.8213e-01, 
XXDIAGNOSTIC,Iteration,metricValue,convergenceValue,ITERATION_TIME_INDEX,SINCE_LAST
 1DIAGNOSTIC,     1, -8.750137686729e-01, inf, 1.6074e+01, 3.7258e+00, 
 1DIAGNOSTIC,     2, -8.824526071548e-01, inf, 1.9607e+01, 3.5334e+00, 
 1DIAGNOSTIC,     3, -8.890371918678e-01, inf, 2.3218e+01, 3.6103e+00, 
 1DIAGNOSTIC,     4, -8.941408395767e-01, inf, 2.6543e+01, 3.3259e+00, 
 1DIAGNOSTIC,     5, -8.986077904701e-01, inf, 2.9396e+01, 2.8526e+00, 
 1DIAGNOSTIC,     6, -9.022210836411e-01, inf, 3.2261e+01, 2.8649e+00, 
 1DIAGNOSTIC,     7, -9.052987098694e-01, inf, 3.5159e+01, 2.8984e+00, 
 1DIAGNOSTIC,     8, -9.079161882401e-01, 2.960085868835e-03, 3.8055e+01, 2.8959e+00, 
 1DIAGNOSTIC,     9, -9.101303219795e-01, 2.197879832238e-03, 4.0941e+01, 2.8863e+00, 
 1DIAGNOSTIC,    10, -9.123077392578e-01, 1.663211267442e-03, 4.3847e+01, 2.9059e+00, 
 1DIAGNOSTIC,    11, -9.138869047165e-01, 1.285600475967e-03, 4.6763e+01, 2.9158e+00, 
 1DIAGNOSTIC,    12, -9.155701398849e-01, 1.012274879031e-03, 4.9664e+01, 2.9010e+00, 
 1DIAGNOSTIC,    13, -9.172101616859e-01, 8.215226698667e-04, 5.2591e+01, 2.9263e+00, 
 1DIAGNOSTIC,    14, -9.188041090965e-01, 6.863134331070e-04, 5.5867e+01, 3.2760e+00, 
 1DIAGNOSTIC,    15, -9.200999736786e-01, 5.849421140738e-04, 5.9211e+01, 3.3448e+00, 
 1DIAGNOSTIC,    16, -9.215445518494e-01, 5.114360246807e-04, 6.2088e+01, 2.8768e+00, 
 1DIAGNOSTIC,    17, -9.225674867630e-01, 4.467570397537e-04, 6.4978e+01, 2.8898e+00, 
 1DIAGNOSTIC,    18, -9.234939217567e-01, 3.919932642020e-04, 6.7890e+01, 2.9119e+00, 
 1DIAGNOSTIC,    19, -9.245340824127e-01, 3.398947010282e-04, 7.0842e+01, 2.9521e+00, 
 1DIAGNOSTIC,    20, -9.253134727478e-01, 2.913632488344e-04, 7.4110e+01, 3.2678e+00, 
 1DIAGNOSTIC,    21, -9.262524843216e-01, 2.527454635128e-04, 7.7544e+01, 3.4341e+00, 
 1DIAGNOSTIC,    22, -9.269928932190e-01, 2.219835150754e-04, 8.0433e+01, 2.8889e+00, 
 1DIAGNOSTIC,    23, -9.278776645660e-01, 1.980956876650e-04, 8.3310e+01, 2.8774e+00, 
 1DIAGNOSTIC,    24, -9.286860227585e-01, 1.834863505792e-04, 8.6768e+01, 3.4581e+00, 
 1DIAGNOSTIC,    25, -9.296742677689e-01, 1.742966705933e-04, 8.9687e+01, 2.9183e+00, 
 1DIAGNOSTIC,    26, -9.304095506668e-01, 1.648722391110e-04, 9.2692e+01, 3.0059e+00, 
 1DIAGNOSTIC,    27, -9.312469959259e-01, 1.588743034517e-04, 9.5599e+01, 2.9062e+00, 
 1DIAGNOSTIC,    28, -9.319884777069e-01, 1.508385466877e-04, 9.8541e+01, 2.9424e+00, 
 1DIAGNOSTIC,    29, -9.326732158661e-01, 1.427537354175e-04, 1.0185e+02, 3.3139e+00, 
 1DIAGNOSTIC,    30, -9.334496259689e-01, 1.336819841526e-04, 1.0542e+02, 3.5632e+00, 
 1DIAGNOSTIC,    31, -9.341475367546e-01, 1.251525973203e-04, 1.0830e+02, 2.8849e+00, 
 1DIAGNOSTIC,    32, -9.348131418228e-01, 1.163869019365e-04, 1.1119e+02, 2.8870e+00, 
 1DIAGNOSTIC,    33, -9.354238510132e-01, 1.096382038668e-04, 1.1465e+02, 3.4606e+00, 
 1DIAGNOSTIC,    34, -9.358064532280e-01, 9.972679981729e-05, 1.1756e+02, 2.9086e+00, 
 1DIAGNOSTIC,    35, -9.364303350449e-01, 9.169948316412e-05, 1.2047e+02, 2.9130e+00, 
 1DIAGNOSTIC,    36, -9.370343685150e-01, 8.486618753523e-05, 1.2343e+02, 2.9580e+00, 
 1DIAGNOSTIC,    37, -9.375813603401e-01, 7.862431812100e-05, 1.2638e+02, 2.9536e+00, 
 1DIAGNOSTIC,    38, -9.382273554802e-01, 7.548236317234e-05, 1.2931e+02, 2.9289e+00, 
 1DIAGNOSTIC,    39, -9.388117194176e-01, 7.388576341327e-05, 1.3276e+02, 3.4447e+00, 
 1DIAGNOSTIC,    40, -9.392672181129e-01, 7.212610944407e-05, 1.3566e+02, 2.9068e+00, 
 1DIAGNOSTIC,    41, -9.397946596146e-01, 7.046858081594e-05, 1.3863e+02, 2.9646e+00, 
 1DIAGNOSTIC,    42, -9.403050541878e-01, 6.656350160483e-05, 1.4156e+02, 2.9303e+00, 
 1DIAGNOSTIC,    43, -9.409435987473e-01, 6.417822442017e-05, 1.4450e+02, 2.9434e+00, 
 1DIAGNOSTIC,    44, -9.415298700333e-01, 6.273968028836e-05, 1.4802e+02, 3.5142e+00, 
 1DIAGNOSTIC,    45, -9.421188235283e-01, 6.170884444145e-05, 1.5139e+02, 3.3689e+00, 
 1DIAGNOSTIC,    46, -9.425174593925e-01, 6.022588422638e-05, 1.5484e+02, 3.4516e+00, 
 1DIAGNOSTIC,    47, -9.427378773689e-01, 5.643931581290e-05, 1.5772e+02, 2.8833e+00, 
 1DIAGNOSTIC,    48, -9.431653022766e-01, 5.146703188075e-05, 1.6101e+02, 3.2852e+00, 
 1DIAGNOSTIC,    49, -9.432217478752e-01, 4.359838567325e-05, 1.6437e+02, 3.3672e+00, 
 1DIAGNOSTIC,    50, -9.434548616409e-01, 3.532607297529e-05, 1.6725e+02, 2.8751e+00, 
 1DIAGNOSTIC,    51, -9.434561133385e-01, 2.695562943700e-05, 1.7017e+02, 2.9221e+00, 
 1DIAGNOSTIC,    52, -9.437007308006e-01, 2.101010795741e-05, 1.7312e+02, 2.9458e+00, 
 1DIAGNOSTIC,    53, -9.436471462250e-01, 1.604122371646e-05, 1.7621e+02, 3.0973e+00, 
 1DIAGNOSTIC,    54, -9.436657428741e-01, 1.195012646349e-05, 1.7917e+02, 2.9588e+00, 
 1DIAGNOSTIC,    55, -9.436086416245e-01, 7.406039912894e-06, 1.8211e+02, 2.9360e+00, 
 1DIAGNOSTIC,    56, -9.435173273087e-01, 4.294242444303e-06, 1.8507e+02, 2.9601e+00, 
 1DIAGNOSTIC,    57, -9.435226917267e-01, 1.151108676822e-06, 1.8802e+02, 2.9501e+00, 
 1DIAGNOSTIC,    58, -9.432933330536e-01, -1.906100351334e-06, 1.9147e+02, 3.4535e+00, 
XXDIAGNOSTIC,Iteration,metricValue,convergenceValue,ITERATION_TIME_INDEX,SINCE_LAST
 1DIAGNOSTIC,     1, -8.945028781891e-01, inf, 2.2974e+02, 3.8269e+01, 
 1DIAGNOSTIC,     2, -8.943485617638e-01, inf, 2.6774e+02, 3.8000e+01, 
 1DIAGNOSTIC,     3, -8.957122564316e-01, inf, 3.0577e+02, 3.8030e+01, 
 1DIAGNOSTIC,     4, -8.971289396286e-01, inf, 3.4414e+02, 3.8364e+01, 
 1DIAGNOSTIC,     5, -8.982054591179e-01, inf, 3.8233e+02, 3.8190e+01, 
 1DIAGNOSTIC,     6, -8.991563320160e-01, inf, 4.2015e+02, 3.7821e+01, 
 1DIAGNOSTIC,     7, -8.999744653702e-01, inf, 4.5835e+02, 3.8203e+01, 
 1DIAGNOSTIC,     8, -9.007131457329e-01, 6.431092624553e-04, 4.9667e+02, 3.8325e+01, 
 1DIAGNOSTIC,     9, -9.013776779175e-01, 5.682823830284e-04, 5.3480e+02, 3.8125e+01, 
 1DIAGNOSTIC,    10, -9.019571542740e-01, 4.476649628486e-04, 5.7325e+02, 3.8449e+01, 
 1DIAGNOSTIC,    11, -9.024865031242e-01, 3.543365164660e-04, 6.1132e+02, 3.8066e+01, 
 1DIAGNOSTIC,    12, -9.030525088310e-01, 2.917945967056e-04, 6.4897e+02, 3.7655e+01, 
 1DIAGNOSTIC,    13, -9.034468531609e-01, 2.421748940833e-04, 6.8706e+02, 3.8085e+01, 
 1DIAGNOSTIC,    14, -9.037506580353e-01, 2.006938157137e-04, 7.2482e+02, 3.7763e+01, 
 1DIAGNOSTIC,    15, -9.039411544800e-01, 1.627152814763e-04, 7.6274e+02, 3.7921e+01, 
 1DIAGNOSTIC,    16, -9.042057991028e-01, 1.308982027695e-04, 8.0081e+02, 3.8072e+01, 
 1DIAGNOSTIC,    17, -9.044679999352e-01, 1.055013490259e-04, 8.3861e+02, 3.7801e+01, 
 1DIAGNOSTIC,    18, -9.047625660896e-01, 8.697112207301e-05, 8.7637e+02, 3.7760e+01, 
 1DIAGNOSTIC,    19, -9.049803018570e-01, 7.338989234995e-05, 9.1424e+02, 3.7863e+01, 
 1DIAGNOSTIC,    20, -9.051526188850e-01, 6.516044231830e-05, 9.5212e+02, 3.7883e+01, 
 1DIAGNOSTIC,    21, -9.053287506104e-01, 5.903122655582e-05, 9.8974e+02, 3.7623e+01, 
 1DIAGNOSTIC,    22, -9.055781364441e-01, 5.487815360539e-05, 1.0281e+03, 3.8407e+01, 
 1DIAGNOSTIC,    23, -9.056377410889e-01, 4.752857785206e-05, 1.0660e+03, 3.7832e+01, 
 1DIAGNOSTIC,    24, -9.057756662369e-01, 4.068471753271e-05, 1.1038e+03, 3.7862e+01, 
 1DIAGNOSTIC,    25, -9.058289527893e-01, 3.351005216246e-05, 1.1417e+03, 3.7845e+01, 
 1DIAGNOSTIC,    26, -9.059759974480e-01, 2.875965947169e-05, 1.1793e+03, 3.7643e+01, 
 1DIAGNOSTIC,    27, -9.060168266296e-01, 2.406879866612e-05, 1.2174e+03, 3.8067e+01, 
 1DIAGNOSTIC,    28, -9.061206579208e-01, 2.025670619332e-05, 1.2554e+03, 3.8046e+01, 
 1DIAGNOSTIC,    29, -9.062149524689e-01, 1.748947943270e-05, 1.2929e+03, 3.7470e+01, 
 1DIAGNOSTIC,    30, -9.063094258308e-01, 1.697313746263e-05, 1.3305e+03, 3.7634e+01, 
 1DIAGNOSTIC,    31, -9.063749313354e-01, 1.573193367221e-05, 1.3686e+03, 3.8050e+01, 
 1DIAGNOSTIC,    32, -9.064435958862e-01, 1.495500509918e-05, 1.4063e+03, 3.7703e+01, 
 1DIAGNOSTIC,    33, -9.064949750900e-01, 1.338906986348e-05, 1.4442e+03, 3.7899e+01, 
 1DIAGNOSTIC,    34, -9.065232276917e-01, 1.211611743202e-05, 1.4822e+03, 3.7971e+01, 
 1DIAGNOSTIC,    35, -9.066692590714e-01, 1.136134869739e-05, 1.5199e+03, 3.7728e+01, 
 1DIAGNOSTIC,    36, -9.068690538406e-01, 1.237021024281e-05, 1.5575e+03, 3.7642e+01, 
 1DIAGNOSTIC,    37, -9.070527553558e-01, 1.455176425225e-05, 1.5958e+03, 3.8305e+01, 
 1DIAGNOSTIC,    38, -9.072218537331e-01, 1.732263081067e-05, 1.6337e+03, 3.7834e+01, 
 1DIAGNOSTIC,    39, -9.073692560196e-01, 1.963189606613e-05, 1.6716e+03, 3.7942e+01, 
 1DIAGNOSTIC,    40, -9.075194001198e-01, 2.114882590831e-05, 1.7095e+03, 3.7881e+01, 
  Elapsed time (stage 2): 1710


Total elapsed time: 1714
Using double precision for computations.
Input scalar image: 0x7ff232c3f068
Could not create ImageIO for the input file, assuming dimension = 3 and scalar pixel type
Reference image: 0x7ff232c3f0a8
=============================================================================
The composite transform comprises the following transforms (in order): 
  1. /resnick/groups/Proberlab/yun/lightsheet/analysis_output/registration/hcrt-trpv1_huc-h2b-g8m_csn_120min/260525_hcrt-trpv1_huc-h2b-g8m_inj_hcrt-h2b-g8m_csn_10uM_fish3/expt_to_mean_affine.mat (type = AffineTransform)
  2. /resnick/groups/Proberlab/yun/lightsheet/analysis_output/registration/hcrt-trpv1_huc-h2b-g8m_csn_120min/260525_hcrt-trpv1_huc-h2b-g8m_inj_hcrt-h2b-g8m_csn_10uM_fish3/expt_to_mean_warp.nii.gz (type = DisplacementFieldTransform)
=============================================================================
Default pixel value: 0
Interpolation type: WindowedSincInterpolateImageFunction
Output warped image: 0x7ff232c3f008
✅ TMPDIR=/resnick/scratch/yun/tmp_ants | ITK threads=30

Loading template brain: /resnick/home/ychiu/yun/lightsheet/hcrt-trpv1_huc-h2b-g8m_csn_120min_audio/zstack_template/template_mean_brain.nii.gz
Template shape=(288, 568, 40), spacing=(1.5199999809265137, 1.5199999809265137, 7.5)

============================================================
  Registering: 260525_hcrt-trpv1_huc-h2b-g8m_inj_hcrt-h2b-g8m_csn_10uM_fish3
  proj_ID:     hcrt-trpv1_huc-h2b-g8m_csn_120min
============================================================
Loading volume mean (moving)...
Raw HDF5 shape (Z, X, Y): (40, 272, 528)
Transposed shape (X, Y, Z): (272, 528, 40)
Rotated shape (X, Y, Z): (272, 528, 40)
ANTsImage (RAI)
	 Pixel Type : float (float32)
	 Components : 1
	 Dimensions : (272, 528, 40)
	 Spacing    : (1.52, 1.52, 6.25)
	 Origin     : (0.0, 0.0, 0.0)
	 Direction  : [1. 0. 0. 0. 1. 0. 0. 0. 1.]

  [atlas] spacing=(1.5199999809265137, 1.5199999809265137, 7.5) origin=(436.2399945259094, 861.8399891853333, 292.5)
  [mov  ] spacing=(1.52, 1.52, 6.25) origin=(411.92, 801.04, 243.75)
Resampling to (3.0, 3.0, 3.0) µm...
Running SyN...
antsRegistration -d 3 -r /resnick/scratch/yun/tmp_ants/tmpyclsl7in.mat -m MI[0x7ff232c3ef48,0x7ff232c3efe8,1,32,regular,0.2] -t Rigid[0.25] -c 2100x1200x1200x0 -s 3x2x1x0 -f 4x2x2x1 -x [NA,NA] -m MI[0x7ff232c3ef48,0x7ff232c3efe8,1,32,regular,0.2] -t Affine[0.25] -c 2100x1200x1200x0 -s 3x2x1x0 -f 4x2x2x1 -x [NA,NA] -m CC[0x7ff232c3ef48,0x7ff232c3efe8,1,32] -t SyN[0.200000,3.000000,0.000000] -c [120x80x40x0,1e-7,8] -s 3x2x1x0 -f 8x4x2x1 -u 1 -z 1 -o [/resnick/scratch/yun/tmp_ants/tmpzr74wxqq,0x7ff232c3f028,0x7ff232c3efc8] -x [0x7ff232c3f048,0x7ff232c3f088] --float 1 --write-composite-transform 0 -v 1
SyN warp field saved: /resnick/groups/Proberlab/yun/lightsheet/analysis_output/registration/hcrt-trpv1_huc-h2b-g8m_csn_120min/260525_hcrt-trpv1_huc-h2b-g8m_inj_hcrt-h2b-g8m_csn_10uM_fish3/expt_to_mean_warp.nii.gz
SyN affine transform saved: /resnick/groups/Proberlab/yun/lightsheet/analysis_output/registration/hcrt-trpv1_huc-h2b-g8m_csn_120min/260525_hcrt-trpv1_huc-h2b-g8m_inj_hcrt-h2b-g8m_csn_10uM_fish3/expt_to_mean_affine.mat
Applying composite transform at full resolution...
['-d', '3', '-i', '0x7ff232c3f068', '-o', '0x7ff232c3f008', '-r', '0x7ff232c3f0a8', '-n', 'welchWindowedSinc', '-t', '/resnick/groups/Proberlab/yun/lightsheet/analysis_output/registration/hcrt-trpv1_huc-h2b-g8m_csn_120min/260525_hcrt-trpv1_huc-h2b-g8m_inj_hcrt-h2b-g8m_csn_10uM_fish3/expt_to_mean_warp.nii.gz', '-t', '/resnick/groups/Proberlab/yun/lightsheet/analysis_output/registration/hcrt-trpv1_huc-h2b-g8m_csn_120min/260525_hcrt-trpv1_huc-h2b-g8m_inj_hcrt-h2b-g8m_csn_10uM_fish3/expt_to_mean_affine.mat']
✅ Registered image saved: /resnick/groups/Proberlab/yun/lightsheet/analysis_output/registration/hcrt-trpv1_huc-h2b-g8m_csn_120min/260525_hcrt-trpv1_huc-h2b-g8m_inj_hcrt-h2b-g8m_csn_10uM_fish3/expt_to_mean_registered_final.nii.gz
Saving QC overlay...
  ✅ QC overlay saved: /resnick/groups/Proberlab/yun/lightsheet/analysis_output/registration/hcrt-trpv1_huc-h2b-g8m_csn_120min/260525_hcrt-trpv1_huc-h2b-g8m_inj_hcrt-h2b-g8m_csn_10uM_fish3/qc_registration_overlay.pdf

=== Registration complete: 260525_hcrt-trpv1_huc-h2b-g8m_inj_hcrt-h2b-g8m_csn_10uM_fish3 ===
