All_Command_lines_OK
Using single precision for computations.
=============================================================================
The composite transform comprises the following transforms (in order): 
  1. /resnick/scratch/yun/tmp_ants/tmpum639vn2.mat (type = AffineTransform)
=============================================================================
  Reading mask(s).
    Registration stage 0
      No fixed mask
      No moving mask
    Registration stage 1
      No fixed mask
      No moving mask
    Registration stage 2
      Fixed mask = 0x7f71f652b048
      Moving mask = 0x7f71f652b088
  number of levels = 4
  number of levels = 4
  number of levels = 4
  fixed image: 0x7f71f652af48
  moving image: 0x7f71f652afe8
  fixed image: 0x7f71f652af48
  moving image: 0x7f71f652afe8
  fixed image: 0x7f71f652af48
  moving image: 0x7f71f652afe8
Dimension = 3
Number of stages = 3
Use histogram matching = true
Winsorize image intensities = false
  Lower quantile = 0
  Upper quantile = 1


Stage 1 State
   Image metric = MattesMI
     Fixed image = Image (0x575bdf0)
  RTTI typeinfo:   itk::Image<float, 3u>
  Reference Count: 2
  Modified Time: 1713274
  Debug: Off
  Object Name: 
  Observers: 
    none
  Source: (none)
  Source output name: (none)
  Release Data: Off
  Data Released: False
  Global Release Data: Off
  PipelineMTime: 0
  UpdateMTime: 1713246
  RealTimeStamp: 0 seconds 
  LargestPossibleRegion: 
    Dimension: 3
    Index: [0, 0, 0]
    Size: [146, 288, 100]
  BufferedRegion: 
    Dimension: 3
    Index: [0, 0, 0]
    Size: [146, 288, 100]
  RequestedRegion: 
    Dimension: 3
    Index: [0, 0, 0]
    Size: [146, 288, 100]
  Spacing: [3, 3, 3]
  Origin: [436.24, 861.84, 292.5]
  Direction: 
-1 0 0
0 -1 0
0 0 -1

  IndexToPointMatrix: 
-3 0 0
0 -3 0
0 0 -3

  PointToIndexMatrix: 
-0.333333 0 0
0 -0.333333 0
0 0 -0.333333

  Inverse Direction: 
-1 0 0
0 -1 0
0 0 -1

  PixelContainer: 
    ImportImageContainer (0x5551990)
      RTTI typeinfo:   itk::ImportImageContainer<unsigned long, float>
      Reference Count: 1
      Modified Time: 1713244
      Debug: Off
      Object Name: 
      Observers: 
        none
      Pointer: 0x1655d400
      Container manages memory: true
      Size: 4204800
      Capacity: 4204800

     Moving image = Image (0x56ebc60)
  RTTI typeinfo:   itk::Image<float, 3u>
  Reference Count: 2
  Modified Time: 1713275
  Debug: Off
  Object Name: 
  Observers: 
    none
  Source: (none)
  Source output name: (none)
  Release Data: Off
  Data Released: False
  Global Release Data: Off
  PipelineMTime: 0
  UpdateMTime: 1713272
  RealTimeStamp: 0 seconds 
  LargestPossibleRegion: 
    Dimension: 3
    Index: [0, 0, 0]
    Size: [146, 288, 83]
  BufferedRegion: 
    Dimension: 3
    Index: [0, 0, 0]
    Size: [146, 288, 83]
  RequestedRegion: 
    Dimension: 3
    Index: [0, 0, 0]
    Size: [146, 288, 83]
  Spacing: [3, 3, 3]
  Origin: [436.24, 861.84, 243.75]
  Direction: 
-1 0 0
0 -1 0
0 0 -1

  IndexToPointMatrix: 
-3 0 0
0 -3 0
0 0 -3

  PointToIndexMatrix: 
-0.333333 0 0
0 -0.333333 0
0 0 -0.333333

  Inverse Direction: 
-1 0 0
0 -1 0
0 0 -1

  PixelContainer: 
    ImportImageContainer (0x573e9c0)
      RTTI typeinfo:   itk::ImportImageContainer<unsigned long, float>
      Reference Count: 1
      Modified Time: 1713270
      Debug: Off
      Object Name: 
      Observers: 
        none
      Pointer: 0x1796a120
      Container manages memory: true
      Size: 3489984
      Capacity: 3489984

     Weighting = 1
     Sampling strategy = regular
     Number of bins = 32
     Radius = 4
     Sampling percentage  = 0.2
   Transform = Rigid
     Gradient step = 0.25
     Update field sigma (voxel space) = 0
     Total field sigma (voxel space) = 0
     Update field time sigma = 0
     Total field time sigma  = 0
     Number of time indices = 0
     Number of time point samples = 0
Stage 2 State
   Image metric = MattesMI
     Fixed image = Image (0x5711350)
  RTTI typeinfo:   itk::Image<float, 3u>
  Reference Count: 2
  Modified Time: 1713328
  Debug: Off
  Object Name: 
  Observers: 
    none
  Source: (none)
  Source output name: (none)
  Release Data: Off
  Data Released: False
  Global Release Data: Off
  PipelineMTime: 0
  UpdateMTime: 1713300
  RealTimeStamp: 0 seconds 
  LargestPossibleRegion: 
    Dimension: 3
    Index: [0, 0, 0]
    Size: [146, 288, 100]
  BufferedRegion: 
    Dimension: 3
    Index: [0, 0, 0]
    Size: [146, 288, 100]
  RequestedRegion: 
    Dimension: 3
    Index: [0, 0, 0]
    Size: [146, 288, 100]
  Spacing: [3, 3, 3]
  Origin: [436.24, 861.84, 292.5]
  Direction: 
-1 0 0
0 -1 0
0 0 -1

  IndexToPointMatrix: 
-3 0 0
0 -3 0
0 0 -3

  PointToIndexMatrix: 
-0.333333 0 0
0 -0.333333 0
0 0 -0.333333

  Inverse Direction: 
-1 0 0
0 -1 0
0 0 -1

  PixelContainer: 
    ImportImageContainer (0x9840d50)
      RTTI typeinfo:   itk::ImportImageContainer<unsigned long, float>
      Reference Count: 1
      Modified Time: 1713298
      Debug: Off
      Object Name: 
      Observers: 
        none
      Pointer: 0x186ba430
      Container manages memory: true
      Size: 4204800
      Capacity: 4204800

     Moving image = Image (0x570b320)
  RTTI typeinfo:   itk::Image<float, 3u>
  Reference Count: 2
  Modified Time: 1713329
  Debug: Off
  Object Name: 
  Observers: 
    none
  Source: (none)
  Source output name: (none)
  Release Data: Off
  Data Released: False
  Global Release Data: Off
  PipelineMTime: 0
  UpdateMTime: 1713326
  RealTimeStamp: 0 seconds 
  LargestPossibleRegion: 
    Dimension: 3
    Index: [0, 0, 0]
    Size: [146, 288, 83]
  BufferedRegion: 
    Dimension: 3
    Index: [0, 0, 0]
    Size: [146, 288, 83]
  RequestedRegion: 
    Dimension: 3
    Index: [0, 0, 0]
    Size: [146, 288, 83]
  Spacing: [3, 3, 3]
  Origin: [436.24, 861.84, 243.75]
  Direction: 
-1 0 0
0 -1 0
0 0 -1

  IndexToPointMatrix: 
-3 0 0
0 -3 0
0 0 -3

  PointToIndexMatrix: 
-0.333333 0 0
0 -0.333333 0
0 0 -0.333333

  Inverse Direction: 
-1 0 0
0 -1 0
0 0 -1

  PixelContainer: 
    ImportImageContainer (0x9840db0)
      RTTI typeinfo:   itk::ImportImageContainer<unsigned long, float>
      Reference Count: 1
      Modified Time: 1713324
      Debug: Off
      Object Name: 
      Observers: 
        none
      Pointer: 0x196c4840
      Container manages memory: true
      Size: 3489984
      Capacity: 3489984

     Weighting = 1
     Sampling strategy = regular
     Number of bins = 32
     Radius = 4
     Sampling percentage  = 0.2
   Transform = Affine
     Gradient step = 0.25
     Update field sigma (voxel space) = 0
     Total field sigma (voxel space) = 0
     Update field time sigma = 0
     Total field time sigma  = 0
     Number of time indices = 0
     Number of time point samples = 0
Stage 3 State
   Image metric = CC
     Fixed image = Image (0x57100c0)
  RTTI typeinfo:   itk::Image<float, 3u>
  Reference Count: 2
  Modified Time: 1713382
  Debug: Off
  Object Name: 
  Observers: 
    none
  Source: (none)
  Source output name: (none)
  Release Data: Off
  Data Released: False
  Global Release Data: Off
  PipelineMTime: 0
  UpdateMTime: 1713354
  RealTimeStamp: 0 seconds 
  LargestPossibleRegion: 
    Dimension: 3
    Index: [0, 0, 0]
    Size: [146, 288, 100]
  BufferedRegion: 
    Dimension: 3
    Index: [0, 0, 0]
    Size: [146, 288, 100]
  RequestedRegion: 
    Dimension: 3
    Index: [0, 0, 0]
    Size: [146, 288, 100]
  Spacing: [3, 3, 3]
  Origin: [436.24, 861.84, 292.5]
  Direction: 
-1 0 0
0 -1 0
0 0 -1

  IndexToPointMatrix: 
-3 0 0
0 -3 0
0 0 -3

  PointToIndexMatrix: 
-0.333333 0 0
0 -0.333333 0
0 0 -0.333333

  Inverse Direction: 
-1 0 0
0 -1 0
0 0 -1

  PixelContainer: 
    ImportImageContainer (0x5710350)
      RTTI typeinfo:   itk::ImportImageContainer<unsigned long, float>
      Reference Count: 1
      Modified Time: 1713352
      Debug: Off
      Object Name: 
      Observers: 
        none
      Pointer: 0x1a414b50
      Container manages memory: true
      Size: 4204800
      Capacity: 4204800

     Moving image = Image (0x57103b0)
  RTTI typeinfo:   itk::Image<float, 3u>
  Reference Count: 2
  Modified Time: 1713383
  Debug: Off
  Object Name: 
  Observers: 
    none
  Source: (none)
  Source output name: (none)
  Release Data: Off
  Data Released: False
  Global Release Data: Off
  PipelineMTime: 0
  UpdateMTime: 1713380
  RealTimeStamp: 0 seconds 
  LargestPossibleRegion: 
    Dimension: 3
    Index: [0, 0, 0]
    Size: [146, 288, 83]
  BufferedRegion: 
    Dimension: 3
    Index: [0, 0, 0]
    Size: [146, 288, 83]
  RequestedRegion: 
    Dimension: 3
    Index: [0, 0, 0]
    Size: [146, 288, 83]
  Spacing: [3, 3, 3]
  Origin: [436.24, 861.84, 243.75]
  Direction: 
-1 0 0
0 -1 0
0 0 -1

  IndexToPointMatrix: 
-3 0 0
0 -3 0
0 0 -3

  PointToIndexMatrix: 
-0.333333 0 0
0 -0.333333 0
0 0 -0.333333

  Inverse Direction: 
-1 0 0
0 -1 0
0 0 -1

  PixelContainer: 
    ImportImageContainer (0x5710640)
      RTTI typeinfo:   itk::ImportImageContainer<unsigned long, float>
      Reference Count: 1
      Modified Time: 1713378
      Debug: Off
      Object Name: 
      Observers: 
        none
      Pointer: 0x1b41ef60
      Container manages memory: true
      Size: 3489984
      Capacity: 3489984

     Weighting = 1
     Sampling strategy = none
     Number of bins = 32
     Radius = 32
     Sampling percentage  = 1
   Transform = SyN
     Gradient step = 0.2
     Update field sigma (voxel space) = 3
     Total field sigma (voxel space) = 0
     Update field time sigma = 0
     Total field time sigma  = 0
     Number of time indices = 0
     Number of time point samples = 0
Registration using 3 total stages.

Stage 0
  iterations = 2100x1200x1200x0
  convergence threshold = 1e-06
  convergence window size = 10
  number of levels = 4
  using the Mattes MI metric (number of bins = 32, weight = 1, use gradient filter = 0)
  preprocessing:  histogram matching the images
  Shrink factors (level 1 out of 4): [4, 4, 4]
  Shrink factors (level 2 out of 4): [2, 2, 2]
  Shrink factors (level 3 out of 4): [2, 2, 2]
  Shrink factors (level 4 out of 4): [1, 1, 1]
  smoothing sigmas per level: [3, 2, 1, 0]
  regular sampling (percentage = 0.2)

*** Running Euler3DTransform registration ***

DIAGNOSTIC,Iteration,metricValue,convergenceValue,ITERATION_TIME_INDEX,SINCE_LAST
 2DIAGNOSTIC,     1, -8.869591951370e-01, inf, 1.2575e-01, 1.2575e-01, 
 2DIAGNOSTIC,     2, -8.875768184662e-01, inf, 1.3253e-01, 6.7801e-03, 
 2DIAGNOSTIC,     3, -8.885491490364e-01, inf, 1.3924e-01, 6.7050e-03, 
 2DIAGNOSTIC,     4, -8.902094960213e-01, inf, 1.4592e-01, 6.6791e-03, 
 2DIAGNOSTIC,     5, -8.908208608627e-01, inf, 1.5227e-01, 6.3591e-03, 
 2DIAGNOSTIC,     6, -8.913867473602e-01, inf, 1.5950e-01, 7.2281e-03, 
 2DIAGNOSTIC,     7, -8.919215798378e-01, inf, 1.6662e-01, 7.1130e-03, 
 2DIAGNOSTIC,     8, -8.918258547783e-01, inf, 1.7372e-01, 7.1080e-03, 
 2DIAGNOSTIC,     9, -8.921450972557e-01, inf, 1.8044e-01, 6.7151e-03, 
 2DIAGNOSTIC,    10, -8.923366665840e-01, 4.041579668410e-04, 1.9179e-01, 1.1353e-02, 
 2DIAGNOSTIC,    11, -8.935931921005e-01, 3.290012245998e-04, 1.9921e-01, 7.4179e-03, 
 2DIAGNOSTIC,    12, -8.944793343544e-01, 2.761429932434e-04, 2.0739e-01, 8.1789e-03, 
 2DIAGNOSTIC,    13, -8.958298563957e-01, 2.627338981256e-04, 2.1857e-01, 1.1181e-02, 
 2DIAGNOSTIC,    14, -8.958973288536e-01, 2.666067448445e-04, 2.2615e-01, 7.5810e-03, 
 2DIAGNOSTIC,    15, -8.959141373634e-01, 2.593563694973e-04, 2.3386e-01, 7.7121e-03, 
 2DIAGNOSTIC,    16, -8.958293199539e-01, 2.387310378253e-04, 2.4057e-01, 6.7110e-03, 
 2DIAGNOSTIC,    17, -8.959600329399e-01, 2.110068453476e-04, 2.4723e-01, 6.6562e-03, 
 2DIAGNOSTIC,    18, -8.961268067360e-01, 1.680100685917e-04, 2.5395e-01, 6.7241e-03, 
 2DIAGNOSTIC,    19, -8.963357806206e-01, 1.232248760061e-04, 2.6084e-01, 6.8841e-03, 
 2DIAGNOSTIC,    20, -8.966692686081e-01, 7.991071470315e-05, 2.7000e-01, 9.1660e-03, 
 2DIAGNOSTIC,    21, -8.965838551521e-01, 5.101528222440e-05, 2.7668e-01, 6.6731e-03, 
 2DIAGNOSTIC,    22, -8.969682455063e-01, 3.806987660937e-05, 2.8577e-01, 9.0919e-03, 
 2DIAGNOSTIC,    23, -8.969930410385e-01, 4.165826976532e-05, 2.9331e-01, 7.5369e-03, 
 2DIAGNOSTIC,    24, -8.970112800598e-01, 4.227811223245e-05, 3.0059e-01, 7.2880e-03, 
 2DIAGNOSTIC,    25, -8.969353437424e-01, 3.833677328657e-05, 3.0725e-01, 6.6571e-03, 
 2DIAGNOSTIC,    26, -8.969382643700e-01, 3.025221485586e-05, 3.1366e-01, 6.4080e-03, 
 2DIAGNOSTIC,    27, -8.969451189041e-01, 2.161012889701e-05, 3.2015e-01, 6.4940e-03, 
 2DIAGNOSTIC,    28, -8.969748616219e-01, 1.381553192914e-05, 3.2838e-01, 8.2231e-03, 
 2DIAGNOSTIC,    29, -8.969817161560e-01, 7.671961611777e-06, 3.3488e-01, 6.5012e-03, 
 2DIAGNOSTIC,    30, -8.970410823822e-01, 5.574335318670e-06, 3.4206e-01, 7.1878e-03, 
 2DIAGNOSTIC,    31, -8.969506025314e-01, 1.266232175112e-06, 3.4850e-01, 6.4361e-03, 
 2DIAGNOSTIC,    32, -8.972043991089e-01, 3.556570391083e-06, 3.5894e-01, 1.0435e-02, 
 2DIAGNOSTIC,    33, -8.972056508064e-01, 5.625929588859e-06, 3.6609e-01, 7.1568e-03, 
 2DIAGNOSTIC,    34, -8.970983624458e-01, 6.330907126539e-06, 3.7307e-01, 6.9771e-03, 
 2DIAGNOSTIC,    35, -8.969588279724e-01, 4.591316155711e-06, 3.7928e-01, 6.2058e-03, 
 2DIAGNOSTIC,    36, -8.969315290451e-01, 2.413035872451e-06, 3.8667e-01, 7.3960e-03, 
DIAGNOSTIC,Iteration,metricValue,convergenceValue,ITERATION_TIME_INDEX,SINCE_LAST
 2DIAGNOSTIC,     1, -8.302826285362e-01, inf, 5.3810e-01, 1.5143e-01, 
 2DIAGNOSTIC,     2, -8.303096294403e-01, inf, 5.6013e-01, 2.2030e-02, 
 2DIAGNOSTIC,     3, -8.302993178368e-01, inf, 5.7772e-01, 1.7593e-02, 
 2DIAGNOSTIC,     4, -8.302940130234e-01, inf, 5.9624e-01, 1.8516e-02, 
 2DIAGNOSTIC,     5, -8.302976489067e-01, inf, 6.1215e-01, 1.5912e-02, 
 2DIAGNOSTIC,     6, -8.302846550941e-01, inf, 6.3134e-01, 1.9193e-02, 
 2DIAGNOSTIC,     7, -8.302667140961e-01, inf, 6.5042e-01, 1.9072e-02, 
 2DIAGNOSTIC,     8, -8.302763104439e-01, inf, 6.7028e-01, 1.9863e-02, 
 2DIAGNOSTIC,     9, -8.302845954895e-01, inf, 6.8892e-01, 1.8640e-02, 
 2DIAGNOSTIC,    10, -8.302860260010e-01, 1.486017708885e-06, 7.0545e-01, 1.6530e-02, 
 2DIAGNOSTIC,    11, -8.302881717682e-01, 1.254761514247e-06, 7.2365e-01, 1.8206e-02, 
 2DIAGNOSTIC,    12, -8.303087353706e-01, 2.585481070128e-06, 7.4008e-01, 1.6424e-02, 
 2DIAGNOSTIC,    13, -8.303126692772e-01, 3.531519269018e-06, 7.5819e-01, 1.8109e-02, 
 2DIAGNOSTIC,    14, -8.303762674332e-01, 5.655270797433e-06, 7.7416e-01, 1.5972e-02, 
 2DIAGNOSTIC,    15, -8.304013609886e-01, 7.815462595318e-06, 7.9346e-01, 1.9303e-02, 
 2DIAGNOSTIC,    16, -8.304239511490e-01, 9.404890988662e-06, 8.0944e-01, 1.5973e-02, 
 2DIAGNOSTIC,    17, -8.304544091225e-01, 1.037995207298e-05, 8.3173e-01, 2.2292e-02, 
 2DIAGNOSTIC,    18, -8.304547667503e-01, 1.063549279934e-05, 8.4935e-01, 1.7623e-02, 
 2DIAGNOSTIC,    19, -8.304548859596e-01, 1.019129922497e-05, 8.7091e-01, 2.1560e-02, 
 2DIAGNOSTIC,    20, -8.304549455643e-01, 9.025621693581e-06, 8.8931e-01, 1.8404e-02, 
 2DIAGNOSTIC,    21, -8.304547071457e-01, 7.307993200811e-06, 9.0803e-01, 1.8711e-02, 
 2DIAGNOSTIC,    22, -8.304530978203e-01, 5.507895366463e-06, 9.2843e-01, 2.0402e-02, 
 2DIAGNOSTIC,    23, -8.304535746574e-01, 3.531651145749e-06, 9.4694e-01, 1.8511e-02, 
 2DIAGNOSTIC,    24, -8.304526209831e-01, 2.412247795291e-06, 9.6744e-01, 2.0499e-02, 
 2DIAGNOSTIC,    25, -8.304527401924e-01, 1.621872797841e-06, 9.8403e-01, 1.6592e-02, 
 2DIAGNOSTIC,    26, -8.304526209831e-01, 1.143878648691e-06, 1.0019e+00, 1.7822e-02, 
 2DIAGNOSTIC,    27, -8.304525613785e-01, 1.094250023925e-06, 1.0223e+00, 2.0444e-02, 
 2DIAGNOSTIC,    28, -8.304525017738e-01, 1.059700139194e-06, 1.0405e+00, 1.8227e-02, 
 2DIAGNOSTIC,    29, -8.304526209831e-01, 1.037357833411e-06, 1.0591e+00, 1.8575e-02, 
 2DIAGNOSTIC,    30, -8.304526209831e-01, 1.022734409162e-06, 1.0773e+00, 1.8162e-02, 
 2DIAGNOSTIC,    31, -8.304527401924e-01, 1.011732479128e-06, 1.0965e+00, 1.9217e-02, 
DIAGNOSTIC,Iteration,metricValue,convergenceValue,ITERATION_TIME_INDEX,SINCE_LAST
 2DIAGNOSTIC,     1, -7.629119157791e-01, inf, 1.2191e+00, 1.2258e-01, 
 2DIAGNOSTIC,     2, -7.630351185799e-01, inf, 1.2417e+00, 2.2617e-02, 
 2DIAGNOSTIC,     3, -7.631042003632e-01, inf, 1.2606e+00, 1.8923e-02, 
 2DIAGNOSTIC,     4, -7.631889581680e-01, inf, 1.2768e+00, 1.6255e-02, 
 2DIAGNOSTIC,     5, -7.632585167885e-01, inf, 1.2948e+00, 1.7982e-02, 
 2DIAGNOSTIC,     6, -7.633473277092e-01, inf, 1.3148e+00, 1.9950e-02, 
 2DIAGNOSTIC,     7, -7.633145451546e-01, inf, 1.3315e+00, 1.6724e-02, 
 2DIAGNOSTIC,     8, -7.633572220802e-01, inf, 1.3502e+00, 1.8687e-02, 
 2DIAGNOSTIC,     9, -7.633554935455e-01, inf, 1.3675e+00, 1.7325e-02, 
 2DIAGNOSTIC,    10, -7.633864283562e-01, 4.061860454385e-05, 1.3954e+00, 2.7900e-02, 
 2DIAGNOSTIC,    11, -7.633987665176e-01, 2.888304334192e-05, 1.4153e+00, 1.9863e-02, 
 2DIAGNOSTIC,    12, -7.633990049362e-01, 2.061081431748e-05, 1.4371e+00, 2.1847e-02, 
 2DIAGNOSTIC,    13, -7.633969783783e-01, 1.390807210555e-05, 1.4554e+00, 1.8243e-02, 
 2DIAGNOSTIC,    14, -7.633972167969e-01, 9.344277714263e-06, 1.4814e+00, 2.6054e-02, 
 2DIAGNOSTIC,    15, -7.633973360062e-01, 6.402739018085e-06, 1.5007e+00, 1.9278e-02, 
 2DIAGNOSTIC,    16, -7.633973956108e-01, 5.529330792342e-06, 1.5190e+00, 1.8289e-02, 
 2DIAGNOSTIC,    17, -7.633973956108e-01, 3.697610964082e-06, 1.5369e+00, 1.7935e-02, 
 2DIAGNOSTIC,    18, -7.633973360062e-01, 2.795937007249e-06, 1.5554e+00, 1.8426e-02, 
 2DIAGNOSTIC,    19, -7.633973360062e-01, 1.845725364547e-06, 1.5740e+00, 1.8669e-02, 
 2DIAGNOSTIC,    20, -7.633973360062e-01, 1.543315420349e-06, 1.5923e+00, 1.8263e-02, 
 2DIAGNOSTIC,    21, -7.633973360062e-01, 1.492352453170e-06, 1.6108e+00, 1.8515e-02, 
 2DIAGNOSTIC,    22, -7.633973360062e-01, 1.453230311199e-06, 1.6295e+00, 1.8705e-02, 
 2DIAGNOSTIC,    23, -7.633973956108e-01, 1.384941583638e-06, 1.6481e+00, 1.8555e-02, 
 2DIAGNOSTIC,    24, -7.633973956108e-01, 1.325812490904e-06, 1.6666e+00, 1.8589e-02, 
 2DIAGNOSTIC,    25, -7.633972764015e-01, 1.271359110433e-06, 1.6849e+00, 1.8263e-02, 
 2DIAGNOSTIC,    26, -7.633973360062e-01, 1.222962737302e-06, 1.7030e+00, 1.8043e-02, 
 2DIAGNOSTIC,    27, -7.633972167969e-01, 1.176541445602e-06, 1.7214e+00, 1.8414e-02, 
 2DIAGNOSTIC,    28, -7.633972167969e-01, 1.132819875238e-06, 1.7420e+00, 2.0615e-02, 
 2DIAGNOSTIC,    29, -7.633972764015e-01, 1.093191372092e-06, 1.7598e+00, 1.7783e-02, 
 2DIAGNOSTIC,    30, -7.633972764015e-01, 1.056552036971e-06, 1.7772e+00, 1.7476e-02, 
 2DIAGNOSTIC,    31, -7.633973956108e-01, 1.024089556267e-06, 1.7956e+00, 1.8406e-02, 
DIAGNOSTIC,Iteration,metricValue,convergenceValue,ITERATION_TIME_INDEX,SINCE_LAST
 2DIAGNOSTIC,     1, -6.676565408707e-01, inf, 2.1731e+00, 3.7743e-01, 
  Elapsed time (stage 0): 2.6329e+00


Stage 1
  iterations = 2100x1200x1200x0
  convergence threshold = 1.0000e-06
  convergence window size = 10
  number of levels = 4
  using the Mattes MI metric (number of bins = 32, weight = 1.0000e+00, use gradient filter = 0)
  preprocessing:  histogram matching the images
  Shrink factors (level 1 out of 4): [4, 4, 4]
  Shrink factors (level 2 out of 4): [2, 2, 2]
  Shrink factors (level 3 out of 4): [2, 2, 2]
  Shrink factors (level 4 out of 4): [1, 1, 1]
  smoothing sigmas per level: [3, 2, 1, 0]
  regular sampling (percentage = 2.0000e-01)

*** Running AffineTransform registration ***

DIAGNOSTIC,Iteration,metricValue,convergenceValue,ITERATION_TIME_INDEX,SINCE_LAST
 2DIAGNOSTIC,     1, -8.972843289375e-01, inf, 9.4634e-02, 9.4633e-02, 
 2DIAGNOSTIC,     2, -8.976081013680e-01, inf, 1.0196e-01, 7.3290e-03, 
 2DIAGNOSTIC,     3, -8.981086611748e-01, inf, 1.0862e-01, 6.6571e-03, 
 2DIAGNOSTIC,     4, -8.986889719963e-01, inf, 1.1605e-01, 7.4322e-03, 
 2DIAGNOSTIC,     5, -8.989315629005e-01, inf, 1.2315e-01, 7.0949e-03, 
 2DIAGNOSTIC,     6, -8.987967371941e-01, inf, 1.2965e-01, 6.4981e-03, 
 2DIAGNOSTIC,     7, -8.993389010429e-01, inf, 1.3694e-01, 7.2920e-03, 
 2DIAGNOSTIC,     8, -8.994382619858e-01, inf, 1.4367e-01, 6.7341e-03, 
 2DIAGNOSTIC,     9, -8.995538353920e-01, inf, 1.5138e-01, 7.7090e-03, 
 2DIAGNOSTIC,    10, -8.993988037109e-01, 1.622168638278e-04, 1.5928e-01, 7.9012e-03, 
 2DIAGNOSTIC,    11, -8.997175097466e-01, 1.227605534950e-04, 1.6841e-01, 9.1269e-03, 
 2DIAGNOSTIC,    12, -8.995618224144e-01, 8.300306217279e-05, 1.7565e-01, 7.2401e-03, 
 2DIAGNOSTIC,    13, -8.995183110237e-01, 5.288005195325e-05, 1.8468e-01, 9.0270e-03, 
 2DIAGNOSTIC,    14, -8.994870781898e-01, 3.495191413094e-05, 1.9199e-01, 7.3149e-03, 
 2DIAGNOSTIC,    15, -8.994972705841e-01, 2.198832953582e-05, 2.0114e-01, 9.1472e-03, 
 2DIAGNOSTIC,    16, -8.995198011398e-01, 6.248938461795e-06, 2.0946e-01, 8.3270e-03, 
 2DIAGNOSTIC,    17, -8.995036482811e-01, 1.687732151368e-06, 2.1820e-01, 8.7380e-03, 
DIAGNOSTIC,Iteration,metricValue,convergenceValue,ITERATION_TIME_INDEX,SINCE_LAST
 2DIAGNOSTIC,     1, -8.303198814392e-01, inf, 3.6187e-01, 1.4367e-01, 
 2DIAGNOSTIC,     2, -8.305940032005e-01, inf, 3.8367e-01, 2.1796e-02, 
 2DIAGNOSTIC,     3, -8.307721614838e-01, inf, 4.0522e-01, 2.1555e-02, 
 2DIAGNOSTIC,     4, -8.308507204056e-01, inf, 4.2653e-01, 2.1311e-02, 
 2DIAGNOSTIC,     5, -8.308489322662e-01, inf, 4.4580e-01, 1.9266e-02, 
 2DIAGNOSTIC,     6, -8.309245109558e-01, inf, 4.6724e-01, 2.1440e-02, 
 2DIAGNOSTIC,     7, -8.309565782547e-01, inf, 4.8613e-01, 1.8886e-02, 
 2DIAGNOSTIC,     8, -8.309956192970e-01, inf, 5.0519e-01, 1.9061e-02, 
 2DIAGNOSTIC,     9, -8.311404585838e-01, inf, 5.2617e-01, 2.0983e-02, 
 2DIAGNOSTIC,    10, -8.310586810112e-01, 5.226777648204e-05, 5.4653e-01, 2.0364e-02, 
 2DIAGNOSTIC,    11, -8.311465978622e-01, 3.647999255918e-05, 5.7714e-01, 3.0606e-02, 
 2DIAGNOSTIC,    12, -8.311589956284e-01, 2.830018820532e-05, 5.9797e-01, 2.0833e-02, 
 2DIAGNOSTIC,    13, -8.311443328857e-01, 2.328638584004e-05, 6.1956e-01, 2.1586e-02, 
 2DIAGNOSTIC,    14, -8.310929536819e-01, 1.778993828339e-05, 6.4091e-01, 2.1354e-02, 
 2DIAGNOSTIC,    15, -8.310883641243e-01, 1.148391311290e-05, 6.6331e-01, 2.2396e-02, 
 2DIAGNOSTIC,    16, -8.310828804970e-01, 6.605379894609e-06, 6.8265e-01, 1.9339e-02, 
 2DIAGNOSTIC,    17, -8.310604095459e-01, 2.030160430877e-06, 7.0480e-01, 2.2152e-02, 
DIAGNOSTIC,Iteration,metricValue,convergenceValue,ITERATION_TIME_INDEX,SINCE_LAST
 2DIAGNOSTIC,     1, -7.637840509415e-01, inf, 8.2326e-01, 1.1845e-01, 
 2DIAGNOSTIC,     2, -7.640569210052e-01, inf, 8.4715e-01, 2.3898e-02, 
 2DIAGNOSTIC,     3, -7.641884088516e-01, inf, 8.6750e-01, 2.0349e-02, 
 2DIAGNOSTIC,     4, -7.642124891281e-01, inf, 8.8950e-01, 2.1993e-02, 
 2DIAGNOSTIC,     5, -7.643218636513e-01, inf, 9.1132e-01, 2.1821e-02, 
 2DIAGNOSTIC,     6, -7.643442749977e-01, inf, 9.3286e-01, 2.1540e-02, 
 2DIAGNOSTIC,     7, -7.643224596977e-01, inf, 9.5562e-01, 2.2760e-02, 
 2DIAGNOSTIC,     8, -7.643451690674e-01, inf, 9.7900e-01, 2.3385e-02, 
 2DIAGNOSTIC,     9, -7.642862200737e-01, inf, 1.0015e+00, 2.2515e-02, 
 2DIAGNOSTIC,    10, -7.643156051636e-01, 3.653932799352e-05, 1.0264e+00, 2.4893e-02, 
 2DIAGNOSTIC,    11, -7.643359303474e-01, 1.807772059692e-05, 1.0526e+00, 2.6142e-02, 
 2DIAGNOSTIC,    12, -7.643325328827e-01, 9.599732948118e-06, 1.0902e+00, 3.7698e-02, 
 2DIAGNOSTIC,    13, -7.643331885338e-01, 5.628628514387e-06, 1.1133e+00, 2.3063e-02, 
 2DIAGNOSTIC,    14, -7.643328309059e-01, 2.508878651497e-06, 1.1365e+00, 2.3144e-02, 
 2DIAGNOSTIC,    15, -7.643324136734e-01, 2.461919848429e-06, 1.1600e+00, 2.3526e-02, 
 2DIAGNOSTIC,    16, -7.643316984177e-01, 2.882571607188e-06, 1.1815e+00, 2.1495e-02, 
 2DIAGNOSTIC,    17, -7.643322348595e-01, 2.686353809622e-06, 1.2028e+00, 2.1329e-02, 
 2DIAGNOSTIC,    18, -7.643317580223e-01, 2.944490006485e-06, 1.2247e+00, 2.1880e-02, 
 2DIAGNOSTIC,    19, -7.643308639526e-01, 1.882597757685e-06, 1.2462e+00, 2.1557e-02, 
 2DIAGNOSTIC,    20, -7.643312811852e-01, 1.451013645237e-06, 1.2658e+00, 1.9588e-02, 
 2DIAGNOSTIC,    21, -7.643312215805e-01, 1.433831698705e-06, 1.2898e+00, 2.3956e-02, 
 2DIAGNOSTIC,    22, -7.643299698830e-01, 1.346478256892e-06, 1.3197e+00, 2.9899e-02, 
 2DIAGNOSTIC,    23, -7.643298506737e-01, 1.285430926146e-06, 1.3451e+00, 2.5416e-02, 
 2DIAGNOSTIC,    24, -7.643296122551e-01, 1.229622625942e-06, 1.3668e+00, 2.1687e-02, 
 2DIAGNOSTIC,    25, -7.643295526505e-01, 1.180199888040e-06, 1.3877e+00, 2.0931e-02, 
 2DIAGNOSTIC,    26, -7.643289566040e-01, 1.124006985265e-06, 1.4109e+00, 2.3166e-02, 
 2DIAGNOSTIC,    27, -7.643288969994e-01, 1.088522822101e-06, 1.4327e+00, 2.1790e-02, 
 2DIAGNOSTIC,    28, -7.643287181854e-01, 1.055735197042e-06, 1.4540e+00, 2.1301e-02, 
 2DIAGNOSTIC,    29, -7.643287777901e-01, 1.021668367684e-06, 1.4754e+00, 2.1426e-02, 
DIAGNOSTIC,Iteration,metricValue,convergenceValue,ITERATION_TIME_INDEX,SINCE_LAST
 2DIAGNOSTIC,     1, -6.677491068840e-01, inf, 1.8637e+00, 3.8828e-01, 
  Elapsed time (stage 1): 2.3052e+00


Stage 2
  iterations = 120x80x40x0
  convergence threshold = 1.0000e-07
  convergence window size = 8
  number of levels = 4
  using the CC metric (radius = 32, weight = 1.0000e+00, use gradient filter = 0)
  preprocessing:  histogram matching the images
  Shrink factors (level 1 out of 4): [8, 8, 8]
  Shrink factors (level 2 out of 4): [4, 4, 4]
  Shrink factors (level 3 out of 4): [2, 2, 2]
  Shrink factors (level 4 out of 4): [1, 1, 1]
  smoothing sigmas per level: [3, 2, 1, 0]
  Using default NONE metricSamplingStrategy 

*** Running SyN registration (varianceForUpdateField = 3.0000e+00, varianceForTotalField = 0.0000e+00) ***

XXDIAGNOSTIC,Iteration,metricValue,convergenceValue,ITERATION_TIME_INDEX,SINCE_LAST
 1DIAGNOSTIC,     1, -8.287271261215e-01, inf, 7.5635e-01, 7.5635e-01, 
 1DIAGNOSTIC,     2, -8.635137677193e-01, inf, 1.4366e+00, 6.8028e-01, 
 1DIAGNOSTIC,     3, -8.912239074707e-01, inf, 2.1194e+00, 6.8272e-01, 
 1DIAGNOSTIC,     4, -9.095151424408e-01, inf, 2.8009e+00, 6.8158e-01, 
 1DIAGNOSTIC,     5, -9.208565354347e-01, inf, 3.4840e+00, 6.8302e-01, 
 1DIAGNOSTIC,     6, -9.278094172478e-01, inf, 4.1637e+00, 6.7971e-01, 
 1DIAGNOSTIC,     7, -9.321592450142e-01, inf, 4.8456e+00, 6.8190e-01, 
 1DIAGNOSTIC,     8, -9.337258338928e-01, 9.011278860271e-03, 5.5238e+00, 6.7822e-01, 
 1DIAGNOSTIC,     9, -9.337167739868e-01, 5.163577850908e-03, 6.2008e+00, 6.7696e-01, 
 1DIAGNOSTIC,    10, -9.335923790932e-01, 2.734435256571e-03, 6.8786e+00, 6.7784e-01, 
 1DIAGNOSTIC,    11, -9.337155222893e-01, 1.350258360617e-03, 7.5618e+00, 6.8317e-01, 
 1DIAGNOSTIC,    12, -9.338387250900e-01, 6.017244304530e-04, 8.2452e+00, 6.8345e-01, 
 1DIAGNOSTIC,    13, -9.337658882141e-01, 2.187231293647e-04, 8.9282e+00, 6.8303e-01, 
 1DIAGNOSTIC,    14, -9.340510964394e-01, 5.805139517179e-05, 9.6103e+00, 6.8203e-01, 
 1DIAGNOSTIC,    15, -9.339646100998e-01, 1.898863047245e-05, 1.0290e+01, 6.7957e-01, 
 1DIAGNOSTIC,    16, -9.341774582863e-01, 2.506075361453e-05, 1.0970e+01, 6.7978e-01, 
 1DIAGNOSTIC,    17, -9.340500235558e-01, 2.415082053631e-05, 1.1651e+01, 6.8142e-01, 
 1DIAGNOSTIC,    18, -9.342993497849e-01, 2.287576353410e-05, 1.2333e+01, 6.8203e-01, 
 1DIAGNOSTIC,    19, -9.341440796852e-01, 1.793801675376e-05, 1.3012e+01, 6.7844e-01, 
 1DIAGNOSTIC,    20, -9.344469308853e-01, 1.952959974005e-05, 1.3694e+01, 6.8222e-01, 
 1DIAGNOSTIC,    21, -9.342598915100e-01, 1.349409558316e-05, 1.4374e+01, 6.8027e-01, 
 1DIAGNOSTIC,    22, -9.345242977142e-01, 1.600220275577e-05, 1.5056e+01, 6.8235e-01, 
 1DIAGNOSTIC,    23, -9.342383146286e-01, 9.884293831419e-06, 1.5736e+01, 6.7980e-01, 
 1DIAGNOSTIC,    24, -9.345385432243e-01, 1.138825882663e-05, 1.6419e+01, 6.8303e-01, 
 1DIAGNOSTIC,    25, -9.342343211174e-01, 4.570224973577e-06, 1.7101e+01, 6.8194e-01, 
 1DIAGNOSTIC,    26, -9.346002340317e-01, 7.039700449241e-06, 1.7785e+01, 6.8426e-01, 
 1DIAGNOSTIC,    27, -9.342634677887e-01, 1.385493760608e-06, 1.8469e+01, 6.8349e-01, 
 1DIAGNOSTIC,    28, -9.345552325249e-01, 4.413213446242e-06, 1.9150e+01, 6.8145e-01, 
 1DIAGNOSTIC,    29, -9.342635273933e-01, 3.198392448667e-07, 1.9831e+01, 6.8066e-01, 
 1DIAGNOSTIC,    30, -9.345585703850e-01, 3.897000624420e-06, 2.0514e+01, 6.8300e-01, 
 1DIAGNOSTIC,    31, -9.343256354332e-01, 3.325220347961e-07, 2.1199e+01, 6.8465e-01, 
 1DIAGNOSTIC,    32, -9.346321225166e-01, 4.508157871896e-06, 2.1879e+01, 6.8038e-01, 
 1DIAGNOSTIC,    33, -9.344951510429e-01, 2.684027776922e-06, 2.2562e+01, 6.8302e-01, 
 1DIAGNOSTIC,    34, -9.346119165421e-01, 6.279917670327e-06, 2.3245e+01, 6.8301e-01, 
 1DIAGNOSTIC,    35, -9.344934225082e-01, 3.874610229104e-06, 2.3929e+01, 6.8436e-01, 
 1DIAGNOSTIC,    36, -9.346156716347e-01, 5.638005404762e-06, 2.4613e+01, 6.8317e-01, 
 1DIAGNOSTIC,    37, -9.343373775482e-01, 6.909432386237e-07, 2.5294e+01, 6.8124e-01, 
 1DIAGNOSTIC,    38, -9.345507025719e-01, 1.273246198252e-06, 2.5975e+01, 6.8071e-01, 
 1DIAGNOSTIC,    39, -9.343916177750e-01, -2.161666088796e-06, 2.6656e+01, 6.8192e-01, 
XXDIAGNOSTIC,Iteration,metricValue,convergenceValue,ITERATION_TIME_INDEX,SINCE_LAST
 1DIAGNOSTIC,     1, -9.000437855721e-01, inf, 3.0456e+01, 3.7993e+00, 
 1DIAGNOSTIC,     2, -9.075223803520e-01, inf, 3.4188e+01, 3.7325e+00, 
 1DIAGNOSTIC,     3, -9.151108860970e-01, inf, 3.7893e+01, 3.7049e+00, 
 1DIAGNOSTIC,     4, -9.220547676086e-01, inf, 4.1601e+01, 3.7076e+00, 
 1DIAGNOSTIC,     5, -9.273760914803e-01, inf, 4.4872e+01, 3.2716e+00, 
 1DIAGNOSTIC,     6, -9.321807026863e-01, inf, 4.7894e+01, 3.0221e+00, 
 1DIAGNOSTIC,     7, -9.360905289650e-01, inf, 5.1681e+01, 3.7868e+00, 
 1DIAGNOSTIC,     8, -9.394596219063e-01, 3.518900834024e-03, 5.5319e+01, 3.6376e+00, 
 1DIAGNOSTIC,     9, -9.422796964645e-01, 2.699122531340e-03, 5.8866e+01, 3.5471e+00, 
 1DIAGNOSTIC,    10, -9.447664022446e-01, 2.052336698398e-03, 6.2508e+01, 3.6420e+00, 
 1DIAGNOSTIC,    11, -9.467334151268e-01, 1.567815779708e-03, 6.6206e+01, 3.6976e+00, 
 1DIAGNOSTIC,    12, -9.482522010803e-01, 1.212175353430e-03, 6.9947e+01, 3.7416e+00, 
 1DIAGNOSTIC,    13, -9.496175646782e-01, 9.350043255836e-04, 7.3564e+01, 3.6168e+00, 
 1DIAGNOSTIC,    14, -9.507821202278e-01, 7.257845136337e-04, 7.6880e+01, 3.3164e+00, 
 1DIAGNOSTIC,    15, -9.515504240990e-01, 5.587206687778e-04, 7.9896e+01, 3.0152e+00, 
 1DIAGNOSTIC,    16, -9.521849155426e-01, 4.271286597941e-04, 8.2960e+01, 3.0644e+00, 
 1DIAGNOSTIC,    17, -9.527100324631e-01, 3.236748743802e-04, 8.6006e+01, 3.0466e+00, 
 1DIAGNOSTIC,    18, -9.531866908073e-01, 2.468858438078e-04, 8.9420e+01, 3.4134e+00, 
 1DIAGNOSTIC,    19, -9.535959959030e-01, 1.896183239296e-04, 9.2861e+01, 3.4415e+00, 
 1DIAGNOSTIC,    20, -9.539126753807e-01, 1.451943971915e-04, 9.6547e+01, 3.6861e+00, 
 1DIAGNOSTIC,    21, -9.542425274849e-01, 1.142367473221e-04, 9.9955e+01, 3.4078e+00, 
 1DIAGNOSTIC,    22, -9.545160531998e-01, 9.404454613104e-05, 1.0357e+02, 3.6118e+00, 
 1DIAGNOSTIC,    23, -9.547747373581e-01, 7.875654409872e-05, 1.0667e+02, 3.1035e+00, 
 1DIAGNOSTIC,    24, -9.549964070320e-01, 6.675754411845e-05, 1.0976e+02, 3.0893e+00, 
 1DIAGNOSTIC,    25, -9.551748037338e-01, 5.663026604452e-05, 1.1333e+02, 3.5725e+00, 
 1DIAGNOSTIC,    26, -9.553817510605e-01, 4.895871097688e-05, 1.1705e+02, 3.7158e+00, 
 1DIAGNOSTIC,    27, -9.555126428604e-01, 4.230479680700e-05, 1.2023e+02, 3.1863e+00, 
 1DIAGNOSTIC,    28, -9.556796550751e-01, 3.653271051007e-05, 1.2334e+02, 3.1050e+00, 
 1DIAGNOSTIC,    29, -9.557890295982e-01, 3.159408151987e-05, 1.2676e+02, 3.4175e+00, 
 1DIAGNOSTIC,    30, -9.559100866318e-01, 2.739676165220e-05, 1.3059e+02, 3.8290e+00, 
 1DIAGNOSTIC,    31, -9.560217857361e-01, 2.403880534985e-05, 1.3424e+02, 3.6563e+00, 
 1DIAGNOSTIC,    32, -9.561383724213e-01, 2.144202517229e-05, 1.3795e+02, 3.7073e+00, 
 1DIAGNOSTIC,    33, -9.562271833420e-01, 1.899661947391e-05, 1.4146e+02, 3.5069e+00, 
 1DIAGNOSTIC,    34, -9.563148021698e-01, 1.727792914608e-05, 1.4504e+02, 3.5833e+00, 
 1DIAGNOSTIC,    35, -9.563969373703e-01, 1.550543493067e-05, 1.4862e+02, 3.5784e+00, 
 1DIAGNOSTIC,    36, -9.564561247826e-01, 1.401981808158e-05, 1.5168e+02, 3.0660e+00, 
 1DIAGNOSTIC,    37, -9.565224647522e-01, 1.245373096026e-05, 1.5508e+02, 3.3922e+00, 
 1DIAGNOSTIC,    38, -9.565790295601e-01, 1.100335612136e-05, 1.5880e+02, 3.7264e+00, 
 1DIAGNOSTIC,    39, -9.566325545311e-01, 9.705132470117e-06, 1.6255e+02, 3.7440e+00, 
 1DIAGNOSTIC,    40, -9.566801786423e-01, 8.696241820871e-06, 1.6621e+02, 3.6652e+00, 
 1DIAGNOSTIC,    41, -9.567170739174e-01, 7.719116183580e-06, 1.6924e+02, 3.0268e+00, 
 1DIAGNOSTIC,    42, -9.567564725876e-01, 6.894715170347e-06, 1.7265e+02, 3.4101e+00, 
 1DIAGNOSTIC,    43, -9.567859172821e-01, 6.177517661854e-06, 1.7622e+02, 3.5672e+00, 
 1DIAGNOSTIC,    44, -9.568200111389e-01, 5.489193426911e-06, 1.7925e+02, 3.0346e+00, 
 1DIAGNOSTIC,    45, -9.568567872047e-01, 4.990013621864e-06, 1.8236e+02, 3.1082e+00, 
 1DIAGNOSTIC,    46, -9.568980932236e-01, 4.680550773628e-06, 1.8538e+02, 3.0216e+00, 
 1DIAGNOSTIC,    47, -9.569112658501e-01, 4.334338427725e-06, 1.8842e+02, 3.0418e+00, 
 1DIAGNOSTIC,    48, -9.569448232651e-01, 4.107258973818e-06, 1.9160e+02, 3.1786e+00, 
 1DIAGNOSTIC,    49, -9.569853544235e-01, 3.973442744609e-06, 1.9522e+02, 3.6173e+00, 
 1DIAGNOSTIC,    50, -9.569996595383e-01, 3.763582753891e-06, 1.9876e+02, 3.5421e+00, 
 1DIAGNOSTIC,    51, -9.570381641388e-01, 3.614189154177e-06, 2.0206e+02, 3.2991e+00, 
 1DIAGNOSTIC,    52, -9.570558071136e-01, 3.407140866329e-06, 2.0508e+02, 3.0242e+00, 
 1DIAGNOSTIC,    53, -9.570934772491e-01, 3.324165163576e-06, 2.0844e+02, 3.3595e+00, 
 1DIAGNOSTIC,    54, -9.570992588997e-01, 3.179924988217e-06, 2.1215e+02, 3.7116e+00, 
 1DIAGNOSTIC,    55, -9.571389555931e-01, 3.030241032320e-06, 2.1556e+02, 3.4085e+00, 
 1DIAGNOSTIC,    56, -9.571292400360e-01, 2.687671440071e-06, 2.1900e+02, 3.4412e+00, 
 1DIAGNOSTIC,    57, -9.571677446365e-01, 2.576463884907e-06, 2.2276e+02, 3.7601e+00, 
 1DIAGNOSTIC,    58, -9.571776390076e-01, 2.332151325390e-06, 2.2631e+02, 3.5460e+00, 
 1DIAGNOSTIC,    59, -9.572223424911e-01, 2.369843286942e-06, 2.3005e+02, 3.7405e+00, 
 1DIAGNOSTIC,    60, -9.572369456291e-01, 2.343966571061e-06, 2.3351e+02, 3.4633e+00, 
 1DIAGNOSTIC,    61, -9.571489095688e-01, 1.766171294548e-06, 2.3659e+02, 3.0710e+00, 
 1DIAGNOSTIC,    62, -9.572528600693e-01, 1.694840307209e-06, 2.4021e+02, 3.6237e+00, 
 1DIAGNOSTIC,    63, -9.572868347168e-01, 1.873487008197e-06, 2.4351e+02, 3.3014e+00, 
 1DIAGNOSTIC,    64, -9.572002887726e-01, 1.311483060817e-06, 2.4718e+02, 3.6700e+00, 
 1DIAGNOSTIC,    65, -9.573051929474e-01, 1.505228055976e-06, 2.5023e+02, 3.0460e+00, 
 1DIAGNOSTIC,    66, -9.572537541389e-01, 1.286520614485e-06, 2.5393e+02, 3.7034e+00, 
 1DIAGNOSTIC,    67, -9.573459625244e-01, 1.723259060782e-06, 2.5767e+02, 3.7360e+00, 
 1DIAGNOSTIC,    68, -9.572551846504e-01, 1.582893560226e-06, 2.6068e+02, 3.0182e+00, 
 1DIAGNOSTIC,    69, -9.573580622673e-01, 1.374996941195e-06, 2.6374e+02, 3.0537e+00, 
 1DIAGNOSTIC,    70, -9.572883844376e-01, 1.203829697261e-06, 2.6682e+02, 3.0826e+00, 
 1DIAGNOSTIC,    71, -9.573093056679e-01, 1.253051550520e-06, 2.6991e+02, 3.0920e+00, 
 1DIAGNOSTIC,    72, -9.573588371277e-01, 9.920742058966e-07, 2.7295e+02, 3.0343e+00, 
 1DIAGNOSTIC,    73, -9.573129415512e-01, 9.684102906249e-07, 2.7613e+02, 3.1797e+00, 
 1DIAGNOSTIC,    74, -9.573181271553e-01, 6.503684630843e-07, 2.7986e+02, 3.7321e+00, 
 1DIAGNOSTIC,    75, -9.573166370392e-01, 7.786570677126e-07, 2.8350e+02, 3.6413e+00, 
 1DIAGNOSTIC,    76, -9.573171734810e-01, 4.056257978391e-07, 2.8728e+02, 3.7818e+00, 
 1DIAGNOSTIC,    77, -9.573315978050e-01, 6.322314334284e-07, 2.9066e+02, 3.3762e+00, 
 1DIAGNOSTIC,    78, -9.573294520378e-01, 4.975007072971e-07, 2.9434e+02, 3.6868e+00, 
 1DIAGNOSTIC,    79, -9.573314189911e-01, 4.656097303268e-07, 2.9808e+02, 3.7311e+00, 
 1DIAGNOSTIC,    80, -9.573308229446e-01, 6.673590746686e-07, 3.0150e+02, 3.4202e+00, 
XXDIAGNOSTIC,Iteration,metricValue,convergenceValue,ITERATION_TIME_INDEX,SINCE_LAST
 1DIAGNOSTIC,     1, -9.263385534286e-01, inf, 3.3857e+02, 3.7075e+01, 
 1DIAGNOSTIC,     2, -9.270935058594e-01, inf, 3.7415e+02, 3.5584e+01, 
 1DIAGNOSTIC,     3, -9.291238784790e-01, inf, 4.1074e+02, 3.6586e+01, 
 1DIAGNOSTIC,     4, -9.312257170677e-01, inf, 4.4700e+02, 3.6262e+01, 
 1DIAGNOSTIC,     5, -9.328894615173e-01, inf, 4.8278e+02, 3.5777e+01, 
 1DIAGNOSTIC,     6, -9.343518614769e-01, inf, 5.1989e+02, 3.7110e+01, 
 1DIAGNOSTIC,     7, -9.356411695480e-01, inf, 5.5651e+02, 3.6619e+01, 
 1DIAGNOSTIC,     8, -9.368496537209e-01, 9.896276751533e-04, 5.9377e+02, 3.7261e+01, 
 1DIAGNOSTIC,     9, -9.379950761795e-01, 8.455360657535e-04, 6.3109e+02, 3.7320e+01, 
 1DIAGNOSTIC,    10, -9.391293525696e-01, 6.858281558380e-04, 6.6824e+02, 3.7149e+01, 
 1DIAGNOSTIC,    11, -9.402831792831e-01, 5.689558456652e-04, 7.0582e+02, 3.7577e+01, 
 1DIAGNOSTIC,    12, -9.413669705391e-01, 4.918861668557e-04, 7.4422e+02, 3.8403e+01, 
 1DIAGNOSTIC,    13, -9.424124360085e-01, 4.358581209090e-04, 7.8278e+02, 3.8557e+01, 
 1DIAGNOSTIC,    14, -9.433850049973e-01, 3.915503621101e-04, 8.2108e+02, 3.8304e+01, 
 1DIAGNOSTIC,    15, -9.442474246025e-01, 3.513775300235e-04, 8.5907e+02, 3.7995e+01, 
 1DIAGNOSTIC,    16, -9.450207352638e-01, 3.126352094114e-04, 8.9633e+02, 3.7252e+01, 
 1DIAGNOSTIC,    17, -9.455918669701e-01, 2.716324233916e-04, 9.3323e+02, 3.6900e+01, 
 1DIAGNOSTIC,    18, -9.461191296577e-01, 2.308562688995e-04, 9.7091e+02, 3.7683e+01, 
 1DIAGNOSTIC,    19, -9.465941190720e-01, 1.932859886438e-04, 1.0089e+03, 3.8036e+01, 
 1DIAGNOSTIC,    20, -9.470397830009e-01, 1.602542033652e-04, 1.0463e+03, 3.7324e+01, 
 1DIAGNOSTIC,    21, -9.474302530289e-01, 1.328682847088e-04, 1.0837e+03, 3.7393e+01, 
 1DIAGNOSTIC,    22, -9.478223919868e-01, 1.120183660532e-04, 1.1202e+03, 3.6514e+01, 
 1DIAGNOSTIC,    23, -9.481661915779e-01, 9.636830509407e-05, 1.1585e+03, 3.8326e+01, 
 1DIAGNOSTIC,    24, -9.485012292862e-01, 8.537215035176e-05, 1.1959e+03, 3.7360e+01, 
 1DIAGNOSTIC,    25, -9.488048553467e-01, 7.600105163874e-05, 1.2331e+03, 3.7216e+01, 
 1DIAGNOSTIC,    26, -9.491026997566e-01, 6.822804425610e-05, 1.2702e+03, 3.7073e+01, 
 1DIAGNOSTIC,    27, -9.493595361710e-01, 6.129172106739e-05, 1.3068e+03, 3.6669e+01, 
 1DIAGNOSTIC,    28, -9.496012926102e-01, 5.517876707017e-05, 1.3434e+03, 3.6565e+01, 
 1DIAGNOSTIC,    29, -9.498441219330e-01, 4.966787673766e-05, 1.3803e+03, 3.6876e+01, 
 1DIAGNOSTIC,    30, -9.500598907471e-01, 4.491603613133e-05, 1.4175e+03, 3.7285e+01, 
 1DIAGNOSTIC,    31, -9.502574205399e-01, 4.051573341712e-05, 1.4547e+03, 3.7158e+01, 
 1DIAGNOSTIC,    32, -9.504556655884e-01, 3.677814311231e-05, 1.4916e+03, 3.6928e+01, 
 1DIAGNOSTIC,    33, -9.506306052208e-01, 3.337381349411e-05, 1.5287e+03, 3.7109e+01, 
 1DIAGNOSTIC,    34, -9.508187174797e-01, 3.070614548051e-05, 1.5668e+03, 3.8054e+01, 
 1DIAGNOSTIC,    35, -9.509748816490e-01, 2.818509346980e-05, 1.6039e+03, 3.7106e+01, 
 1DIAGNOSTIC,    36, -9.511467218399e-01, 2.604795008665e-05, 1.6408e+03, 3.6862e+01, 
 1DIAGNOSTIC,    37, -9.512891769409e-01, 2.417465293547e-05, 1.6784e+03, 3.7653e+01, 
 1DIAGNOSTIC,    38, -9.514554142952e-01, 2.269295691804e-05, 1.7158e+03, 3.7432e+01, 
 1DIAGNOSTIC,    39, -9.515830874443e-01, 2.114851486112e-05, 1.7529e+03, 3.7091e+01, 
 1DIAGNOSTIC,    40, -9.517180919647e-01, 1.977708052436e-05, 1.7902e+03, 3.7214e+01, 
  Elapsed time (stage 2): 1791


Total elapsed time: 1796
Using double precision for computations.
Input scalar image: 0x7f71f652b008
Could not create ImageIO for the input file, assuming dimension = 3 and scalar pixel type
Reference image: 0x7f71f652b068
=============================================================================
The composite transform comprises the following transforms (in order): 
  1. /resnick/groups/Proberlab/yun/lightsheet/analysis_output/registration/hcrt-trpv1_huc-h2b-g8m_csn_120min/260515_hcrt-trpv1_huc-h2b-g8m_csn_10uM_fish1/expt_to_mean_affine.mat (type = AffineTransform)
  2. /resnick/groups/Proberlab/yun/lightsheet/analysis_output/registration/hcrt-trpv1_huc-h2b-g8m_csn_120min/260515_hcrt-trpv1_huc-h2b-g8m_csn_10uM_fish1/expt_to_mean_warp.nii.gz (type = DisplacementFieldTransform)
=============================================================================
Default pixel value: 0
Interpolation type: WindowedSincInterpolateImageFunction
Output warped image: 0x7f71f652b088
✅ TMPDIR=/resnick/scratch/yun/tmp_ants | ITK threads=30

Loading template brain: /resnick/home/ychiu/yun/lightsheet/hcrt-trpv1_huc-h2b-g8m_csn_120min_audio/zstack_template/template_mean_brain.nii.gz
Template shape=(288, 568, 40), spacing=(1.5199999809265137, 1.5199999809265137, 7.5)

============================================================
  Registering: 260515_hcrt-trpv1_huc-h2b-g8m_csn_10uM_fish1
  proj_ID:     hcrt-trpv1_huc-h2b-g8m_csn_120min
============================================================
Loading volume mean (moving)...
Raw HDF5 shape (Z, X, Y): (40, 288, 568)
Transposed shape (X, Y, Z): (288, 568, 40)
Rotated shape (X, Y, Z): (288, 568, 40)
ANTsImage (RAI)
	 Pixel Type : float (float32)
	 Components : 1
	 Dimensions : (288, 568, 40)
	 Spacing    : (1.52, 1.52, 6.25)
	 Origin     : (0.0, 0.0, 0.0)
	 Direction  : [1. 0. 0. 0. 1. 0. 0. 0. 1.]

  [atlas] spacing=(1.5199999809265137, 1.5199999809265137, 7.5) origin=(436.2399945259094, 861.8399891853333, 292.5)
  [mov  ] spacing=(1.52, 1.52, 6.25) origin=(436.24, 861.84, 243.75)
Resampling to (3.0, 3.0, 3.0) µm...
Running SyN...
antsRegistration -d 3 -r /resnick/scratch/yun/tmp_ants/tmpum639vn2.mat -m MI[0x7f71f652af48,0x7f71f652afe8,1,32,regular,0.2] -t Rigid[0.25] -c 2100x1200x1200x0 -s 3x2x1x0 -f 4x2x2x1 -x [NA,NA] -m MI[0x7f71f652af48,0x7f71f652afe8,1,32,regular,0.2] -t Affine[0.25] -c 2100x1200x1200x0 -s 3x2x1x0 -f 4x2x2x1 -x [NA,NA] -m CC[0x7f71f652af48,0x7f71f652afe8,1,32] -t SyN[0.200000,3.000000,0.000000] -c [120x80x40x0,1e-7,8] -s 3x2x1x0 -f 8x4x2x1 -u 1 -z 1 -o [/resnick/scratch/yun/tmp_ants/tmp5bgvci4h,0x7f71f652b028,0x7f71f652afc8] -x [0x7f71f652b048,0x7f71f652b088] --float 1 --write-composite-transform 0 -v 1
SyN warp field saved: /resnick/groups/Proberlab/yun/lightsheet/analysis_output/registration/hcrt-trpv1_huc-h2b-g8m_csn_120min/260515_hcrt-trpv1_huc-h2b-g8m_csn_10uM_fish1/expt_to_mean_warp.nii.gz
SyN affine transform saved: /resnick/groups/Proberlab/yun/lightsheet/analysis_output/registration/hcrt-trpv1_huc-h2b-g8m_csn_120min/260515_hcrt-trpv1_huc-h2b-g8m_csn_10uM_fish1/expt_to_mean_affine.mat
Applying composite transform at full resolution...
['-d', '3', '-i', '0x7f71f652b008', '-o', '0x7f71f652b088', '-r', '0x7f71f652b068', '-n', 'welchWindowedSinc', '-t', '/resnick/groups/Proberlab/yun/lightsheet/analysis_output/registration/hcrt-trpv1_huc-h2b-g8m_csn_120min/260515_hcrt-trpv1_huc-h2b-g8m_csn_10uM_fish1/expt_to_mean_warp.nii.gz', '-t', '/resnick/groups/Proberlab/yun/lightsheet/analysis_output/registration/hcrt-trpv1_huc-h2b-g8m_csn_120min/260515_hcrt-trpv1_huc-h2b-g8m_csn_10uM_fish1/expt_to_mean_affine.mat']
✅ Registered image saved: /resnick/groups/Proberlab/yun/lightsheet/analysis_output/registration/hcrt-trpv1_huc-h2b-g8m_csn_120min/260515_hcrt-trpv1_huc-h2b-g8m_csn_10uM_fish1/expt_to_mean_registered_final.nii.gz
Saving QC overlay...
  ✅ QC overlay saved: /resnick/groups/Proberlab/yun/lightsheet/analysis_output/registration/hcrt-trpv1_huc-h2b-g8m_csn_120min/260515_hcrt-trpv1_huc-h2b-g8m_csn_10uM_fish1/qc_registration_overlay.pdf

=== Registration complete: 260515_hcrt-trpv1_huc-h2b-g8m_csn_10uM_fish1 ===
