 bad det -1 v 1 u -1
 bad det -1 v 1 u -1 new 1
All_Command_lines_OK
Using single precision for computations.
=============================================================================
The composite transform comprises the following transforms (in order): 
  1. /resnick/scratch/yun/tmp_ants/tmp84rix7a2.mat (type = AffineTransform)
=============================================================================
  Reading mask(s).
    Registration stage 0
      No fixed mask
      No moving mask
    Registration stage 1
      No fixed mask
      No moving mask
    Registration stage 2
      Fixed mask = 0x7fbfaec83048
      Moving mask = 0x7fbfaec83088
  number of levels = 4
  number of levels = 4
  number of levels = 4
  fixed image: 0x7fbfaec82f48
  moving image: 0x7fbfaec82fe8
  fixed image: 0x7fbfaec82f48
  moving image: 0x7fbfaec82fe8
  fixed image: 0x7fbfaec82f48
  moving image: 0x7fbfaec82fe8
Dimension = 3
Number of stages = 3
Use histogram matching = true
Winsorize image intensities = false
  Lower quantile = 0
  Upper quantile = 1


Stage 1 State
   Image metric = MattesMI
     Fixed image = Image (0x3b3b130)
  RTTI typeinfo:   itk::Image<float, 3u>
  Reference Count: 2
  Modified Time: 1473174
  Debug: Off
  Object Name: 
  Observers: 
    none
  Source: (none)
  Source output name: (none)
  Release Data: Off
  Data Released: False
  Global Release Data: Off
  PipelineMTime: 0
  UpdateMTime: 1473146
  RealTimeStamp: 0 seconds 
  LargestPossibleRegion: 
    Dimension: 3
    Index: [0, 0, 0]
    Size: [152, 286, 83]
  BufferedRegion: 
    Dimension: 3
    Index: [0, 0, 0]
    Size: [152, 286, 83]
  RequestedRegion: 
    Dimension: 3
    Index: [0, 0, 0]
    Size: [152, 286, 83]
  Spacing: [3, 3, 3]
  Origin: [454.48, 855.76, 243.75]
  Direction: 
-1 0 0
0 -1 0
0 0 -1

  IndexToPointMatrix: 
-3 0 0
0 -3 0
0 0 -3

  PointToIndexMatrix: 
-0.333333 0 0
0 -0.333333 0
0 0 -0.333333

  Inverse Direction: 
-1 0 0
0 -1 0
0 0 -1

  PixelContainer: 
    ImportImageContainer (0x3aea6b0)
      RTTI typeinfo:   itk::ImportImageContainer<unsigned long, float>
      Reference Count: 1
      Modified Time: 1473144
      Debug: Off
      Object Name: 
      Observers: 
        none
      Pointer: 0x15084f30
      Container manages memory: true
      Size: 3608176
      Capacity: 3608176

     Moving image = Image (0x3b44e50)
  RTTI typeinfo:   itk::Image<float, 3u>
  Reference Count: 2
  Modified Time: 1473175
  Debug: Off
  Object Name: 
  Observers: 
    none
  Source: (none)
  Source output name: (none)
  Release Data: Off
  Data Released: False
  Global Release Data: Off
  PipelineMTime: 0
  UpdateMTime: 1473172
  RealTimeStamp: 0 seconds 
  LargestPossibleRegion: 
    Dimension: 3
    Index: [0, 0, 0]
    Size: [154, 282, 83]
  BufferedRegion: 
    Dimension: 3
    Index: [0, 0, 0]
    Size: [154, 282, 83]
  RequestedRegion: 
    Dimension: 3
    Index: [0, 0, 0]
    Size: [154, 282, 83]
  Spacing: [3, 3, 3]
  Origin: [460.56, 843.6, 243.75]
  Direction: 
-1 0 0
0 -1 0
0 0 -1

  IndexToPointMatrix: 
-3 0 0
0 -3 0
0 0 -3

  PointToIndexMatrix: 
-0.333333 0 0
0 -0.333333 0
0 0 -0.333333

  Inverse Direction: 
-1 0 0
0 -1 0
0 0 -1

  PixelContainer: 
    ImportImageContainer (0x3af0df0)
      RTTI typeinfo:   itk::ImportImageContainer<unsigned long, float>
      Reference Count: 1
      Modified Time: 1473170
      Debug: Off
      Object Name: 
      Observers: 
        none
      Pointer: 0x15e48900
      Container manages memory: true
      Size: 3604524
      Capacity: 3604524

     Weighting = 1
     Sampling strategy = regular
     Number of bins = 32
     Radius = 4
     Sampling percentage  = 0.2
   Transform = Rigid
     Gradient step = 0.25
     Update field sigma (voxel space) = 0
     Total field sigma (voxel space) = 0
     Update field time sigma = 0
     Total field time sigma  = 0
     Number of time indices = 0
     Number of time point samples = 0
Stage 2 State
   Image metric = MattesMI
     Fixed image = Image (0x3b444c0)
  RTTI typeinfo:   itk::Image<float, 3u>
  Reference Count: 2
  Modified Time: 1473228
  Debug: Off
  Object Name: 
  Observers: 
    none
  Source: (none)
  Source output name: (none)
  Release Data: Off
  Data Released: False
  Global Release Data: Off
  PipelineMTime: 0
  UpdateMTime: 1473200
  RealTimeStamp: 0 seconds 
  LargestPossibleRegion: 
    Dimension: 3
    Index: [0, 0, 0]
    Size: [152, 286, 83]
  BufferedRegion: 
    Dimension: 3
    Index: [0, 0, 0]
    Size: [152, 286, 83]
  RequestedRegion: 
    Dimension: 3
    Index: [0, 0, 0]
    Size: [152, 286, 83]
  Spacing: [3, 3, 3]
  Origin: [454.48, 855.76, 243.75]
  Direction: 
-1 0 0
0 -1 0
0 0 -1

  IndexToPointMatrix: 
-3 0 0
0 -3 0
0 0 -3

  PointToIndexMatrix: 
-0.333333 0 0
0 -0.333333 0
0 0 -0.333333

  Inverse Direction: 
-1 0 0
0 -1 0
0 0 -1

  PixelContainer: 
    ImportImageContainer (0x3b3d310)
      RTTI typeinfo:   itk::ImportImageContainer<unsigned long, float>
      Reference Count: 1
      Modified Time: 1473198
      Debug: Off
      Object Name: 
      Observers: 
        none
      Pointer: 0x16c089c0
      Container manages memory: true
      Size: 3608176
      Capacity: 3608176

     Moving image = Image (0x1273cf10)
  RTTI typeinfo:   itk::Image<float, 3u>
  Reference Count: 2
  Modified Time: 1473229
  Debug: Off
  Object Name: 
  Observers: 
    none
  Source: (none)
  Source output name: (none)
  Release Data: Off
  Data Released: False
  Global Release Data: Off
  PipelineMTime: 0
  UpdateMTime: 1473226
  RealTimeStamp: 0 seconds 
  LargestPossibleRegion: 
    Dimension: 3
    Index: [0, 0, 0]
    Size: [154, 282, 83]
  BufferedRegion: 
    Dimension: 3
    Index: [0, 0, 0]
    Size: [154, 282, 83]
  RequestedRegion: 
    Dimension: 3
    Index: [0, 0, 0]
    Size: [154, 282, 83]
  Spacing: [3, 3, 3]
  Origin: [460.56, 843.6, 243.75]
  Direction: 
-1 0 0
0 -1 0
0 0 -1

  IndexToPointMatrix: 
-3 0 0
0 -3 0
0 0 -3

  PointToIndexMatrix: 
-0.333333 0 0
0 -0.333333 0
0 0 -0.333333

  Inverse Direction: 
-1 0 0
0 -1 0
0 0 -1

  PixelContainer: 
    ImportImageContainer (0x3ae3c10)
      RTTI typeinfo:   itk::ImportImageContainer<unsigned long, float>
      Reference Count: 1
      Modified Time: 1473224
      Debug: Off
      Object Name: 
      Observers: 
        none
      Pointer: 0x179cc390
      Container manages memory: true
      Size: 3604524
      Capacity: 3604524

     Weighting = 1
     Sampling strategy = regular
     Number of bins = 32
     Radius = 4
     Sampling percentage  = 0.2
   Transform = Affine
     Gradient step = 0.25
     Update field sigma (voxel space) = 0
     Total field sigma (voxel space) = 0
     Update field time sigma = 0
     Total field time sigma  = 0
     Number of time indices = 0
     Number of time point samples = 0
Stage 3 State
   Image metric = CC
     Fixed image = Image (0x1273d1a0)
  RTTI typeinfo:   itk::Image<float, 3u>
  Reference Count: 2
  Modified Time: 1473282
  Debug: Off
  Object Name: 
  Observers: 
    none
  Source: (none)
  Source output name: (none)
  Release Data: Off
  Data Released: False
  Global Release Data: Off
  PipelineMTime: 0
  UpdateMTime: 1473254
  RealTimeStamp: 0 seconds 
  LargestPossibleRegion: 
    Dimension: 3
    Index: [0, 0, 0]
    Size: [152, 286, 83]
  BufferedRegion: 
    Dimension: 3
    Index: [0, 0, 0]
    Size: [152, 286, 83]
  RequestedRegion: 
    Dimension: 3
    Index: [0, 0, 0]
    Size: [152, 286, 83]
  Spacing: [3, 3, 3]
  Origin: [454.48, 855.76, 243.75]
  Direction: 
-1 0 0
0 -1 0
0 0 -1

  IndexToPointMatrix: 
-3 0 0
0 -3 0
0 0 -3

  PointToIndexMatrix: 
-0.333333 0 0
0 -0.333333 0
0 0 -0.333333

  Inverse Direction: 
-1 0 0
0 -1 0
0 0 -1

  PixelContainer: 
    ImportImageContainer (0x83d8d70)
      RTTI typeinfo:   itk::ImportImageContainer<unsigned long, float>
      Reference Count: 1
      Modified Time: 1473252
      Debug: Off
      Object Name: 
      Observers: 
        none
      Pointer: 0x1878c450
      Container manages memory: true
      Size: 3608176
      Capacity: 3608176

     Moving image = Image (0x1273d430)
  RTTI typeinfo:   itk::Image<float, 3u>
  Reference Count: 2
  Modified Time: 1473283
  Debug: Off
  Object Name: 
  Observers: 
    none
  Source: (none)
  Source output name: (none)
  Release Data: Off
  Data Released: False
  Global Release Data: Off
  PipelineMTime: 0
  UpdateMTime: 1473280
  RealTimeStamp: 0 seconds 
  LargestPossibleRegion: 
    Dimension: 3
    Index: [0, 0, 0]
    Size: [154, 282, 83]
  BufferedRegion: 
    Dimension: 3
    Index: [0, 0, 0]
    Size: [154, 282, 83]
  RequestedRegion: 
    Dimension: 3
    Index: [0, 0, 0]
    Size: [154, 282, 83]
  Spacing: [3, 3, 3]
  Origin: [460.56, 843.6, 243.75]
  Direction: 
-1 0 0
0 -1 0
0 0 -1

  IndexToPointMatrix: 
-3 0 0
0 -3 0
0 0 -3

  PointToIndexMatrix: 
-0.333333 0 0
0 -0.333333 0
0 0 -0.333333

  Inverse Direction: 
-1 0 0
0 -1 0
0 0 -1

  PixelContainer: 
    ImportImageContainer (0x83d8dd0)
      RTTI typeinfo:   itk::ImportImageContainer<unsigned long, float>
      Reference Count: 1
      Modified Time: 1473278
      Debug: Off
      Object Name: 
      Observers: 
        none
      Pointer: 0x1954fe20
      Container manages memory: true
      Size: 3604524
      Capacity: 3604524

     Weighting = 1
     Sampling strategy = none
     Number of bins = 32
     Radius = 32
     Sampling percentage  = 1
   Transform = SyN
     Gradient step = 0.2
     Update field sigma (voxel space) = 3
     Total field sigma (voxel space) = 0
     Update field time sigma = 0
     Total field time sigma  = 0
     Number of time indices = 0
     Number of time point samples = 0
Registration using 3 total stages.

Stage 0
  iterations = 2100x1200x1200x0
  convergence threshold = 1e-06
  convergence window size = 10
  number of levels = 4
  using the Mattes MI metric (number of bins = 32, weight = 1, use gradient filter = 0)
  preprocessing:  histogram matching the images
  Shrink factors (level 1 out of 4): [4, 4, 4]
  Shrink factors (level 2 out of 4): [2, 2, 2]
  Shrink factors (level 3 out of 4): [2, 2, 2]
  Shrink factors (level 4 out of 4): [1, 1, 1]
  smoothing sigmas per level: [3, 2, 1, 0]
  regular sampling (percentage = 0.2)

*** Running Euler3DTransform registration ***

DIAGNOSTIC,Iteration,metricValue,convergenceValue,ITERATION_TIME_INDEX,SINCE_LAST
 2DIAGNOSTIC,     1, -7.791106700897e-01, inf, 8.2533e-02, 8.2533e-02, 
 2DIAGNOSTIC,     2, -7.794009447098e-01, inf, 8.5586e-02, 3.0529e-03, 
 2DIAGNOSTIC,     3, -7.800167798996e-01, inf, 8.8650e-02, 3.0639e-03, 
 2DIAGNOSTIC,     4, -7.804278731346e-01, inf, 9.2409e-02, 3.7589e-03, 
 2DIAGNOSTIC,     5, -7.804084420204e-01, inf, 9.5414e-02, 3.0050e-03, 
 2DIAGNOSTIC,     6, -7.797324657440e-01, inf, 9.8778e-02, 3.3638e-03, 
 2DIAGNOSTIC,     7, -7.797050476074e-01, inf, 1.0177e-01, 2.9950e-03, 
 2DIAGNOSTIC,     8, -7.796016335487e-01, inf, 1.0442e-01, 2.6481e-03, 
 2DIAGNOSTIC,     9, -7.795850634575e-01, inf, 1.0741e-01, 2.9879e-03, 
 2DIAGNOSTIC,    10, -7.798585295677e-01, 9.305874300480e-06, 1.1432e-01, 6.9101e-03, 
DIAGNOSTIC,Iteration,metricValue,convergenceValue,ITERATION_TIME_INDEX,SINCE_LAST
 2DIAGNOSTIC,     1, -7.288534045219e-01, inf, 2.0863e-01, 9.4315e-02, 
 2DIAGNOSTIC,     2, -7.296098470688e-01, inf, 2.2696e-01, 1.8326e-02, 
 2DIAGNOSTIC,     3, -7.308018803596e-01, inf, 2.4436e-01, 1.7398e-02, 
 2DIAGNOSTIC,     4, -7.332587242126e-01, inf, 2.6396e-01, 1.9604e-02, 
 2DIAGNOSTIC,     5, -7.352396845818e-01, inf, 2.8136e-01, 1.7403e-02, 
 2DIAGNOSTIC,     6, -7.380166053772e-01, inf, 2.9876e-01, 1.7400e-02, 
 2DIAGNOSTIC,     7, -7.410896420479e-01, inf, 3.1643e-01, 1.7669e-02, 
 2DIAGNOSTIC,     8, -7.453541755676e-01, inf, 3.3418e-01, 1.7751e-02, 
 2DIAGNOSTIC,     9, -7.493019700050e-01, inf, 3.5192e-01, 1.7735e-02, 
 2DIAGNOSTIC,    10, -7.532663941383e-01, 2.156390808523e-03, 3.7402e-01, 2.2105e-02, 
 2DIAGNOSTIC,    11, -7.561683654785e-01, 2.191027160734e-03, 4.0275e-01, 2.8726e-02, 
 2DIAGNOSTIC,    12, -7.564162015915e-01, 2.055275021121e-03, 4.2041e-01, 1.7657e-02, 
 2DIAGNOSTIC,    13, -7.566881179810e-01, 1.798592042178e-03, 4.3797e-01, 1.7557e-02, 
 2DIAGNOSTIC,    14, -7.575533390045e-01, 1.506099477410e-03, 4.5550e-01, 1.7536e-02, 
 2DIAGNOSTIC,    15, -7.584623098373e-01, 1.187492278405e-03, 4.7307e-01, 1.7564e-02, 
 2DIAGNOSTIC,    16, -7.590644359589e-01, 8.801448857412e-04, 4.9391e-01, 2.0849e-02, 
 2DIAGNOSTIC,    17, -7.592687606812e-01, 6.018070271239e-04, 5.2045e-01, 2.6538e-02, 
 2DIAGNOSTIC,    18, -7.592566013336e-01, 3.891803498846e-04, 5.4024e-01, 1.9789e-02, 
 2DIAGNOSTIC,    19, -7.592810392380e-01, 2.412555186311e-04, 5.6006e-01, 1.9815e-02, 
 2DIAGNOSTIC,    20, -7.592750787735e-01, 1.594800414750e-04, 5.7994e-01, 1.9889e-02, 
 2DIAGNOSTIC,    21, -7.592355012894e-01, 1.225696178153e-04, 5.9975e-01, 1.9802e-02, 
 2DIAGNOSTIC,    22, -7.592432498932e-01, 8.240046736319e-05, 6.1736e-01, 1.7610e-02, 
 2DIAGNOSTIC,    23, -7.591975331306e-01, 4.183834971627e-05, 6.4281e-01, 2.5452e-02, 
 2DIAGNOSTIC,    24, -7.592066526413e-01, 1.447380782338e-05, 6.6146e-01, 1.8654e-02, 
 2DIAGNOSTIC,    25, -7.592049837112e-01, 1.599777306183e-06, 6.8125e-01, 1.9784e-02, 
DIAGNOSTIC,Iteration,metricValue,convergenceValue,ITERATION_TIME_INDEX,SINCE_LAST
 2DIAGNOSTIC,     1, -7.005400061607e-01, inf, 7.8099e-01, 9.9745e-02, 
 2DIAGNOSTIC,     2, -7.008140683174e-01, inf, 7.9933e-01, 1.8342e-02, 
 2DIAGNOSTIC,     3, -7.010462284088e-01, inf, 8.1775e-01, 1.8421e-02, 
 2DIAGNOSTIC,     4, -7.010440826416e-01, inf, 8.3812e-01, 2.0367e-02, 
 2DIAGNOSTIC,     5, -7.009721398354e-01, inf, 8.5857e-01, 2.0449e-02, 
 2DIAGNOSTIC,     6, -7.009894847870e-01, inf, 8.7836e-01, 1.9784e-02, 
 2DIAGNOSTIC,     7, -7.009798288345e-01, inf, 8.9808e-01, 1.9728e-02, 
 2DIAGNOSTIC,     8, -7.009740471840e-01, inf, 9.2081e-01, 2.2731e-02, 
 2DIAGNOSTIC,     9, -7.009642124176e-01, inf, 9.4132e-01, 2.0507e-02, 
 2DIAGNOSTIC,    10, -7.009294033051e-01, 2.113338268828e-05, 9.6205e-01, 2.0730e-02, 
 2DIAGNOSTIC,    11, -7.009271979332e-01, 1.206790102515e-06, 9.8046e-01, 1.8413e-02, 
DIAGNOSTIC,Iteration,metricValue,convergenceValue,ITERATION_TIME_INDEX,SINCE_LAST
 2DIAGNOSTIC,     1, -6.512442827225e-01, inf, 1.2772e+00, 2.9674e-01, 
  Elapsed time (stage 0): 1.6373e+00


Stage 1
  iterations = 2100x1200x1200x0
  convergence threshold = 1.0000e-06
  convergence window size = 10
  number of levels = 4
  using the Mattes MI metric (number of bins = 32, weight = 1.0000e+00, use gradient filter = 0)
  preprocessing:  histogram matching the images
  Shrink factors (level 1 out of 4): [4, 4, 4]
  Shrink factors (level 2 out of 4): [2, 2, 2]
  Shrink factors (level 3 out of 4): [2, 2, 2]
  Shrink factors (level 4 out of 4): [1, 1, 1]
  smoothing sigmas per level: [3, 2, 1, 0]
  regular sampling (percentage = 2.0000e-01)

*** Running AffineTransform registration ***

DIAGNOSTIC,Iteration,metricValue,convergenceValue,ITERATION_TIME_INDEX,SINCE_LAST
 2DIAGNOSTIC,     1, -8.175305724144e-01, inf, 6.2925e-02, 6.2924e-02, 
 2DIAGNOSTIC,     2, -8.186756372452e-01, inf, 6.6209e-02, 3.2840e-03, 
 2DIAGNOSTIC,     3, -8.202611804008e-01, inf, 6.9433e-02, 3.2239e-03, 
 2DIAGNOSTIC,     4, -8.235214948654e-01, inf, 7.2682e-02, 3.2492e-03, 
 2DIAGNOSTIC,     5, -8.281912207603e-01, inf, 7.5943e-02, 3.2611e-03, 
 2DIAGNOSTIC,     6, -8.357170820236e-01, inf, 7.9248e-02, 3.3050e-03, 
 2DIAGNOSTIC,     7, -8.462470173836e-01, inf, 8.2471e-02, 3.2232e-03, 
 2DIAGNOSTIC,     8, -8.614832162857e-01, inf, 8.5734e-02, 3.2630e-03, 
 2DIAGNOSTIC,     9, -8.796176314354e-01, inf, 8.9318e-02, 3.5839e-03, 
 2DIAGNOSTIC,    10, -8.878368139267e-01, 5.550942849368e-03, 9.4314e-02, 4.9958e-03, 
 2DIAGNOSTIC,    11, -8.964049220085e-01, 5.904398858547e-03, 9.7729e-02, 3.4151e-03, 
 2DIAGNOSTIC,    12, -8.982645869255e-01, 5.750587210059e-03, 1.0112e-01, 3.3929e-03, 
 2DIAGNOSTIC,    13, -9.046518206596e-01, 5.303292535245e-03, 1.0529e-01, 4.1718e-03, 
 2DIAGNOSTIC,    14, -9.076328873634e-01, 4.583467263728e-03, 1.0905e-01, 3.7611e-03, 
 2DIAGNOSTIC,    15, -9.095016121864e-01, 3.689898643643e-03, 1.1243e-01, 3.3801e-03, 
 2DIAGNOSTIC,    16, -9.135204553604e-01, 2.814560197294e-03, 1.1583e-01, 3.3920e-03, 
 2DIAGNOSTIC,    17, -9.206466078758e-01, 2.124208491296e-03, 1.2078e-01, 4.9510e-03, 
 2DIAGNOSTIC,    18, -9.226247072220e-01, 1.621434348635e-03, 1.2424e-01, 3.4590e-03, 
 2DIAGNOSTIC,    19, -9.237444996834e-01, 1.352624502033e-03, 1.2765e-01, 3.4149e-03, 
 2DIAGNOSTIC,    20, -9.288544058800e-01, 1.201461418532e-03, 1.3185e-01, 4.1940e-03, 
 2DIAGNOSTIC,    21, -9.322969317436e-01, 1.136610517278e-03, 1.3570e-01, 3.8559e-03, 
 2DIAGNOSTIC,    22, -9.332481026649e-01, 1.009336323477e-03, 1.3913e-01, 3.4239e-03, 
 2DIAGNOSTIC,    23, -9.346784949303e-01, 9.093325934373e-04, 1.4297e-01, 3.8419e-03, 
 2DIAGNOSTIC,    24, -9.360241889954e-01, 7.921783253551e-04, 1.4833e-01, 5.3670e-03, 
 2DIAGNOSTIC,    25, -9.360613822937e-01, 6.338258390315e-04, 1.5177e-01, 3.4351e-03, 
 2DIAGNOSTIC,    26, -9.382375478745e-01, 5.023958510719e-04, 1.5519e-01, 3.4230e-03, 
 2DIAGNOSTIC,    27, -9.397410750389e-01, 4.354603879619e-04, 1.5867e-01, 3.4761e-03, 
 2DIAGNOSTIC,    28, -9.410808086395e-01, 3.707328869496e-04, 1.6219e-01, 3.5260e-03, 
 2DIAGNOSTIC,    29, -9.421221017838e-01, 2.983681915794e-04, 1.6563e-01, 3.4380e-03, 
 2DIAGNOSTIC,    30, -9.431560635567e-01, 2.671592228580e-04, 1.7026e-01, 4.6239e-03, 
 2DIAGNOSTIC,    31, -9.433588981628e-01, 2.498369722161e-04, 1.7368e-01, 3.4239e-03, 
 2DIAGNOSTIC,    32, -9.438221454620e-01, 2.236773871118e-04, 1.7711e-01, 3.4311e-03, 
 2DIAGNOSTIC,    33, -9.447069764137e-01, 1.999260421144e-04, 1.8211e-01, 4.9982e-03, 
 2DIAGNOSTIC,    34, -9.451263546944e-01, 1.751799281919e-04, 1.8628e-01, 4.1740e-03, 
 2DIAGNOSTIC,    35, -9.451391696930e-01, 1.354862179141e-04, 1.9010e-01, 3.8199e-03, 
 2DIAGNOSTIC,    36, -9.450182914734e-01, 1.032422296703e-04, 1.9390e-01, 3.7990e-03, 
 2DIAGNOSTIC,    37, -9.450255036354e-01, 7.580452074762e-05, 1.9732e-01, 3.4158e-03, 
 2DIAGNOSTIC,    38, -9.449814558029e-01, 5.314655209077e-05, 2.0113e-01, 3.8149e-03, 
 2DIAGNOSTIC,    39, -9.450358748436e-01, 3.526509681251e-05, 2.0458e-01, 3.4471e-03, 
 2DIAGNOSTIC,    40, -9.451487064362e-01, 2.408079308225e-05, 2.0804e-01, 3.4552e-03, 
 2DIAGNOSTIC,    41, -9.454823732376e-01, 1.535427509225e-05, 2.1146e-01, 3.4220e-03, 
 2DIAGNOSTIC,    42, -9.456508159637e-01, 1.016363603412e-05, 2.1488e-01, 3.4199e-03, 
 2DIAGNOSTIC,    43, -9.462293386459e-01, 1.484688527853e-05, 2.1873e-01, 3.8559e-03, 
 2DIAGNOSTIC,    44, -9.462534785271e-01, 2.101932477672e-05, 2.2409e-01, 5.3570e-03, 
 2DIAGNOSTIC,    45, -9.465947747231e-01, 2.747767211986e-05, 2.2753e-01, 3.4401e-03, 
 2DIAGNOSTIC,    46, -9.465447664261e-01, 2.988850428665e-05, 2.3135e-01, 3.8152e-03, 
 2DIAGNOSTIC,    47, -9.466287493706e-01, 3.002787525475e-05, 2.3519e-01, 3.8462e-03, 
 2DIAGNOSTIC,    48, -9.469582438469e-01, 2.918307836808e-05, 2.3864e-01, 3.4430e-03, 
 2DIAGNOSTIC,    49, -9.469969868660e-01, 2.617454447318e-05, 2.4212e-01, 3.4819e-03, 
 2DIAGNOSTIC,    50, -9.471296668053e-01, 2.237246008008e-05, 2.4599e-01, 3.8722e-03, 
 2DIAGNOSTIC,    51, -9.472303986549e-01, 1.930557118612e-05, 2.4982e-01, 3.8331e-03, 
 2DIAGNOSTIC,    52, -9.473150968552e-01, 1.599611096026e-05, 2.5328e-01, 3.4540e-03, 
 2DIAGNOSTIC,    53, -9.476720094681e-01, 1.678916669334e-05, 2.5749e-01, 4.2090e-03, 
 2DIAGNOSTIC,    54, -9.477217793465e-01, 1.631515806366e-05, 2.6170e-01, 4.2140e-03, 
 2DIAGNOSTIC,    55, -9.474303126335e-01, 1.468379741709e-05, 2.6551e-01, 3.8121e-03, 
 2DIAGNOSTIC,    56, -9.474213719368e-01, 1.151419292000e-05, 2.6933e-01, 3.8199e-03, 
 2DIAGNOSTIC,    57, -9.474549293518e-01, 7.978790563357e-06, 2.7315e-01, 3.8180e-03, 
 2DIAGNOSTIC,    58, -9.474554657936e-01, 5.559160399571e-06, 2.7697e-01, 3.8240e-03, 
 2DIAGNOSTIC,    59, -9.474470019341e-01, 2.891406666095e-06, 2.8078e-01, 3.8021e-03, 
DIAGNOSTIC,Iteration,metricValue,convergenceValue,ITERATION_TIME_INDEX,SINCE_LAST
 2DIAGNOSTIC,     1, -8.586973547935e-01, inf, 3.8019e-01, 9.9418e-02, 
 2DIAGNOSTIC,     2, -8.589568734169e-01, inf, 4.0263e-01, 2.2439e-02, 
 2DIAGNOSTIC,     3, -8.593547940254e-01, inf, 4.2497e-01, 2.2333e-02, 
 2DIAGNOSTIC,     4, -8.599541187286e-01, inf, 4.4722e-01, 2.2251e-02, 
 2DIAGNOSTIC,     5, -8.607345819473e-01, inf, 4.6955e-01, 2.2331e-02, 
 2DIAGNOSTIC,     6, -8.615815043449e-01, inf, 4.9193e-01, 2.2380e-02, 
 2DIAGNOSTIC,     7, -8.623456358910e-01, inf, 5.1437e-01, 2.2446e-02, 
 2DIAGNOSTIC,     8, -8.629501461983e-01, inf, 5.4662e-01, 3.2244e-02, 
 2DIAGNOSTIC,     9, -8.631211519241e-01, inf, 5.6892e-01, 2.2304e-02, 
 2DIAGNOSTIC,    10, -8.634462356567e-01, 4.047720576636e-04, 5.9390e-01, 2.4980e-02, 
 2DIAGNOSTIC,    11, -8.635620474815e-01, 3.497652069200e-04, 6.2629e-01, 3.2391e-02, 
 2DIAGNOSTIC,    12, -8.635205030441e-01, 2.786703116726e-04, 6.5126e-01, 2.4970e-02, 
 2DIAGNOSTIC,    13, -8.635007143021e-01, 2.032190241152e-04, 6.7406e-01, 2.2801e-02, 
 2DIAGNOSTIC,    14, -8.638608455658e-01, 1.428341638530e-04, 6.9659e-01, 2.2523e-02, 
 2DIAGNOSTIC,    15, -8.640786409378e-01, 9.912441601045e-05, 7.2406e-01, 2.7472e-02, 
 2DIAGNOSTIC,    16, -8.640977740288e-01, 6.948987720534e-05, 7.4910e-01, 2.5042e-02, 
 2DIAGNOSTIC,    17, -8.640878200531e-01, 5.172678356757e-05, 7.7188e-01, 2.2782e-02, 
 2DIAGNOSTIC,    18, -8.641257882118e-01, 4.317551065469e-05, 7.9451e-01, 2.2626e-02, 
 2DIAGNOSTIC,    19, -8.641697764397e-01, 3.513554474921e-05, 8.1955e-01, 2.5045e-02, 
 2DIAGNOSTIC,    20, -8.641765713692e-01, 3.009209285665e-05, 8.4461e-01, 2.5052e-02, 
 2DIAGNOSTIC,    21, -8.642255663872e-01, 2.556566505518e-05, 8.6718e-01, 2.2574e-02, 
 2DIAGNOSTIC,    22, -8.642148375511e-01, 1.854053152783e-05, 8.9240e-01, 2.5217e-02, 
 2DIAGNOSTIC,    23, -8.642610311508e-01, 1.080398942577e-05, 9.1737e-01, 2.4969e-02, 
 2DIAGNOSTIC,    24, -8.643038272858e-01, 8.254382919404e-06, 9.4987e-01, 3.2504e-02, 
 2DIAGNOSTIC,    25, -8.642969131470e-01, 8.019229426282e-06, 9.7235e-01, 2.2483e-02, 
 2DIAGNOSTIC,    26, -8.643254041672e-01, 7.797928446962e-06, 9.9509e-01, 2.2733e-02, 
 2DIAGNOSTIC,    27, -8.643658161163e-01, 7.335415830312e-06, 1.0176e+00, 2.2483e-02, 
 2DIAGNOSTIC,    28, -8.644261360168e-01, 7.455449122062e-06, 1.0450e+00, 2.7474e-02, 
 2DIAGNOSTIC,    29, -8.644478917122e-01, 7.700940841460e-06, 1.0704e+00, 2.5320e-02, 
 2DIAGNOSTIC,    30, -8.644748330116e-01, 7.674198059249e-06, 1.0955e+00, 2.5100e-02, 
 2DIAGNOSTIC,    31, -8.644934892654e-01, 7.757037565170e-06, 1.1205e+00, 2.4989e-02, 
 2DIAGNOSTIC,    32, -8.645150661469e-01, 7.290221674339e-06, 1.1430e+00, 2.2580e-02, 
 2DIAGNOSTIC,    33, -8.645372390747e-01, 6.916314305272e-06, 1.1683e+00, 2.5299e-02, 
 2DIAGNOSTIC,    34, -8.645570278168e-01, 6.609693173232e-06, 1.1958e+00, 2.7519e-02, 
 2DIAGNOSTIC,    35, -8.645761609077e-01, 5.897475602978e-06, 1.2185e+00, 2.2668e-02, 
 2DIAGNOSTIC,    36, -8.645949959755e-01, 5.178595529287e-06, 1.2436e+00, 2.5094e-02, 
 2DIAGNOSTIC,    37, -8.646141290665e-01, 4.606122274708e-06, 1.2690e+00, 2.5420e-02, 
 2DIAGNOSTIC,    38, -8.646302223206e-01, 4.364423602965e-06, 1.2917e+00, 2.2690e-02, 
 2DIAGNOSTIC,    39, -8.646458387375e-01, 4.109357632842e-06, 1.3193e+00, 2.7620e-02, 
 2DIAGNOSTIC,    40, -8.646630048752e-01, 3.913338787243e-06, 1.3420e+00, 2.2701e-02, 
 2DIAGNOSTIC,    41, -8.646754026413e-01, 3.674470463011e-06, 1.3671e+00, 2.5017e-02, 
 2DIAGNOSTIC,    42, -8.646920919418e-01, 3.466784846751e-06, 1.3923e+00, 2.5217e-02, 
 2DIAGNOSTIC,    43, -8.647033572197e-01, 3.262265408921e-06, 1.4150e+00, 2.2771e-02, 
 2DIAGNOSTIC,    44, -8.647191524506e-01, 3.089795654887e-06, 1.4401e+00, 2.5052e-02, 
 2DIAGNOSTIC,    45, -8.647295236588e-01, 2.910938974310e-06, 1.4651e+00, 2.5035e-02, 
 2DIAGNOSTIC,    46, -8.647425174713e-01, 2.754184151854e-06, 1.4880e+00, 2.2856e-02, 
 2DIAGNOSTIC,    47, -8.647534847260e-01, 2.615002813400e-06, 1.5131e+00, 2.5105e-02, 
 2DIAGNOSTIC,    48, -8.647680282593e-01, 2.503778887331e-06, 1.5383e+00, 2.5186e-02, 
 2DIAGNOSTIC,    49, -8.647763133049e-01, 2.377985083513e-06, 1.5612e+00, 2.2895e-02, 
 2DIAGNOSTIC,    50, -8.647876381874e-01, 2.278181000293e-06, 1.5863e+00, 2.5091e-02, 
 2DIAGNOSTIC,    51, -8.647956252098e-01, 2.154028152290e-06, 1.6113e+00, 2.5016e-02, 
 2DIAGNOSTIC,    52, -8.648056983948e-01, 2.055936874967e-06, 1.6363e+00, 2.5000e-02, 
 2DIAGNOSTIC,    53, -8.648117780685e-01, 1.927961648107e-06, 1.6613e+00, 2.5021e-02, 
 2DIAGNOSTIC,    54, -8.648215532303e-01, 1.832386146816e-06, 1.6864e+00, 2.5091e-02, 
 2DIAGNOSTIC,    55, -8.648274540901e-01, 1.716511746963e-06, 1.7114e+00, 2.5007e-02, 
 2DIAGNOSTIC,    56, -8.648366928101e-01, 1.625114691706e-06, 1.7365e+00, 2.5051e-02, 
 2DIAGNOSTIC,    57, -8.648422956467e-01, 1.528800339656e-06, 1.7590e+00, 2.2582e-02, 
 2DIAGNOSTIC,    58, -8.648498058319e-01, 1.467077709094e-06, 1.7865e+00, 2.7444e-02, 
 2DIAGNOSTIC,    59, -8.648554086685e-01, 1.395103709001e-06, 1.8090e+00, 2.2523e-02, 
 2DIAGNOSTIC,    60, -8.648611903191e-01, 1.336186755907e-06, 1.8341e+00, 2.5074e-02, 
 2DIAGNOSTIC,    61, -8.648664951324e-01, 1.272148779208e-06, 1.8593e+00, 2.5185e-02, 
 2DIAGNOSTIC,    62, -8.648720383644e-01, 1.220272679348e-06, 1.8843e+00, 2.5087e-02, 
 2DIAGNOSTIC,    63, -8.648750782013e-01, 1.148449428001e-06, 1.9094e+00, 2.5020e-02, 
 2DIAGNOSTIC,    64, -8.648806810379e-01, 1.095772404369e-06, 1.9371e+00, 2.7735e-02, 
 2DIAGNOSTIC,    65, -8.648815155029e-01, 1.019940441438e-06, 1.9622e+00, 2.5092e-02, 
DIAGNOSTIC,Iteration,metricValue,convergenceValue,ITERATION_TIME_INDEX,SINCE_LAST
 2DIAGNOSTIC,     1, -7.727046012878e-01, inf, 2.0710e+00, 1.0882e-01, 
 2DIAGNOSTIC,     2, -7.730112075806e-01, inf, 2.0948e+00, 2.3754e-02, 
 2DIAGNOSTIC,     3, -7.733778953552e-01, inf, 2.1173e+00, 2.2532e-02, 
 2DIAGNOSTIC,     4, -7.739307880402e-01, inf, 2.1396e+00, 2.2345e-02, 
 2DIAGNOSTIC,     5, -7.748400568962e-01, inf, 2.1620e+00, 2.2345e-02, 
 2DIAGNOSTIC,     6, -7.761015295982e-01, inf, 2.1843e+00, 2.2354e-02, 
 2DIAGNOSTIC,     7, -7.771563529968e-01, inf, 2.2092e+00, 2.4806e-02, 
 2DIAGNOSTIC,     8, -7.777931094170e-01, inf, 2.2440e+00, 3.4864e-02, 
 2DIAGNOSTIC,     9, -7.789590954781e-01, inf, 2.2664e+00, 2.2357e-02, 
 2DIAGNOSTIC,    10, -7.790863513947e-01, 6.037752027623e-04, 2.2891e+00, 2.2756e-02, 
 2DIAGNOSTIC,    11, -7.793780565262e-01, 5.501579144038e-04, 2.3116e+00, 2.2482e-02, 
 2DIAGNOSTIC,    12, -7.797929644585e-01, 4.783977929037e-04, 2.3341e+00, 2.2503e-02, 
 2DIAGNOSTIC,    13, -7.801422476768e-01, 3.946512297262e-04, 2.3616e+00, 2.7505e-02, 
 2DIAGNOSTIC,    14, -7.808181047440e-01, 3.189659328200e-04, 2.3941e+00, 3.2484e-02, 
 2DIAGNOSTIC,    15, -7.807616591454e-01, 2.446011349093e-04, 2.4168e+00, 2.2708e-02, 
 2DIAGNOSTIC,    16, -7.811476588249e-01, 1.950926671270e-04, 2.4395e+00, 2.2671e-02, 
 2DIAGNOSTIC,    17, -7.814993262291e-01, 1.636325177969e-04, 2.4645e+00, 2.5013e-02, 
 2DIAGNOSTIC,    18, -7.816599607468e-01, 1.360465248581e-04, 2.4871e+00, 2.2580e-02, 
 2DIAGNOSTIC,    19, -7.819764018059e-01, 1.274354435736e-04, 2.5121e+00, 2.4995e-02, 
 2DIAGNOSTIC,    20, -7.821159362793e-01, 1.128386284108e-04, 2.5346e+00, 2.2568e-02, 
 2DIAGNOSTIC,    21, -7.828887701035e-01, 1.077468041331e-04, 2.5622e+00, 2.7526e-02, 
 2DIAGNOSTIC,    22, -7.833303809166e-01, 1.069788922905e-04, 2.6022e+00, 4.0043e-02, 
 2DIAGNOSTIC,    23, -7.833372354507e-01, 1.017391550704e-04, 2.6272e+00, 2.5009e-02, 
 2DIAGNOSTIC,    24, -7.833374142647e-01, 9.816268720897e-05, 2.6522e+00, 2.4995e-02, 
 2DIAGNOSTIC,    25, -7.833365201950e-01, 8.489723404637e-05, 2.6772e+00, 2.5023e-02, 
 2DIAGNOSTIC,    26, -7.832893729210e-01, 6.929317896720e-05, 2.7072e+00, 3.0005e-02, 
 2DIAGNOSTIC,    27, -7.832887768745e-01, 5.307880564942e-05, 2.7323e+00, 2.5069e-02, 
 2DIAGNOSTIC,    28, -7.832615375519e-01, 3.490782910376e-05, 2.7573e+00, 2.4984e-02, 
 2DIAGNOSTIC,    29, -7.832566499710e-01, 1.887938378786e-05, 2.7799e+00, 2.2583e-02, 
 2DIAGNOSTIC,    30, -7.832815051079e-01, 4.036752670800e-06, 2.8023e+00, 2.2472e-02, 
DIAGNOSTIC,Iteration,metricValue,convergenceValue,ITERATION_TIME_INDEX,SINCE_LAST
 2DIAGNOSTIC,     1, -7.241243124008e-01, inf, 3.1447e+00, 3.4238e-01, 
  Elapsed time (stage 1): 3.5002e+00


Stage 2
  iterations = 120x80x40x0
  convergence threshold = 1.0000e-07
  convergence window size = 8
  number of levels = 4
  using the CC metric (radius = 32, weight = 1.0000e+00, use gradient filter = 0)
  preprocessing:  histogram matching the images
  Shrink factors (level 1 out of 4): [8, 8, 8]
  Shrink factors (level 2 out of 4): [4, 4, 4]
  Shrink factors (level 3 out of 4): [2, 2, 2]
  Shrink factors (level 4 out of 4): [1, 1, 1]
  smoothing sigmas per level: [3, 2, 1, 0]
  Using default NONE metricSamplingStrategy 

*** Running SyN registration (varianceForUpdateField = 3.0000e+00, varianceForTotalField = 0.0000e+00) ***

XXDIAGNOSTIC,Iteration,metricValue,convergenceValue,ITERATION_TIME_INDEX,SINCE_LAST
 1DIAGNOSTIC,     1, -7.983092069626e-01, inf, 5.4058e-01, 5.4057e-01, 
 1DIAGNOSTIC,     2, -8.192131519318e-01, inf, 1.0254e+00, 4.8479e-01, 
 1DIAGNOSTIC,     3, -8.347725272179e-01, inf, 1.5120e+00, 4.8663e-01, 
 1DIAGNOSTIC,     4, -8.451802730560e-01, inf, 1.9983e+00, 4.8631e-01, 
 1DIAGNOSTIC,     5, -8.518672585487e-01, inf, 2.4853e+00, 4.8697e-01, 
 1DIAGNOSTIC,     6, -8.565329313278e-01, inf, 2.9698e+00, 4.8456e-01, 
 1DIAGNOSTIC,     7, -8.598589897156e-01, inf, 3.4549e+00, 4.8504e-01, 
 1DIAGNOSTIC,     8, -8.623046278954e-01, 5.815240554512e-03, 3.9415e+00, 4.8662e-01, 
 1DIAGNOSTIC,     9, -8.638652563095e-01, 3.552068956196e-03, 4.4279e+00, 4.8640e-01, 
 1DIAGNOSTIC,    10, -8.655197620392e-01, 2.196319866925e-03, 4.9149e+00, 4.8699e-01, 
 1DIAGNOSTIC,    11, -8.664445877075e-01, 1.405277173035e-03, 5.4019e+00, 4.8703e-01, 
 1DIAGNOSTIC,    12, -8.669127821922e-01, 9.259895887226e-04, 5.8876e+00, 4.8565e-01, 
 1DIAGNOSTIC,    13, -8.671799302101e-01, 6.119531462900e-04, 6.3734e+00, 4.8579e-01, 
 1DIAGNOSTIC,    14, -8.675879836082e-01, 4.057146725245e-04, 6.8588e+00, 4.8542e-01, 
 1DIAGNOSTIC,    15, -8.675376772881e-01, 2.592249948066e-04, 7.3446e+00, 4.8581e-01, 
 1DIAGNOSTIC,    16, -8.677039146423e-01, 1.620564580662e-04, 7.8308e+00, 4.8624e-01, 
 1DIAGNOSTIC,    17, -8.674620985985e-01, 8.504458673997e-05, 8.3166e+00, 4.8582e-01, 
 1DIAGNOSTIC,    18, -8.678544163704e-01, 5.122104266775e-05, 8.8043e+00, 4.8767e-01, 
 1DIAGNOSTIC,    19, -8.678398132324e-01, 3.325935904286e-05, 9.2902e+00, 4.8593e-01, 
 1DIAGNOSTIC,    20, -8.679913282394e-01, 2.549346754677e-05, 9.7761e+00, 4.8585e-01, 
 1DIAGNOSTIC,    21, -8.679999113083e-01, 2.033488817688e-05, 1.0263e+01, 4.8644e-01, 
 1DIAGNOSTIC,    22, -8.675241470337e-01, 1.168955895992e-05, 1.0748e+01, 4.8591e-01, 
 1DIAGNOSTIC,    23, -8.675064444542e-01, 1.169412371382e-06, 1.1236e+01, 4.8748e-01, 
 1DIAGNOSTIC,    24, -8.678753972054e-01, 6.846047995168e-07, 1.1722e+01, 4.8585e-01, 
 1DIAGNOSTIC,    25, -8.679158687592e-01, -3.147400548187e-06, 1.2206e+01, 4.8471e-01, 
XXDIAGNOSTIC,Iteration,metricValue,convergenceValue,ITERATION_TIME_INDEX,SINCE_LAST
 1DIAGNOSTIC,     1, -8.256328105927e-01, inf, 1.7564e+01, 5.3576e+00, 
 1DIAGNOSTIC,     2, -8.323082923889e-01, inf, 2.2878e+01, 5.3145e+00, 
 1DIAGNOSTIC,     3, -8.387122750282e-01, inf, 2.8194e+01, 5.3159e+00, 
 1DIAGNOSTIC,     4, -8.434863686562e-01, inf, 3.3511e+01, 5.3168e+00, 
 1DIAGNOSTIC,     5, -8.479405045509e-01, inf, 3.8901e+01, 5.3902e+00, 
 1DIAGNOSTIC,     6, -8.512786626816e-01, inf, 4.4356e+01, 5.4542e+00, 
 1DIAGNOSTIC,     7, -8.539263010025e-01, inf, 4.9785e+01, 5.4291e+00, 
 1DIAGNOSTIC,     8, -8.559920787811e-01, 2.934254473075e-03, 5.5217e+01, 5.4319e+00, 
 1DIAGNOSTIC,     9, -8.577715158463e-01, 2.145198872313e-03, 6.0587e+01, 5.3702e+00, 
 1DIAGNOSTIC,    10, -8.592988252640e-01, 1.560168806463e-03, 6.5921e+01, 5.3341e+00, 
 1DIAGNOSTIC,    11, -8.605545759201e-01, 1.154695986770e-03, 7.1259e+01, 5.3384e+00, 
 1DIAGNOSTIC,    12, -8.616216182709e-01, 8.570532081649e-04, 7.6604e+01, 5.3452e+00, 
 1DIAGNOSTIC,    13, -8.625718355179e-01, 6.565044750459e-04, 8.1935e+01, 5.3300e+00, 
 1DIAGNOSTIC,    14, -8.632959723473e-01, 5.114820087329e-04, 8.7288e+01, 5.3533e+00, 
 1DIAGNOSTIC,    15, -8.639273643494e-01, 4.034188459627e-04, 9.2607e+01, 5.3195e+00, 
 1DIAGNOSTIC,    16, -8.644264936447e-01, 3.174401063006e-04, 9.7927e+01, 5.3199e+00, 
 1DIAGNOSTIC,    17, -8.650188446045e-01, 2.535954699852e-04, 1.0324e+02, 5.3177e+00, 
 1DIAGNOSTIC,    18, -8.654471635818e-01, 2.051459014183e-04, 1.0856e+02, 5.3200e+00, 
 1DIAGNOSTIC,    19, -8.659891486168e-01, 1.713136298349e-04, 1.1388e+02, 5.3185e+00, 
 1DIAGNOSTIC,    20, -8.663470149040e-01, 1.454327139072e-04, 1.1920e+02, 5.3203e+00, 
 1DIAGNOSTIC,    21, -8.667016625404e-01, 1.266085164389e-04, 1.2453e+02, 5.3227e+00, 
 1DIAGNOSTIC,    22, -8.669519424438e-01, 1.094101462513e-04, 1.2985e+02, 5.3202e+00, 
 1DIAGNOSTIC,    23, -8.672361969948e-01, 9.429077181267e-05, 1.3518e+02, 5.3330e+00, 
 1DIAGNOSTIC,    24, -8.674758672714e-01, 7.940980140120e-05, 1.4050e+02, 5.3195e+00, 
 1DIAGNOSTIC,    25, -8.677414655685e-01, 6.839123670943e-05, 1.4582e+02, 5.3201e+00, 
 1DIAGNOSTIC,    26, -8.679577112198e-01, 5.849209264852e-05, 1.5115e+02, 5.3266e+00, 
 1DIAGNOSTIC,    27, -8.681734800339e-01, 5.241186227067e-05, 1.5660e+02, 5.4583e+00, 
 1DIAGNOSTIC,    28, -8.684050440788e-01, 4.782018004335e-05, 1.6207e+02, 5.4617e+00, 
 1DIAGNOSTIC,    29, -8.685300350189e-01, 4.343896216596e-05, 1.6751e+02, 5.4394e+00, 
 1DIAGNOSTIC,    30, -8.687109351158e-01, 3.901276068063e-05, 1.7296e+02, 5.4580e+00, 
 1DIAGNOSTIC,    31, -8.688741922379e-01, 3.516759534250e-05, 1.7840e+02, 5.4375e+00, 
 1DIAGNOSTIC,    32, -8.690530657768e-01, 3.185288369423e-05, 1.8374e+02, 5.3421e+00, 
 1DIAGNOSTIC,    33, -8.691761493683e-01, 2.901226253016e-05, 1.8907e+02, 5.3293e+00, 
 1DIAGNOSTIC,    34, -8.693102598190e-01, 2.642341860337e-05, 1.9440e+02, 5.3302e+00, 
 1DIAGNOSTIC,    35, -8.694655895233e-01, 2.451468935760e-05, 1.9973e+02, 5.3277e+00, 
 1DIAGNOSTIC,    36, -8.695909380913e-01, 2.326870890101e-05, 2.0505e+02, 5.3220e+00, 
 1DIAGNOSTIC,    37, -8.697223663330e-01, 2.162149394280e-05, 2.1037e+02, 5.3191e+00, 
 1DIAGNOSTIC,    38, -8.698254227638e-01, 2.004447014770e-05, 2.1570e+02, 5.3300e+00, 
 1DIAGNOSTIC,    39, -8.699388504028e-01, 1.858896575868e-05, 2.2102e+02, 5.3227e+00, 
 1DIAGNOSTIC,    40, -8.699880838394e-01, 1.690331009740e-05, 2.2635e+02, 5.3218e+00, 
 1DIAGNOSTIC,    41, -8.701002597809e-01, 1.527067797724e-05, 2.3167e+02, 5.3229e+00, 
 1DIAGNOSTIC,    42, -8.701384067535e-01, 1.322924708802e-05, 2.3699e+02, 5.3232e+00, 
 1DIAGNOSTIC,    43, -8.702616095543e-01, 1.208943103848e-05, 2.4232e+02, 5.3236e+00, 
 1DIAGNOSTIC,    44, -8.703148961067e-01, 1.096869527828e-05, 2.4764e+02, 5.3220e+00, 
 1DIAGNOSTIC,    45, -8.704061508179e-01, 1.040970983013e-05, 2.5296e+02, 5.3236e+00, 
 1DIAGNOSTIC,    46, -8.704416155815e-01, 9.661075637268e-06, 2.5829e+02, 5.3247e+00, 
 1DIAGNOSTIC,    47, -8.705412149429e-01, 9.475506885792e-06, 2.6361e+02, 5.3227e+00, 
 1DIAGNOSTIC,    48, -8.706151247025e-01, 9.024877726915e-06, 2.6895e+02, 5.3379e+00, 
 1DIAGNOSTIC,    49, -8.706529736519e-01, 8.621535016573e-06, 2.7439e+02, 5.4443e+00, 
 1DIAGNOSTIC,    50, -8.706944584846e-01, 7.710435056651e-06, 2.7985e+02, 5.4566e+00, 
 1DIAGNOSTIC,    51, -8.707642555237e-01, 7.328765605052e-06, 2.8530e+02, 5.4493e+00, 
 1DIAGNOSTIC,    52, -8.708068132401e-01, 6.709048193443e-06, 2.9071e+02, 5.4115e+00, 
 1DIAGNOSTIC,    53, -8.708765506744e-01, 6.469305390056e-06, 2.9605e+02, 5.3454e+00, 
 1DIAGNOSTIC,    54, -8.709400296211e-01, 6.116980330262e-06, 3.0139e+02, 5.3337e+00, 
 1DIAGNOSTIC,    55, -8.710116147995e-01, 6.221968305908e-06, 3.0673e+02, 5.3381e+00, 
 1DIAGNOSTIC,    56, -8.710490465164e-01, 6.302933343250e-06, 3.1206e+02, 5.3333e+00, 
 1DIAGNOSTIC,    57, -8.711076974869e-01, 6.232085979718e-06, 3.1740e+02, 5.3375e+00, 
 1DIAGNOSTIC,    58, -8.711395859718e-01, 5.834562671225e-06, 3.2274e+02, 5.3488e+00, 
 1DIAGNOSTIC,    59, -8.712308406830e-01, 5.784858331026e-06, 3.2807e+02, 5.3240e+00, 
 1DIAGNOSTIC,    60, -8.713803291321e-01, 6.257100267248e-06, 3.3339e+02, 5.3224e+00, 
 1DIAGNOSTIC,    61, -8.714286088943e-01, 6.650229352090e-06, 3.3872e+02, 5.3240e+00, 
 1DIAGNOSTIC,    62, -8.715486526489e-01, 7.340747288254e-06, 3.4404e+02, 5.3248e+00, 
 1DIAGNOSTIC,    63, -8.717263936996e-01, 8.591309779149e-06, 3.4937e+02, 5.3273e+00, 
 1DIAGNOSTIC,    64, -8.716830015182e-01, 8.546113349439e-06, 3.5469e+02, 5.3249e+00, 
 1DIAGNOSTIC,    65, -8.717359304428e-01, 8.044899004744e-06, 3.6002e+02, 5.3238e+00, 
 1DIAGNOSTIC,    66, -8.717098236084e-01, 6.462973033194e-06, 3.6534e+02, 5.3253e+00, 
 1DIAGNOSTIC,    67, -8.717329502106e-01, 4.714958777186e-06, 3.7066e+02, 5.3210e+00, 
 1DIAGNOSTIC,    68, -8.717118501663e-01, 3.176826567142e-06, 3.7599e+02, 5.3286e+00, 
 1DIAGNOSTIC,    69, -8.718873262405e-01, 2.614837285364e-06, 3.8131e+02, 5.3233e+00, 
 1DIAGNOSTIC,    70, -8.716981410980e-01, 1.321345393990e-06, 3.8671e+02, 5.3922e+00, 
 1DIAGNOSTIC,    71, -8.718537092209e-01, 1.899218318613e-06, 3.9219e+02, 5.4874e+00, 
 1DIAGNOSTIC,    72, -8.720024824142e-01, 2.803606093948e-06, 3.9770e+02, 5.5056e+00, 
 1DIAGNOSTIC,    73, -8.720951676369e-01, 4.136835286772e-06, 4.0319e+02, 5.4874e+00, 
 1DIAGNOSTIC,    74, -8.721663951874e-01, 5.173000317882e-06, 4.0867e+02, 5.4872e+00, 
 1DIAGNOSTIC,    75, -8.722389340401e-01, 6.009295702825e-06, 4.1407e+02, 5.3953e+00, 
 1DIAGNOSTIC,    76, -8.723223805428e-01, 6.273991857597e-06, 4.1940e+02, 5.3270e+00, 
 1DIAGNOSTIC,    77, -8.723822236061e-01, 6.930059953447e-06, 4.2472e+02, 5.3215e+00, 
 1DIAGNOSTIC,    78, -8.724547624588e-01, 6.002249392623e-06, 4.3006e+02, 5.3376e+00, 
 1DIAGNOSTIC,    79, -8.725061416626e-01, 5.320613126969e-06, 4.3538e+02, 5.3233e+00, 
 1DIAGNOSTIC,    80, -8.725430369377e-01, 4.863687536272e-06, 4.4070e+02, 5.3216e+00, 
XXDIAGNOSTIC,Iteration,metricValue,convergenceValue,ITERATION_TIME_INDEX,SINCE_LAST
 1DIAGNOSTIC,     1, -8.081583976746e-01, inf, 4.9800e+02, 5.7303e+01, 
 1DIAGNOSTIC,     2, -8.093042969704e-01, inf, 5.5578e+02, 5.7781e+01, 
 1DIAGNOSTIC,     3, -8.113069534302e-01, inf, 6.1314e+02, 5.7351e+01, 
 1DIAGNOSTIC,     4, -8.132987022400e-01, inf, 6.7161e+02, 5.8479e+01, 
 1DIAGNOSTIC,     5, -8.150467872620e-01, inf, 7.2912e+02, 5.7506e+01, 
 1DIAGNOSTIC,     6, -8.166143894196e-01, inf, 7.8732e+02, 5.8203e+01, 
 1DIAGNOSTIC,     7, -8.179616928101e-01, inf, 8.4476e+02, 5.7441e+01, 
 1DIAGNOSTIC,     8, -8.192415237427e-01, 1.171261072159e-03, 9.0303e+02, 5.8261e+01, 
 1DIAGNOSTIC,     9, -8.203684091568e-01, 9.910981170833e-04, 9.6042e+02, 5.7390e+01, 
 1DIAGNOSTIC,    10, -8.213181495667e-01, 8.016481297091e-04, 1.0185e+03, 5.8123e+01, 
 1DIAGNOSTIC,    11, -8.221895098686e-01, 6.482136668637e-04, 1.0760e+03, 5.7418e+01, 
 1DIAGNOSTIC,    12, -8.228949308395e-01, 5.265417275950e-04, 1.1345e+03, 5.8562e+01, 
 1DIAGNOSTIC,    13, -8.236203193665e-01, 4.314112593420e-04, 1.1918e+03, 5.7260e+01, 
 1DIAGNOSTIC,    14, -8.242248892784e-01, 3.556252340786e-04, 1.2500e+03, 5.8269e+01, 
 1DIAGNOSTIC,    15, -8.248053193092e-01, 2.947162720375e-04, 1.3075e+03, 5.7407e+01, 
 1DIAGNOSTIC,    16, -8.253076076508e-01, 2.472612250131e-04, 1.3658e+03, 5.8298e+01, 
 1DIAGNOSTIC,    17, -8.257962465286e-01, 2.108473127009e-04, 1.4229e+03, 5.7170e+01, 
 1DIAGNOSTIC,    18, -8.261504173279e-01, 1.793194242055e-04, 1.4812e+03, 5.8286e+01, 
 1DIAGNOSTIC,    19, -8.265335559845e-01, 1.537631615065e-04, 1.5387e+03, 5.7523e+01, 
 1DIAGNOSTIC,    20, -8.267471790314e-01, 1.283249002881e-04, 1.5971e+03, 5.8365e+01, 
 1DIAGNOSTIC,    21, -8.269550800323e-01, 1.059484566213e-04, 1.6543e+03, 5.7235e+01, 
 1DIAGNOSTIC,    22, -8.272202014923e-01, 8.729130786378e-05, 1.7123e+03, 5.8001e+01, 
 1DIAGNOSTIC,    23, -8.274641633034e-01, 7.301217556233e-05, 1.7698e+03, 5.7451e+01, 
 1DIAGNOSTIC,    24, -8.276944756508e-01, 6.250559818000e-05, 1.8282e+03, 5.8457e+01, 
 1DIAGNOSTIC,    25, -8.278999328613e-01, 5.579434946412e-05, 1.8855e+03, 5.7234e+01, 
 1DIAGNOSTIC,    26, -8.280626535416e-01, 5.004903141526e-05, 1.9434e+03, 5.7932e+01, 
 1DIAGNOSTIC,    27, -8.282432556152e-01, 4.648170215660e-05, 2.0007e+03, 5.7318e+01, 
 1DIAGNOSTIC,    28, -8.284257054329e-01, 4.256423562765e-05, 2.0590e+03, 5.8267e+01, 
 1DIAGNOSTIC,    29, -8.285474181175e-01, 3.767924135900e-05, 2.1164e+03, 5.7389e+01, 
 1DIAGNOSTIC,    30, -8.286545276642e-01, 3.306072176201e-05, 2.1744e+03, 5.8007e+01, 
 1DIAGNOSTIC,    31, -8.287731409073e-01, 2.901510924858e-05, 2.2316e+03, 5.7193e+01, 
 1DIAGNOSTIC,    32, -8.290113210678e-01, 2.731671338552e-05, 2.2899e+03, 5.8349e+01, 
 1DIAGNOSTIC,    33, -8.290863037109e-01, 2.545496317907e-05, 2.3473e+03, 5.7398e+01, 
 1DIAGNOSTIC,    34, -8.292914628983e-01, 2.476244117133e-05, 2.4053e+03, 5.7974e+01, 
 1DIAGNOSTIC,    35, -8.294401168823e-01, 2.456299080222e-05, 2.4625e+03, 5.7227e+01, 
 1DIAGNOSTIC,    36, -8.295403122902e-01, 2.421066892566e-05, 2.5209e+03, 5.8336e+01, 
 1DIAGNOSTIC,    37, -8.296060562134e-01, 2.262512498419e-05, 2.5782e+03, 5.7382e+01, 
 1DIAGNOSTIC,    38, -8.296635746956e-01, 1.977197098313e-05, 2.6361e+03, 5.7877e+01, 
 1DIAGNOSTIC,    39, -8.298091888428e-01, 1.710940705379e-05, 2.6937e+03, 5.7563e+01, 
 1DIAGNOSTIC,    40, -8.299196958542e-01, 1.589645762579e-05, 2.7520e+03, 5.8296e+01, 
  Elapsed time (stage 2): 2753


Total elapsed time: 2758
Using double precision for computations.
Input scalar image: 0x7fbfaec83088
Could not create ImageIO for the input file, assuming dimension = 3 and scalar pixel type
Reference image: 0x7fbfaec83008
=============================================================================
The composite transform comprises the following transforms (in order): 
  1. /resnick/groups/Proberlab/yun/lightsheet/analysis_output/registration/hcrt-trpv1_huc-h2b-g8m_csn_120min/260525_hcrt-trpv1_huc-h2b-g8m_inj_hcrt-h2b-g8m_csn_10uM_fish2/expt_to_mean_affine.mat (type = AffineTransform)
  2. /resnick/groups/Proberlab/yun/lightsheet/analysis_output/registration/hcrt-trpv1_huc-h2b-g8m_csn_120min/260525_hcrt-trpv1_huc-h2b-g8m_inj_hcrt-h2b-g8m_csn_10uM_fish2/expt_to_mean_warp.nii.gz (type = DisplacementFieldTransform)
=============================================================================
Default pixel value: 0
Interpolation type: WindowedSincInterpolateImageFunction
Output warped image: 0x7fbfaec83048
✅ TMPDIR=/resnick/scratch/yun/tmp_ants | ITK threads=14

Loading mean brain: /resnick/groups/Proberlab/yun/lightsheet/analysis_output/registration/mean_brain_HCRT_TRPV1_YNT_ALL.nii.gz
Mean brain shape=(300, 564, 40), spacing=(1.5199999809265137, 1.5199999809265137, 6.25)

============================================================
  Registering: 260525_hcrt-trpv1_huc-h2b-g8m_inj_hcrt-h2b-g8m_csn_10uM_fish2
  proj_ID:     hcrt-trpv1_huc-h2b-g8m_csn_120min
============================================================
Loading volume mean (moving)...
Raw HDF5 shape (Z, X, Y): (40, 304, 556)
Transposed shape (X, Y, Z): (304, 556, 40)
Rotated shape (X, Y, Z): (304, 556, 40)
ANTsImage (RAI)
	 Pixel Type : float (float32)
	 Components : 1
	 Dimensions : (304, 556, 40)
	 Spacing    : (1.52, 1.52, 6.25)
	 Origin     : (0.0, 0.0, 0.0)
	 Direction  : [1. 0. 0. 0. 1. 0. 0. 0. 1.]

  [atlas] spacing=(1.5199999809265137, 1.5199999809265137, 6.25) origin=(454.4799942970276, 855.7599892616272, 243.75)
  [mov  ] spacing=(1.52, 1.52, 6.25) origin=(460.56, 843.6, 243.75)
Resampling to (3.0, 3.0, 3.0) µm...
Running SyN...
antsRegistration -d 3 -r /resnick/scratch/yun/tmp_ants/tmp84rix7a2.mat -m MI[0x7fbfaec82f48,0x7fbfaec82fe8,1,32,regular,0.2] -t Rigid[0.25] -c 2100x1200x1200x0 -s 3x2x1x0 -f 4x2x2x1 -x [NA,NA] -m MI[0x7fbfaec82f48,0x7fbfaec82fe8,1,32,regular,0.2] -t Affine[0.25] -c 2100x1200x1200x0 -s 3x2x1x0 -f 4x2x2x1 -x [NA,NA] -m CC[0x7fbfaec82f48,0x7fbfaec82fe8,1,32] -t SyN[0.200000,3.000000,0.000000] -c [120x80x40x0,1e-7,8] -s 3x2x1x0 -f 8x4x2x1 -u 1 -z 1 -o [/resnick/scratch/yun/tmp_ants/tmp73r0gjkd,0x7fbfaec83028,0x7fbfaec82fc8] -x [0x7fbfaec83048,0x7fbfaec83088] --float 1 --write-composite-transform 0 -v 1
SyN warp field saved: /resnick/groups/Proberlab/yun/lightsheet/analysis_output/registration/hcrt-trpv1_huc-h2b-g8m_csn_120min/260525_hcrt-trpv1_huc-h2b-g8m_inj_hcrt-h2b-g8m_csn_10uM_fish2/expt_to_mean_warp.nii.gz
SyN affine transform saved: /resnick/groups/Proberlab/yun/lightsheet/analysis_output/registration/hcrt-trpv1_huc-h2b-g8m_csn_120min/260525_hcrt-trpv1_huc-h2b-g8m_inj_hcrt-h2b-g8m_csn_10uM_fish2/expt_to_mean_affine.mat
Applying composite transform at full resolution...
['-d', '3', '-i', '0x7fbfaec83088', '-o', '0x7fbfaec83048', '-r', '0x7fbfaec83008', '-n', 'welchWindowedSinc', '-t', '/resnick/groups/Proberlab/yun/lightsheet/analysis_output/registration/hcrt-trpv1_huc-h2b-g8m_csn_120min/260525_hcrt-trpv1_huc-h2b-g8m_inj_hcrt-h2b-g8m_csn_10uM_fish2/expt_to_mean_warp.nii.gz', '-t', '/resnick/groups/Proberlab/yun/lightsheet/analysis_output/registration/hcrt-trpv1_huc-h2b-g8m_csn_120min/260525_hcrt-trpv1_huc-h2b-g8m_inj_hcrt-h2b-g8m_csn_10uM_fish2/expt_to_mean_affine.mat']
✅ Registered image saved: /resnick/groups/Proberlab/yun/lightsheet/analysis_output/registration/hcrt-trpv1_huc-h2b-g8m_csn_120min/260525_hcrt-trpv1_huc-h2b-g8m_inj_hcrt-h2b-g8m_csn_10uM_fish2/expt_to_mean_registered_final.nii.gz
Saving QC overlay...
  ✅ QC overlay saved: /resnick/groups/Proberlab/yun/lightsheet/analysis_output/registration/hcrt-trpv1_huc-h2b-g8m_csn_120min/260525_hcrt-trpv1_huc-h2b-g8m_inj_hcrt-h2b-g8m_csn_10uM_fish2/qc_registration_overlay.pdf

=== Registration complete: 260525_hcrt-trpv1_huc-h2b-g8m_inj_hcrt-h2b-g8m_csn_10uM_fish2 ===
