All_Command_lines_OK
Using single precision for computations.
=============================================================================
The composite transform comprises the following transforms (in order): 
  1. /resnick/scratch/yun/tmp_ants/tmp8txj7xy3.mat (type = AffineTransform)
=============================================================================
  Reading mask(s).
    Registration stage 0
      No fixed mask
      No moving mask
    Registration stage 1
      No fixed mask
      No moving mask
    Registration stage 2
      Fixed mask = 0x7fea947a6628
      Moving mask = 0x7fea947a6668
  number of levels = 4
  number of levels = 4
  number of levels = 4
  fixed image: 0x7fea947a6528
  moving image: 0x7fea947a65c8
  fixed image: 0x7fea947a6528
  moving image: 0x7fea947a65c8
  fixed image: 0x7fea947a6528
  moving image: 0x7fea947a65c8
Dimension = 3
Number of stages = 3
Use histogram matching = true
Winsorize image intensities = false
  Lower quantile = 0
  Upper quantile = 1


Stage 1 State
   Image metric = MattesMI
     Fixed image = Image (0x3fc0540)
  RTTI typeinfo:   itk::Image<float, 3u>
  Reference Count: 2
  Modified Time: 1332088
  Debug: Off
  Object Name: 
  Observers: 
    none
  Source: (none)
  Source output name: (none)
  Release Data: Off
  Data Released: False
  Global Release Data: Off
  PipelineMTime: 0
  UpdateMTime: 1332060
  RealTimeStamp: 0 seconds 
  LargestPossibleRegion: 
    Dimension: 3
    Index: [0, 0, 0]
    Size: [142, 276, 83]
  BufferedRegion: 
    Dimension: 3
    Index: [0, 0, 0]
    Size: [142, 276, 83]
  RequestedRegion: 
    Dimension: 3
    Index: [0, 0, 0]
    Size: [142, 276, 83]
  Spacing: [3, 3, 3]
  Origin: [424.08, 825.36, 243.75]
  Direction: 
-1 0 0
0 -1 0
0 0 -1

  IndexToPointMatrix: 
-3 0 0
0 -3 0
0 0 -3

  PointToIndexMatrix: 
-0.333333 0 0
0 -0.333333 0
0 0 -0.333333

  Inverse Direction: 
-1 0 0
0 -1 0
0 0 -1

  PixelContainer: 
    ImportImageContainer (0x3fa60d0)
      RTTI typeinfo:   itk::ImportImageContainer<unsigned long, float>
      Reference Count: 1
      Modified Time: 1332058
      Debug: Off
      Object Name: 
      Observers: 
        none
      Pointer: 0x106142d0
      Container manages memory: true
      Size: 3252936
      Capacity: 3252936

     Moving image = Image (0xdf81a60)
  RTTI typeinfo:   itk::Image<float, 3u>
  Reference Count: 2
  Modified Time: 1332089
  Debug: Off
  Object Name: 
  Observers: 
    none
  Source: (none)
  Source output name: (none)
  Release Data: Off
  Data Released: False
  Global Release Data: Off
  PipelineMTime: 0
  UpdateMTime: 1332086
  RealTimeStamp: 0 seconds 
  LargestPossibleRegion: 
    Dimension: 3
    Index: [0, 0, 0]
    Size: [142, 290, 83]
  BufferedRegion: 
    Dimension: 3
    Index: [0, 0, 0]
    Size: [142, 290, 83]
  RequestedRegion: 
    Dimension: 3
    Index: [0, 0, 0]
    Size: [142, 290, 83]
  Spacing: [3, 3, 3]
  Origin: [424.08, 867.92, 243.75]
  Direction: 
-1 0 0
0 -1 0
0 0 -1

  IndexToPointMatrix: 
-3 0 0
0 -3 0
0 0 -3

  PointToIndexMatrix: 
-0.333333 0 0
0 -0.333333 0
0 0 -0.333333

  Inverse Direction: 
-1 0 0
0 -1 0
0 0 -1

  PixelContainer: 
    ImportImageContainer (0x6acc640)
      RTTI typeinfo:   itk::ImportImageContainer<unsigned long, float>
      Reference Count: 1
      Modified Time: 1332084
      Debug: Off
      Object Name: 
      Observers: 
        none
      Pointer: 0x12ce11f0
      Container manages memory: true
      Size: 3417940
      Capacity: 3417940

     Weighting = 1
     Sampling strategy = regular
     Number of bins = 32
     Radius = 4
     Sampling percentage  = 0.2
   Transform = Rigid
     Gradient step = 0.25
     Update field sigma (voxel space) = 0
     Total field sigma (voxel space) = 0
     Update field time sigma = 0
     Total field time sigma  = 0
     Number of time indices = 0
     Number of time point samples = 0
Stage 2 State
   Image metric = MattesMI
     Fixed image = Image (0xdf83730)
  RTTI typeinfo:   itk::Image<float, 3u>
  Reference Count: 2
  Modified Time: 1332142
  Debug: Off
  Object Name: 
  Observers: 
    none
  Source: (none)
  Source output name: (none)
  Release Data: Off
  Data Released: False
  Global Release Data: Off
  PipelineMTime: 0
  UpdateMTime: 1332114
  RealTimeStamp: 0 seconds 
  LargestPossibleRegion: 
    Dimension: 3
    Index: [0, 0, 0]
    Size: [142, 276, 83]
  BufferedRegion: 
    Dimension: 3
    Index: [0, 0, 0]
    Size: [142, 276, 83]
  RequestedRegion: 
    Dimension: 3
    Index: [0, 0, 0]
    Size: [142, 276, 83]
  Spacing: [3, 3, 3]
  Origin: [424.08, 825.36, 243.75]
  Direction: 
-1 0 0
0 -1 0
0 0 -1

  IndexToPointMatrix: 
-3 0 0
0 -3 0
0 0 -3

  PointToIndexMatrix: 
-0.333333 0 0
0 -0.333333 0
0 0 -0.333333

  Inverse Direction: 
-1 0 0
0 -1 0
0 0 -1

  PixelContainer: 
    ImportImageContainer (0x3fc47f0)
      RTTI typeinfo:   itk::ImportImageContainer<unsigned long, float>
      Reference Count: 1
      Modified Time: 1332112
      Debug: Off
      Object Name: 
      Observers: 
        none
      Pointer: 0x139eaf50
      Container manages memory: true
      Size: 3252936
      Capacity: 3252936

     Moving image = Image (0x3fc9c50)
  RTTI typeinfo:   itk::Image<float, 3u>
  Reference Count: 2
  Modified Time: 1332143
  Debug: Off
  Object Name: 
  Observers: 
    none
  Source: (none)
  Source output name: (none)
  Release Data: Off
  Data Released: False
  Global Release Data: Off
  PipelineMTime: 0
  UpdateMTime: 1332140
  RealTimeStamp: 0 seconds 
  LargestPossibleRegion: 
    Dimension: 3
    Index: [0, 0, 0]
    Size: [142, 290, 83]
  BufferedRegion: 
    Dimension: 3
    Index: [0, 0, 0]
    Size: [142, 290, 83]
  RequestedRegion: 
    Dimension: 3
    Index: [0, 0, 0]
    Size: [142, 290, 83]
  Spacing: [3, 3, 3]
  Origin: [424.08, 867.92, 243.75]
  Direction: 
-1 0 0
0 -1 0
0 0 -1

  IndexToPointMatrix: 
-3 0 0
0 -3 0
0 0 -3

  PointToIndexMatrix: 
-0.333333 0 0
0 -0.333333 0
0 0 -0.333333

  Inverse Direction: 
-1 0 0
0 -1 0
0 0 -1

  PixelContainer: 
    ImportImageContainer (0xdf86300)
      RTTI typeinfo:   itk::ImportImageContainer<unsigned long, float>
      Reference Count: 1
      Modified Time: 1332138
      Debug: Off
      Object Name: 
      Observers: 
        none
      Pointer: 0x14653a80
      Container manages memory: true
      Size: 3417940
      Capacity: 3417940

     Weighting = 1
     Sampling strategy = regular
     Number of bins = 32
     Radius = 4
     Sampling percentage  = 0.2
   Transform = Affine
     Gradient step = 0.25
     Update field sigma (voxel space) = 0
     Total field sigma (voxel space) = 0
     Update field time sigma = 0
     Total field time sigma  = 0
     Number of time indices = 0
     Number of time point samples = 0
Stage 3 State
   Image metric = CC
     Fixed image = Image (0x3fca0f0)
  RTTI typeinfo:   itk::Image<float, 3u>
  Reference Count: 2
  Modified Time: 1332196
  Debug: Off
  Object Name: 
  Observers: 
    none
  Source: (none)
  Source output name: (none)
  Release Data: Off
  Data Released: False
  Global Release Data: Off
  PipelineMTime: 0
  UpdateMTime: 1332168
  RealTimeStamp: 0 seconds 
  LargestPossibleRegion: 
    Dimension: 3
    Index: [0, 0, 0]
    Size: [142, 276, 83]
  BufferedRegion: 
    Dimension: 3
    Index: [0, 0, 0]
    Size: [142, 276, 83]
  RequestedRegion: 
    Dimension: 3
    Index: [0, 0, 0]
    Size: [142, 276, 83]
  Spacing: [3, 3, 3]
  Origin: [424.08, 825.36, 243.75]
  Direction: 
-1 0 0
0 -1 0
0 0 -1

  IndexToPointMatrix: 
-3 0 0
0 -3 0
0 0 -3

  PointToIndexMatrix: 
-0.333333 0 0
0 -0.333333 0
0 0 -0.333333

  Inverse Direction: 
-1 0 0
0 -1 0
0 0 -1

  PixelContainer: 
    ImportImageContainer (0x3fa63b0)
      RTTI typeinfo:   itk::ImportImageContainer<unsigned long, float>
      Reference Count: 1
      Modified Time: 1332166
      Debug: Off
      Object Name: 
      Observers: 
        none
      Pointer: 0x1535d7e0
      Container manages memory: true
      Size: 3252936
      Capacity: 3252936

     Moving image = Image (0x3f9b740)
  RTTI typeinfo:   itk::Image<float, 3u>
  Reference Count: 2
  Modified Time: 1332197
  Debug: Off
  Object Name: 
  Observers: 
    none
  Source: (none)
  Source output name: (none)
  Release Data: Off
  Data Released: False
  Global Release Data: Off
  PipelineMTime: 0
  UpdateMTime: 1332194
  RealTimeStamp: 0 seconds 
  LargestPossibleRegion: 
    Dimension: 3
    Index: [0, 0, 0]
    Size: [142, 290, 83]
  BufferedRegion: 
    Dimension: 3
    Index: [0, 0, 0]
    Size: [142, 290, 83]
  RequestedRegion: 
    Dimension: 3
    Index: [0, 0, 0]
    Size: [142, 290, 83]
  Spacing: [3, 3, 3]
  Origin: [424.08, 867.92, 243.75]
  Direction: 
-1 0 0
0 -1 0
0 0 -1

  IndexToPointMatrix: 
-3 0 0
0 -3 0
0 0 -3

  PointToIndexMatrix: 
-0.333333 0 0
0 -0.333333 0
0 0 -0.333333

  Inverse Direction: 
-1 0 0
0 -1 0
0 0 -1

  PixelContainer: 
    ImportImageContainer (0x6acbd10)
      RTTI typeinfo:   itk::ImportImageContainer<unsigned long, float>
      Reference Count: 1
      Modified Time: 1332192
      Debug: Off
      Object Name: 
      Observers: 
        none
      Pointer: 0x15fc6310
      Container manages memory: true
      Size: 3417940
      Capacity: 3417940

     Weighting = 1
     Sampling strategy = none
     Number of bins = 32
     Radius = 32
     Sampling percentage  = 1
   Transform = SyN
     Gradient step = 0.2
     Update field sigma (voxel space) = 3
     Total field sigma (voxel space) = 0
     Update field time sigma = 0
     Total field time sigma  = 0
     Number of time indices = 0
     Number of time point samples = 0
Registration using 3 total stages.

Stage 0
  iterations = 2100x1200x1200x0
  convergence threshold = 1e-06
  convergence window size = 10
  number of levels = 4
  using the Mattes MI metric (number of bins = 32, weight = 1, use gradient filter = 0)
  preprocessing:  histogram matching the images
  Shrink factors (level 1 out of 4): [4, 4, 4]
  Shrink factors (level 2 out of 4): [2, 2, 2]
  Shrink factors (level 3 out of 4): [2, 2, 2]
  Shrink factors (level 4 out of 4): [1, 1, 1]
  smoothing sigmas per level: [3, 2, 1, 0]
  regular sampling (percentage = 0.2)

*** Running Euler3DTransform registration ***

DIAGNOSTIC,Iteration,metricValue,convergenceValue,ITERATION_TIME_INDEX,SINCE_LAST
 2DIAGNOSTIC,     1, -9.321410655975e-01, inf, 7.9788e-02, 7.9788e-02, 
 2DIAGNOSTIC,     2, -9.323188066483e-01, inf, 8.3233e-02, 3.4449e-03, 
 2DIAGNOSTIC,     3, -9.324424862862e-01, inf, 8.6616e-02, 3.3829e-03, 
 2DIAGNOSTIC,     4, -9.325121045113e-01, inf, 8.9963e-02, 3.3469e-03, 
 2DIAGNOSTIC,     5, -9.326731562614e-01, inf, 9.2927e-02, 2.9640e-03, 
 2DIAGNOSTIC,     6, -9.328137636185e-01, inf, 9.6276e-02, 3.3491e-03, 
 2DIAGNOSTIC,     7, -9.328661561012e-01, inf, 9.9611e-02, 3.3350e-03, 
 2DIAGNOSTIC,     8, -9.327626824379e-01, inf, 1.0295e-01, 3.3400e-03, 
 2DIAGNOSTIC,     9, -9.327145218849e-01, inf, 1.0630e-01, 3.3538e-03, 
 2DIAGNOSTIC,    10, -9.327338933945e-01, 4.437880852493e-05, 1.1452e-01, 8.2181e-03, 
 2DIAGNOSTIC,    11, -9.326369166374e-01, 2.409346052445e-05, 1.1851e-01, 3.9899e-03, 
 2DIAGNOSTIC,    12, -9.326449036598e-01, 1.003322358883e-05, 1.2171e-01, 3.1950e-03, 
DIAGNOSTIC,Iteration,metricValue,convergenceValue,ITERATION_TIME_INDEX,SINCE_LAST
 2DIAGNOSTIC,     1, -8.236571550369e-01, inf, 2.1739e-01, 9.5682e-02, 
 2DIAGNOSTIC,     2, -8.237060308456e-01, inf, 2.4077e-01, 2.3382e-02, 
 2DIAGNOSTIC,     3, -8.237596750259e-01, inf, 2.6380e-01, 2.3028e-02, 
 2DIAGNOSTIC,     4, -8.238191008568e-01, inf, 2.8432e-01, 2.0523e-02, 
 2DIAGNOSTIC,     5, -8.238586783409e-01, inf, 3.0492e-01, 2.0595e-02, 
 2DIAGNOSTIC,     6, -8.240630030632e-01, inf, 3.2534e-01, 2.0420e-02, 
 2DIAGNOSTIC,     7, -8.243365287781e-01, inf, 3.4847e-01, 2.3136e-02, 
 2DIAGNOSTIC,     8, -8.244315981865e-01, inf, 3.6913e-01, 2.0661e-02, 
 2DIAGNOSTIC,     9, -8.245359063148e-01, inf, 3.9211e-01, 2.2978e-02, 
 2DIAGNOSTIC,    10, -8.245019912720e-01, 8.308800170198e-05, 4.1287e-01, 2.0761e-02, 
 2DIAGNOSTIC,    11, -8.246635198593e-01, 7.882248610258e-05, 4.5912e-01, 4.6247e-02, 
 2DIAGNOSTIC,    12, -8.246676325798e-01, 6.971767288633e-05, 4.8234e-01, 2.3215e-02, 
 2DIAGNOSTIC,    13, -8.246595859528e-01, 5.717824024032e-05, 5.1342e-01, 3.1080e-02, 
 2DIAGNOSTIC,    14, -8.246598839760e-01, 4.309656651458e-05, 5.3900e-01, 2.5580e-02, 
 2DIAGNOSTIC,    15, -8.246592879295e-01, 2.802862400131e-05, 5.6202e-01, 2.3029e-02, 
 2DIAGNOSTIC,    16, -8.246517777443e-01, 1.654432344367e-05, 5.9015e-01, 2.8126e-02, 
 2DIAGNOSTIC,    17, -8.246517181396e-01, 1.056821838574e-05, 6.1352e-01, 2.3366e-02, 
 2DIAGNOSTIC,    18, -8.246514201164e-01, 6.254040272324e-06, 6.3934e-01, 2.5821e-02, 
 2DIAGNOSTIC,    19, -8.246515393257e-01, 3.925996679754e-06, 6.6239e-01, 2.3051e-02, 
DIAGNOSTIC,Iteration,metricValue,convergenceValue,ITERATION_TIME_INDEX,SINCE_LAST
 2DIAGNOSTIC,     1, -7.427889704704e-01, inf, 7.6477e-01, 1.0238e-01, 
 2DIAGNOSTIC,     2, -7.429717779160e-01, inf, 7.8791e-01, 2.3143e-02, 
 2DIAGNOSTIC,     3, -7.430029511452e-01, inf, 8.1093e-01, 2.3013e-02, 
 2DIAGNOSTIC,     4, -7.430947422981e-01, inf, 8.3152e-01, 2.0594e-02, 
 2DIAGNOSTIC,     5, -7.431666254997e-01, inf, 8.5196e-01, 2.0441e-02, 
 2DIAGNOSTIC,     6, -7.432653903961e-01, inf, 8.7246e-01, 2.0495e-02, 
 2DIAGNOSTIC,     7, -7.433594465256e-01, inf, 8.9541e-01, 2.2955e-02, 
 2DIAGNOSTIC,     8, -7.433475255966e-01, inf, 9.1653e-01, 2.1121e-02, 
 2DIAGNOSTIC,     9, -7.433703541756e-01, inf, 9.4215e-01, 2.5613e-02, 
 2DIAGNOSTIC,    10, -7.433763742447e-01, 5.356314068194e-05, 9.7034e-01, 2.8198e-02, 
 2DIAGNOSTIC,    11, -7.433772087097e-01, 3.853204179904e-05, 9.9369e-01, 2.3349e-02, 
 2DIAGNOSTIC,    12, -7.433827519417e-01, 2.881002728827e-05, 1.0196e+00, 2.5895e-02, 
 2DIAGNOSTIC,    13, -7.433817982674e-01, 1.909805905598e-05, 1.0456e+00, 2.5967e-02, 
 2DIAGNOSTIC,    14, -7.433820366859e-01, 1.178631919174e-05, 1.0688e+00, 2.3241e-02, 
 2DIAGNOSTIC,    15, -7.433822154999e-01, 6.366910838551e-06, 1.0919e+00, 2.3133e-02, 
 2DIAGNOSTIC,    16, -7.433786988258e-01, 3.451255906839e-06, 1.1149e+00, 2.2996e-02, 
 2DIAGNOSTIC,    17, -7.433788180351e-01, 2.878708528442e-06, 1.1382e+00, 2.3299e-02, 
 2DIAGNOSTIC,    18, -7.433790564537e-01, 2.015454356297e-06, 1.1615e+00, 2.3273e-02, 
 2DIAGNOSTIC,    19, -7.433786392212e-01, 1.668399022492e-06, 1.1822e+00, 2.0725e-02, 
 2DIAGNOSTIC,    20, -7.433786392212e-01, 1.472733970331e-06, 1.2054e+00, 2.3215e-02, 
 2DIAGNOSTIC,    21, -7.433790564537e-01, 1.327492668679e-06, 1.2286e+00, 2.3199e-02, 
 2DIAGNOSTIC,    22, -7.433794140816e-01, 1.315949134550e-06, 1.2519e+00, 2.3231e-02, 
 2DIAGNOSTIC,    23, -7.433791160583e-01, 1.295610331908e-06, 1.2750e+00, 2.3175e-02, 
 2DIAGNOSTIC,    24, -7.433791160583e-01, 1.288660428145e-06, 1.3033e+00, 2.8210e-02, 
 2DIAGNOSTIC,    25, -7.433790564537e-01, 1.289213514610e-06, 1.3263e+00, 2.3066e-02, 
 2DIAGNOSTIC,    26, -7.433789372444e-01, 1.234407704942e-06, 1.3495e+00, 2.3160e-02, 
 2DIAGNOSTIC,    27, -7.433789372444e-01, 1.184109237329e-06, 1.3727e+00, 2.3223e-02, 
 2DIAGNOSTIC,    28, -7.433789968491e-01, 1.141196094068e-06, 1.3959e+00, 2.3244e-02, 
 2DIAGNOSTIC,    29, -7.433788180351e-01, 1.093023229259e-06, 1.4192e+00, 2.3236e-02, 
 2DIAGNOSTIC,    30, -7.433788180351e-01, 1.048371245815e-06, 1.4425e+00, 2.3339e-02, 
 2DIAGNOSTIC,    31, -7.433789372444e-01, 1.014200165628e-06, 1.4629e+00, 2.0427e-02, 
DIAGNOSTIC,Iteration,metricValue,convergenceValue,ITERATION_TIME_INDEX,SINCE_LAST
 2DIAGNOSTIC,     1, -6.410803794861e-01, inf, 1.7943e+00, 3.3134e-01, 
  Elapsed time (stage 0): 2.3872e+00


Stage 1
  iterations = 2100x1200x1200x0
  convergence threshold = 1.0000e-06
  convergence window size = 10
  number of levels = 4
  using the Mattes MI metric (number of bins = 32, weight = 1.0000e+00, use gradient filter = 0)
  preprocessing:  histogram matching the images
  Shrink factors (level 1 out of 4): [4, 4, 4]
  Shrink factors (level 2 out of 4): [2, 2, 2]
  Shrink factors (level 3 out of 4): [2, 2, 2]
  Shrink factors (level 4 out of 4): [1, 1, 1]
  smoothing sigmas per level: [3, 2, 1, 0]
  regular sampling (percentage = 2.0000e-01)

*** Running AffineTransform registration ***

DIAGNOSTIC,Iteration,metricValue,convergenceValue,ITERATION_TIME_INDEX,SINCE_LAST
 2DIAGNOSTIC,     1, -9.286342859268e-01, inf, 5.7706e-02, 5.7706e-02, 
 2DIAGNOSTIC,     2, -9.290639758110e-01, inf, 6.1268e-02, 3.5622e-03, 
 2DIAGNOSTIC,     3, -9.295478463173e-01, inf, 6.4850e-02, 3.5820e-03, 
 2DIAGNOSTIC,     4, -9.302243590355e-01, inf, 6.8782e-02, 3.9320e-03, 
 2DIAGNOSTIC,     5, -9.302278757095e-01, inf, 7.2385e-02, 3.6030e-03, 
 2DIAGNOSTIC,     6, -9.304863214493e-01, inf, 7.6452e-02, 4.0669e-03, 
 2DIAGNOSTIC,     7, -9.305561184883e-01, inf, 8.0441e-02, 3.9890e-03, 
 2DIAGNOSTIC,     8, -9.303372502327e-01, inf, 8.4008e-02, 3.5670e-03, 
 2DIAGNOSTIC,     9, -9.302099943161e-01, inf, 8.8466e-02, 4.4580e-03, 
 2DIAGNOSTIC,    10, -9.303385615349e-01, 1.088418357540e-04, 9.3120e-02, 4.6539e-03, 
 2DIAGNOSTIC,    11, -9.303315877914e-01, 5.875718125026e-05, 9.7269e-02, 4.1490e-03, 
 2DIAGNOSTIC,    12, -9.302432537079e-01, 2.052092349913e-05, 1.0142e-01, 4.1549e-03, 
DIAGNOSTIC,Iteration,metricValue,convergenceValue,ITERATION_TIME_INDEX,SINCE_LAST
 2DIAGNOSTIC,     1, -8.246256113052e-01, inf, 1.9934e-01, 9.7915e-02, 
 2DIAGNOSTIC,     2, -8.249828815460e-01, inf, 2.2459e-01, 2.5255e-02, 
 2DIAGNOSTIC,     3, -8.254244923592e-01, inf, 2.4994e-01, 2.5346e-02, 
 2DIAGNOSTIC,     4, -8.258541822433e-01, inf, 2.7563e-01, 2.5686e-02, 
 2DIAGNOSTIC,     5, -8.264701366425e-01, inf, 3.0740e-01, 3.1779e-02, 
 2DIAGNOSTIC,     6, -8.265728950500e-01, inf, 3.3280e-01, 2.5390e-02, 
 2DIAGNOSTIC,     7, -8.266524076462e-01, inf, 3.6362e-01, 3.0822e-02, 
 2DIAGNOSTIC,     8, -8.266593217850e-01, inf, 3.9724e-01, 3.3625e-02, 
 2DIAGNOSTIC,     9, -8.266686797142e-01, inf, 4.2550e-01, 2.8255e-02, 
 2DIAGNOSTIC,    10, -8.266592621803e-01, 1.670546771493e-04, 4.5676e-01, 3.1258e-02, 
 2DIAGNOSTIC,    11, -8.266568183899e-01, 1.100437366404e-04, 4.8800e-01, 3.1248e-02, 
 2DIAGNOSTIC,    12, -8.266549110413e-01, 6.314726488199e-05, 5.1611e-01, 2.8108e-02, 
 2DIAGNOSTIC,    13, -8.266528844833e-01, 2.953927651106e-05, 5.4420e-01, 2.8093e-02, 
 2DIAGNOSTIC,    14, -8.266456127167e-01, 8.277855158667e-06, 5.7218e-01, 2.7975e-02, 
 2DIAGNOSTIC,    15, -8.266355991364e-01, 3.163216888424e-06, 6.0368e-01, 3.1496e-02, 
DIAGNOSTIC,Iteration,metricValue,convergenceValue,ITERATION_TIME_INDEX,SINCE_LAST
 2DIAGNOSTIC,     1, -7.443168163300e-01, inf, 7.1206e-01, 1.0839e-01, 
 2DIAGNOSTIC,     2, -7.443376779556e-01, inf, 7.3972e-01, 2.7659e-02, 
 2DIAGNOSTIC,     3, -7.444071769714e-01, inf, 7.6455e-01, 2.4829e-02, 
 2DIAGNOSTIC,     4, -7.445954084396e-01, inf, 7.8962e-01, 2.5068e-02, 
 2DIAGNOSTIC,     5, -7.446941733360e-01, inf, 8.2049e-01, 3.0876e-02, 
 2DIAGNOSTIC,     6, -7.447381019592e-01, inf, 8.5406e-01, 3.3566e-02, 
 2DIAGNOSTIC,     7, -7.447443008423e-01, inf, 8.8170e-01, 2.7637e-02, 
 2DIAGNOSTIC,     8, -7.447332739830e-01, inf, 9.1213e-01, 3.0433e-02, 
 2DIAGNOSTIC,     9, -7.447368502617e-01, inf, 9.4241e-01, 3.0284e-02, 
 2DIAGNOSTIC,    10, -7.447296380997e-01, 4.391839684104e-05, 9.7005e-01, 2.7633e-02, 
 2DIAGNOSTIC,    11, -7.447276711464e-01, 3.031384403585e-05, 9.9494e-01, 2.4895e-02, 
 2DIAGNOSTIC,    12, -7.447243332863e-01, 1.712937773846e-05, 1.0226e+00, 2.7641e-02, 
 2DIAGNOSTIC,    13, -7.447250485420e-01, 6.628331902903e-06, 1.0503e+00, 2.7745e-02, 
 2DIAGNOSTIC,    14, -7.447156310081e-01, 2.060462747977e-06, 1.0784e+00, 2.8029e-02, 
DIAGNOSTIC,Iteration,metricValue,convergenceValue,ITERATION_TIME_INDEX,SINCE_LAST
 2DIAGNOSTIC,     1, -6.391257047653e-01, inf, 1.4470e+00, 3.6869e-01, 
  Elapsed time (stage 1): 2.0304e+00


Stage 2
  iterations = 120x80x40x0
  convergence threshold = 1.0000e-07
  convergence window size = 8
  number of levels = 4
  using the CC metric (radius = 32, weight = 1.0000e+00, use gradient filter = 0)
  preprocessing:  histogram matching the images
  Shrink factors (level 1 out of 4): [8, 8, 8]
  Shrink factors (level 2 out of 4): [4, 4, 4]
  Shrink factors (level 3 out of 4): [2, 2, 2]
  Shrink factors (level 4 out of 4): [1, 1, 1]
  smoothing sigmas per level: [3, 2, 1, 0]
  Using default NONE metricSamplingStrategy 

*** Running SyN registration (varianceForUpdateField = 3.0000e+00, varianceForTotalField = 0.0000e+00) ***

XXDIAGNOSTIC,Iteration,metricValue,convergenceValue,ITERATION_TIME_INDEX,SINCE_LAST
 1DIAGNOSTIC,     1, -8.893480300903e-01, inf, 7.2633e-01, 7.2633e-01, 
 1DIAGNOSTIC,     2, -9.158585071564e-01, inf, 1.4070e+00, 6.8068e-01, 
 1DIAGNOSTIC,     3, -9.282520413399e-01, inf, 2.0813e+00, 6.7434e-01, 
 1DIAGNOSTIC,     4, -9.358522891998e-01, inf, 2.7587e+00, 6.7735e-01, 
 1DIAGNOSTIC,     5, -9.399989843369e-01, inf, 3.4388e+00, 6.8009e-01, 
 1DIAGNOSTIC,     6, -9.425806999207e-01, inf, 4.1178e+00, 6.7899e-01, 
 1DIAGNOSTIC,     7, -9.439043402672e-01, inf, 4.7982e+00, 6.8041e-01, 
 1DIAGNOSTIC,     8, -9.446060657501e-01, 4.129145294428e-03, 5.4783e+00, 6.8014e-01, 
 1DIAGNOSTIC,     9, -9.449204802513e-01, 2.000526292250e-03, 6.1592e+00, 6.8085e-01, 
 1DIAGNOSTIC,    10, -9.447925090790e-01, 1.016891212203e-03, 6.8398e+00, 6.8064e-01, 
 1DIAGNOSTIC,    11, -9.449319839478e-01, 4.993748734705e-04, 7.5394e+00, 6.9957e-01, 
 1DIAGNOSTIC,    12, -9.438432455063e-01, 2.021288528340e-04, 8.2221e+00, 6.8276e-01, 
 1DIAGNOSTIC,    13, -9.451258778572e-01, 7.940627983771e-05, 8.9056e+00, 6.8345e-01, 
 1DIAGNOSTIC,    14, -9.436658620834e-01, -7.845488653402e-06, 9.5872e+00, 6.8162e-01, 
XXDIAGNOSTIC,Iteration,metricValue,convergenceValue,ITERATION_TIME_INDEX,SINCE_LAST
 1DIAGNOSTIC,     1, -9.283932447433e-01, inf, 1.5641e+01, 6.0537e+00, 
 1DIAGNOSTIC,     2, -9.341615438461e-01, inf, 2.1645e+01, 6.0046e+00, 
 1DIAGNOSTIC,     3, -9.384356737137e-01, inf, 2.7651e+01, 6.0050e+00, 
 1DIAGNOSTIC,     4, -9.421823620796e-01, inf, 3.3658e+01, 6.0071e+00, 
 1DIAGNOSTIC,     5, -9.450588226318e-01, inf, 3.9667e+01, 6.0096e+00, 
 1DIAGNOSTIC,     6, -9.472413063049e-01, inf, 4.5668e+01, 6.0013e+00, 
 1DIAGNOSTIC,     7, -9.489050507545e-01, inf, 5.1666e+01, 5.9971e+00, 
 1DIAGNOSTIC,     8, -9.501806497574e-01, 1.849475083873e-03, 5.7670e+01, 6.0041e+00, 
 1DIAGNOSTIC,     9, -9.511368274689e-01, 1.285467064008e-03, 6.3661e+01, 5.9915e+00, 
 1DIAGNOSTIC,    10, -9.518550038338e-01, 8.997546392493e-04, 6.9662e+01, 6.0003e+00, 
 1DIAGNOSTIC,    11, -9.524052143097e-01, 6.226771511137e-04, 7.5660e+01, 5.9985e+00, 
 1DIAGNOSTIC,    12, -9.528160095215e-01, 4.335814446677e-04, 8.1660e+01, 5.9996e+00, 
 1DIAGNOSTIC,    13, -9.531838893890e-01, 3.053813125007e-04, 8.7654e+01, 5.9943e+00, 
 1DIAGNOSTIC,    14, -9.535160064697e-01, 2.190825907746e-04, 9.3661e+01, 6.0068e+00, 
 1DIAGNOSTIC,    15, -9.537565112114e-01, 1.603978307685e-04, 9.9651e+01, 5.9907e+00, 
 1DIAGNOSTIC,    16, -9.539706707001e-01, 1.209009787999e-04, 1.0565e+02, 6.0016e+00, 
 1DIAGNOSTIC,    17, -9.541490077972e-01, 9.365776350023e-05, 1.1165e+02, 5.9953e+00, 
 1DIAGNOSTIC,    18, -9.543156623840e-01, 7.438270404236e-05, 1.1765e+02, 6.0039e+00, 
 1DIAGNOSTIC,    19, -9.545348882675e-01, 6.164821388666e-05, 1.2364e+02, 5.9921e+00, 
 1DIAGNOSTIC,    20, -9.546562433243e-01, 5.134637467563e-05, 1.2965e+02, 6.0066e+00, 
 1DIAGNOSTIC,    21, -9.547636508942e-01, 4.321148662711e-05, 1.3564e+02, 5.9933e+00, 
 1DIAGNOSTIC,    22, -9.548617601395e-01, 3.700047091115e-05, 1.4164e+02, 6.0006e+00, 
 1DIAGNOSTIC,    23, -9.549323320389e-01, 3.113552156719e-05, 1.4764e+02, 5.9938e+00, 
 1DIAGNOSTIC,    24, -9.549994468689e-01, 2.578164094302e-05, 1.5364e+02, 6.0046e+00, 
 1DIAGNOSTIC,    25, -9.550509452820e-01, 2.072675488307e-05, 1.5963e+02, 5.9909e+00, 
 1DIAGNOSTIC,    26, -9.551067352295e-01, 1.637702371227e-05, 1.6564e+02, 6.0045e+00, 
 1DIAGNOSTIC,    27, -9.551619291306e-01, 1.390419220115e-05, 1.7163e+02, 5.9924e+00, 
 1DIAGNOSTIC,    28, -9.551965594292e-01, 1.182426785817e-05, 1.7764e+02, 6.0045e+00, 
 1DIAGNOSTIC,    29, -9.552344083786e-01, 1.019519550027e-05, 1.8364e+02, 6.0006e+00, 
 1DIAGNOSTIC,    30, -9.552322030067e-01, 8.541984243493e-06, 1.8965e+02, 6.0090e+00, 
 1DIAGNOSTIC,    31, -9.552525877953e-01, 7.006795840425e-06, 1.9564e+02, 5.9983e+00, 
 1DIAGNOSTIC,    32, -9.552739858627e-01, 5.730175416829e-06, 2.0165e+02, 6.0034e+00, 
 1DIAGNOSTIC,    33, -9.552974700928e-01, 4.696857558883e-06, 2.0765e+02, 5.9990e+00, 
 1DIAGNOSTIC,    34, -9.553118944168e-01, 3.965999894717e-06, 2.1365e+02, 6.0043e+00, 
 1DIAGNOSTIC,    35, -9.553104639053e-01, 3.426758667047e-06, 2.1965e+02, 6.0014e+00, 
 1DIAGNOSTIC,    36, -9.553255438805e-01, 3.074559799643e-06, 2.2566e+02, 6.0057e+00, 
 1DIAGNOSTIC,    37, -9.553287029266e-01, 2.850890496120e-06, 2.3166e+02, 6.0064e+00, 
 1DIAGNOSTIC,    38, -9.553184509277e-01, 2.253295861010e-06, 2.3766e+02, 6.0005e+00, 
 1DIAGNOSTIC,    39, -9.553170204163e-01, 1.687743861112e-06, 2.4366e+02, 5.9958e+00, 
 1DIAGNOSTIC,    40, -9.553079605103e-01, 1.155398081210e-06, 2.4967e+02, 6.0122e+00, 
 1DIAGNOSTIC,    41, -9.553142786026e-01, 8.868889267433e-07, 2.5568e+02, 6.0068e+00, 
 1DIAGNOSTIC,    42, -9.553059339523e-01, 6.962138172639e-07, 2.6169e+02, 6.0114e+00, 
 1DIAGNOSTIC,    43, -9.553002119064e-01, 4.883661404165e-07, 2.6769e+02, 6.0024e+00, 
 1DIAGNOSTIC,    44, -9.552952051163e-01, 4.342991530848e-07, 2.7370e+02, 6.0024e+00, 
 1DIAGNOSTIC,    45, -9.552876949310e-01, 4.131537707508e-07, 2.7970e+02, 6.0001e+00, 
 1DIAGNOSTIC,    46, -9.552752375603e-01, 2.786092352380e-07, 2.8570e+02, 6.0005e+00, 
 1DIAGNOSTIC,    47, -9.552642703056e-01, 1.408286038895e-07, 2.9170e+02, 6.0048e+00, 
 1DIAGNOSTIC,    48, -9.552581310272e-01, -7.921160616320e-09, 2.9771e+02, 6.0063e+00, 
XXDIAGNOSTIC,Iteration,metricValue,convergenceValue,ITERATION_TIME_INDEX,SINCE_LAST
 1DIAGNOSTIC,     1, -9.221202731133e-01, inf, 3.5404e+02, 5.6333e+01, 
 1DIAGNOSTIC,     2, -9.241791963577e-01, inf, 4.1003e+02, 5.5990e+01, 
 1DIAGNOSTIC,     3, -9.269148111343e-01, inf, 4.6574e+02, 5.5713e+01, 
 1DIAGNOSTIC,     4, -9.294900894165e-01, inf, 5.2190e+02, 5.6160e+01, 
 1DIAGNOSTIC,     5, -9.316030144691e-01, inf, 5.7781e+02, 5.5903e+01, 
 1DIAGNOSTIC,     6, -9.334052205086e-01, inf, 6.3386e+02, 5.6053e+01, 
 1DIAGNOSTIC,     7, -9.351539611816e-01, inf, 6.8959e+02, 5.5734e+01, 
 1DIAGNOSTIC,     8, -9.366391897202e-01, 1.313524087891e-03, 7.4544e+02, 5.5850e+01, 
 1DIAGNOSTIC,     9, -9.379112720490e-01, 1.067588222213e-03, 8.0155e+02, 5.6111e+01, 
 1DIAGNOSTIC,    10, -9.390435814857e-01, 8.450984605588e-04, 8.5751e+02, 5.5954e+01, 
 1DIAGNOSTIC,    11, -9.400275945663e-01, 6.732411566190e-04, 9.1403e+02, 5.6519e+01, 
 1DIAGNOSTIC,    12, -9.408746957779e-01, 5.433653132059e-04, 9.6979e+02, 5.5761e+01, 
 1DIAGNOSTIC,    13, -9.416142702103e-01, 4.398199962452e-04, 1.0257e+03, 5.5889e+01, 
 1DIAGNOSTIC,    14, -9.422844052315e-01, 3.553283168003e-04, 1.0818e+03, 5.6098e+01, 
 1DIAGNOSTIC,    15, -9.428670406342e-01, 2.900729596149e-04, 1.1377e+03, 5.5970e+01, 
 1DIAGNOSTIC,    16, -9.433784484863e-01, 2.385724801570e-04, 1.1939e+03, 5.6157e+01, 
 1DIAGNOSTIC,    17, -9.438050389290e-01, 1.965934352484e-04, 1.2497e+03, 5.5778e+01, 
 1DIAGNOSTIC,    18, -9.441692233086e-01, 1.623485732125e-04, 1.3057e+03, 5.6059e+01, 
 1DIAGNOSTIC,    19, -9.444929957390e-01, 1.342614559690e-04, 1.3622e+03, 5.6438e+01, 
 1DIAGNOSTIC,    20, -9.447802305222e-01, 1.109948570956e-04, 1.4177e+03, 5.5526e+01, 
 1DIAGNOSTIC,    21, -9.450408220291e-01, 9.187246178044e-05, 1.4740e+03, 5.6304e+01, 
 1DIAGNOSTIC,    22, -9.452717900276e-01, 7.666095916647e-05, 1.5300e+03, 5.5999e+01, 
 1DIAGNOSTIC,    23, -9.454065561295e-01, 6.346726149786e-05, 1.5859e+03, 5.5929e+01, 
 1DIAGNOSTIC,    24, -9.455152750015e-01, 5.198704457143e-05, 1.6419e+03, 5.5960e+01, 
 1DIAGNOSTIC,    25, -9.456181526184e-01, 4.193058339297e-05, 1.6977e+03, 5.5839e+01, 
 1DIAGNOSTIC,    26, -9.457132220268e-01, 3.328860839247e-05, 1.7536e+03, 5.5884e+01, 
 1DIAGNOSTIC,    27, -9.457979202271e-01, 2.626167042763e-05, 1.8093e+03, 5.5637e+01, 
 1DIAGNOSTIC,    28, -9.458706974983e-01, 2.088295332214e-05, 1.8652e+03, 5.5989e+01, 
 1DIAGNOSTIC,    29, -9.459372758865e-01, 1.718745443213e-05, 1.9213e+03, 5.6034e+01, 
 1DIAGNOSTIC,    30, -9.460014104843e-01, 1.505772524979e-05, 1.9770e+03, 5.5721e+01, 
 1DIAGNOSTIC,    31, -9.460651874542e-01, 1.341575625702e-05, 2.0331e+03, 5.6056e+01, 
 1DIAGNOSTIC,    32, -9.461215734482e-01, 1.199812322739e-05, 2.0891e+03, 5.6007e+01, 
 1DIAGNOSTIC,    33, -9.461730122566e-01, 1.081115078705e-05, 2.1450e+03, 5.5950e+01, 
 1DIAGNOSTIC,    34, -9.462262392044e-01, 9.888085514831e-06, 2.2011e+03, 5.6094e+01, 
 1DIAGNOSTIC,    35, -9.462690949440e-01, 9.073849469132e-06, 2.2568e+03, 5.5677e+01, 
 1DIAGNOSTIC,    36, -9.463093280792e-01, 8.292159691337e-06, 2.3131e+03, 5.6294e+01, 
 1DIAGNOSTIC,    37, -9.463495016098e-01, 7.555051524832e-06, 2.3688e+03, 5.5762e+01, 
 1DIAGNOSTIC,    38, -9.463979601860e-01, 6.988996119617e-06, 2.4246e+03, 5.5776e+01, 
 1DIAGNOSTIC,    39, -9.464367628098e-01, 6.540700269397e-06, 2.4809e+03, 5.6294e+01, 
 1DIAGNOSTIC,    40, -9.464748501778e-01, 6.170929282234e-06, 2.5370e+03, 5.6079e+01, 
  Elapsed time (stage 2): 2538


Total elapsed time: 2542
Using double precision for computations.
Input scalar image: 0x7fea947a65e8
Could not create ImageIO for the input file, assuming dimension = 3 and scalar pixel type
Reference image: 0x7fea947a6648
=============================================================================
The composite transform comprises the following transforms (in order): 
  1. /resnick/groups/Proberlab/yun/lightsheet/analysis_output/registration/hcrt-trpv1_huc-h2b-g8m_csn_120min/260514_hcrt-trpv1_huc-h2b-g8m_csn_10uM_fish2/expt_to_mean_affine.mat (type = AffineTransform)
  2. /resnick/groups/Proberlab/yun/lightsheet/analysis_output/registration/hcrt-trpv1_huc-h2b-g8m_csn_120min/260514_hcrt-trpv1_huc-h2b-g8m_csn_10uM_fish2/expt_to_mean_warp.nii.gz (type = DisplacementFieldTransform)
=============================================================================
Default pixel value: 0
Interpolation type: WindowedSincInterpolateImageFunction
Output warped image: 0x7fea947a6668
✅ TMPDIR=/resnick/scratch/yun/tmp_ants | ITK threads=14

Loading template brain: /resnick/groups/Proberlab/yun/lightsheet/analysis_output/registration/template_260514_hcrt-trpv1_csn_fish1.nii.gz
Template shape=(280, 544, 40), spacing=(1.5199999809265137, 1.5199999809265137, 6.25)

============================================================
  Registering: 260514_hcrt-trpv1_huc-h2b-g8m_csn_10uM_fish2
  proj_ID:     hcrt-trpv1_huc-h2b-g8m_csn_120min
============================================================
Loading volume mean (moving)...
Raw HDF5 shape (Z, X, Y): (40, 280, 572)
Transposed shape (X, Y, Z): (280, 572, 40)
Rotated shape (X, Y, Z): (280, 572, 40)
ANTsImage (RAI)
	 Pixel Type : float (float32)
	 Components : 1
	 Dimensions : (280, 572, 40)
	 Spacing    : (1.52, 1.52, 6.25)
	 Origin     : (0.0, 0.0, 0.0)
	 Direction  : [1. 0. 0. 0. 1. 0. 0. 0. 1.]

  [atlas] spacing=(1.5199999809265137, 1.5199999809265137, 6.25) origin=(424.0799946784973, 825.3599896430969, 243.75)
  [mov  ] spacing=(1.52, 1.52, 6.25) origin=(424.08, 867.92, 243.75)
Resampling to (3.0, 3.0, 3.0) µm...
Running SyN...
antsRegistration -d 3 -r /resnick/scratch/yun/tmp_ants/tmp8txj7xy3.mat -m MI[0x7fea947a6528,0x7fea947a65c8,1,32,regular,0.2] -t Rigid[0.25] -c 2100x1200x1200x0 -s 3x2x1x0 -f 4x2x2x1 -x [NA,NA] -m MI[0x7fea947a6528,0x7fea947a65c8,1,32,regular,0.2] -t Affine[0.25] -c 2100x1200x1200x0 -s 3x2x1x0 -f 4x2x2x1 -x [NA,NA] -m CC[0x7fea947a6528,0x7fea947a65c8,1,32] -t SyN[0.200000,3.000000,0.000000] -c [120x80x40x0,1e-7,8] -s 3x2x1x0 -f 8x4x2x1 -u 1 -z 1 -o [/resnick/scratch/yun/tmp_ants/tmpomz05khl,0x7fea947a6608,0x7fea947a65a8] -x [0x7fea947a6628,0x7fea947a6668] --float 1 --write-composite-transform 0 -v 1
SyN warp field saved: /resnick/groups/Proberlab/yun/lightsheet/analysis_output/registration/hcrt-trpv1_huc-h2b-g8m_csn_120min/260514_hcrt-trpv1_huc-h2b-g8m_csn_10uM_fish2/expt_to_mean_warp.nii.gz
SyN affine transform saved: /resnick/groups/Proberlab/yun/lightsheet/analysis_output/registration/hcrt-trpv1_huc-h2b-g8m_csn_120min/260514_hcrt-trpv1_huc-h2b-g8m_csn_10uM_fish2/expt_to_mean_affine.mat
Applying composite transform at full resolution...
['-d', '3', '-i', '0x7fea947a65e8', '-o', '0x7fea947a6668', '-r', '0x7fea947a6648', '-n', 'welchWindowedSinc', '-t', '/resnick/groups/Proberlab/yun/lightsheet/analysis_output/registration/hcrt-trpv1_huc-h2b-g8m_csn_120min/260514_hcrt-trpv1_huc-h2b-g8m_csn_10uM_fish2/expt_to_mean_warp.nii.gz', '-t', '/resnick/groups/Proberlab/yun/lightsheet/analysis_output/registration/hcrt-trpv1_huc-h2b-g8m_csn_120min/260514_hcrt-trpv1_huc-h2b-g8m_csn_10uM_fish2/expt_to_mean_affine.mat']
✅ Registered image saved: /resnick/groups/Proberlab/yun/lightsheet/analysis_output/registration/hcrt-trpv1_huc-h2b-g8m_csn_120min/260514_hcrt-trpv1_huc-h2b-g8m_csn_10uM_fish2/expt_to_mean_registered_final.nii.gz
Saving QC overlay...
  ✅ QC overlay saved: /resnick/groups/Proberlab/yun/lightsheet/analysis_output/registration/hcrt-trpv1_huc-h2b-g8m_csn_120min/260514_hcrt-trpv1_huc-h2b-g8m_csn_10uM_fish2/qc_registration_overlay.pdf

=== Registration complete: 260514_hcrt-trpv1_huc-h2b-g8m_csn_10uM_fish2 ===
