 bad det -1 v 1 u -1
 bad det -1 v 1 u -1 new 1
All_Command_lines_OK
Using single precision for computations.
=============================================================================
The composite transform comprises the following transforms (in order): 
  1. /resnick/scratch/yun/tmp_ants/tmp7hufrpnc.mat (type = AffineTransform)
=============================================================================
  Reading mask(s).
    Registration stage 0
      No fixed mask
      No moving mask
    Registration stage 1
      No fixed mask
      No moving mask
    Registration stage 2
      Fixed mask = 0x7fb796e26648
      Moving mask = 0x7fb796e26688
  number of levels = 4
  number of levels = 4
  number of levels = 4
  fixed image: 0x7fb796e26548
  moving image: 0x7fb796e265e8
  fixed image: 0x7fb796e26548
  moving image: 0x7fb796e265e8
  fixed image: 0x7fb796e26548
  moving image: 0x7fb796e265e8
Dimension = 3
Number of stages = 3
Use histogram matching = true
Winsorize image intensities = false
  Lower quantile = 0
  Upper quantile = 1


Stage 1 State
   Image metric = MattesMI
     Fixed image = Image (0x4688b20)
  RTTI typeinfo:   itk::Image<float, 3u>
  Reference Count: 2
  Modified Time: 1470338
  Debug: Off
  Object Name: 
  Observers: 
    none
  Source: (none)
  Source output name: (none)
  Release Data: Off
  Data Released: False
  Global Release Data: Off
  PipelineMTime: 0
  UpdateMTime: 1470310
  RealTimeStamp: 0 seconds 
  LargestPossibleRegion: 
    Dimension: 3
    Index: [0, 0, 0]
    Size: [152, 286, 83]
  BufferedRegion: 
    Dimension: 3
    Index: [0, 0, 0]
    Size: [152, 286, 83]
  RequestedRegion: 
    Dimension: 3
    Index: [0, 0, 0]
    Size: [152, 286, 83]
  Spacing: [3, 3, 3]
  Origin: [454.48, 855.76, 243.75]
  Direction: 
-1 0 0
0 -1 0
0 0 -1

  IndexToPointMatrix: 
-3 0 0
0 -3 0
0 0 -3

  PointToIndexMatrix: 
-0.333333 0 0
0 -0.333333 0
0 0 -0.333333

  Inverse Direction: 
-1 0 0
0 -1 0
0 0 -1

  PixelContainer: 
    ImportImageContainer (0x4644140)
      RTTI typeinfo:   itk::ImportImageContainer<unsigned long, float>
      Reference Count: 1
      Modified Time: 1470308
      Debug: Off
      Object Name: 
      Observers: 
        none
      Pointer: 0x15b91cb0
      Container manages memory: true
      Size: 3608176
      Capacity: 3608176

     Moving image = Image (0x463fa40)
  RTTI typeinfo:   itk::Image<float, 3u>
  Reference Count: 2
  Modified Time: 1470339
  Debug: Off
  Object Name: 
  Observers: 
    none
  Source: (none)
  Source output name: (none)
  Release Data: Off
  Data Released: False
  Global Release Data: Off
  PipelineMTime: 0
  UpdateMTime: 1470336
  RealTimeStamp: 0 seconds 
  LargestPossibleRegion: 
    Dimension: 3
    Index: [0, 0, 0]
    Size: [154, 282, 83]
  BufferedRegion: 
    Dimension: 3
    Index: [0, 0, 0]
    Size: [154, 282, 83]
  RequestedRegion: 
    Dimension: 3
    Index: [0, 0, 0]
    Size: [154, 282, 83]
  Spacing: [3, 3, 3]
  Origin: [460.56, 843.6, 243.75]
  Direction: 
-1 0 0
0 -1 0
0 0 -1

  IndexToPointMatrix: 
-3 0 0
0 -3 0
0 0 -3

  PointToIndexMatrix: 
-0.333333 0 0
0 -0.333333 0
0 0 -0.333333

  Inverse Direction: 
-1 0 0
0 -1 0
0 0 -1

  PixelContainer: 
    ImportImageContainer (0x4363500)
      RTTI typeinfo:   itk::ImportImageContainer<unsigned long, float>
      Reference Count: 1
      Modified Time: 1470334
      Debug: Off
      Object Name: 
      Observers: 
        none
      Pointer: 0x16955680
      Container manages memory: true
      Size: 3604524
      Capacity: 3604524

     Weighting = 1
     Sampling strategy = regular
     Number of bins = 32
     Radius = 4
     Sampling percentage  = 0.2
   Transform = Rigid
     Gradient step = 0.25
     Update field sigma (voxel space) = 0
     Total field sigma (voxel space) = 0
     Update field time sigma = 0
     Total field time sigma  = 0
     Number of time indices = 0
     Number of time point samples = 0
Stage 2 State
   Image metric = MattesMI
     Fixed image = Image (0x4688140)
  RTTI typeinfo:   itk::Image<float, 3u>
  Reference Count: 2
  Modified Time: 1470392
  Debug: Off
  Object Name: 
  Observers: 
    none
  Source: (none)
  Source output name: (none)
  Release Data: Off
  Data Released: False
  Global Release Data: Off
  PipelineMTime: 0
  UpdateMTime: 1470364
  RealTimeStamp: 0 seconds 
  LargestPossibleRegion: 
    Dimension: 3
    Index: [0, 0, 0]
    Size: [152, 286, 83]
  BufferedRegion: 
    Dimension: 3
    Index: [0, 0, 0]
    Size: [152, 286, 83]
  RequestedRegion: 
    Dimension: 3
    Index: [0, 0, 0]
    Size: [152, 286, 83]
  Spacing: [3, 3, 3]
  Origin: [454.48, 855.76, 243.75]
  Direction: 
-1 0 0
0 -1 0
0 0 -1

  IndexToPointMatrix: 
-3 0 0
0 -3 0
0 0 -3

  PointToIndexMatrix: 
-0.333333 0 0
0 -0.333333 0
0 0 -0.333333

  Inverse Direction: 
-1 0 0
0 -1 0
0 0 -1

  PixelContainer: 
    ImportImageContainer (0x13248530)
      RTTI typeinfo:   itk::ImportImageContainer<unsigned long, float>
      Reference Count: 1
      Modified Time: 1470362
      Debug: Off
      Object Name: 
      Observers: 
        none
      Pointer: 0x17715740
      Container manages memory: true
      Size: 3608176
      Capacity: 3608176

     Moving image = Image (0xc7a1f20)
  RTTI typeinfo:   itk::Image<float, 3u>
  Reference Count: 2
  Modified Time: 1470393
  Debug: Off
  Object Name: 
  Observers: 
    none
  Source: (none)
  Source output name: (none)
  Release Data: Off
  Data Released: False
  Global Release Data: Off
  PipelineMTime: 0
  UpdateMTime: 1470390
  RealTimeStamp: 0 seconds 
  LargestPossibleRegion: 
    Dimension: 3
    Index: [0, 0, 0]
    Size: [154, 282, 83]
  BufferedRegion: 
    Dimension: 3
    Index: [0, 0, 0]
    Size: [154, 282, 83]
  RequestedRegion: 
    Dimension: 3
    Index: [0, 0, 0]
    Size: [154, 282, 83]
  Spacing: [3, 3, 3]
  Origin: [460.56, 843.6, 243.75]
  Direction: 
-1 0 0
0 -1 0
0 0 -1

  IndexToPointMatrix: 
-3 0 0
0 -3 0
0 0 -3

  PointToIndexMatrix: 
-0.333333 0 0
0 -0.333333 0
0 0 -0.333333

  Inverse Direction: 
-1 0 0
0 -1 0
0 0 -1

  PixelContainer: 
    ImportImageContainer (0x13248590)
      RTTI typeinfo:   itk::ImportImageContainer<unsigned long, float>
      Reference Count: 1
      Modified Time: 1470388
      Debug: Off
      Object Name: 
      Observers: 
        none
      Pointer: 0x184d9110
      Container manages memory: true
      Size: 3604524
      Capacity: 3604524

     Weighting = 1
     Sampling strategy = regular
     Number of bins = 32
     Radius = 4
     Sampling percentage  = 0.2
   Transform = Affine
     Gradient step = 0.25
     Update field sigma (voxel space) = 0
     Total field sigma (voxel space) = 0
     Update field time sigma = 0
     Total field time sigma  = 0
     Number of time indices = 0
     Number of time point samples = 0
Stage 3 State
   Image metric = CC
     Fixed image = Image (0x4609020)
  RTTI typeinfo:   itk::Image<float, 3u>
  Reference Count: 2
  Modified Time: 1470446
  Debug: Off
  Object Name: 
  Observers: 
    none
  Source: (none)
  Source output name: (none)
  Release Data: Off
  Data Released: False
  Global Release Data: Off
  PipelineMTime: 0
  UpdateMTime: 1470418
  RealTimeStamp: 0 seconds 
  LargestPossibleRegion: 
    Dimension: 3
    Index: [0, 0, 0]
    Size: [152, 286, 83]
  BufferedRegion: 
    Dimension: 3
    Index: [0, 0, 0]
    Size: [152, 286, 83]
  RequestedRegion: 
    Dimension: 3
    Index: [0, 0, 0]
    Size: [152, 286, 83]
  Spacing: [3, 3, 3]
  Origin: [454.48, 855.76, 243.75]
  Direction: 
-1 0 0
0 -1 0
0 0 -1

  IndexToPointMatrix: 
-3 0 0
0 -3 0
0 0 -3

  PointToIndexMatrix: 
-0.333333 0 0
0 -0.333333 0
0 0 -0.333333

  Inverse Direction: 
-1 0 0
0 -1 0
0 0 -1

  PixelContainer: 
    ImportImageContainer (0x46092b0)
      RTTI typeinfo:   itk::ImportImageContainer<unsigned long, float>
      Reference Count: 1
      Modified Time: 1470416
      Debug: Off
      Object Name: 
      Observers: 
        none
      Pointer: 0x192991d0
      Container manages memory: true
      Size: 3608176
      Capacity: 3608176

     Moving image = Image (0x46465e0)
  RTTI typeinfo:   itk::Image<float, 3u>
  Reference Count: 2
  Modified Time: 1470447
  Debug: Off
  Object Name: 
  Observers: 
    none
  Source: (none)
  Source output name: (none)
  Release Data: Off
  Data Released: False
  Global Release Data: Off
  PipelineMTime: 0
  UpdateMTime: 1470444
  RealTimeStamp: 0 seconds 
  LargestPossibleRegion: 
    Dimension: 3
    Index: [0, 0, 0]
    Size: [154, 282, 83]
  BufferedRegion: 
    Dimension: 3
    Index: [0, 0, 0]
    Size: [154, 282, 83]
  RequestedRegion: 
    Dimension: 3
    Index: [0, 0, 0]
    Size: [154, 282, 83]
  Spacing: [3, 3, 3]
  Origin: [460.56, 843.6, 243.75]
  Direction: 
-1 0 0
0 -1 0
0 0 -1

  IndexToPointMatrix: 
-3 0 0
0 -3 0
0 0 -3

  PointToIndexMatrix: 
-0.333333 0 0
0 -0.333333 0
0 0 -0.333333

  Inverse Direction: 
-1 0 0
0 -1 0
0 0 -1

  PixelContainer: 
    ImportImageContainer (0x4646870)
      RTTI typeinfo:   itk::ImportImageContainer<unsigned long, float>
      Reference Count: 1
      Modified Time: 1470442
      Debug: Off
      Object Name: 
      Observers: 
        none
      Pointer: 0x1a05cba0
      Container manages memory: true
      Size: 3604524
      Capacity: 3604524

     Weighting = 1
     Sampling strategy = none
     Number of bins = 32
     Radius = 32
     Sampling percentage  = 1
   Transform = SyN
     Gradient step = 0.2
     Update field sigma (voxel space) = 3
     Total field sigma (voxel space) = 0
     Update field time sigma = 0
     Total field time sigma  = 0
     Number of time indices = 0
     Number of time point samples = 0
Registration using 3 total stages.

Stage 0
  iterations = 2100x1200x1200x0
  convergence threshold = 1e-06
  convergence window size = 10
  number of levels = 4
  using the Mattes MI metric (number of bins = 32, weight = 1, use gradient filter = 0)
  preprocessing:  histogram matching the images
  Shrink factors (level 1 out of 4): [4, 4, 4]
  Shrink factors (level 2 out of 4): [2, 2, 2]
  Shrink factors (level 3 out of 4): [2, 2, 2]
  Shrink factors (level 4 out of 4): [1, 1, 1]
  smoothing sigmas per level: [3, 2, 1, 0]
  regular sampling (percentage = 0.2)

*** Running Euler3DTransform registration ***

DIAGNOSTIC,Iteration,metricValue,convergenceValue,ITERATION_TIME_INDEX,SINCE_LAST
 2DIAGNOSTIC,     1, -7.672834992409e-01, inf, 9.2642e-02, 9.2642e-02, 
 2DIAGNOSTIC,     2, -7.684255242348e-01, inf, 9.6612e-02, 3.9699e-03, 
 2DIAGNOSTIC,     3, -7.694206237793e-01, inf, 9.9987e-02, 3.3751e-03, 
 2DIAGNOSTIC,     4, -7.716472744942e-01, inf, 1.0352e-01, 3.5348e-03, 
 2DIAGNOSTIC,     5, -7.736958265305e-01, inf, 1.0737e-01, 3.8531e-03, 
 2DIAGNOSTIC,     6, -7.755089402199e-01, inf, 1.1148e-01, 4.1070e-03, 
 2DIAGNOSTIC,     7, -7.762281894684e-01, inf, 1.1511e-01, 3.6240e-03, 
 2DIAGNOSTIC,     8, -7.758396863937e-01, inf, 1.1852e-01, 3.4111e-03, 
 2DIAGNOSTIC,     9, -7.757195830345e-01, inf, 1.2188e-01, 3.3610e-03, 
 2DIAGNOSTIC,    10, -7.764715552330e-01, 8.306133095175e-04, 1.2938e-01, 7.5071e-03, 
 2DIAGNOSTIC,    11, -7.801097035408e-01, 7.316781557165e-04, 1.3351e-01, 4.1268e-03, 
 2DIAGNOSTIC,    12, -7.832457423210e-01, 7.121573435143e-04, 1.3747e-01, 3.9580e-03, 
 2DIAGNOSTIC,    13, -7.855192422867e-01, 7.225925219245e-04, 1.4101e-01, 3.5369e-03, 
 2DIAGNOSTIC,    14, -7.890945672989e-01, 8.178720599972e-04, 1.4501e-01, 4.0011e-03, 
 2DIAGNOSTIC,    15, -7.925333380699e-01, 9.569525136612e-04, 1.4900e-01, 3.9971e-03, 
 2DIAGNOSTIC,    16, -7.918649911880e-01, 1.014288631268e-03, 1.5325e-01, 4.2489e-03, 
 2DIAGNOSTIC,    17, -7.922280430794e-01, 9.962788317353e-04, 1.5687e-01, 3.6139e-03, 
 2DIAGNOSTIC,    18, -7.939223647118e-01, 9.157818276435e-04, 1.6091e-01, 4.0390e-03, 
 2DIAGNOSTIC,    19, -7.949820756912e-01, 7.760199368931e-04, 1.6546e-01, 4.5569e-03, 
 2DIAGNOSTIC,    20, -7.955614328384e-01, 6.009155767970e-04, 1.7049e-01, 5.0271e-03, 
 2DIAGNOSTIC,    21, -7.961487770081e-01, 4.603793204296e-04, 1.7484e-01, 4.3540e-03, 
 2DIAGNOSTIC,    22, -7.955101728439e-01, 3.317777591292e-04, 1.7895e-01, 4.1099e-03, 
 2DIAGNOSTIC,    23, -7.952271103859e-01, 2.139310090570e-04, 1.8300e-01, 4.0431e-03, 
 2DIAGNOSTIC,    24, -7.950889468193e-01, 1.362985931337e-04, 1.8715e-01, 4.1561e-03, 
 2DIAGNOSTIC,    25, -7.947817444801e-01, 9.806118760025e-05, 1.9074e-01, 3.5820e-03, 
 2DIAGNOSTIC,    26, -7.950347065926e-01, 4.819905734621e-05, 1.9472e-01, 3.9828e-03, 
 2DIAGNOSTIC,    27, -7.950073480606e-01, 1.756325900715e-06, 1.9875e-01, 4.0300e-03, 
DIAGNOSTIC,Iteration,metricValue,convergenceValue,ITERATION_TIME_INDEX,SINCE_LAST
 2DIAGNOSTIC,     1, -7.496809959412e-01, inf, 3.1855e-01, 1.1980e-01, 
 2DIAGNOSTIC,     2, -7.497631311417e-01, inf, 3.4703e-01, 2.8481e-02, 
 2DIAGNOSTIC,     3, -7.498570084572e-01, inf, 3.7511e-01, 2.8077e-02, 
 2DIAGNOSTIC,     4, -7.498239874840e-01, inf, 4.0235e-01, 2.7246e-02, 
 2DIAGNOSTIC,     5, -7.499861121178e-01, inf, 4.2961e-01, 2.7260e-02, 
 2DIAGNOSTIC,     6, -7.499357461929e-01, inf, 4.5669e-01, 2.7080e-02, 
 2DIAGNOSTIC,     7, -7.499154210091e-01, inf, 4.8508e-01, 2.8384e-02, 
 2DIAGNOSTIC,     8, -7.499501109123e-01, inf, 5.1212e-01, 2.7040e-02, 
 2DIAGNOSTIC,     9, -7.500876188278e-01, inf, 5.3956e-01, 2.7446e-02, 
 2DIAGNOSTIC,    10, -7.503618597984e-01, 4.350531889941e-05, 5.6697e-01, 2.7410e-02, 
 2DIAGNOSTIC,    11, -7.503659725189e-01, 4.453691872186e-05, 5.9078e-01, 2.3808e-02, 
 2DIAGNOSTIC,    12, -7.503845095634e-01, 4.501161674852e-05, 6.1472e-01, 2.3941e-02, 
 2DIAGNOSTIC,    13, -7.506850361824e-01, 5.322988363332e-05, 6.3873e-01, 2.4010e-02, 
 2DIAGNOSTIC,    14, -7.508905529976e-01, 5.985782627249e-05, 6.6735e-01, 2.8614e-02, 
 2DIAGNOSTIC,    15, -7.511044740677e-01, 6.970576214371e-05, 6.9462e-01, 2.7275e-02, 
 2DIAGNOSTIC,    16, -7.511064410210e-01, 7.105717668310e-05, 7.2240e-01, 2.7775e-02, 
 2DIAGNOSTIC,    17, -7.512722015381e-01, 6.934371049283e-05, 7.5313e-01, 3.0734e-02, 
 2DIAGNOSTIC,    18, -7.514156103134e-01, 6.517287692986e-05, 7.8200e-01, 2.8874e-02, 
 2DIAGNOSTIC,    19, -7.512894868851e-01, 5.549543493544e-05, 8.1011e-01, 2.8106e-02, 
 2DIAGNOSTIC,    20, -7.512764930725e-01, 4.689684283221e-05, 8.3698e-01, 2.6869e-02, 
 2DIAGNOSTIC,    21, -7.511830329895e-01, 3.339813702041e-05, 8.6465e-01, 2.7674e-02, 
 2DIAGNOSTIC,    22, -7.510432600975e-01, 1.596916808921e-05, 8.9215e-01, 2.7497e-02, 
 2DIAGNOSTIC,    23, -7.511423230171e-01, 5.224378583080e-06, 9.1933e-01, 2.7179e-02, 
DIAGNOSTIC,Iteration,metricValue,convergenceValue,ITERATION_TIME_INDEX,SINCE_LAST
 2DIAGNOSTIC,     1, -7.150490283966e-01, inf, 1.0369e+00, 1.1753e-01, 
 2DIAGNOSTIC,     2, -7.154786586761e-01, inf, 1.0611e+00, 2.4271e-02, 
 2DIAGNOSTIC,     3, -7.163141369820e-01, inf, 1.0856e+00, 2.4424e-02, 
 2DIAGNOSTIC,     4, -7.176937460899e-01, inf, 1.1109e+00, 2.5375e-02, 
 2DIAGNOSTIC,     5, -7.189370989799e-01, inf, 1.1353e+00, 2.4354e-02, 
 2DIAGNOSTIC,     6, -7.207806110382e-01, inf, 1.1629e+00, 2.7616e-02, 
 2DIAGNOSTIC,     7, -7.220809459686e-01, inf, 1.1871e+00, 2.4150e-02, 
 2DIAGNOSTIC,     8, -7.239708304405e-01, inf, 1.2362e+00, 4.9133e-02, 
 2DIAGNOSTIC,     9, -7.240301370621e-01, inf, 1.2662e+00, 2.9985e-02, 
 2DIAGNOSTIC,    10, -7.240309715271e-01, 9.579272009432e-04, 1.3026e+00, 3.6475e-02, 
 2DIAGNOSTIC,    11, -7.239878177643e-01, 8.016125648282e-04, 1.3318e+00, 2.9172e-02, 
 2DIAGNOSTIC,    12, -7.239909768105e-01, 6.134330760688e-04, 1.3576e+00, 2.5784e-02, 
 2DIAGNOSTIC,    13, -7.239893674850e-01, 4.235248488840e-04, 1.3859e+00, 2.8285e-02, 
 2DIAGNOSTIC,    14, -7.239737510681e-01, 2.610027731862e-04, 1.4142e+00, 2.8295e-02, 
 2DIAGNOSTIC,    15, -7.239778637886e-01, 1.292356027989e-04, 1.4423e+00, 2.8095e-02, 
 2DIAGNOSTIC,    16, -7.239656448364e-01, 4.711412111646e-05, 1.4676e+00, 2.5307e-02, 
DIAGNOSTIC,Iteration,metricValue,convergenceValue,ITERATION_TIME_INDEX,SINCE_LAST
 2DIAGNOSTIC,     1, -6.963617801666e-01, inf, 1.8360e+00, 3.6845e-01, 
  Elapsed time (stage 0): 2.4938e+00


Stage 1
  iterations = 2100x1200x1200x0
  convergence threshold = 1.0000e-06
  convergence window size = 10
  number of levels = 4
  using the Mattes MI metric (number of bins = 32, weight = 1.0000e+00, use gradient filter = 0)
  preprocessing:  histogram matching the images
  Shrink factors (level 1 out of 4): [4, 4, 4]
  Shrink factors (level 2 out of 4): [2, 2, 2]
  Shrink factors (level 3 out of 4): [2, 2, 2]
  Shrink factors (level 4 out of 4): [1, 1, 1]
  smoothing sigmas per level: [3, 2, 1, 0]
  regular sampling (percentage = 2.0000e-01)

*** Running AffineTransform registration ***

DIAGNOSTIC,Iteration,metricValue,convergenceValue,ITERATION_TIME_INDEX,SINCE_LAST
 2DIAGNOSTIC,     1, -8.057377338409e-01, inf, 7.2422e-02, 7.2422e-02, 
 2DIAGNOSTIC,     2, -8.065489530563e-01, inf, 7.7651e-02, 5.2290e-03, 
 2DIAGNOSTIC,     3, -8.065078258514e-01, inf, 8.2257e-02, 4.6060e-03, 
 2DIAGNOSTIC,     4, -8.073477149010e-01, inf, 8.6527e-02, 4.2698e-03, 
 2DIAGNOSTIC,     5, -8.089835643768e-01, inf, 9.0815e-02, 4.2880e-03, 
 2DIAGNOSTIC,     6, -8.091995120049e-01, inf, 9.5784e-02, 4.9689e-03, 
 2DIAGNOSTIC,     7, -8.102822899818e-01, inf, 1.0063e-01, 4.8459e-03, 
 2DIAGNOSTIC,     8, -8.102549910545e-01, inf, 1.0530e-01, 4.6670e-03, 
 2DIAGNOSTIC,     9, -8.131546378136e-01, inf, 1.1097e-01, 5.6741e-03, 
 2DIAGNOSTIC,    10, -8.123123645782e-01, 5.786643596366e-04, 1.1601e-01, 5.0430e-03, 
 2DIAGNOSTIC,    11, -8.122018575668e-01, 5.000863457099e-04, 1.2079e-01, 4.7789e-03, 
 2DIAGNOSTIC,    12, -8.125123977661e-01, 4.246197058819e-04, 1.2616e-01, 5.3668e-03, 
 2DIAGNOSTIC,    13, -8.122195005417e-01, 3.126434166916e-04, 1.3099e-01, 4.8268e-03, 
 2DIAGNOSTIC,    14, -8.117850422859e-01, 1.971570891328e-04, 1.3552e-01, 4.5340e-03, 
 2DIAGNOSTIC,    15, -8.116543889046e-01, 1.150849275291e-04, 1.4043e-01, 4.9102e-03, 
 2DIAGNOSTIC,    16, -8.125939369202e-01, 5.855971176061e-05, 1.4498e-01, 4.5528e-03, 
 2DIAGNOSTIC,    17, -8.134243488312e-01, 4.260850619175e-05, 1.4981e-01, 4.8261e-03, 
 2DIAGNOSTIC,    18, -8.133425712585e-01, 2.051800402114e-05, 1.5626e-01, 6.4480e-03, 
 2DIAGNOSTIC,    19, -8.133456707001e-01, 5.377201159718e-05, 1.6212e-01, 5.8641e-03, 
 2DIAGNOSTIC,    20, -8.134303092957e-01, 6.583296635654e-05, 1.6688e-01, 4.7629e-03, 
 2DIAGNOSTIC,    21, -8.123169541359e-01, 4.964174513589e-05, 1.7135e-01, 4.4611e-03, 
 2DIAGNOSTIC,    22, -8.122932314873e-01, 3.526719592628e-05, 1.7585e-01, 4.5021e-03, 
 2DIAGNOSTIC,    23, -8.115663528442e-01, 3.643501486295e-06, 1.8062e-01, 4.7750e-03, 
DIAGNOSTIC,Iteration,metricValue,convergenceValue,ITERATION_TIME_INDEX,SINCE_LAST
 2DIAGNOSTIC,     1, -7.564163208008e-01, inf, 3.0404e-01, 1.2341e-01, 
 2DIAGNOSTIC,     2, -7.566983103752e-01, inf, 3.3879e-01, 3.4751e-02, 
 2DIAGNOSTIC,     3, -7.564894556999e-01, inf, 3.8001e-01, 4.1220e-02, 
 2DIAGNOSTIC,     4, -7.565466165543e-01, inf, 4.2515e-01, 4.5140e-02, 
 2DIAGNOSTIC,     5, -7.565355300903e-01, inf, 4.6026e-01, 3.5115e-02, 
 2DIAGNOSTIC,     6, -7.565174698830e-01, inf, 4.9088e-01, 3.0617e-02, 
 2DIAGNOSTIC,     7, -7.565233707428e-01, inf, 5.2114e-01, 3.0263e-02, 
 2DIAGNOSTIC,     8, -7.564316391945e-01, inf, 5.6225e-01, 4.1107e-02, 
 2DIAGNOSTIC,     9, -7.563742399216e-01, inf, 5.9651e-01, 3.4261e-02, 
DIAGNOSTIC,Iteration,metricValue,convergenceValue,ITERATION_TIME_INDEX,SINCE_LAST
 2DIAGNOSTIC,     1, -7.166211605072e-01, inf, 7.2419e-01, 1.2768e-01, 
 2DIAGNOSTIC,     2, -7.174492478371e-01, inf, 7.5450e-01, 3.0319e-02, 
 2DIAGNOSTIC,     3, -7.184957265854e-01, inf, 7.8503e-01, 3.0524e-02, 
 2DIAGNOSTIC,     4, -7.203133702278e-01, inf, 8.1476e-01, 2.9727e-02, 
 2DIAGNOSTIC,     5, -7.231290936470e-01, inf, 8.4526e-01, 3.0506e-02, 
 2DIAGNOSTIC,     6, -7.323906421661e-01, inf, 8.7553e-01, 3.0270e-02, 
 2DIAGNOSTIC,     7, -7.422069907188e-01, inf, 9.1013e-01, 3.4594e-02, 
 2DIAGNOSTIC,     8, -7.434109449387e-01, inf, 9.7116e-01, 6.1030e-02, 
 2DIAGNOSTIC,     9, -7.434219121933e-01, inf, 1.0130e+00, 4.1875e-02, 
 2DIAGNOSTIC,    10, -7.434121370316e-01, 3.067832207307e-03, 1.0539e+00, 4.0890e-02, 
 2DIAGNOSTIC,    11, -7.434192895889e-01, 2.654562005773e-03, 1.0874e+00, 3.3519e-02, 
 2DIAGNOSTIC,    12, -7.434051632881e-01, 2.094708383083e-03, 1.1215e+00, 3.4054e-02, 
 2DIAGNOSTIC,    13, -7.434001564980e-01, 1.466841204092e-03, 1.1530e+00, 3.1525e-02, 
 2DIAGNOSTIC,    14, -7.433815002441e-01, 8.518808172084e-04, 1.1868e+00, 3.3750e-02, 
 2DIAGNOSTIC,    15, -7.433947920799e-01, 3.121013578493e-04, 1.2277e+00, 4.0975e-02, 
 2DIAGNOSTIC,    16, -7.433915138245e-01, 2.941629645647e-05, 1.2615e+00, 3.3792e-02, 
DIAGNOSTIC,Iteration,metricValue,convergenceValue,ITERATION_TIME_INDEX,SINCE_LAST
 2DIAGNOSTIC,     1, -7.133528590202e-01, inf, 1.6867e+00, 4.2513e-01, 
  Elapsed time (stage 1): 2.3517e+00


Stage 2
  iterations = 120x80x40x0
  convergence threshold = 1.0000e-07
  convergence window size = 8
  number of levels = 4
  using the CC metric (radius = 32, weight = 1.0000e+00, use gradient filter = 0)
  preprocessing:  histogram matching the images
  Shrink factors (level 1 out of 4): [8, 8, 8]
  Shrink factors (level 2 out of 4): [4, 4, 4]
  Shrink factors (level 3 out of 4): [2, 2, 2]
  Shrink factors (level 4 out of 4): [1, 1, 1]
  smoothing sigmas per level: [3, 2, 1, 0]
  Using default NONE metricSamplingStrategy 

*** Running SyN registration (varianceForUpdateField = 3.0000e+00, varianceForTotalField = 0.0000e+00) ***

XXDIAGNOSTIC,Iteration,metricValue,convergenceValue,ITERATION_TIME_INDEX,SINCE_LAST
 1DIAGNOSTIC,     1, -6.923570036888e-01, inf, 9.0907e-01, 9.0907e-01, 
 1DIAGNOSTIC,     2, -7.264693975449e-01, inf, 1.7643e+00, 8.5525e-01, 
 1DIAGNOSTIC,     3, -7.543655633926e-01, inf, 2.6185e+00, 8.5415e-01, 
 1DIAGNOSTIC,     4, -7.719062566757e-01, inf, 3.4675e+00, 8.4900e-01, 
 1DIAGNOSTIC,     5, -7.845626473427e-01, inf, 4.3132e+00, 8.4573e-01, 
 1DIAGNOSTIC,     6, -7.947959899902e-01, inf, 5.1506e+00, 8.3735e-01, 
 1DIAGNOSTIC,     7, -8.005832433701e-01, inf, 5.9869e+00, 8.3640e-01, 
 1DIAGNOSTIC,     8, -8.033748865128e-01, 1.134262140840e-02, 6.8336e+00, 8.4662e-01, 
 1DIAGNOSTIC,     9, -8.076183199883e-01, 7.095449138433e-03, 7.6770e+00, 8.4344e-01, 
 1DIAGNOSTIC,    10, -8.103329539299e-01, 4.417371004820e-03, 8.5259e+00, 8.4892e-01, 
 1DIAGNOSTIC,    11, -8.122559189796e-01, 2.854905556887e-03, 9.3638e+00, 8.3783e-01, 
 1DIAGNOSTIC,    12, -8.138878345490e-01, 1.883029937744e-03, 1.0200e+01, 8.3594e-01, 
 1DIAGNOSTIC,    13, -8.154604434967e-01, 1.287978840992e-03, 1.1049e+01, 8.4934e-01, 
 1DIAGNOSTIC,    14, -8.158914446831e-01, 9.367363527417e-04, 1.1898e+01, 8.4882e-01, 
 1DIAGNOSTIC,    15, -8.163833618164e-01, 6.889271317050e-04, 1.2742e+01, 8.4394e-01, 
 1DIAGNOSTIC,    16, -8.169861435890e-01, 4.682946891990e-04, 1.3587e+01, 8.4563e-01, 
 1DIAGNOSTIC,    17, -8.171032667160e-01, 3.204051754437e-04, 1.4435e+01, 8.4778e-01, 
 1DIAGNOSTIC,    18, -8.172341585159e-01, 2.138792187907e-04, 1.5279e+01, 8.4390e-01, 
 1DIAGNOSTIC,    19, -8.171281814575e-01, 1.305714249611e-04, 1.6114e+01, 8.3511e-01, 
 1DIAGNOSTIC,    20, -8.170611858368e-01, 7.113871834008e-05, 1.6967e+01, 8.5318e-01, 
 1DIAGNOSTIC,    21, -8.168745636940e-01, 3.653769817902e-05, 1.7807e+01, 8.3919e-01, 
 1DIAGNOSTIC,    22, -8.165028691292e-01, 1.409294213772e-06, 1.8669e+01, 8.6235e-01, 
 1DIAGNOSTIC,    23, -8.160871267319e-01, -2.914481410698e-05, 1.9510e+01, 8.4134e-01, 
XXDIAGNOSTIC,Iteration,metricValue,convergenceValue,ITERATION_TIME_INDEX,SINCE_LAST
 1DIAGNOSTIC,     1, -7.580097913742e-01, inf, 2.7260e+01, 7.7497e+00, 
 1DIAGNOSTIC,     2, -7.663087248802e-01, inf, 3.4902e+01, 7.6418e+00, 
 1DIAGNOSTIC,     3, -7.760345935822e-01, inf, 4.2312e+01, 7.4107e+00, 
 1DIAGNOSTIC,     4, -7.842019796371e-01, inf, 4.9655e+01, 7.3422e+00, 
 1DIAGNOSTIC,     5, -7.910079360008e-01, inf, 5.6971e+01, 7.3165e+00, 
 1DIAGNOSTIC,     6, -7.978718280792e-01, inf, 6.4288e+01, 7.3165e+00, 
 1DIAGNOSTIC,     7, -8.011499047279e-01, inf, 7.2043e+01, 7.7553e+00, 
 1DIAGNOSTIC,     8, -8.045631051064e-01, 4.993659909815e-03, 7.9606e+01, 7.5634e+00, 
 1DIAGNOSTIC,     9, -8.070058822632e-01, 3.738329047337e-03, 8.7269e+01, 7.6628e+00, 
 1DIAGNOSTIC,    10, -8.088560104370e-01, 2.675237366930e-03, 9.4803e+01, 7.5340e+00, 
 1DIAGNOSTIC,    11, -8.100072145462e-01, 1.877510221675e-03, 1.0228e+02, 7.4796e+00, 
 1DIAGNOSTIC,    12, -8.122577667236e-01, 1.337546971627e-03, 1.0957e+02, 7.2843e+00, 
 1DIAGNOSTIC,    13, -8.129273056984e-01, 9.451094083488e-04, 1.1694e+02, 7.3773e+00, 
 1DIAGNOSTIC,    14, -8.129658699036e-01, 6.947545916773e-04, 1.2446e+02, 7.5159e+00, 
 1DIAGNOSTIC,    15, -8.137525916100e-01, 4.990587476641e-04, 1.3215e+02, 7.6928e+00, 
 1DIAGNOSTIC,    16, -8.130738139153e-01, 3.307986189611e-04, 1.3977e+02, 7.6145e+00, 
 1DIAGNOSTIC,    17, -8.144577741623e-01, 2.346403198317e-04, 1.4738e+02, 7.6120e+00, 
 1DIAGNOSTIC,    18, -8.142216205597e-01, 1.551190798637e-04, 1.5502e+02, 7.6410e+00, 
 1DIAGNOSTIC,    19, -8.150212764740e-01, 1.068452693289e-04, 1.6262e+02, 7.6021e+00, 
 1DIAGNOSTIC,    20, -8.155845403671e-01, 1.095348270610e-04, 1.7024e+02, 7.6165e+00, 
 1DIAGNOSTIC,    21, -8.163571953773e-01, 1.262129808310e-04, 1.7785e+02, 7.6134e+00, 
 1DIAGNOSTIC,    22, -8.157309889793e-01, 1.112284808187e-04, 1.8549e+02, 7.6360e+00, 
 1DIAGNOSTIC,    23, -8.158841133118e-01, 1.005339581752e-04, 1.9312e+02, 7.6273e+00, 
 1DIAGNOSTIC,    24, -8.154045343399e-01, 5.423442053143e-05, 2.0077e+02, 7.6504e+00, 
 1DIAGNOSTIC,    25, -8.160178661346e-01, 3.907316204277e-05, 2.0828e+02, 7.5186e+00, 
 1DIAGNOSTIC,    26, -8.169693350792e-01, 3.146619928884e-05, 2.1575e+02, 7.4618e+00, 
 1DIAGNOSTIC,    27, -8.171558380127e-01, 3.595599628170e-05, 2.2307e+02, 7.3192e+00, 
 1DIAGNOSTIC,    28, -8.167380690575e-01, 3.737699444173e-05, 2.3042e+02, 7.3554e+00, 
 1DIAGNOSTIC,    29, -8.169267177582e-01, 4.799395901500e-05, 2.3772e+02, 7.3038e+00, 
 1DIAGNOSTIC,    30, -8.167101144791e-01, 3.811289570876e-05, 2.4540e+02, 7.6767e+00, 
 1DIAGNOSTIC,    31, -8.170766830444e-01, 3.112687045359e-05, 2.5300e+02, 7.5979e+00, 
 1DIAGNOSTIC,    32, -8.172040581703e-01, 1.556601455377e-05, 2.6036e+02, 7.3557e+00, 
 1DIAGNOSTIC,    33, -8.174932003021e-01, 1.055628854374e-05, 2.6793e+02, 7.5745e+00, 
 1DIAGNOSTIC,    34, -8.185418248177e-01, 2.982848855027e-05, 2.7555e+02, 7.6210e+00, 
 1DIAGNOSTIC,    35, -8.191049098969e-01, 5.291926572681e-05, 2.8317e+02, 7.6191e+00, 
 1DIAGNOSTIC,    36, -8.190543055534e-01, 6.147678504931e-05, 2.9081e+02, 7.6437e+00, 
 1DIAGNOSTIC,    37, -8.201447129250e-01, 7.584523700643e-05, 2.9849e+02, 7.6756e+00, 
 1DIAGNOSTIC,    38, -8.213649988174e-01, 8.924194844440e-05, 3.0613e+02, 7.6367e+00, 
 1DIAGNOSTIC,    39, -8.224060535431e-01, 1.044477103278e-04, 3.1378e+02, 7.6515e+00, 
 1DIAGNOSTIC,    40, -8.244708776474e-01, 1.276095135836e-04, 3.2142e+02, 7.6392e+00, 
 1DIAGNOSTIC,    41, -8.260152935982e-01, 1.497168123024e-04, 3.2909e+02, 7.6759e+00, 
 1DIAGNOSTIC,    42, -8.260176181793e-01, 1.593185006641e-04, 3.3676e+02, 7.6723e+00, 
 1DIAGNOSTIC,    43, -8.267711400986e-01, 1.585950813023e-04, 3.4440e+02, 7.6369e+00, 
 1DIAGNOSTIC,    44, -8.267699480057e-01, 1.334714179393e-04, 3.5207e+02, 7.6636e+00, 
 1DIAGNOSTIC,    45, -8.267395496368e-01, 9.980662434828e-05, 3.5972e+02, 7.6515e+00, 
 1DIAGNOSTIC,    46, -8.270412683487e-01, 6.751019100193e-05, 3.6733e+02, 7.6166e+00, 
 1DIAGNOSTIC,    47, -8.270692825317e-01, 3.628113699961e-05, 3.7493e+02, 7.5986e+00, 
 1DIAGNOSTIC,    48, -8.265537023544e-01, 1.482604966441e-05, 3.8249e+02, 7.5540e+00, 
 1DIAGNOSTIC,    49, -8.268537521362e-01, 8.641667591291e-06, 3.8991e+02, 7.4288e+00, 
 1DIAGNOSTIC,    50, -8.270855545998e-01, 3.221782435503e-06, 3.9710e+02, 7.1821e+00, 
 1DIAGNOSTIC,    51, -8.270374536514e-01, 3.620495817813e-06, 4.0413e+02, 7.0325e+00, 
 1DIAGNOSTIC,    52, -8.270185589790e-01, 3.640925569925e-06, 4.1135e+02, 7.2239e+00, 
 1DIAGNOSTIC,    53, -8.276612758636e-01, 8.090608389466e-06, 4.1900e+02, 7.6475e+00, 
 1DIAGNOSTIC,    54, -8.278676271439e-01, 1.507801334810e-05, 4.2661e+02, 7.6128e+00, 
 1DIAGNOSTIC,    55, -8.280125856400e-01, 2.125165337930e-05, 4.3427e+02, 7.6571e+00, 
 1DIAGNOSTIC,    56, -8.279988169670e-01, 2.010388379858e-05, 4.4190e+02, 7.6279e+00, 
 1DIAGNOSTIC,    57, -8.284206986427e-01, 2.140874312317e-05, 4.4955e+02, 7.6539e+00, 
 1DIAGNOSTIC,    58, -8.277584314346e-01, 1.629925645830e-05, 4.5737e+02, 7.8210e+00, 
 1DIAGNOSTIC,    59, -8.280094861984e-01, 1.076070384443e-05, 4.6506e+02, 7.6855e+00, 
 1DIAGNOSTIC,    60, -8.274276256561e-01, -5.833404657096e-07, 4.7267e+02, 7.6120e+00, 
XXDIAGNOSTIC,Iteration,metricValue,convergenceValue,ITERATION_TIME_INDEX,SINCE_LAST
 1DIAGNOSTIC,     1, -7.728543877602e-01, inf, 5.5038e+02, 7.7712e+01, 
 1DIAGNOSTIC,     2, -7.719553709030e-01, inf, 6.2662e+02, 7.6235e+01, 
 1DIAGNOSTIC,     3, -7.733530998230e-01, inf, 7.0318e+02, 7.6564e+01, 
 1DIAGNOSTIC,     4, -7.751946449280e-01, inf, 7.7821e+02, 7.5027e+01, 
 1DIAGNOSTIC,     5, -7.769922614098e-01, inf, 8.5424e+02, 7.6030e+01, 
 1DIAGNOSTIC,     6, -7.786003351212e-01, inf, 9.3040e+02, 7.6166e+01, 
 1DIAGNOSTIC,     7, -7.805100679398e-01, inf, 1.0067e+03, 7.6320e+01, 
 1DIAGNOSTIC,     8, -7.821825742722e-01, 1.122406101786e-03, 1.0830e+03, 7.6239e+01, 
 1DIAGNOSTIC,     9, -7.832843065262e-01, 1.108215306886e-03, 1.1541e+03, 7.1091e+01, 
 1DIAGNOSTIC,    10, -7.848637700081e-01, 9.765927679837e-04, 1.2301e+03, 7.6018e+01, 
 1DIAGNOSTIC,    11, -7.858543992043e-01, 8.308598771691e-04, 1.3070e+03, 7.6974e+01, 
 1DIAGNOSTIC,    12, -7.873834371567e-01, 7.200492545962e-04, 1.3811e+03, 7.4089e+01, 
 1DIAGNOSTIC,    13, -7.885400056839e-01, 6.275027408265e-04, 1.4592e+03, 7.8084e+01, 
 1DIAGNOSTIC,    14, -7.899390459061e-01, 5.559975397773e-04, 1.5335e+03, 7.4310e+01, 
 1DIAGNOSTIC,    15, -7.908132076263e-01, 4.981470992789e-04, 1.6084e+03, 7.4833e+01, 
 1DIAGNOSTIC,    16, -7.916926741600e-01, 4.484252131078e-04, 1.6846e+03, 7.6200e+01, 
 1DIAGNOSTIC,    17, -7.924645543098e-01, 3.894740366377e-04, 1.7598e+03, 7.5251e+01, 
 1DIAGNOSTIC,    18, -7.932685613632e-01, 3.406104224268e-04, 1.8358e+03, 7.5992e+01, 
 1DIAGNOSTIC,    19, -7.937101125717e-01, 2.815586631186e-04, 1.9120e+03, 7.6158e+01, 
 1DIAGNOSTIC,    20, -7.942932844162e-01, 2.353694144404e-04, 1.9868e+03, 7.4787e+01, 
 1DIAGNOSTIC,    21, -7.946515083313e-01, 1.915771572385e-04, 2.0630e+03, 7.6294e+01, 
 1DIAGNOSTIC,    22, -7.948904633522e-01, 1.573753397679e-04, 2.1348e+03, 7.1777e+01, 
 1DIAGNOSTIC,    23, -7.952662706375e-01, 1.277335104533e-04, 2.2052e+03, 7.0393e+01, 
 1DIAGNOSTIC,    24, -7.955565452576e-01, 1.037729161908e-04, 2.2761e+03, 7.0841e+01, 
 1DIAGNOSTIC,    25, -7.956469058990e-01, 8.206108032027e-05, 2.3472e+03, 7.1192e+01, 
 1DIAGNOSTIC,    26, -7.958762645721e-01, 6.806615419919e-05, 2.4183e+03, 7.1002e+01, 
 1DIAGNOSTIC,    27, -7.961751818657e-01, 5.736698585679e-05, 2.4876e+03, 6.9375e+01, 
 1DIAGNOSTIC,    28, -7.962064743042e-01, 4.888681723969e-05, 2.5561e+03, 6.8452e+01, 
 1DIAGNOSTIC,    29, -7.960525751114e-01, 3.731156175490e-05, 2.6246e+03, 6.8518e+01, 
 1DIAGNOSTIC,    30, -7.962809801102e-01, 2.812876118696e-05, 2.6932e+03, 6.8615e+01, 
 1DIAGNOSTIC,    31, -7.964242696762e-01, 2.277484600199e-05, 2.7618e+03, 6.8566e+01, 
 1DIAGNOSTIC,    32, -7.965468168259e-01, 2.040507570200e-05, 2.8301e+03, 6.8328e+01, 
 1DIAGNOSTIC,    33, -7.965445518494e-01, 1.665322270128e-05, 2.8979e+03, 6.7826e+01, 
 1DIAGNOSTIC,    34, -7.965810894966e-01, 1.421653087164e-05, 2.9658e+03, 6.7830e+01, 
 1DIAGNOSTIC,    35, -7.966282963753e-01, 1.427118058928e-05, 3.0334e+03, 6.7608e+01, 
 1DIAGNOSTIC,    36, -7.966539859772e-01, 1.314792098128e-05, 3.1010e+03, 6.7605e+01, 
 1DIAGNOSTIC,    37, -7.965810298920e-01, 7.588725566166e-06, 3.1686e+03, 6.7631e+01, 
 1DIAGNOSTIC,    38, -7.964804172516e-01, 2.865285978260e-06, 3.2365e+03, 6.7931e+01, 
 1DIAGNOSTIC,    39, -7.964911460876e-01, -1.748057201212e-07, 3.3045e+03, 6.7951e+01, 
  Elapsed time (stage 2): 3305


Total elapsed time: 3310
Using double precision for computations.
Input scalar image: 0x7fb796e26608
Could not create ImageIO for the input file, assuming dimension = 3 and scalar pixel type
Reference image: 0x7fb796e26668
=============================================================================
The composite transform comprises the following transforms (in order): 
  1. /resnick/groups/Proberlab/yun/lightsheet/analysis_output/registration/hcrt-trpv1_huc-h2b-g8m_csn_120min/260525_hcrt-trpv1_huc-h2b-g8m_inj_hcrt-h2b-g8m_csn_10uM_fish1/expt_to_mean_affine.mat (type = AffineTransform)
  2. /resnick/groups/Proberlab/yun/lightsheet/analysis_output/registration/hcrt-trpv1_huc-h2b-g8m_csn_120min/260525_hcrt-trpv1_huc-h2b-g8m_inj_hcrt-h2b-g8m_csn_10uM_fish1/expt_to_mean_warp.nii.gz (type = DisplacementFieldTransform)
=============================================================================
Default pixel value: 0
Interpolation type: WindowedSincInterpolateImageFunction
Output warped image: 0x7fb796e26688
✅ TMPDIR=/resnick/scratch/yun/tmp_ants | ITK threads=14

Loading mean brain: /resnick/groups/Proberlab/yun/lightsheet/analysis_output/registration/mean_brain_HCRT_TRPV1_YNT_ALL.nii.gz
Mean brain shape=(300, 564, 40), spacing=(1.5199999809265137, 1.5199999809265137, 6.25)

============================================================
  Registering: 260525_hcrt-trpv1_huc-h2b-g8m_inj_hcrt-h2b-g8m_csn_10uM_fish1
  proj_ID:     hcrt-trpv1_huc-h2b-g8m_csn_120min
============================================================
Loading volume mean (moving)...
Raw HDF5 shape (Z, X, Y): (40, 304, 556)
Transposed shape (X, Y, Z): (304, 556, 40)
Rotated shape (X, Y, Z): (304, 556, 40)
ANTsImage (RAI)
	 Pixel Type : float (float32)
	 Components : 1
	 Dimensions : (304, 556, 40)
	 Spacing    : (1.52, 1.52, 6.25)
	 Origin     : (0.0, 0.0, 0.0)
	 Direction  : [1. 0. 0. 0. 1. 0. 0. 0. 1.]

  [atlas] spacing=(1.5199999809265137, 1.5199999809265137, 6.25) origin=(454.4799942970276, 855.7599892616272, 243.75)
  [mov  ] spacing=(1.52, 1.52, 6.25) origin=(460.56, 843.6, 243.75)
Resampling to (3.0, 3.0, 3.0) µm...
Running SyN...
antsRegistration -d 3 -r /resnick/scratch/yun/tmp_ants/tmp7hufrpnc.mat -m MI[0x7fb796e26548,0x7fb796e265e8,1,32,regular,0.2] -t Rigid[0.25] -c 2100x1200x1200x0 -s 3x2x1x0 -f 4x2x2x1 -x [NA,NA] -m MI[0x7fb796e26548,0x7fb796e265e8,1,32,regular,0.2] -t Affine[0.25] -c 2100x1200x1200x0 -s 3x2x1x0 -f 4x2x2x1 -x [NA,NA] -m CC[0x7fb796e26548,0x7fb796e265e8,1,32] -t SyN[0.200000,3.000000,0.000000] -c [120x80x40x0,1e-7,8] -s 3x2x1x0 -f 8x4x2x1 -u 1 -z 1 -o [/resnick/scratch/yun/tmp_ants/tmphani5ezg,0x7fb796e26628,0x7fb796e265c8] -x [0x7fb796e26648,0x7fb796e26688] --float 1 --write-composite-transform 0 -v 1
SyN warp field saved: /resnick/groups/Proberlab/yun/lightsheet/analysis_output/registration/hcrt-trpv1_huc-h2b-g8m_csn_120min/260525_hcrt-trpv1_huc-h2b-g8m_inj_hcrt-h2b-g8m_csn_10uM_fish1/expt_to_mean_warp.nii.gz
SyN affine transform saved: /resnick/groups/Proberlab/yun/lightsheet/analysis_output/registration/hcrt-trpv1_huc-h2b-g8m_csn_120min/260525_hcrt-trpv1_huc-h2b-g8m_inj_hcrt-h2b-g8m_csn_10uM_fish1/expt_to_mean_affine.mat
Applying composite transform at full resolution...
['-d', '3', '-i', '0x7fb796e26608', '-o', '0x7fb796e26688', '-r', '0x7fb796e26668', '-n', 'welchWindowedSinc', '-t', '/resnick/groups/Proberlab/yun/lightsheet/analysis_output/registration/hcrt-trpv1_huc-h2b-g8m_csn_120min/260525_hcrt-trpv1_huc-h2b-g8m_inj_hcrt-h2b-g8m_csn_10uM_fish1/expt_to_mean_warp.nii.gz', '-t', '/resnick/groups/Proberlab/yun/lightsheet/analysis_output/registration/hcrt-trpv1_huc-h2b-g8m_csn_120min/260525_hcrt-trpv1_huc-h2b-g8m_inj_hcrt-h2b-g8m_csn_10uM_fish1/expt_to_mean_affine.mat']
✅ Registered image saved: /resnick/groups/Proberlab/yun/lightsheet/analysis_output/registration/hcrt-trpv1_huc-h2b-g8m_csn_120min/260525_hcrt-trpv1_huc-h2b-g8m_inj_hcrt-h2b-g8m_csn_10uM_fish1/expt_to_mean_registered_final.nii.gz
Saving QC overlay...
  ✅ QC overlay saved: /resnick/groups/Proberlab/yun/lightsheet/analysis_output/registration/hcrt-trpv1_huc-h2b-g8m_csn_120min/260525_hcrt-trpv1_huc-h2b-g8m_inj_hcrt-h2b-g8m_csn_10uM_fish1/qc_registration_overlay.pdf

=== Registration complete: 260525_hcrt-trpv1_huc-h2b-g8m_inj_hcrt-h2b-g8m_csn_10uM_fish1 ===
