All_Command_lines_OK
Using single precision for computations.
=============================================================================
The composite transform comprises the following transforms (in order): 
  1. /resnick/scratch/yun/tmp_ants/tmp75kk12wz.mat (type = AffineTransform)
=============================================================================
  Reading mask(s).
    Registration stage 0
      No fixed mask
      No moving mask
    Registration stage 1
      No fixed mask
      No moving mask
    Registration stage 2
      Fixed mask = 0x7fa85fffe628
      Moving mask = 0x7fa85fffe668
  number of levels = 4
  number of levels = 4
  number of levels = 4
  fixed image: 0x7fa85fffe528
  moving image: 0x7fa85fffe5c8
  fixed image: 0x7fa85fffe528
  moving image: 0x7fa85fffe5c8
  fixed image: 0x7fa85fffe528
  moving image: 0x7fa85fffe5c8
Dimension = 3
Number of stages = 3
Use histogram matching = true
Winsorize image intensities = false
  Lower quantile = 0
  Upper quantile = 1


Stage 1 State
   Image metric = MattesMI
     Fixed image = Image (0x3c64150)
  RTTI typeinfo:   itk::Image<float, 3u>
  Reference Count: 2
  Modified Time: 1332087
  Debug: Off
  Object Name: 
  Observers: 
    none
  Source: (none)
  Source output name: (none)
  Release Data: Off
  Data Released: False
  Global Release Data: Off
  PipelineMTime: 0
  UpdateMTime: 1332059
  RealTimeStamp: 0 seconds 
  LargestPossibleRegion: 
    Dimension: 3
    Index: [0, 0, 0]
    Size: [142, 276, 83]
  BufferedRegion: 
    Dimension: 3
    Index: [0, 0, 0]
    Size: [142, 276, 83]
  RequestedRegion: 
    Dimension: 3
    Index: [0, 0, 0]
    Size: [142, 276, 83]
  Spacing: [3, 3, 3]
  Origin: [424.08, 825.36, 243.75]
  Direction: 
-1 0 0
0 -1 0
0 0 -1

  IndexToPointMatrix: 
-3 0 0
0 -3 0
0 0 -3

  PointToIndexMatrix: 
-0.333333 0 0
0 -0.333333 0
0 0 -0.333333

  Inverse Direction: 
-1 0 0
0 -1 0
0 0 -1

  PixelContainer: 
    ImportImageContainer (0x3c6c220)
      RTTI typeinfo:   itk::ImportImageContainer<unsigned long, float>
      Reference Count: 1
      Modified Time: 1332057
      Debug: Off
      Object Name: 
      Observers: 
        none
      Pointer: 0x12bc7b90
      Container manages memory: true
      Size: 3252936
      Capacity: 3252936

     Moving image = Image (0x3c6c590)
  RTTI typeinfo:   itk::Image<float, 3u>
  Reference Count: 2
  Modified Time: 1332088
  Debug: Off
  Object Name: 
  Observers: 
    none
  Source: (none)
  Source output name: (none)
  Release Data: Off
  Data Released: False
  Global Release Data: Off
  PipelineMTime: 0
  UpdateMTime: 1332085
  RealTimeStamp: 0 seconds 
  LargestPossibleRegion: 
    Dimension: 3
    Index: [0, 0, 0]
    Size: [142, 276, 83]
  BufferedRegion: 
    Dimension: 3
    Index: [0, 0, 0]
    Size: [142, 276, 83]
  RequestedRegion: 
    Dimension: 3
    Index: [0, 0, 0]
    Size: [142, 276, 83]
  Spacing: [3, 3, 3]
  Origin: [424.08, 825.36, 243.75]
  Direction: 
-1 0 0
0 -1 0
0 0 -1

  IndexToPointMatrix: 
-3 0 0
0 -3 0
0 0 -3

  PointToIndexMatrix: 
-0.333333 0 0
0 -0.333333 0
0 0 -0.333333

  Inverse Direction: 
-1 0 0
0 -1 0
0 0 -1

  PixelContainer: 
    ImportImageContainer (0x3caeba0)
      RTTI typeinfo:   itk::ImportImageContainer<unsigned long, float>
      Reference Count: 1
      Modified Time: 1332083
      Debug: Off
      Object Name: 
      Observers: 
        none
      Pointer: 0x138306c0
      Container manages memory: true
      Size: 3252936
      Capacity: 3252936

     Weighting = 1
     Sampling strategy = regular
     Number of bins = 32
     Radius = 4
     Sampling percentage  = 0.2
   Transform = Rigid
     Gradient step = 0.25
     Update field sigma (voxel space) = 0
     Total field sigma (voxel space) = 0
     Update field time sigma = 0
     Total field time sigma  = 0
     Number of time indices = 0
     Number of time point samples = 0
Stage 2 State
   Image metric = MattesMI
     Fixed image = Image (0x3c54c00)
  RTTI typeinfo:   itk::Image<float, 3u>
  Reference Count: 2
  Modified Time: 1332141
  Debug: Off
  Object Name: 
  Observers: 
    none
  Source: (none)
  Source output name: (none)
  Release Data: Off
  Data Released: False
  Global Release Data: Off
  PipelineMTime: 0
  UpdateMTime: 1332113
  RealTimeStamp: 0 seconds 
  LargestPossibleRegion: 
    Dimension: 3
    Index: [0, 0, 0]
    Size: [142, 276, 83]
  BufferedRegion: 
    Dimension: 3
    Index: [0, 0, 0]
    Size: [142, 276, 83]
  RequestedRegion: 
    Dimension: 3
    Index: [0, 0, 0]
    Size: [142, 276, 83]
  Spacing: [3, 3, 3]
  Origin: [424.08, 825.36, 243.75]
  Direction: 
-1 0 0
0 -1 0
0 0 -1

  IndexToPointMatrix: 
-3 0 0
0 -3 0
0 0 -3

  PointToIndexMatrix: 
-0.333333 0 0
0 -0.333333 0
0 0 -0.333333

  Inverse Direction: 
-1 0 0
0 -1 0
0 0 -1

  PixelContainer: 
    ImportImageContainer (0x3c6eb20)
      RTTI typeinfo:   itk::ImportImageContainer<unsigned long, float>
      Reference Count: 1
      Modified Time: 1332111
      Debug: Off
      Object Name: 
      Observers: 
        none
      Pointer: 0x144991f0
      Container manages memory: true
      Size: 3252936
      Capacity: 3252936

     Moving image = Image (0x3cc0fb0)
  RTTI typeinfo:   itk::Image<float, 3u>
  Reference Count: 2
  Modified Time: 1332142
  Debug: Off
  Object Name: 
  Observers: 
    none
  Source: (none)
  Source output name: (none)
  Release Data: Off
  Data Released: False
  Global Release Data: Off
  PipelineMTime: 0
  UpdateMTime: 1332139
  RealTimeStamp: 0 seconds 
  LargestPossibleRegion: 
    Dimension: 3
    Index: [0, 0, 0]
    Size: [142, 276, 83]
  BufferedRegion: 
    Dimension: 3
    Index: [0, 0, 0]
    Size: [142, 276, 83]
  RequestedRegion: 
    Dimension: 3
    Index: [0, 0, 0]
    Size: [142, 276, 83]
  Spacing: [3, 3, 3]
  Origin: [424.08, 825.36, 243.75]
  Direction: 
-1 0 0
0 -1 0
0 0 -1

  IndexToPointMatrix: 
-3 0 0
0 -3 0
0 0 -3

  PointToIndexMatrix: 
-0.333333 0 0
0 -0.333333 0
0 0 -0.333333

  Inverse Direction: 
-1 0 0
0 -1 0
0 0 -1

  PixelContainer: 
    ImportImageContainer (0x3cfbc60)
      RTTI typeinfo:   itk::ImportImageContainer<unsigned long, float>
      Reference Count: 1
      Modified Time: 1332137
      Debug: Off
      Object Name: 
      Observers: 
        none
      Pointer: 0x15101d20
      Container manages memory: true
      Size: 3252936
      Capacity: 3252936

     Weighting = 1
     Sampling strategy = regular
     Number of bins = 32
     Radius = 4
     Sampling percentage  = 0.2
   Transform = Affine
     Gradient step = 0.25
     Update field sigma (voxel space) = 0
     Total field sigma (voxel space) = 0
     Update field time sigma = 0
     Total field time sigma  = 0
     Number of time indices = 0
     Number of time point samples = 0
Stage 3 State
   Image metric = CC
     Fixed image = Image (0x3c813f0)
  RTTI typeinfo:   itk::Image<float, 3u>
  Reference Count: 2
  Modified Time: 1332195
  Debug: Off
  Object Name: 
  Observers: 
    none
  Source: (none)
  Source output name: (none)
  Release Data: Off
  Data Released: False
  Global Release Data: Off
  PipelineMTime: 0
  UpdateMTime: 1332167
  RealTimeStamp: 0 seconds 
  LargestPossibleRegion: 
    Dimension: 3
    Index: [0, 0, 0]
    Size: [142, 276, 83]
  BufferedRegion: 
    Dimension: 3
    Index: [0, 0, 0]
    Size: [142, 276, 83]
  RequestedRegion: 
    Dimension: 3
    Index: [0, 0, 0]
    Size: [142, 276, 83]
  Spacing: [3, 3, 3]
  Origin: [424.08, 825.36, 243.75]
  Direction: 
-1 0 0
0 -1 0
0 0 -1

  IndexToPointMatrix: 
-3 0 0
0 -3 0
0 0 -3

  PointToIndexMatrix: 
-0.333333 0 0
0 -0.333333 0
0 0 -0.333333

  Inverse Direction: 
-1 0 0
0 -1 0
0 0 -1

  PixelContainer: 
    ImportImageContainer (0x3cbd330)
      RTTI typeinfo:   itk::ImportImageContainer<unsigned long, float>
      Reference Count: 1
      Modified Time: 1332165
      Debug: Off
      Object Name: 
      Observers: 
        none
      Pointer: 0x15d6a850
      Container manages memory: true
      Size: 3252936
      Capacity: 3252936

     Moving image = Image (0x3c81680)
  RTTI typeinfo:   itk::Image<float, 3u>
  Reference Count: 2
  Modified Time: 1332196
  Debug: Off
  Object Name: 
  Observers: 
    none
  Source: (none)
  Source output name: (none)
  Release Data: Off
  Data Released: False
  Global Release Data: Off
  PipelineMTime: 0
  UpdateMTime: 1332193
  RealTimeStamp: 0 seconds 
  LargestPossibleRegion: 
    Dimension: 3
    Index: [0, 0, 0]
    Size: [142, 276, 83]
  BufferedRegion: 
    Dimension: 3
    Index: [0, 0, 0]
    Size: [142, 276, 83]
  RequestedRegion: 
    Dimension: 3
    Index: [0, 0, 0]
    Size: [142, 276, 83]
  Spacing: [3, 3, 3]
  Origin: [424.08, 825.36, 243.75]
  Direction: 
-1 0 0
0 -1 0
0 0 -1

  IndexToPointMatrix: 
-3 0 0
0 -3 0
0 0 -3

  PointToIndexMatrix: 
-0.333333 0 0
0 -0.333333 0
0 0 -0.333333

  Inverse Direction: 
-1 0 0
0 -1 0
0 0 -1

  PixelContainer: 
    ImportImageContainer (0x3ccd620)
      RTTI typeinfo:   itk::ImportImageContainer<unsigned long, float>
      Reference Count: 1
      Modified Time: 1332191
      Debug: Off
      Object Name: 
      Observers: 
        none
      Pointer: 0x169d3380
      Container manages memory: true
      Size: 3252936
      Capacity: 3252936

     Weighting = 1
     Sampling strategy = none
     Number of bins = 32
     Radius = 32
     Sampling percentage  = 1
   Transform = SyN
     Gradient step = 0.2
     Update field sigma (voxel space) = 3
     Total field sigma (voxel space) = 0
     Update field time sigma = 0
     Total field time sigma  = 0
     Number of time indices = 0
     Number of time point samples = 0
Registration using 3 total stages.

Stage 0
  iterations = 2100x1200x1200x0
  convergence threshold = 1e-06
  convergence window size = 10
  number of levels = 4
  using the Mattes MI metric (number of bins = 32, weight = 1, use gradient filter = 0)
  preprocessing:  histogram matching the images
  Shrink factors (level 1 out of 4): [4, 4, 4]
  Shrink factors (level 2 out of 4): [2, 2, 2]
  Shrink factors (level 3 out of 4): [2, 2, 2]
  Shrink factors (level 4 out of 4): [1, 1, 1]
  smoothing sigmas per level: [3, 2, 1, 0]
  regular sampling (percentage = 0.2)

*** Running Euler3DTransform registration ***

DIAGNOSTIC,Iteration,metricValue,convergenceValue,ITERATION_TIME_INDEX,SINCE_LAST
 2DIAGNOSTIC,     1, -1.166710376740e+00, inf, 7.8999e-02, 7.8999e-02, 
 2DIAGNOSTIC,     2, -1.167804598808e+00, inf, 8.2941e-02, 3.9420e-03, 
 2DIAGNOSTIC,     3, -1.168530941010e+00, inf, 8.6757e-02, 3.8161e-03, 
 2DIAGNOSTIC,     4, -1.169450521469e+00, inf, 9.0417e-02, 3.6600e-03, 
 2DIAGNOSTIC,     5, -1.170189380646e+00, inf, 9.4632e-02, 4.2150e-03, 
 2DIAGNOSTIC,     6, -1.170324563980e+00, inf, 9.9231e-02, 4.5991e-03, 
 2DIAGNOSTIC,     7, -1.170398950577e+00, inf, 1.0353e-01, 4.3030e-03, 
 2DIAGNOSTIC,     8, -1.170454740524e+00, inf, 1.0759e-01, 4.0569e-03, 
 2DIAGNOSTIC,     9, -1.170439720154e+00, inf, 1.1298e-01, 5.3890e-03, 
 2DIAGNOSTIC,    10, -1.170440793037e+00, 1.939147623489e-04, 1.2041e-01, 7.4320e-03, 
 2DIAGNOSTIC,    11, -1.170448899269e+00, 1.165193170891e-04, 1.2422e-01, 3.8099e-03, 
 2DIAGNOSTIC,    12, -1.170417785645e+00, 6.336926890071e-05, 1.2796e-01, 3.7422e-03, 
 2DIAGNOSTIC,    13, -1.170424461365e+00, 2.633169788169e-05, 1.3169e-01, 3.7229e-03, 
 2DIAGNOSTIC,    14, -1.170428395271e+00, 8.121256541926e-06, 1.3528e-01, 3.5942e-03, 
 2DIAGNOSTIC,    15, -1.170434474945e+00, 3.830124114756e-06, 1.3895e-01, 3.6719e-03, 
 2DIAGNOSTIC,    16, -1.170440196991e+00, 2.032036491073e-06, 1.4310e-01, 4.1430e-03, 
 2DIAGNOSTIC,    17, -1.170444369316e+00, 1.545425448057e-06, 1.4726e-01, 4.1671e-03, 
 2DIAGNOSTIC,    18, -1.170592665672e+00, 3.905692665285e-06, 1.5232e-01, 5.0540e-03, 
 2DIAGNOSTIC,    19, -1.170445322990e+00, 3.684014927785e-06, 1.5647e-01, 4.1518e-03, 
 2DIAGNOSTIC,    20, -1.170445442200e+00, 3.378260316822e-06, 1.6157e-01, 5.1050e-03, 
 2DIAGNOSTIC,    21, -1.170446157455e+00, 3.055029083043e-06, 1.6574e-01, 4.1609e-03, 
 2DIAGNOSTIC,    22, -1.170445442200e+00, 2.231594635305e-06, 1.6934e-01, 3.6011e-03, 
 2DIAGNOSTIC,    23, -1.170445322990e+00, 1.455758024349e-06, 1.7346e-01, 4.1239e-03, 
DIAGNOSTIC,Iteration,metricValue,convergenceValue,ITERATION_TIME_INDEX,SINCE_LAST
 2DIAGNOSTIC,     1, -1.052059650421e+00, inf, 2.7147e-01, 9.8012e-02, 
 2DIAGNOSTIC,     2, -1.052901506424e+00, inf, 2.9324e-01, 2.1769e-02, 
 2DIAGNOSTIC,     3, -1.053104043007e+00, inf, 3.2024e-01, 2.7003e-02, 
 2DIAGNOSTIC,     4, -1.053383231163e+00, inf, 3.4632e-01, 2.6075e-02, 
 2DIAGNOSTIC,     5, -1.053549051285e+00, inf, 3.7868e-01, 3.2364e-02, 
 2DIAGNOSTIC,     6, -1.053567051888e+00, inf, 4.0395e-01, 2.5268e-02, 
 2DIAGNOSTIC,     7, -1.053600311279e+00, inf, 4.2926e-01, 2.5307e-02, 
 2DIAGNOSTIC,     8, -1.053611993790e+00, inf, 4.5500e-01, 2.5740e-02, 
 2DIAGNOSTIC,     9, -1.053614139557e+00, inf, 4.8014e-01, 2.5142e-02, 
 2DIAGNOSTIC,    10, -1.053605675697e+00, 7.413413550239e-05, 5.0330e-01, 2.3159e-02, 
 2DIAGNOSTIC,    11, -1.053609728813e+00, 3.584611840779e-05, 5.3047e-01, 2.7172e-02, 
 2DIAGNOSTIC,    12, -1.053603529930e+00, 1.976243765967e-05, 5.5585e-01, 2.5382e-02, 
 2DIAGNOSTIC,    13, -1.053591132164e+00, 8.431447895418e-06, 5.7812e-01, 2.2266e-02, 
 2DIAGNOSTIC,    14, -1.053605198860e+00, 3.756268597499e-06, 6.0275e-01, 2.4630e-02, 
 2DIAGNOSTIC,    15, -1.053611755371e+00, 2.661390908543e-06, 6.2507e-01, 2.2326e-02, 
 2DIAGNOSTIC,    16, -1.053619503975e+00, 2.070985829050e-06, 6.5018e-01, 2.5107e-02, 
 2DIAGNOSTIC,    17, -1.053631186485e+00, 2.252128979308e-06, 6.7469e-01, 2.4509e-02, 
 2DIAGNOSTIC,    18, -1.053628087044e+00, 2.505850716261e-06, 6.9632e-01, 2.1628e-02, 
 2DIAGNOSTIC,    19, -1.053650379181e+00, 3.016129539901e-06, 7.1844e-01, 2.2125e-02, 
 2DIAGNOSTIC,    20, -1.053682804108e+00, 3.659461071948e-06, 7.4325e-01, 2.4806e-02, 
 2DIAGNOSTIC,    21, -1.053696036339e+00, 4.262491529516e-06, 7.6506e-01, 2.1808e-02, 
 2DIAGNOSTIC,    22, -1.053732037544e+00, 4.929325768899e-06, 7.8666e-01, 2.1603e-02, 
 2DIAGNOSTIC,    23, -1.053778767586e+00, 5.607723778667e-06, 8.1122e-01, 2.4561e-02, 
 2DIAGNOSTIC,    24, -1.053788065910e+00, 6.084106644266e-06, 8.3621e-01, 2.4983e-02, 
 2DIAGNOSTIC,    25, -1.053775310516e+00, 6.009435765009e-06, 8.6103e-01, 2.4822e-02, 
 2DIAGNOSTIC,    26, -1.053836822510e+00, 6.221369403647e-06, 9.0163e-01, 4.0605e-02, 
 2DIAGNOSTIC,    27, -1.053837418556e+00, 6.052487606212e-06, 9.2607e-01, 2.4434e-02, 
 2DIAGNOSTIC,    28, -1.053835511208e+00, 5.383134521253e-06, 9.5066e-01, 2.4590e-02, 
 2DIAGNOSTIC,    29, -1.053830385208e+00, 4.524119049165e-06, 9.7535e-01, 2.4693e-02, 
 2DIAGNOSTIC,    30, -1.053825736046e+00, 3.656193939605e-06, 1.0002e+00, 2.4874e-02, 
 2DIAGNOSTIC,    31, -1.053820490837e+00, 2.657042159626e-06, 1.0221e+00, 2.1912e-02, 
 2DIAGNOSTIC,    32, -1.053815484047e+00, 1.813119183680e-06, 1.0469e+00, 2.4730e-02, 
 2DIAGNOSTIC,    33, -1.053827047348e+00, 1.424392849003e-06, 1.0741e+00, 2.7226e-02, 
DIAGNOSTIC,Iteration,metricValue,convergenceValue,ITERATION_TIME_INDEX,SINCE_LAST
 2DIAGNOSTIC,     1, -9.588235616684e-01, inf, 1.2044e+00, 1.3027e-01, 
 2DIAGNOSTIC,     2, -9.588240385056e-01, inf, 1.2365e+00, 3.2132e-02, 
 2DIAGNOSTIC,     3, -9.588112831116e-01, inf, 1.2633e+00, 2.6849e-02, 
 2DIAGNOSTIC,     4, -9.588484168053e-01, inf, 1.2911e+00, 2.7781e-02, 
 2DIAGNOSTIC,     5, -9.588685631752e-01, inf, 1.3189e+00, 2.7753e-02, 
 2DIAGNOSTIC,     6, -9.588811397552e-01, inf, 1.3447e+00, 2.5796e-02, 
 2DIAGNOSTIC,     7, -9.589155316353e-01, inf, 1.3768e+00, 3.2084e-02, 
 2DIAGNOSTIC,     8, -9.589296579361e-01, inf, 1.4042e+00, 2.7400e-02, 
 2DIAGNOSTIC,     9, -9.589433073997e-01, inf, 1.4387e+00, 3.4507e-02, 
 2DIAGNOSTIC,    10, -9.589747190475e-01, 1.420330409019e-05, 1.4697e+00, 3.1009e-02, 
 2DIAGNOSTIC,    11, -9.589687585831e-01, 1.335524302704e-05, 1.4971e+00, 2.7472e-02, 
 2DIAGNOSTIC,    12, -9.589790105820e-01, 1.200579663418e-05, 1.5285e+00, 3.1380e-02, 
 2DIAGNOSTIC,    13, -9.589905738831e-01, 9.971860890801e-06, 1.5596e+00, 3.1101e-02, 
 2DIAGNOSTIC,    14, -9.589900374413e-01, 8.307750249514e-06, 1.5920e+00, 3.2393e-02, 
 2DIAGNOSTIC,    15, -9.589921832085e-01, 6.755950380466e-06, 1.6186e+00, 2.6611e-02, 
 2DIAGNOSTIC,    16, -9.589914083481e-01, 5.181910637475e-06, 1.6489e+00, 3.0225e-02, 
 2DIAGNOSTIC,    17, -9.589839577675e-01, 3.970807028963e-06, 1.6838e+00, 3.4992e-02, 
 2DIAGNOSTIC,    18, -9.590030312538e-01, 3.245274683650e-06, 1.7138e+00, 2.9969e-02, 
 2DIAGNOSTIC,    19, -9.589845538139e-01, 2.360533017054e-06, 1.7460e+00, 3.2166e-02, 
 2DIAGNOSTIC,    20, -9.590035080910e-01, 2.262997440994e-06, 1.7777e+00, 3.1672e-02, 
 2DIAGNOSTIC,    21, -9.589948654175e-01, 1.897778133753e-06, 1.8128e+00, 3.5122e-02, 
 2DIAGNOSTIC,    22, -9.589945673943e-01, 1.663134867158e-06, 1.8489e+00, 3.6162e-02, 
 2DIAGNOSTIC,    23, -9.589945077896e-01, 1.577048578838e-06, 1.8827e+00, 3.3739e-02, 
 2DIAGNOSTIC,    24, -9.589945077896e-01, 1.471273890274e-06, 1.9156e+00, 3.2964e-02, 
 2DIAGNOSTIC,    25, -9.589765071869e-01, 1.172561837848e-06, 1.9522e+00, 3.6520e-02, 
DIAGNOSTIC,Iteration,metricValue,convergenceValue,ITERATION_TIME_INDEX,SINCE_LAST
 2DIAGNOSTIC,     1, -8.409996032715e-01, inf, 2.3053e+00, 3.5317e-01, 
  Elapsed time (stage 0): 2.8675e+00


Stage 1
  iterations = 2100x1200x1200x0
  convergence threshold = 1.0000e-06
  convergence window size = 10
  number of levels = 4
  using the Mattes MI metric (number of bins = 32, weight = 1.0000e+00, use gradient filter = 0)
  preprocessing:  histogram matching the images
  Shrink factors (level 1 out of 4): [4, 4, 4]
  Shrink factors (level 2 out of 4): [2, 2, 2]
  Shrink factors (level 3 out of 4): [2, 2, 2]
  Shrink factors (level 4 out of 4): [1, 1, 1]
  smoothing sigmas per level: [3, 2, 1, 0]
  regular sampling (percentage = 2.0000e-01)

*** Running AffineTransform registration ***

DIAGNOSTIC,Iteration,metricValue,convergenceValue,ITERATION_TIME_INDEX,SINCE_LAST
 2DIAGNOSTIC,     1, -1.182582259178e+00, inf, 5.9384e-02, 5.9384e-02, 
 2DIAGNOSTIC,     2, -1.183922529221e+00, inf, 6.3907e-02, 4.5230e-03, 
 2DIAGNOSTIC,     3, -1.184351205826e+00, inf, 6.8224e-02, 4.3170e-03, 
 2DIAGNOSTIC,     4, -1.184701561928e+00, inf, 7.2363e-02, 4.1389e-03, 
 2DIAGNOSTIC,     5, -1.185170412064e+00, inf, 7.6967e-02, 4.6039e-03, 
 2DIAGNOSTIC,     6, -1.185793519020e+00, inf, 8.2096e-02, 5.1291e-03, 
 2DIAGNOSTIC,     7, -1.185864329338e+00, inf, 8.6704e-02, 4.6079e-03, 
 2DIAGNOSTIC,     8, -1.185801982880e+00, inf, 9.1258e-02, 4.5540e-03, 
 2DIAGNOSTIC,     9, -1.185814142227e+00, inf, 9.6208e-02, 4.9500e-03, 
 2DIAGNOSTIC,    10, -1.185818195343e+00, 1.603475102456e-04, 1.0047e-01, 4.2579e-03, 
 2DIAGNOSTIC,    11, -1.185825347900e+00, 9.603525541024e-05, 1.0485e-01, 4.3800e-03, 
 2DIAGNOSTIC,    12, -1.185833215714e+00, 6.096544893808e-05, 1.0908e-01, 4.2319e-03, 
 2DIAGNOSTIC,    13, -1.185848474503e+00, 3.433677557041e-05, 1.1374e-01, 4.6620e-03, 
 2DIAGNOSTIC,    14, -1.185864329338e+00, 1.480496757722e-05, 1.1890e-01, 5.1620e-03, 
 2DIAGNOSTIC,    15, -1.185858488083e+00, 3.843400008918e-06, 1.2609e-01, 7.1871e-03, 
 2DIAGNOSTIC,    16, -1.185858130455e+00, 3.395272187845e-06, 1.3035e-01, 4.2641e-03, 
 2DIAGNOSTIC,    17, -1.185858845711e+00, 3.907198788511e-06, 1.3553e-01, 5.1811e-03, 
 2DIAGNOSTIC,    18, -1.185859680176e+00, 3.346195626364e-06, 1.4026e-01, 4.7269e-03, 
 2DIAGNOSTIC,    19, -1.185860157013e+00, 2.854630338334e-06, 1.4549e-01, 5.2261e-03, 
 2DIAGNOSTIC,    20, -1.185859560966e+00, 2.346296469113e-06, 1.5069e-01, 5.1999e-03, 
 2DIAGNOSTIC,    21, -1.185859680176e+00, 1.902241820062e-06, 1.5538e-01, 4.6971e-03, 
 2DIAGNOSTIC,    22, -1.185860037804e+00, 1.548173031551e-06, 1.6014e-01, 4.7591e-03, 
 2DIAGNOSTIC,    23, -1.185860276222e+00, 1.370996642436e-06, 1.6637e-01, 6.2261e-03, 
 2DIAGNOSTIC,    24, -1.185860633850e+00, 1.373362010781e-06, 1.7163e-01, 5.2590e-03, 
 2DIAGNOSTIC,    25, -1.185860395432e+00, 1.313145162385e-06, 1.7583e-01, 4.2031e-03, 
 2DIAGNOSTIC,    26, -1.185860276222e+00, 1.249471893061e-06, 1.8055e-01, 4.7181e-03, 
 2DIAGNOSTIC,    27, -1.185859799385e+00, 1.189959789372e-06, 1.8583e-01, 5.2772e-03, 
 2DIAGNOSTIC,    28, -1.185859918594e+00, 1.141632765211e-06, 1.9051e-01, 4.6840e-03, 
 2DIAGNOSTIC,    29, -1.185859680176e+00, 1.098173584069e-06, 1.9519e-01, 4.6749e-03, 
 2DIAGNOSTIC,    30, -1.185860037804e+00, 1.055679831552e-06, 1.9983e-01, 4.6408e-03, 
 2DIAGNOSTIC,    31, -1.185859918594e+00, 1.016331566461e-06, 2.0458e-01, 4.7581e-03, 
DIAGNOSTIC,Iteration,metricValue,convergenceValue,ITERATION_TIME_INDEX,SINCE_LAST
 2DIAGNOSTIC,     1, -1.051167368889e+00, inf, 3.0696e-01, 1.0238e-01, 
 2DIAGNOSTIC,     2, -1.052641868591e+00, inf, 3.3339e-01, 2.6429e-02, 
 2DIAGNOSTIC,     3, -1.053919553757e+00, inf, 3.5959e-01, 2.6193e-02, 
 2DIAGNOSTIC,     4, -1.055183410645e+00, inf, 3.9029e-01, 3.0709e-02, 
 2DIAGNOSTIC,     5, -1.057156801224e+00, inf, 4.2789e-01, 3.7592e-02, 
 2DIAGNOSTIC,     6, -1.057209730148e+00, inf, 4.5460e-01, 2.6709e-02, 
 2DIAGNOSTIC,     7, -1.057307958603e+00, inf, 4.8146e-01, 2.6869e-02, 
 2DIAGNOSTIC,     8, -1.057440400124e+00, inf, 5.0731e-01, 2.5848e-02, 
 2DIAGNOSTIC,     9, -1.057609677315e+00, inf, 5.3414e-01, 2.6829e-02, 
 2DIAGNOSTIC,    10, -1.057802796364e+00, 3.921244642697e-04, 5.6021e-01, 2.6071e-02, 
 2DIAGNOSTIC,    11, -1.057973623276e+00, 2.616820565891e-04, 5.9834e-01, 3.8130e-02, 
 2DIAGNOSTIC,    12, -1.058003664017e+00, 1.637519017095e-04, 6.2439e-01, 2.6043e-02, 
 2DIAGNOSTIC,    13, -1.058039665222e+00, 9.334234346170e-05, 6.5921e-01, 3.4820e-02, 
 2DIAGNOSTIC,    14, -1.058068871498e+00, 4.851884659729e-05, 6.9568e-01, 3.6478e-02, 
 2DIAGNOSTIC,    15, -1.058079957962e+00, 4.100188380107e-05, 7.2171e-01, 2.6022e-02, 
 2DIAGNOSTIC,    16, -1.058098196983e+00, 3.203119194950e-05, 7.5365e-01, 3.1947e-02, 
 2DIAGNOSTIC,    17, -1.058091998100e+00, 2.281109846081e-05, 7.8256e-01, 2.8906e-02, 
 2DIAGNOSTIC,    18, -1.058093667030e+00, 1.468654136261e-05, 8.0835e-01, 2.5792e-02, 
 2DIAGNOSTIC,    19, -1.058104515076e+00, 8.721461199457e-06, 8.3461e-01, 2.6258e-02, 
 2DIAGNOSTIC,    20, -1.058110117912e+00, 5.307539595378e-06, 8.6357e-01, 2.8964e-02, 
 2DIAGNOSTIC,    21, -1.058124303818e+00, 4.238424480718e-06, 8.9021e-01, 2.6637e-02, 
 2DIAGNOSTIC,    22, -1.058131933212e+00, 3.465140935077e-06, 9.1629e-01, 2.6080e-02, 
 2DIAGNOSTIC,    23, -1.058138966560e+00, 3.068686510233e-06, 9.5449e-01, 3.8201e-02, 
 2DIAGNOSTIC,    24, -1.058123826981e+00, 2.701795665416e-06, 9.8359e-01, 2.9096e-02, 
 2DIAGNOSTIC,    25, -1.058124184608e+00, 2.356967797823e-06, 1.0130e+00, 2.9367e-02, 
 2DIAGNOSTIC,    26, -1.058124661446e+00, 2.130396296707e-06, 1.0448e+00, 3.1822e-02, 
 2DIAGNOSTIC,    27, -1.058124542236e+00, 1.769503910509e-06, 1.0740e+00, 2.9222e-02, 
 2DIAGNOSTIC,    28, -1.058116793633e+00, 1.319524358223e-06, 1.1032e+00, 2.9164e-02, 
DIAGNOSTIC,Iteration,metricValue,convergenceValue,ITERATION_TIME_INDEX,SINCE_LAST
 2DIAGNOSTIC,     1, -9.722977876663e-01, inf, 1.2155e+00, 1.1237e-01, 
 2DIAGNOSTIC,     2, -9.730488657951e-01, inf, 1.2445e+00, 2.8952e-02, 
 2DIAGNOSTIC,     3, -9.736115932465e-01, inf, 1.2821e+00, 3.7576e-02, 
 2DIAGNOSTIC,     4, -9.737317562103e-01, inf, 1.3111e+00, 2.8995e-02, 
 2DIAGNOSTIC,     5, -9.738479256630e-01, inf, 1.3434e+00, 3.2348e-02, 
 2DIAGNOSTIC,     6, -9.738194346428e-01, inf, 1.3727e+00, 2.9259e-02, 
 2DIAGNOSTIC,     7, -9.738210439682e-01, inf, 1.4014e+00, 2.8774e-02, 
 2DIAGNOSTIC,     8, -9.737938046455e-01, inf, 1.4306e+00, 2.9168e-02, 
 2DIAGNOSTIC,     9, -9.737590551376e-01, inf, 1.4570e+00, 2.6438e-02, 
 2DIAGNOSTIC,    10, -9.737769961357e-01, 6.928941729711e-05, 1.4870e+00, 2.9967e-02, 
 2DIAGNOSTIC,    11, -9.737890362740e-01, 2.621548264869e-05, 1.5166e+00, 2.9580e-02, 
 2DIAGNOSTIC,    12, -9.737655520439e-01, 5.607045295619e-06, 1.5454e+00, 2.8840e-02, 
DIAGNOSTIC,Iteration,metricValue,convergenceValue,ITERATION_TIME_INDEX,SINCE_LAST
 2DIAGNOSTIC,     1, -8.663825392723e-01, inf, 1.9453e+00, 3.9989e-01, 
  Elapsed time (stage 1): 2.5170e+00


Stage 2
  iterations = 120x80x40x0
  convergence threshold = 1.0000e-07
  convergence window size = 8
  number of levels = 4
  using the CC metric (radius = 32, weight = 1.0000e+00, use gradient filter = 0)
  preprocessing:  histogram matching the images
  Shrink factors (level 1 out of 4): [8, 8, 8]
  Shrink factors (level 2 out of 4): [4, 4, 4]
  Shrink factors (level 3 out of 4): [2, 2, 2]
  Shrink factors (level 4 out of 4): [1, 1, 1]
  smoothing sigmas per level: [3, 2, 1, 0]
  Using default NONE metricSamplingStrategy 

*** Running SyN registration (varianceForUpdateField = 3.0000e+00, varianceForTotalField = 0.0000e+00) ***

XXDIAGNOSTIC,Iteration,metricValue,convergenceValue,ITERATION_TIME_INDEX,SINCE_LAST
 1DIAGNOSTIC,     1, -9.999288916588e-01, inf, 7.3378e-01, 7.3378e-01, 
 1DIAGNOSTIC,     2, -9.926407933235e-01, inf, 1.4162e+00, 6.8239e-01, 
 1DIAGNOSTIC,     3, -9.987500309944e-01, inf, 2.0941e+00, 6.7795e-01, 
 1DIAGNOSTIC,     4, -9.952090978622e-01, inf, 2.7717e+00, 6.7755e-01, 
 1DIAGNOSTIC,     5, -9.988601207733e-01, inf, 3.4530e+00, 6.8133e-01, 
 1DIAGNOSTIC,     6, -9.962810873985e-01, inf, 4.1316e+00, 6.7863e-01, 
 1DIAGNOSTIC,     7, -9.986374378204e-01, inf, 4.8187e+00, 6.8711e-01, 
 1DIAGNOSTIC,     8, -9.962903261185e-01, 3.504569031065e-05, 5.4979e+00, 6.7918e-01, 
 1DIAGNOSTIC,     9, -9.985799193382e-01, 2.120712306350e-04, 6.1749e+00, 6.7698e-01, 
 1DIAGNOSTIC,    10, -9.963511228561e-01, -1.661046917434e-05, 6.8553e+00, 6.8041e-01, 
XXDIAGNOSTIC,Iteration,metricValue,convergenceValue,ITERATION_TIME_INDEX,SINCE_LAST
 1DIAGNOSTIC,     1, -9.983047246933e-01, inf, 1.2912e+01, 6.0571e+00, 
 1DIAGNOSTIC,     2, -9.996291995049e-01, inf, 1.8926e+01, 6.0138e+00, 
 1DIAGNOSTIC,     3, -9.996830224991e-01, inf, 2.4927e+01, 6.0003e+00, 
 1DIAGNOSTIC,     4, -9.996666312218e-01, inf, 3.0926e+01, 5.9998e+00, 
 1DIAGNOSTIC,     5, -9.998434782028e-01, inf, 3.6931e+01, 6.0043e+00, 
 1DIAGNOSTIC,     6, -9.995000362396e-01, inf, 4.2943e+01, 6.0119e+00, 
 1DIAGNOSTIC,     7, -9.999311566353e-01, inf, 4.8962e+01, 6.0195e+00, 
 1DIAGNOSTIC,     8, -9.993061423302e-01, 5.666879951605e-05, 5.4959e+01, 5.9970e+00, 
 1DIAGNOSTIC,     9, -9.999521970749e-01, 7.803209882695e-06, 6.0957e+01, 5.9979e+00, 
 1DIAGNOSTIC,    10, -9.989600777626e-01, -2.079449950543e-05, 6.6948e+01, 5.9909e+00, 
XXDIAGNOSTIC,Iteration,metricValue,convergenceValue,ITERATION_TIME_INDEX,SINCE_LAST
 1DIAGNOSTIC,     1, -9.999456405640e-01, inf, 1.2344e+02, 5.6488e+01, 
 1DIAGNOSTIC,     2, -9.997202157974e-01, inf, 1.8013e+02, 5.6690e+01, 
 1DIAGNOSTIC,     3, -9.999837875366e-01, inf, 2.3675e+02, 5.6626e+01, 
 1DIAGNOSTIC,     4, -9.998450279236e-01, inf, 2.9334e+02, 5.6590e+01, 
 1DIAGNOSTIC,     5, -9.999865889549e-01, inf, 3.5003e+02, 5.6684e+01, 
 1DIAGNOSTIC,     6, -9.999846816063e-01, inf, 4.0647e+02, 5.6439e+01, 
 1DIAGNOSTIC,     7, -9.999951720238e-01, inf, 4.6327e+02, 5.6809e+01, 
 1DIAGNOSTIC,     8, -9.999885559082e-01, 1.803635859687e-05, 5.1974e+02, 5.6469e+01, 
 1DIAGNOSTIC,     9, -9.999958276749e-01, 1.852505738498e-05, 5.7655e+02, 5.6810e+01, 
 1DIAGNOSTIC,    10, -9.999870061874e-01, 8.483732926834e-06, 6.3382e+02, 5.7270e+01, 
 1DIAGNOSTIC,    11, -9.999964237213e-01, 8.508431164955e-06, 6.9020e+02, 5.6380e+01, 
 1DIAGNOSTIC,    12, -9.999856352806e-01, 3.390844540263e-06, 7.4692e+02, 5.6713e+01, 
 1DIAGNOSTIC,    13, -9.999964833260e-01, 3.155019157930e-06, 8.0339e+02, 5.6478e+01, 
 1DIAGNOSTIC,    14, -9.999834299088e-01, 2.539670958868e-06, 8.5998e+02, 5.6583e+01, 
 1DIAGNOSTIC,    15, -9.999964833260e-01, 2.600450443424e-06, 9.1692e+02, 5.6947e+01, 
 1DIAGNOSTIC,    16, -9.999817609787e-01, 2.170787183786e-06, 9.7361e+02, 5.6685e+01, 
 1DIAGNOSTIC,    17, -9.999964237213e-01, 2.292880935784e-06, 1.0304e+03, 5.6837e+01, 
 1DIAGNOSTIC,    18, -9.999788999557e-01, 1.873220753623e-06, 1.0865e+03, 5.6070e+01, 
 1DIAGNOSTIC,    19, -9.999965429306e-01, 2.050585635516e-06, 1.1435e+03, 5.7000e+01, 
 1DIAGNOSTIC,    20, -9.999758005142e-01, 1.641476160330e-06, 1.2003e+03, 5.6776e+01, 
 1DIAGNOSTIC,    21, -9.999963045120e-01, 1.852489845078e-06, 1.2569e+03, 5.6630e+01, 
 1DIAGNOSTIC,    22, -9.999405741692e-01, 9.328699661637e-07, 1.3137e+03, 5.6783e+01, 
 1DIAGNOSTIC,    23, -9.999944567680e-01, 1.257049689229e-06, 1.3704e+03, 5.6698e+01, 
 1DIAGNOSTIC,    24, -9.999420046806e-01, 6.008306172589e-07, 1.4270e+03, 5.6590e+01, 
 1DIAGNOSTIC,    25, -9.999948740005e-01, 1.124142272602e-06, 1.4840e+03, 5.6956e+01, 
 1DIAGNOSTIC,    26, -9.999926090240e-01, 1.381467086503e-06, 1.5402e+03, 5.6273e+01, 
 1DIAGNOSTIC,    27, -9.999963045120e-01, 1.922050159919e-06, 1.5971e+03, 5.6854e+01, 
 1DIAGNOSTIC,    28, -9.999724030495e-01, 1.788823965398e-06, 1.6533e+03, 5.6258e+01, 
 1DIAGNOSTIC,    29, -9.999963045120e-01, 2.158790948670e-06, 1.7098e+03, 5.6457e+01, 
 1DIAGNOSTIC,    30, -9.999791383743e-01, 1.495869355495e-06, 1.7669e+03, 5.7075e+01, 
 1DIAGNOSTIC,    31, -9.999955296516e-01, 1.672875782788e-06, 1.8240e+03, 5.7112e+01, 
 1DIAGNOSTIC,    32, -9.999617934227e-01, 8.217676850109e-07, 1.8807e+03, 5.6679e+01, 
 1DIAGNOSTIC,    33, -9.999958872795e-01, 1.007122136798e-06, 1.9372e+03, 5.6583e+01, 
 1DIAGNOSTIC,    34, -9.999923110008e-01, 1.129314341597e-06, 1.9939e+03, 5.6623e+01, 
 1DIAGNOSTIC,    35, -9.999963641167e-01, 1.337962203252e-06, 2.0507e+03, 5.6864e+01, 
 1DIAGNOSTIC,    36, -9.999830126762e-01, 1.137413846664e-06, 2.1074e+03, 5.6693e+01, 
 1DIAGNOSTIC,    37, -9.999964237213e-01, 1.293047148465e-06, 2.1646e+03, 5.7192e+01, 
 1DIAGNOSTIC,    38, -9.999869465828e-01, 1.144231760009e-06, 2.2212e+03, 5.6544e+01, 
 1DIAGNOSTIC,    39, -9.999964237213e-01, 1.232950125996e-06, 2.2782e+03, 5.7015e+01, 
 1DIAGNOSTIC,    40, -9.999761581421e-01, 8.025695024116e-07, 2.3351e+03, 5.6971e+01, 
  Elapsed time (stage 2): 2336


Total elapsed time: 2341
Using double precision for computations.
Input scalar image: 0x7fa85fffe5e8
Could not create ImageIO for the input file, assuming dimension = 3 and scalar pixel type
Reference image: 0x7fa85fffe748
=============================================================================
The composite transform comprises the following transforms (in order): 
  1. /resnick/groups/Proberlab/yun/lightsheet/analysis_output/registration/hcrt-trpv1_huc-h2b-g8m_csn_120min/260514_hcrt-trpv1_huc-h2b-g8m_csn_10uM_fish1/expt_to_mean_affine.mat (type = AffineTransform)
  2. /resnick/groups/Proberlab/yun/lightsheet/analysis_output/registration/hcrt-trpv1_huc-h2b-g8m_csn_120min/260514_hcrt-trpv1_huc-h2b-g8m_csn_10uM_fish1/expt_to_mean_warp.nii.gz (type = DisplacementFieldTransform)
=============================================================================
Default pixel value: 0
Interpolation type: WindowedSincInterpolateImageFunction
Output warped image: 0x7fa85fffe668
✅ TMPDIR=/resnick/scratch/yun/tmp_ants | ITK threads=14

Loading template brain: /resnick/groups/Proberlab/yun/lightsheet/analysis_output/registration/template_260514_hcrt-trpv1_csn_fish1.nii.gz
Template shape=(280, 544, 40), spacing=(1.5199999809265137, 1.5199999809265137, 6.25)

============================================================
  Registering: 260514_hcrt-trpv1_huc-h2b-g8m_csn_10uM_fish1
  proj_ID:     hcrt-trpv1_huc-h2b-g8m_csn_120min
============================================================
Loading volume mean (moving)...
Raw HDF5 shape (Z, X, Y): (40, 280, 544)
Transposed shape (X, Y, Z): (280, 544, 40)
Rotated shape (X, Y, Z): (280, 544, 40)
ANTsImage (RAI)
	 Pixel Type : float (float32)
	 Components : 1
	 Dimensions : (280, 544, 40)
	 Spacing    : (1.52, 1.52, 6.25)
	 Origin     : (0.0, 0.0, 0.0)
	 Direction  : [1. 0. 0. 0. 1. 0. 0. 0. 1.]

  [atlas] spacing=(1.5199999809265137, 1.5199999809265137, 6.25) origin=(424.0799946784973, 825.3599896430969, 243.75)
  [mov  ] spacing=(1.52, 1.52, 6.25) origin=(424.08, 825.36, 243.75)
Resampling to (3.0, 3.0, 3.0) µm...
Running SyN...
antsRegistration -d 3 -r /resnick/scratch/yun/tmp_ants/tmp75kk12wz.mat -m MI[0x7fa85fffe528,0x7fa85fffe5c8,1,32,regular,0.2] -t Rigid[0.25] -c 2100x1200x1200x0 -s 3x2x1x0 -f 4x2x2x1 -x [NA,NA] -m MI[0x7fa85fffe528,0x7fa85fffe5c8,1,32,regular,0.2] -t Affine[0.25] -c 2100x1200x1200x0 -s 3x2x1x0 -f 4x2x2x1 -x [NA,NA] -m CC[0x7fa85fffe528,0x7fa85fffe5c8,1,32] -t SyN[0.200000,3.000000,0.000000] -c [120x80x40x0,1e-7,8] -s 3x2x1x0 -f 8x4x2x1 -u 1 -z 1 -o [/resnick/scratch/yun/tmp_ants/tmpfgydjmha,0x7fa85fffe608,0x7fa85fffe5a8] -x [0x7fa85fffe628,0x7fa85fffe668] --float 1 --write-composite-transform 0 -v 1
SyN warp field saved: /resnick/groups/Proberlab/yun/lightsheet/analysis_output/registration/hcrt-trpv1_huc-h2b-g8m_csn_120min/260514_hcrt-trpv1_huc-h2b-g8m_csn_10uM_fish1/expt_to_mean_warp.nii.gz
SyN affine transform saved: /resnick/groups/Proberlab/yun/lightsheet/analysis_output/registration/hcrt-trpv1_huc-h2b-g8m_csn_120min/260514_hcrt-trpv1_huc-h2b-g8m_csn_10uM_fish1/expt_to_mean_affine.mat
Applying composite transform at full resolution...
['-d', '3', '-i', '0x7fa85fffe5e8', '-o', '0x7fa85fffe668', '-r', '0x7fa85fffe748', '-n', 'welchWindowedSinc', '-t', '/resnick/groups/Proberlab/yun/lightsheet/analysis_output/registration/hcrt-trpv1_huc-h2b-g8m_csn_120min/260514_hcrt-trpv1_huc-h2b-g8m_csn_10uM_fish1/expt_to_mean_warp.nii.gz', '-t', '/resnick/groups/Proberlab/yun/lightsheet/analysis_output/registration/hcrt-trpv1_huc-h2b-g8m_csn_120min/260514_hcrt-trpv1_huc-h2b-g8m_csn_10uM_fish1/expt_to_mean_affine.mat']
✅ Registered image saved: /resnick/groups/Proberlab/yun/lightsheet/analysis_output/registration/hcrt-trpv1_huc-h2b-g8m_csn_120min/260514_hcrt-trpv1_huc-h2b-g8m_csn_10uM_fish1/expt_to_mean_registered_final.nii.gz
Saving QC overlay...
  ✅ QC overlay saved: /resnick/groups/Proberlab/yun/lightsheet/analysis_output/registration/hcrt-trpv1_huc-h2b-g8m_csn_120min/260514_hcrt-trpv1_huc-h2b-g8m_csn_10uM_fish1/qc_registration_overlay.pdf

=== Registration complete: 260514_hcrt-trpv1_huc-h2b-g8m_csn_10uM_fish1 ===
